[0.825s] Invoking command in '/workspace/CogniScope/build/ultralytics_ros': CMAKE_PREFIX_PATH=${CMAKE_PREFIX_PATH}:/workspace/CogniScope/install/see_beyond_ros2:/workspace/CogniScope/install/pcdet_ros2:/workspace/CogniScope/install/fusiondet:/workspace/CogniScope/install/fusion_tracker:/opt/ros/humble /usr/bin/cmake /workspace/CogniScope/src/ultralytics_ros -DAMENT_CMAKE_SYMLINK_INSTALL=1 -DCMAKE_INSTALL_PREFIX=/workspace/CogniScope/install/ultralytics_ros
[0.892s] -- The C compiler identification is GNU 11.4.0
[0.949s] -- The CXX compiler identification is GNU 11.4.0
[0.955s] -- Detecting C compiler ABI info
[1.026s] -- Detecting C compiler ABI info - done
[1.032s] -- Check for working C compiler: /usr/bin/cc - skipped
[1.032s] -- Detecting C compile features
[1.032s] -- Detecting C compile features - done
[1.035s] -- Detecting CXX compiler ABI info
[1.125s] -- Detecting CXX compiler ABI info - done
[1.130s] -- Check for working CXX compiler: /usr/bin/c++ - skipped
[1.131s] -- Detecting CXX compile features
[1.131s] -- Detecting CXX compile features - done
[1.134s] -- Found ament_cmake: 1.3.12 (/opt/ros/humble/share/ament_cmake/cmake)
[1.679s] -- Found Python3: /usr/bin/python3 (found version "3.10.12") found components: Interpreter 
[1.735s] -- Override CMake install command with custom implementation using symlinks instead of copying resources
[1.785s] -- Found rclcpp: 16.0.17 (/opt/ros/humble/share/rclcpp/cmake)
[1.843s] -- Found rosidl_generator_c: 3.1.8 (/opt/ros/humble/share/rosidl_generator_c/cmake)
[1.850s] -- Found rosidl_adapter: 3.1.8 (/opt/ros/humble/share/rosidl_adapter/cmake)
[1.861s] -- Found rosidl_generator_cpp: 3.1.8 (/opt/ros/humble/share/rosidl_generator_cpp/cmake)
[1.875s] -- Using all available rosidl_typesupport_c: rosidl_typesupport_fastrtps_c;rosidl_typesupport_introspection_c
[1.893s] -- Using all available rosidl_typesupport_cpp: rosidl_typesupport_fastrtps_cpp;rosidl_typesupport_introspection_cpp
[1.947s] -- Found rmw_implementation_cmake: 6.1.2 (/opt/ros/humble/share/rmw_implementation_cmake/cmake)
[1.952s] -- Found rmw_cyclonedds_cpp: 1.3.4 (/opt/ros/humble/share/rmw_cyclonedds_cpp/cmake)
[1.973s] -- Using RMW implementation 'rmw_cyclonedds_cpp' as default
[1.989s] -- Looking for pthread.h
[2.077s] -- Looking for pthread.h - found
[2.077s] -- Performing Test CMAKE_HAVE_LIBC_PTHREAD
[2.167s] -- Performing Test CMAKE_HAVE_LIBC_PTHREAD - Success
[2.170s] -- Found Threads: TRUE  
[2.226s] -- Found rclpy: 3.3.19 (/opt/ros/humble/share/rclpy/cmake)
[2.229s] -- Found geometry_msgs: 4.9.0 (/opt/ros/humble/share/geometry_msgs/cmake)
[2.243s] -- Found sensor_msgs: 4.9.0 (/opt/ros/humble/share/sensor_msgs/cmake)
[2.261s] -- Found vision_msgs: 4.1.1 (/opt/ros/humble/share/vision_msgs/cmake)
[2.277s] -- Found visualization_msgs: 4.9.0 (/opt/ros/humble/share/visualization_msgs/cmake)
[2.297s] -- Found rosidl_default_generators: 1.2.0 (/opt/ros/humble/share/rosidl_default_generators/cmake)
[2.309s] -- Found cv_bridge: 3.2.1 (/opt/ros/humble/share/cv_bridge/cmake)
[2.322s] -- Found image_geometry: 3.2.1 (/opt/ros/humble/share/image_geometry/cmake)
[2.328s] -- Found message_filters: 4.3.11 (/opt/ros/humble/share/message_filters/cmake)
[2.331s] -- Found pcl_conversions: 2.4.5 (/opt/ros/humble/share/pcl_conversions/cmake)
[2.364s] -- Checking for module 'eigen3'
[2.390s] --   Found eigen3, version 3.4.0
[2.444s] -- Found Eigen: /usr/include/eigen3 (Required is at least version "3.1") 
[2.444s] -- Eigen found (include: /usr/include/eigen3, version: 3.4.0)
[2.516s] -- Checking for module 'flann'
[2.541s] --   Found flann, version 1.9.1
[2.614s] -- Found FLANN: /usr/lib/x86_64-linux-gnu/libflann_cpp.so  
[2.614s] -- FLANN found (include: /usr/include, lib: /usr/lib/x86_64-linux-gnu/libflann_cpp.so)
[3.894s] -- Checking for module 'libusb-1.0'
[3.910s] --   Found libusb-1.0, version 1.0.25
[3.947s] -- Found libusb: /usr/lib/x86_64-linux-gnu/libusb-1.0.so  
[3.948s] -- OpenNI found (version: 1.5.4.0, include: /usr/include/ni, lib: /usr/lib/libOpenNI.so;libusb::libusb)
[4.029s] -- OpenNI2 found (version: 2.2.0.33, include: /usr/include/openni2, lib: /usr/lib/x86_64-linux-gnu/libOpenNI2.so;libusb::libusb)
[4.203s] -- Eigen found (include: /usr/include/eigen3, version: 3.4.0)
[4.213s] -- OpenNI found (version: 1.5.4.0, include: /usr/include/ni, lib: /usr/lib/libOpenNI.so;libusb::libusb)
[4.222s] -- OpenNI2 found (version: 2.2.0.33, include: /usr/include/openni2, lib: /usr/lib/x86_64-linux-gnu/libOpenNI2.so;libusb::libusb)
[4.380s] -- Found Qhull version 8.0.2
[4.544s] -- OpenNI found (version: 1.5.4.0, include: /usr/include/ni, lib: /usr/lib/libOpenNI.so;libusb::libusb)
[4.705s] -- Found PCL_COMMON: /usr/lib/x86_64-linux-gnu/libpcl_common.so  
[4.706s] -- Found PCL_KDTREE: /usr/lib/x86_64-linux-gnu/libpcl_kdtree.so  
[4.707s] -- Found PCL_OCTREE: /usr/lib/x86_64-linux-gnu/libpcl_octree.so  
[4.708s] -- Found PCL_SEARCH: /usr/lib/x86_64-linux-gnu/libpcl_search.so  
[4.709s] -- Found PCL_SAMPLE_CONSENSUS: /usr/lib/x86_64-linux-gnu/libpcl_sample_consensus.so  
[4.709s] -- Found PCL_FILTERS: /usr/lib/x86_64-linux-gnu/libpcl_filters.so  
[4.710s] -- Found PCL_2D: /usr/include/pcl-1.12  
[4.710s] -- Found PCL_GEOMETRY: /usr/include/pcl-1.12  
[4.711s] -- Found PCL_IO: /usr/lib/x86_64-linux-gnu/libpcl_io.so  
[4.712s] -- Found PCL_FEATURES: /usr/lib/x86_64-linux-gnu/libpcl_features.so  
[4.712s] -- Found PCL_ML: /usr/lib/x86_64-linux-gnu/libpcl_ml.so  
[4.713s] -- Found PCL_SEGMENTATION: /usr/lib/x86_64-linux-gnu/libpcl_segmentation.so  
[4.714s] -- Found PCL_VISUALIZATION: /usr/lib/x86_64-linux-gnu/libpcl_visualization.so  
[4.715s] -- Found PCL_SURFACE: /usr/lib/x86_64-linux-gnu/libpcl_surface.so  
[4.716s] -- Found PCL_REGISTRATION: /usr/lib/x86_64-linux-gnu/libpcl_registration.so  
[4.716s] -- Found PCL_KEYPOINTS: /usr/lib/x86_64-linux-gnu/libpcl_keypoints.so  
[4.717s] -- Found PCL_TRACKING: /usr/lib/x86_64-linux-gnu/libpcl_tracking.so  
[4.718s] -- Found PCL_RECOGNITION: /usr/lib/x86_64-linux-gnu/libpcl_recognition.so  
[4.719s] -- Found PCL_STEREO: /usr/lib/x86_64-linux-gnu/libpcl_stereo.so  
[4.720s] -- Found PCL_APPS: /usr/lib/x86_64-linux-gnu/libpcl_apps.so  
[4.720s] -- Found PCL_IN_HAND_SCANNER: /usr/include/pcl-1.12  
[4.721s] -- Found PCL_MODELER: /usr/include/pcl-1.12  
[4.721s] -- Found PCL_POINT_CLOUD_EDITOR: /usr/include/pcl-1.12  
[4.722s] -- Found PCL_OUTOFCORE: /usr/lib/x86_64-linux-gnu/libpcl_outofcore.so  
[4.723s] -- Found PCL_PEOPLE: /usr/lib/x86_64-linux-gnu/libpcl_people.so  
[4.728s] -- Found pcl_ros: 2.4.5 (/opt/ros/humble/share/pcl_ros/cmake)
[4.797s] -- Found eigen3_cmake_module: 0.1.1 (/opt/ros/humble/share/eigen3_cmake_module/cmake)
[4.798s] -- Found Eigen3: TRUE (found version "3.4.0") 
[4.799s] -- Ensuring Eigen3 include directory is part of orocos-kdl CMake target
[4.917s] -- Found tf2_eigen: 0.25.18 (/opt/ros/humble/share/tf2_eigen/cmake)
[4.924s] -- Found OpenCV: /usr (found version "4.5.4") 
[5.274s] -- Found ament_cmake_ros: 0.10.0 (/opt/ros/humble/share/ament_cmake_ros/cmake)
[5.798s] -- Using all available rosidl_typesupport_c: rosidl_typesupport_fastrtps_c;rosidl_typesupport_introspection_c
[5.999s] -- Using all available rosidl_typesupport_cpp: rosidl_typesupport_fastrtps_cpp;rosidl_typesupport_introspection_cpp
[6.029s] -- Found PythonInterp: /usr/bin/python3 (found suitable version "3.10.12", minimum required is "3.6") 
[6.035s] -- Found python_cmake_module: 0.10.0 (/opt/ros/humble/share/python_cmake_module/cmake)
[6.071s] -- Found PythonLibs: /usr/lib/x86_64-linux-gnu/libpython3.10.so (found suitable version "3.10.12", minimum required is "3.5") 
[6.071s] -- Using PYTHON_EXECUTABLE: /usr/bin/python3
[6.071s] -- Using PYTHON_INCLUDE_DIRS: /usr/include/python3.10
[6.071s] -- Using PYTHON_LIBRARIES: /usr/lib/x86_64-linux-gnu/libpython3.10.so
[6.102s] -- Found PythonExtra: .so  
[6.205s] -- Configuring done
[6.274s] -- Generating done
[6.295s] -- Build files have been written to: /workspace/CogniScope/build/ultralytics_ros
[6.316s] Invoked command in '/workspace/CogniScope/build/ultralytics_ros' returned '0': CMAKE_PREFIX_PATH=${CMAKE_PREFIX_PATH}:/workspace/CogniScope/install/see_beyond_ros2:/workspace/CogniScope/install/pcdet_ros2:/workspace/CogniScope/install/fusiondet:/workspace/CogniScope/install/fusion_tracker:/opt/ros/humble /usr/bin/cmake /workspace/CogniScope/src/ultralytics_ros -DAMENT_CMAKE_SYMLINK_INSTALL=1 -DCMAKE_INSTALL_PREFIX=/workspace/CogniScope/install/ultralytics_ros
[6.319s] Invoking command in '/workspace/CogniScope/build/ultralytics_ros': CMAKE_PREFIX_PATH=${CMAKE_PREFIX_PATH}:/workspace/CogniScope/install/see_beyond_ros2:/workspace/CogniScope/install/pcdet_ros2:/workspace/CogniScope/install/fusiondet:/workspace/CogniScope/install/fusion_tracker:/opt/ros/humble /usr/bin/cmake --build /workspace/CogniScope/build/ultralytics_ros -- -j112 -l112
[6.362s] [  3%] [34m[1mGenerating C code for ROS interfaces[0m
[6.372s] [  6%] [34m[1mGenerating C++ code for ROS interfaces[0m
[6.382s] [  6%] Built target ament_cmake_python_symlink_ultralytics_ros
[6.579s] [  9%] [32mBuilding C object CMakeFiles/ultralytics_ros__rosidl_generator_c.dir/rosidl_generator_c/ultralytics_ros/msg/detail/yolo_result__functions.c.o[0m
[6.580s] [  9%] Built target ultralytics_ros__cpp
[6.589s] [ 12%] [34m[1mGenerating C++ type support for eProsima Fast-RTPS[0m
[6.591s] [ 15%] [34m[1mGenerating C++ introspection for ROS interfaces[0m
[6.592s] [ 18%] [34m[1mGenerating C++ type support dispatch for ROS interfaces[0m
[6.627s] [ 21%] [32m[1mLinking C shared library libultralytics_ros__rosidl_generator_c.so[0m
[6.652s] running egg_info
[6.652s] creating ultralytics_ros.egg-info
[6.653s] writing manifest file 'ultralytics_ros.egg-info/SOURCES.txt'
[6.655s] writing manifest file 'ultralytics_ros.egg-info/SOURCES.txt'
[6.665s] [ 21%] Built target ultralytics_ros__rosidl_generator_c
[6.677s] [ 24%] [34m[1mGenerating C type support dispatch for ROS interfaces[0m
[6.680s] [ 27%] [34m[1mGenerating C type support for eProsima Fast-RTPS[0m
[6.680s] [ 30%] [34m[1mGenerating C introspection for ROS interfaces[0m
[6.685s] [ 30%] Built target ament_cmake_python_build_ultralytics_ros_egg
[6.784s] [ 33%] [32mBuilding CXX object CMakeFiles/ultralytics_ros__rosidl_typesupport_cpp.dir/rosidl_typesupport_cpp/ultralytics_ros/msg/yolo_result__type_support.cpp.o[0m
[6.792s] [ 36%] [32mBuilding CXX object CMakeFiles/ultralytics_ros__rosidl_typesupport_introspection_cpp.dir/rosidl_typesupport_introspection_cpp/ultralytics_ros/msg/detail/yolo_result__type_support.cpp.o[0m
[6.799s] [ 39%] [32mBuilding CXX object CMakeFiles/ultralytics_ros__rosidl_typesupport_fastrtps_cpp.dir/rosidl_typesupport_fastrtps_cpp/ultralytics_ros/msg/detail/dds_fastrtps/yolo_result__type_support.cpp.o[0m
[6.867s] [ 42%] [32mBuilding CXX object CMakeFiles/ultralytics_ros__rosidl_typesupport_c.dir/rosidl_typesupport_c/ultralytics_ros/msg/yolo_result__type_support.cpp.o[0m
[6.885s] [ 45%] [32mBuilding CXX object CMakeFiles/ultralytics_ros__rosidl_typesupport_fastrtps_c.dir/rosidl_typesupport_fastrtps_c/ultralytics_ros/msg/detail/yolo_result__type_support_c.cpp.o[0m
[6.886s] [ 48%] [32mBuilding C object CMakeFiles/ultralytics_ros__rosidl_typesupport_introspection_c.dir/rosidl_typesupport_introspection_c/ultralytics_ros/msg/detail/yolo_result__type_support.c.o[0m
[6.907s] [ 51%] [32m[1mLinking CXX shared library libultralytics_ros__rosidl_typesupport_c.so[0m
[6.930s] [ 54%] [32m[1mLinking C shared library libultralytics_ros__rosidl_typesupport_introspection_c.so[0m
[6.950s] [ 54%] Built target ultralytics_ros__rosidl_typesupport_c
[6.965s] [ 54%] Built target ultralytics_ros__rosidl_typesupport_introspection_c
[6.993s] [ 57%] [32m[1mLinking CXX shared library libultralytics_ros__rosidl_typesupport_cpp.so[0m
[7.036s] [ 57%] Built target ultralytics_ros__rosidl_typesupport_cpp
[7.060s] [ 60%] [32mBuilding CXX object CMakeFiles/tracker_with_cloud_node.dir/src/tracker_with_cloud_node.cpp.o[0m
[7.147s] [ 63%] [32m[1mLinking CXX shared library libultralytics_ros__rosidl_typesupport_fastrtps_c.so[0m
[7.170s] [ 66%] [32m[1mLinking CXX shared library libultralytics_ros__rosidl_typesupport_fastrtps_cpp.so[0m
[7.173s] [ 69%] [32m[1mLinking CXX shared library libultralytics_ros__rosidl_typesupport_introspection_cpp.so[0m
[7.233s] [ 69%] Built target ultralytics_ros__rosidl_typesupport_fastrtps_c
[7.244s] [ 69%] Built target ultralytics_ros__rosidl_typesupport_fastrtps_cpp
[7.249s] [ 69%] Built target ultralytics_ros__rosidl_typesupport_introspection_cpp
[7.274s] [ 69%] Built target ultralytics_ros
[7.301s] [ 72%] [34m[1mGenerating Python code for ROS interfaces[0m
[7.541s] [ 72%] Built target ultralytics_ros__py
[7.563s] [ 75%] [32mBuilding C object CMakeFiles/ultralytics_ros__rosidl_generator_py.dir/rosidl_generator_py/ultralytics_ros/msg/_yolo_result_s.c.o[0m
[7.660s] [ 78%] [32m[1mLinking C shared library rosidl_generator_py/ultralytics_ros/libultralytics_ros__rosidl_generator_py.so[0m
[7.709s] [ 78%] Built target ultralytics_ros__rosidl_generator_py
[7.731s] [ 81%] [32mBuilding C object CMakeFiles/ultralytics_ros__rosidl_typesupport_fastrtps_c__pyext.dir/rosidl_generator_py/ultralytics_ros/_ultralytics_ros_s.ep.rosidl_typesupport_fastrtps_c.c.o[0m
[7.732s] [ 84%] [32mBuilding C object CMakeFiles/ultralytics_ros__rosidl_typesupport_c__pyext.dir/rosidl_generator_py/ultralytics_ros/_ultralytics_ros_s.ep.rosidl_typesupport_c.c.o[0m
[7.739s] [ 87%] [32mBuilding C object CMakeFiles/ultralytics_ros__rosidl_typesupport_introspection_c__pyext.dir/rosidl_generator_py/ultralytics_ros/_ultralytics_ros_s.ep.rosidl_typesupport_introspection_c.c.o[0m
[7.821s] [ 90%] [32m[1mLinking C shared library rosidl_generator_py/ultralytics_ros/ultralytics_ros_s__rosidl_typesupport_c.cpython-310-x86_64-linux-gnu.so[0m
[7.827s] [ 93%] [32m[1mLinking C shared library rosidl_generator_py/ultralytics_ros/ultralytics_ros_s__rosidl_typesupport_fastrtps_c.cpython-310-x86_64-linux-gnu.so[0m
[7.833s] [ 96%] [32m[1mLinking C shared library rosidl_generator_py/ultralytics_ros/ultralytics_ros_s__rosidl_typesupport_introspection_c.cpython-310-x86_64-linux-gnu.so[0m
[7.867s] [ 96%] Built target ultralytics_ros__rosidl_typesupport_c__pyext
[7.871s] [ 96%] Built target ultralytics_ros__rosidl_typesupport_fastrtps_c__pyext
[7.878s] [ 96%] Built target ultralytics_ros__rosidl_typesupport_introspection_c__pyext
[26.678s] [100%] [32m[1mLinking CXX executable tracker_with_cloud_node[0m
[28.572s] [100%] Built target tracker_with_cloud_node
[28.586s] Invoked command in '/workspace/CogniScope/build/ultralytics_ros' returned '0': CMAKE_PREFIX_PATH=${CMAKE_PREFIX_PATH}:/workspace/CogniScope/install/see_beyond_ros2:/workspace/CogniScope/install/pcdet_ros2:/workspace/CogniScope/install/fusiondet:/workspace/CogniScope/install/fusion_tracker:/opt/ros/humble /usr/bin/cmake --build /workspace/CogniScope/build/ultralytics_ros -- -j112 -l112
[28.588s] Invoking command in '/workspace/CogniScope/build/ultralytics_ros': CMAKE_PREFIX_PATH=${CMAKE_PREFIX_PATH}:/workspace/CogniScope/install/see_beyond_ros2:/workspace/CogniScope/install/pcdet_ros2:/workspace/CogniScope/install/fusiondet:/workspace/CogniScope/install/fusion_tracker:/opt/ros/humble /usr/bin/cmake --install /workspace/CogniScope/build/ultralytics_ros
[28.595s] -- Install configuration: ""
[28.595s] -- Execute custom install script
[28.596s] -- Symlinking: /workspace/CogniScope/install/ultralytics_ros/share/ament_index/resource_index/rosidl_interfaces/ultralytics_ros
[28.604s] -- Symlinking: /workspace/CogniScope/install/ultralytics_ros/include/ultralytics_ros/ultralytics_ros/msg/detail/yolo_result__functions.h
[28.613s] -- Symlinking: /workspace/CogniScope/install/ultralytics_ros/include/ultralytics_ros/ultralytics_ros/msg/detail/yolo_result__struct.h
[28.619s] -- Symlinking: /workspace/CogniScope/install/ultralytics_ros/include/ultralytics_ros/ultralytics_ros/msg/detail/yolo_result__type_support.h
[28.625s] -- Symlinking: /workspace/CogniScope/install/ultralytics_ros/include/ultralytics_ros/ultralytics_ros/msg/rosidl_generator_c__visibility_control.h
[28.630s] -- Symlinking: /workspace/CogniScope/install/ultralytics_ros/include/ultralytics_ros/ultralytics_ros/msg/yolo_result.h
[28.635s] -- Symlinking: /workspace/CogniScope/install/ultralytics_ros/share/ultralytics_ros/environment/library_path.sh
[28.643s] -- Symlinking: /workspace/CogniScope/install/ultralytics_ros/share/ultralytics_ros/environment/library_path.dsv
[28.649s] -- Symlinking: /workspace/CogniScope/install/ultralytics_ros/include/ultralytics_ros/ultralytics_ros/msg/detail/yolo_result__rosidl_typesupport_fastrtps_c.h
[28.658s] -- Symlinking: /workspace/CogniScope/install/ultralytics_ros/include/ultralytics_ros/ultralytics_ros/msg/rosidl_typesupport_fastrtps_c__visibility_control.h
[28.665s] -- Symlinking: /workspace/CogniScope/install/ultralytics_ros/include/ultralytics_ros/ultralytics_ros/msg/detail/yolo_result__builder.hpp
[28.675s] -- Symlinking: /workspace/CogniScope/install/ultralytics_ros/include/ultralytics_ros/ultralytics_ros/msg/detail/yolo_result__struct.hpp
[28.681s] -- Symlinking: /workspace/CogniScope/install/ultralytics_ros/include/ultralytics_ros/ultralytics_ros/msg/detail/yolo_result__traits.hpp
[28.692s] -- Symlinking: /workspace/CogniScope/install/ultralytics_ros/include/ultralytics_ros/ultralytics_ros/msg/detail/yolo_result__type_support.hpp
[28.701s] -- Symlinking: /workspace/CogniScope/install/ultralytics_ros/include/ultralytics_ros/ultralytics_ros/msg/rosidl_generator_cpp__visibility_control.hpp
[28.710s] -- Symlinking: /workspace/CogniScope/install/ultralytics_ros/include/ultralytics_ros/ultralytics_ros/msg/yolo_result.hpp
[28.718s] -- Symlinking: /workspace/CogniScope/install/ultralytics_ros/include/ultralytics_ros/ultralytics_ros/msg/detail/yolo_result__rosidl_typesupport_fastrtps_cpp.hpp
[28.723s] -- Symlinking: /workspace/CogniScope/install/ultralytics_ros/include/ultralytics_ros/ultralytics_ros/msg/rosidl_typesupport_fastrtps_cpp__visibility_control.h
[28.728s] -- Symlinking: /workspace/CogniScope/install/ultralytics_ros/include/ultralytics_ros/ultralytics_ros/msg/detail/yolo_result__rosidl_typesupport_introspection_c.h
[28.733s] -- Symlinking: /workspace/CogniScope/install/ultralytics_ros/include/ultralytics_ros/ultralytics_ros/msg/rosidl_typesupport_introspection_c__visibility_control.h
[28.741s] -- Symlinking: /workspace/CogniScope/install/ultralytics_ros/include/ultralytics_ros/ultralytics_ros/msg/detail/yolo_result__rosidl_typesupport_introspection_cpp.hpp
[28.747s] -- Symlinking: /workspace/CogniScope/install/ultralytics_ros/share/ultralytics_ros/environment/pythonpath.sh
[28.752s] -- Symlinking: /workspace/CogniScope/install/ultralytics_ros/share/ultralytics_ros/environment/pythonpath.dsv
[28.761s] -- Symlinking: /workspace/CogniScope/install/ultralytics_ros/local/lib/python3.10/dist-packages/ultralytics_ros-0.0.0-py3.10.egg-info/PKG-INFO
[28.766s] -- Symlinking: /workspace/CogniScope/install/ultralytics_ros/local/lib/python3.10/dist-packages/ultralytics_ros-0.0.0-py3.10.egg-info/SOURCES.txt
[28.775s] -- Symlinking: /workspace/CogniScope/install/ultralytics_ros/local/lib/python3.10/dist-packages/ultralytics_ros-0.0.0-py3.10.egg-info/dependency_links.txt
[28.784s] -- Symlinking: /workspace/CogniScope/install/ultralytics_ros/local/lib/python3.10/dist-packages/ultralytics_ros-0.0.0-py3.10.egg-info/top_level.txt
[28.790s] -- Symlinking: /workspace/CogniScope/install/ultralytics_ros/local/lib/python3.10/dist-packages/ultralytics_ros/__init__.py
[28.798s] -- Symlinking: /workspace/CogniScope/install/ultralytics_ros/local/lib/python3.10/dist-packages/ultralytics_ros/_ultralytics_ros_s.ep.rosidl_typesupport_c.c
[28.804s] -- Symlinking: /workspace/CogniScope/install/ultralytics_ros/local/lib/python3.10/dist-packages/ultralytics_ros/_ultralytics_ros_s.ep.rosidl_typesupport_fastrtps_c.c
[28.812s] -- Symlinking: /workspace/CogniScope/install/ultralytics_ros/local/lib/python3.10/dist-packages/ultralytics_ros/_ultralytics_ros_s.ep.rosidl_typesupport_introspection_c.c
[28.818s] -- Symlinking: /workspace/CogniScope/install/ultralytics_ros/local/lib/python3.10/dist-packages/ultralytics_ros/libultralytics_ros__rosidl_generator_py.so
[28.823s] -- Symlinking: /workspace/CogniScope/install/ultralytics_ros/local/lib/python3.10/dist-packages/ultralytics_ros/msg/__init__.py
[28.829s] -- Symlinking: /workspace/CogniScope/install/ultralytics_ros/local/lib/python3.10/dist-packages/ultralytics_ros/msg/_yolo_result.py
[28.834s] -- Symlinking: /workspace/CogniScope/install/ultralytics_ros/local/lib/python3.10/dist-packages/ultralytics_ros/msg/_yolo_result_s.c
[28.840s] -- Symlinking: /workspace/CogniScope/install/ultralytics_ros/local/lib/python3.10/dist-packages/ultralytics_ros/ultralytics_ros_s__rosidl_typesupport_c.cpython-310-x86_64-linux-gnu.so
[28.848s] -- Symlinking: /workspace/CogniScope/install/ultralytics_ros/local/lib/python3.10/dist-packages/ultralytics_ros/ultralytics_ros_s__rosidl_typesupport_fastrtps_c.cpython-310-x86_64-linux-gnu.so
[28.855s] -- Symlinking: /workspace/CogniScope/install/ultralytics_ros/local/lib/python3.10/dist-packages/ultralytics_ros/ultralytics_ros_s__rosidl_typesupport_introspection_c.cpython-310-x86_64-linux-gnu.so
[28.862s] -- Up-to-date symlink: /workspace/CogniScope/install/ultralytics_ros/local/lib/python3.10/dist-packages/ultralytics_ros/ultralytics_ros_s__rosidl_typesupport_fastrtps_c.cpython-310-x86_64-linux-gnu.so
[28.862s] -- Up-to-date symlink: /workspace/CogniScope/install/ultralytics_ros/local/lib/python3.10/dist-packages/ultralytics_ros/ultralytics_ros_s__rosidl_typesupport_introspection_c.cpython-310-x86_64-linux-gnu.so
[28.863s] -- Up-to-date symlink: /workspace/CogniScope/install/ultralytics_ros/local/lib/python3.10/dist-packages/ultralytics_ros/ultralytics_ros_s__rosidl_typesupport_c.cpython-310-x86_64-linux-gnu.so
[28.863s] -- Symlinking: /workspace/CogniScope/install/ultralytics_ros/share/ultralytics_ros/msg/YoloResult.idl
[28.870s] -- Symlinking: /workspace/CogniScope/install/ultralytics_ros/share/ultralytics_ros/msg/YoloResult.msg
[28.879s] -- Symlinking: /workspace/CogniScope/install/ultralytics_ros/lib/ultralytics_ros/tracker_with_cloud_node
[28.885s] -- Symlinking: /workspace/CogniScope/install/ultralytics_ros/lib/ultralytics_ros/tracker_node.py
[28.894s] -- Symlinking: /workspace/CogniScope/install/ultralytics_ros/share/ultralytics_ros/launch/kitti_tracker.launch.xml
[28.901s] -- Symlinking: /workspace/CogniScope/install/ultralytics_ros/share/ultralytics_ros/launch/kitti_tracker_with_cloud.launch.xml
[28.905s] -- Symlinking: /workspace/CogniScope/install/ultralytics_ros/share/ultralytics_ros/launch/tracker.launch.xml
[28.911s] -- Symlinking: /workspace/CogniScope/install/ultralytics_ros/share/ultralytics_ros/launch/tracker_with_cloud.launch.xml
[28.920s] -- Symlinking: /workspace/CogniScope/install/ultralytics_ros/share/ultralytics_ros/rviz2/default.rviz
[28.927s] -- Symlinking: /workspace/CogniScope/install/ultralytics_ros/share/ultralytics_ros/rviz2/kitti.rviz
[28.933s] -- Symlinking: /workspace/CogniScope/install/ultralytics_ros/share/ament_index/resource_index/package_run_dependencies/ultralytics_ros
[28.938s] -- Symlinking: /workspace/CogniScope/install/ultralytics_ros/share/ament_index/resource_index/parent_prefix_path/ultralytics_ros
[28.943s] -- Symlinking: /workspace/CogniScope/install/ultralytics_ros/share/ultralytics_ros/environment/ament_prefix_path.sh
[28.952s] -- Symlinking: /workspace/CogniScope/install/ultralytics_ros/share/ultralytics_ros/environment/ament_prefix_path.dsv
[28.958s] -- Symlinking: /workspace/CogniScope/install/ultralytics_ros/share/ultralytics_ros/environment/path.sh
[28.966s] -- Symlinking: /workspace/CogniScope/install/ultralytics_ros/share/ultralytics_ros/environment/path.dsv
[28.972s] -- Symlinking: /workspace/CogniScope/install/ultralytics_ros/share/ultralytics_ros/local_setup.bash
[28.981s] -- Symlinking: /workspace/CogniScope/install/ultralytics_ros/share/ultralytics_ros/local_setup.sh
[28.990s] -- Symlinking: /workspace/CogniScope/install/ultralytics_ros/share/ultralytics_ros/local_setup.zsh
[28.997s] -- Symlinking: /workspace/CogniScope/install/ultralytics_ros/share/ultralytics_ros/local_setup.dsv
[29.004s] -- Symlinking: /workspace/CogniScope/install/ultralytics_ros/share/ultralytics_ros/package.dsv
[29.010s] -- Symlinking: /workspace/CogniScope/install/ultralytics_ros/share/ament_index/resource_index/packages/ultralytics_ros
[29.015s] -- Symlinking: /workspace/CogniScope/install/ultralytics_ros/share/ultralytics_ros/cmake/rosidl_cmake-extras.cmake
[29.020s] -- Symlinking: /workspace/CogniScope/install/ultralytics_ros/share/ultralytics_ros/cmake/ament_cmake_export_dependencies-extras.cmake
[29.026s] -- Symlinking: /workspace/CogniScope/install/ultralytics_ros/share/ultralytics_ros/cmake/ament_cmake_export_include_directories-extras.cmake
[29.034s] -- Symlinking: /workspace/CogniScope/install/ultralytics_ros/share/ultralytics_ros/cmake/ament_cmake_export_libraries-extras.cmake
[29.041s] -- Symlinking: /workspace/CogniScope/install/ultralytics_ros/share/ultralytics_ros/cmake/ament_cmake_export_targets-extras.cmake
[29.047s] -- Symlinking: /workspace/CogniScope/install/ultralytics_ros/share/ultralytics_ros/cmake/rosidl_cmake_export_typesupport_targets-extras.cmake
[29.052s] -- Symlinking: /workspace/CogniScope/install/ultralytics_ros/share/ultralytics_ros/cmake/rosidl_cmake_export_typesupport_libraries-extras.cmake
[29.059s] -- Symlinking: /workspace/CogniScope/install/ultralytics_ros/share/ultralytics_ros/cmake/ultralytics_rosConfig.cmake
[29.064s] -- Symlinking: /workspace/CogniScope/install/ultralytics_ros/share/ultralytics_ros/cmake/ultralytics_rosConfig-version.cmake
[29.069s] -- Symlinking: /workspace/CogniScope/install/ultralytics_ros/share/ultralytics_ros/package.xml
[29.074s] -- Installing: /workspace/CogniScope/install/ultralytics_ros/lib/libultralytics_ros__rosidl_generator_c.so
[29.074s] -- Set runtime path of "/workspace/CogniScope/install/ultralytics_ros/lib/libultralytics_ros__rosidl_generator_c.so" to ""
[29.074s] -- Installing: /workspace/CogniScope/install/ultralytics_ros/lib/libultralytics_ros__rosidl_typesupport_fastrtps_c.so
[29.075s] -- Set runtime path of "/workspace/CogniScope/install/ultralytics_ros/lib/libultralytics_ros__rosidl_typesupport_fastrtps_c.so" to ""
[29.075s] -- Installing: /workspace/CogniScope/install/ultralytics_ros/lib/libultralytics_ros__rosidl_typesupport_fastrtps_cpp.so
[29.075s] -- Set runtime path of "/workspace/CogniScope/install/ultralytics_ros/lib/libultralytics_ros__rosidl_typesupport_fastrtps_cpp.so" to ""
[29.075s] -- Installing: /workspace/CogniScope/install/ultralytics_ros/lib/libultralytics_ros__rosidl_typesupport_introspection_c.so
[29.075s] -- Set runtime path of "/workspace/CogniScope/install/ultralytics_ros/lib/libultralytics_ros__rosidl_typesupport_introspection_c.so" to ""
[29.076s] -- Installing: /workspace/CogniScope/install/ultralytics_ros/lib/libultralytics_ros__rosidl_typesupport_c.so
[29.076s] -- Set runtime path of "/workspace/CogniScope/install/ultralytics_ros/lib/libultralytics_ros__rosidl_typesupport_c.so" to ""
[29.076s] -- Installing: /workspace/CogniScope/install/ultralytics_ros/lib/libultralytics_ros__rosidl_typesupport_introspection_cpp.so
[29.076s] -- Set runtime path of "/workspace/CogniScope/install/ultralytics_ros/lib/libultralytics_ros__rosidl_typesupport_introspection_cpp.so" to ""
[29.076s] -- Installing: /workspace/CogniScope/install/ultralytics_ros/lib/libultralytics_ros__rosidl_typesupport_cpp.so
[29.076s] -- Set runtime path of "/workspace/CogniScope/install/ultralytics_ros/lib/libultralytics_ros__rosidl_typesupport_cpp.so" to ""
[29.107s] Listing '/workspace/CogniScope/install/ultralytics_ros/local/lib/python3.10/dist-packages/ultralytics_ros'...
[29.108s] Compiling '/workspace/CogniScope/install/ultralytics_ros/local/lib/python3.10/dist-packages/ultralytics_ros/__init__.py'...
[29.108s] Listing '/workspace/CogniScope/install/ultralytics_ros/local/lib/python3.10/dist-packages/ultralytics_ros/msg'...
[29.108s] Compiling '/workspace/CogniScope/install/ultralytics_ros/local/lib/python3.10/dist-packages/ultralytics_ros/msg/__init__.py'...
[29.108s] Compiling '/workspace/CogniScope/install/ultralytics_ros/local/lib/python3.10/dist-packages/ultralytics_ros/msg/_yolo_result.py'...
[29.111s] -- Installing: /workspace/CogniScope/install/ultralytics_ros/lib/libultralytics_ros__rosidl_generator_py.so
[29.112s] -- Set runtime path of "/workspace/CogniScope/install/ultralytics_ros/lib/libultralytics_ros__rosidl_generator_py.so" to ""
[29.112s] -- Installing: /workspace/CogniScope/install/ultralytics_ros/share/ultralytics_ros/cmake/export_ultralytics_ros__rosidl_generator_cExport.cmake
[29.112s] -- Installing: /workspace/CogniScope/install/ultralytics_ros/share/ultralytics_ros/cmake/export_ultralytics_ros__rosidl_generator_cExport-noconfig.cmake
[29.112s] -- Installing: /workspace/CogniScope/install/ultralytics_ros/share/ultralytics_ros/cmake/export_ultralytics_ros__rosidl_typesupport_fastrtps_cExport.cmake
[29.112s] -- Installing: /workspace/CogniScope/install/ultralytics_ros/share/ultralytics_ros/cmake/export_ultralytics_ros__rosidl_typesupport_fastrtps_cExport-noconfig.cmake
[29.113s] -- Installing: /workspace/CogniScope/install/ultralytics_ros/share/ultralytics_ros/cmake/export_ultralytics_ros__rosidl_generator_cppExport.cmake
[29.113s] -- Installing: /workspace/CogniScope/install/ultralytics_ros/share/ultralytics_ros/cmake/export_ultralytics_ros__rosidl_typesupport_fastrtps_cppExport.cmake
[29.113s] -- Installing: /workspace/CogniScope/install/ultralytics_ros/share/ultralytics_ros/cmake/export_ultralytics_ros__rosidl_typesupport_fastrtps_cppExport-noconfig.cmake
[29.113s] -- Installing: /workspace/CogniScope/install/ultralytics_ros/share/ultralytics_ros/cmake/ultralytics_ros__rosidl_typesupport_introspection_cExport.cmake
[29.114s] -- Installing: /workspace/CogniScope/install/ultralytics_ros/share/ultralytics_ros/cmake/ultralytics_ros__rosidl_typesupport_introspection_cExport-noconfig.cmake
[29.114s] -- Installing: /workspace/CogniScope/install/ultralytics_ros/share/ultralytics_ros/cmake/ultralytics_ros__rosidl_typesupport_cExport.cmake
[29.114s] -- Installing: /workspace/CogniScope/install/ultralytics_ros/share/ultralytics_ros/cmake/ultralytics_ros__rosidl_typesupport_cExport-noconfig.cmake
[29.114s] -- Installing: /workspace/CogniScope/install/ultralytics_ros/share/ultralytics_ros/cmake/ultralytics_ros__rosidl_typesupport_introspection_cppExport.cmake
[29.114s] -- Installing: /workspace/CogniScope/install/ultralytics_ros/share/ultralytics_ros/cmake/ultralytics_ros__rosidl_typesupport_introspection_cppExport-noconfig.cmake
[29.114s] -- Installing: /workspace/CogniScope/install/ultralytics_ros/share/ultralytics_ros/cmake/ultralytics_ros__rosidl_typesupport_cppExport.cmake
[29.114s] -- Installing: /workspace/CogniScope/install/ultralytics_ros/share/ultralytics_ros/cmake/ultralytics_ros__rosidl_typesupport_cppExport-noconfig.cmake
[29.114s] -- Installing: /workspace/CogniScope/install/ultralytics_ros/share/ultralytics_ros/cmake/export_ultralytics_ros__rosidl_generator_pyExport.cmake
[29.115s] -- Installing: /workspace/CogniScope/install/ultralytics_ros/share/ultralytics_ros/cmake/export_ultralytics_ros__rosidl_generator_pyExport-noconfig.cmake
[29.116s] Invoked command in '/workspace/CogniScope/build/ultralytics_ros' returned '0': CMAKE_PREFIX_PATH=${CMAKE_PREFIX_PATH}:/workspace/CogniScope/install/see_beyond_ros2:/workspace/CogniScope/install/pcdet_ros2:/workspace/CogniScope/install/fusiondet:/workspace/CogniScope/install/fusion_tracker:/opt/ros/humble /usr/bin/cmake --install /workspace/CogniScope/build/ultralytics_ros
