-- The C compiler identification is GNU 11.4.0
-- The CXX compiler identification is GNU 11.4.0
-- Detecting C compiler ABI info
-- Detecting C compiler ABI info - done
-- Check for working C compiler: /usr/bin/cc - skipped
-- Detecting C compile features
-- Detecting C compile features - done
-- Detecting CXX compiler ABI info
-- Detecting CXX compiler ABI info - done
-- Check for working CXX compiler: /usr/bin/c++ - skipped
-- Detecting CXX compile features
-- Detecting CXX compile features - done
-- Found ament_cmake: 1.3.12 (/opt/ros/humble/share/ament_cmake/cmake)
-- Found Python3: /usr/bin/python3 (found version "3.10.12") found components: Interpreter 
-- Override CMake install command with custom implementation using symlinks instead of copying resources
-- Found rclcpp: 16.0.17 (/opt/ros/humble/share/rclcpp/cmake)
-- Found rosidl_generator_c: 3.1.8 (/opt/ros/humble/share/rosidl_generator_c/cmake)
-- Found rosidl_adapter: 3.1.8 (/opt/ros/humble/share/rosidl_adapter/cmake)
-- Found rosidl_generator_cpp: 3.1.8 (/opt/ros/humble/share/rosidl_generator_cpp/cmake)
-- Using all available rosidl_typesupport_c: rosidl_typesupport_fastrtps_c;rosidl_typesupport_introspection_c
-- Using all available rosidl_typesupport_cpp: rosidl_typesupport_fastrtps_cpp;rosidl_typesupport_introspection_cpp
-- Found rmw_implementation_cmake: 6.1.2 (/opt/ros/humble/share/rmw_implementation_cmake/cmake)
-- Found rmw_cyclonedds_cpp: 1.3.4 (/opt/ros/humble/share/rmw_cyclonedds_cpp/cmake)
-- Using RMW implementation 'rmw_cyclonedds_cpp' as default
-- Looking for pthread.h
-- Looking for pthread.h - found
-- Performing Test CMAKE_HAVE_LIBC_PTHREAD
-- Performing Test CMAKE_HAVE_LIBC_PTHREAD - Success
-- Found Threads: TRUE  
-- Found serial_driver: 1.2.0 (/opt/ros/humble/share/serial_driver/cmake)
-- Found asio_cmake_module: 1.2.0 (/opt/ros/humble/share/asio_cmake_module/cmake)
-- Found ASIO: /usr/include  
-- Found common_unique_msgs: 0.1.0 (/workspace/CogniScope/install/common_unique_msgs/share/common_unique_msgs/cmake)
-- Found sensor_msgs: 4.9.0 (/opt/ros/humble/share/sensor_msgs/cmake)
-- Found tf2: 0.25.18 (/opt/ros/humble/share/tf2/cmake)
-- Found nav_msgs: 4.9.0 (/opt/ros/humble/share/nav_msgs/cmake)
-- Configuring done
-- Generating done
-- Build files have been written to: /workspace/CogniScope/build/imu5651_driver
[ 33%] [32mBuilding CXX object CMakeFiles/imu5651_driver.dir/src/main.cpp.o[0m
[ 66%] [32mBuilding CXX object CMakeFiles/imu5651_driver.dir/src/serial_reader.cpp.o[0m
[100%] [32m[1mLinking CXX executable imu5651_driver[0m
[100%] Built target imu5651_driver
-- Install configuration: ""
-- Execute custom install script
-- Symlinking: /workspace/CogniScope/install/imu5651_driver/lib/imu5651_driver/imu5651_driver
-- Symlinking: /workspace/CogniScope/install/imu5651_driver/share/ament_index/resource_index/package_run_dependencies/imu5651_driver
-- Symlinking: /workspace/CogniScope/install/imu5651_driver/share/ament_index/resource_index/parent_prefix_path/imu5651_driver
-- Symlinking: /workspace/CogniScope/install/imu5651_driver/share/imu5651_driver/environment/ament_prefix_path.sh
-- Symlinking: /workspace/CogniScope/install/imu5651_driver/share/imu5651_driver/environment/ament_prefix_path.dsv
-- Symlinking: /workspace/CogniScope/install/imu5651_driver/share/imu5651_driver/environment/path.sh
-- Symlinking: /workspace/CogniScope/install/imu5651_driver/share/imu5651_driver/environment/path.dsv
-- Symlinking: /workspace/CogniScope/install/imu5651_driver/share/imu5651_driver/local_setup.bash
-- Symlinking: /workspace/CogniScope/install/imu5651_driver/share/imu5651_driver/local_setup.sh
-- Symlinking: /workspace/CogniScope/install/imu5651_driver/share/imu5651_driver/local_setup.zsh
-- Symlinking: /workspace/CogniScope/install/imu5651_driver/share/imu5651_driver/local_setup.dsv
-- Symlinking: /workspace/CogniScope/install/imu5651_driver/share/imu5651_driver/package.dsv
-- Symlinking: /workspace/CogniScope/install/imu5651_driver/share/ament_index/resource_index/packages/imu5651_driver
-- Symlinking: /workspace/CogniScope/install/imu5651_driver/share/imu5651_driver/cmake/ament_cmake_export_dependencies-extras.cmake
-- Symlinking: /workspace/CogniScope/install/imu5651_driver/share/imu5651_driver/cmake/imu5651_driverConfig.cmake
-- Symlinking: /workspace/CogniScope/install/imu5651_driver/share/imu5651_driver/cmake/imu5651_driverConfig-version.cmake
-- Symlinking: /workspace/CogniScope/install/imu5651_driver/share/imu5651_driver/package.xml
