[0.014s] Invoking command in '/workspace/CogniScope/build/imu5651_driver': CMAKE_PREFIX_PATH=/workspace/CogniScope/install/common_unique_msgs:/workspace/CogniScope/install/vision_msgs_rviz_plugins:/workspace/CogniScope/install/ultralytics_ros:/workspace/CogniScope/install/rslidar_sdk:/workspace/CogniScope/install/rslidar_msg:/workspace/CogniScope/install/ros2_numpy:/workspace/CogniScope/install/realsense2_description:/workspace/CogniScope/install/realsense2_camera:/workspace/CogniScope/install/realsense2_camera_msgs:/workspace/CogniScope/install/pointcloud_to_laserscan:/workspace/CogniScope/install/imu_speed:/workspace/CogniScope/install/imu5651_driver:/workspace/CogniScope/install/see_beyond_ros2:/workspace/CogniScope/install/pcdet_ros2:/workspace/CogniScope/install/fusiondet:/workspace/CogniScope/install/fusion_tracker:/opt/ros/humble LD_LIBRARY_PATH=/workspace/CogniScope/install/common_unique_msgs/lib:/usr/local/cuda-12.1/lib64:/workspace/CogniScope/install/vision_msgs_rviz_plugins/lib:/workspace/CogniScope/install/ultralytics_ros/lib:/workspace/CogniScope/install/rslidar_msg/lib:/workspace/CogniScope/install/realsense2_camera/lib:/workspace/CogniScope/install/realsense2_camera_msgs/lib:/workspace/CogniScope/install/pointcloud_to_laserscan/lib:/usr/local/cuda-12.1/lib64:/usr/lib/x86_64-linux-gnu/gazebo-11/plugins:/opt/ros/humble/opt/rviz_ogre_vendor/lib:/opt/ros/humble/lib/x86_64-linux-gnu:/opt/ros/humble/lib /usr/bin/cmake /workspace/CogniScope/src/sensor_driver/src/imu5651_driver -DAMENT_CMAKE_SYMLINK_INSTALL=1 -DCMAKE_INSTALL_PREFIX=/workspace/CogniScope/install/imu5651_driver
[0.066s] -- The C compiler identification is GNU 11.4.0
[0.125s] -- The CXX compiler identification is GNU 11.4.0
[0.133s] -- Detecting C compiler ABI info
[0.206s] -- Detecting C compiler ABI info - done
[0.214s] -- Check for working C compiler: /usr/bin/cc - skipped
[0.214s] -- Detecting C compile features
[0.214s] -- Detecting C compile features - done
[0.216s] -- Detecting CXX compiler ABI info
[0.303s] -- Detecting CXX compiler ABI info - done
[0.311s] -- Check for working CXX compiler: /usr/bin/c++ - skipped
[0.311s] -- Detecting CXX compile features
[0.312s] -- Detecting CXX compile features - done
[0.317s] -- Found ament_cmake: 1.3.12 (/opt/ros/humble/share/ament_cmake/cmake)
[0.909s] -- Found Python3: /usr/bin/python3 (found version "3.10.12") found components: Interpreter 
[0.973s] -- Override CMake install command with custom implementation using symlinks instead of copying resources
[1.036s] -- Found rclcpp: 16.0.17 (/opt/ros/humble/share/rclcpp/cmake)
[1.102s] -- Found rosidl_generator_c: 3.1.8 (/opt/ros/humble/share/rosidl_generator_c/cmake)
[1.111s] -- Found rosidl_adapter: 3.1.8 (/opt/ros/humble/share/rosidl_adapter/cmake)
[1.124s] -- Found rosidl_generator_cpp: 3.1.8 (/opt/ros/humble/share/rosidl_generator_cpp/cmake)
[1.140s] -- Using all available rosidl_typesupport_c: rosidl_typesupport_fastrtps_c;rosidl_typesupport_introspection_c
[1.161s] -- Using all available rosidl_typesupport_cpp: rosidl_typesupport_fastrtps_cpp;rosidl_typesupport_introspection_cpp
[1.223s] -- Found rmw_implementation_cmake: 6.1.2 (/opt/ros/humble/share/rmw_implementation_cmake/cmake)
[1.228s] -- Found rmw_cyclonedds_cpp: 1.3.4 (/opt/ros/humble/share/rmw_cyclonedds_cpp/cmake)
[1.254s] -- Using RMW implementation 'rmw_cyclonedds_cpp' as default
[1.269s] -- Looking for pthread.h
[1.358s] -- Looking for pthread.h - found
[1.359s] -- Performing Test CMAKE_HAVE_LIBC_PTHREAD
[1.441s] -- Performing Test CMAKE_HAVE_LIBC_PTHREAD - Success
[1.442s] -- Found Threads: TRUE  
[1.497s] -- Found serial_driver: 1.2.0 (/opt/ros/humble/share/serial_driver/cmake)
[1.525s] -- Found asio_cmake_module: 1.2.0 (/opt/ros/humble/share/asio_cmake_module/cmake)
[1.525s] -- Found ASIO: /usr/include  
[1.588s] -- Found common_unique_msgs: 0.1.0 (/workspace/CogniScope/install/common_unique_msgs/share/common_unique_msgs/cmake)
[1.602s] -- Found sensor_msgs: 4.9.0 (/opt/ros/humble/share/sensor_msgs/cmake)
[1.635s] -- Found tf2: 0.25.18 (/opt/ros/humble/share/tf2/cmake)
[1.642s] -- Found nav_msgs: 4.9.0 (/opt/ros/humble/share/nav_msgs/cmake)
[1.761s] -- Configuring done
[1.849s] -- Generating done
[1.861s] -- Build files have been written to: /workspace/CogniScope/build/imu5651_driver
[1.870s] Invoked command in '/workspace/CogniScope/build/imu5651_driver' returned '0': CMAKE_PREFIX_PATH=/workspace/CogniScope/install/common_unique_msgs:/workspace/CogniScope/install/vision_msgs_rviz_plugins:/workspace/CogniScope/install/ultralytics_ros:/workspace/CogniScope/install/rslidar_sdk:/workspace/CogniScope/install/rslidar_msg:/workspace/CogniScope/install/ros2_numpy:/workspace/CogniScope/install/realsense2_description:/workspace/CogniScope/install/realsense2_camera:/workspace/CogniScope/install/realsense2_camera_msgs:/workspace/CogniScope/install/pointcloud_to_laserscan:/workspace/CogniScope/install/imu_speed:/workspace/CogniScope/install/imu5651_driver:/workspace/CogniScope/install/see_beyond_ros2:/workspace/CogniScope/install/pcdet_ros2:/workspace/CogniScope/install/fusiondet:/workspace/CogniScope/install/fusion_tracker:/opt/ros/humble LD_LIBRARY_PATH=/workspace/CogniScope/install/common_unique_msgs/lib:/usr/local/cuda-12.1/lib64:/workspace/CogniScope/install/vision_msgs_rviz_plugins/lib:/workspace/CogniScope/install/ultralytics_ros/lib:/workspace/CogniScope/install/rslidar_msg/lib:/workspace/CogniScope/install/realsense2_camera/lib:/workspace/CogniScope/install/realsense2_camera_msgs/lib:/workspace/CogniScope/install/pointcloud_to_laserscan/lib:/usr/local/cuda-12.1/lib64:/usr/lib/x86_64-linux-gnu/gazebo-11/plugins:/opt/ros/humble/opt/rviz_ogre_vendor/lib:/opt/ros/humble/lib/x86_64-linux-gnu:/opt/ros/humble/lib /usr/bin/cmake /workspace/CogniScope/src/sensor_driver/src/imu5651_driver -DAMENT_CMAKE_SYMLINK_INSTALL=1 -DCMAKE_INSTALL_PREFIX=/workspace/CogniScope/install/imu5651_driver
[1.871s] Invoking command in '/workspace/CogniScope/build/imu5651_driver': CMAKE_PREFIX_PATH=/workspace/CogniScope/install/common_unique_msgs:/workspace/CogniScope/install/vision_msgs_rviz_plugins:/workspace/CogniScope/install/ultralytics_ros:/workspace/CogniScope/install/rslidar_sdk:/workspace/CogniScope/install/rslidar_msg:/workspace/CogniScope/install/ros2_numpy:/workspace/CogniScope/install/realsense2_description:/workspace/CogniScope/install/realsense2_camera:/workspace/CogniScope/install/realsense2_camera_msgs:/workspace/CogniScope/install/pointcloud_to_laserscan:/workspace/CogniScope/install/imu_speed:/workspace/CogniScope/install/imu5651_driver:/workspace/CogniScope/install/see_beyond_ros2:/workspace/CogniScope/install/pcdet_ros2:/workspace/CogniScope/install/fusiondet:/workspace/CogniScope/install/fusion_tracker:/opt/ros/humble LD_LIBRARY_PATH=/workspace/CogniScope/install/common_unique_msgs/lib:/usr/local/cuda-12.1/lib64:/workspace/CogniScope/install/vision_msgs_rviz_plugins/lib:/workspace/CogniScope/install/ultralytics_ros/lib:/workspace/CogniScope/install/rslidar_msg/lib:/workspace/CogniScope/install/realsense2_camera/lib:/workspace/CogniScope/install/realsense2_camera_msgs/lib:/workspace/CogniScope/install/pointcloud_to_laserscan/lib:/usr/local/cuda-12.1/lib64:/usr/lib/x86_64-linux-gnu/gazebo-11/plugins:/opt/ros/humble/opt/rviz_ogre_vendor/lib:/opt/ros/humble/lib/x86_64-linux-gnu:/opt/ros/humble/lib /usr/bin/cmake --build /workspace/CogniScope/build/imu5651_driver -- -j112 -l112
[1.943s] [ 33%] [32mBuilding CXX object CMakeFiles/imu5651_driver.dir/src/main.cpp.o[0m
[1.946s] [ 66%] [32mBuilding CXX object CMakeFiles/imu5651_driver.dir/src/serial_reader.cpp.o[0m
[7.103s] [100%] [32m[1mLinking CXX executable imu5651_driver[0m
[8.173s] [100%] Built target imu5651_driver
[8.194s] Invoked command in '/workspace/CogniScope/build/imu5651_driver' returned '0': CMAKE_PREFIX_PATH=/workspace/CogniScope/install/common_unique_msgs:/workspace/CogniScope/install/vision_msgs_rviz_plugins:/workspace/CogniScope/install/ultralytics_ros:/workspace/CogniScope/install/rslidar_sdk:/workspace/CogniScope/install/rslidar_msg:/workspace/CogniScope/install/ros2_numpy:/workspace/CogniScope/install/realsense2_description:/workspace/CogniScope/install/realsense2_camera:/workspace/CogniScope/install/realsense2_camera_msgs:/workspace/CogniScope/install/pointcloud_to_laserscan:/workspace/CogniScope/install/imu_speed:/workspace/CogniScope/install/imu5651_driver:/workspace/CogniScope/install/see_beyond_ros2:/workspace/CogniScope/install/pcdet_ros2:/workspace/CogniScope/install/fusiondet:/workspace/CogniScope/install/fusion_tracker:/opt/ros/humble LD_LIBRARY_PATH=/workspace/CogniScope/install/common_unique_msgs/lib:/usr/local/cuda-12.1/lib64:/workspace/CogniScope/install/vision_msgs_rviz_plugins/lib:/workspace/CogniScope/install/ultralytics_ros/lib:/workspace/CogniScope/install/rslidar_msg/lib:/workspace/CogniScope/install/realsense2_camera/lib:/workspace/CogniScope/install/realsense2_camera_msgs/lib:/workspace/CogniScope/install/pointcloud_to_laserscan/lib:/usr/local/cuda-12.1/lib64:/usr/lib/x86_64-linux-gnu/gazebo-11/plugins:/opt/ros/humble/opt/rviz_ogre_vendor/lib:/opt/ros/humble/lib/x86_64-linux-gnu:/opt/ros/humble/lib /usr/bin/cmake --build /workspace/CogniScope/build/imu5651_driver -- -j112 -l112
[8.197s] Invoking command in '/workspace/CogniScope/build/imu5651_driver': CMAKE_PREFIX_PATH=/workspace/CogniScope/install/common_unique_msgs:/workspace/CogniScope/install/vision_msgs_rviz_plugins:/workspace/CogniScope/install/ultralytics_ros:/workspace/CogniScope/install/rslidar_sdk:/workspace/CogniScope/install/rslidar_msg:/workspace/CogniScope/install/ros2_numpy:/workspace/CogniScope/install/realsense2_description:/workspace/CogniScope/install/realsense2_camera:/workspace/CogniScope/install/realsense2_camera_msgs:/workspace/CogniScope/install/pointcloud_to_laserscan:/workspace/CogniScope/install/imu_speed:/workspace/CogniScope/install/imu5651_driver:/workspace/CogniScope/install/see_beyond_ros2:/workspace/CogniScope/install/pcdet_ros2:/workspace/CogniScope/install/fusiondet:/workspace/CogniScope/install/fusion_tracker:/opt/ros/humble LD_LIBRARY_PATH=/workspace/CogniScope/install/common_unique_msgs/lib:/usr/local/cuda-12.1/lib64:/workspace/CogniScope/install/vision_msgs_rviz_plugins/lib:/workspace/CogniScope/install/ultralytics_ros/lib:/workspace/CogniScope/install/rslidar_msg/lib:/workspace/CogniScope/install/realsense2_camera/lib:/workspace/CogniScope/install/realsense2_camera_msgs/lib:/workspace/CogniScope/install/pointcloud_to_laserscan/lib:/usr/local/cuda-12.1/lib64:/usr/lib/x86_64-linux-gnu/gazebo-11/plugins:/opt/ros/humble/opt/rviz_ogre_vendor/lib:/opt/ros/humble/lib/x86_64-linux-gnu:/opt/ros/humble/lib /usr/bin/cmake --install /workspace/CogniScope/build/imu5651_driver
[8.211s] -- Install configuration: ""
[8.211s] -- Execute custom install script
[8.211s] -- Symlinking: /workspace/CogniScope/install/imu5651_driver/lib/imu5651_driver/imu5651_driver
[8.225s] -- Symlinking: /workspace/CogniScope/install/imu5651_driver/share/ament_index/resource_index/package_run_dependencies/imu5651_driver
[8.239s] -- Symlinking: /workspace/CogniScope/install/imu5651_driver/share/ament_index/resource_index/parent_prefix_path/imu5651_driver
[8.253s] -- Symlinking: /workspace/CogniScope/install/imu5651_driver/share/imu5651_driver/environment/ament_prefix_path.sh
[8.268s] -- Symlinking: /workspace/CogniScope/install/imu5651_driver/share/imu5651_driver/environment/ament_prefix_path.dsv
[8.279s] -- Symlinking: /workspace/CogniScope/install/imu5651_driver/share/imu5651_driver/environment/path.sh
[8.293s] -- Symlinking: /workspace/CogniScope/install/imu5651_driver/share/imu5651_driver/environment/path.dsv
[8.306s] -- Symlinking: /workspace/CogniScope/install/imu5651_driver/share/imu5651_driver/local_setup.bash
[8.319s] -- Symlinking: /workspace/CogniScope/install/imu5651_driver/share/imu5651_driver/local_setup.sh
[8.333s] -- Symlinking: /workspace/CogniScope/install/imu5651_driver/share/imu5651_driver/local_setup.zsh
[8.346s] -- Symlinking: /workspace/CogniScope/install/imu5651_driver/share/imu5651_driver/local_setup.dsv
[8.360s] -- Symlinking: /workspace/CogniScope/install/imu5651_driver/share/imu5651_driver/package.dsv
[8.372s] -- Symlinking: /workspace/CogniScope/install/imu5651_driver/share/ament_index/resource_index/packages/imu5651_driver
[8.388s] -- Symlinking: /workspace/CogniScope/install/imu5651_driver/share/imu5651_driver/cmake/ament_cmake_export_dependencies-extras.cmake
[8.400s] -- Symlinking: /workspace/CogniScope/install/imu5651_driver/share/imu5651_driver/cmake/imu5651_driverConfig.cmake
[8.414s] -- Symlinking: /workspace/CogniScope/install/imu5651_driver/share/imu5651_driver/cmake/imu5651_driverConfig-version.cmake
[8.428s] -- Symlinking: /workspace/CogniScope/install/imu5651_driver/share/imu5651_driver/package.xml
[8.445s] Invoked command in '/workspace/CogniScope/build/imu5651_driver' returned '0': CMAKE_PREFIX_PATH=/workspace/CogniScope/install/common_unique_msgs:/workspace/CogniScope/install/vision_msgs_rviz_plugins:/workspace/CogniScope/install/ultralytics_ros:/workspace/CogniScope/install/rslidar_sdk:/workspace/CogniScope/install/rslidar_msg:/workspace/CogniScope/install/ros2_numpy:/workspace/CogniScope/install/realsense2_description:/workspace/CogniScope/install/realsense2_camera:/workspace/CogniScope/install/realsense2_camera_msgs:/workspace/CogniScope/install/pointcloud_to_laserscan:/workspace/CogniScope/install/imu_speed:/workspace/CogniScope/install/imu5651_driver:/workspace/CogniScope/install/see_beyond_ros2:/workspace/CogniScope/install/pcdet_ros2:/workspace/CogniScope/install/fusiondet:/workspace/CogniScope/install/fusion_tracker:/opt/ros/humble LD_LIBRARY_PATH=/workspace/CogniScope/install/common_unique_msgs/lib:/usr/local/cuda-12.1/lib64:/workspace/CogniScope/install/vision_msgs_rviz_plugins/lib:/workspace/CogniScope/install/ultralytics_ros/lib:/workspace/CogniScope/install/rslidar_msg/lib:/workspace/CogniScope/install/realsense2_camera/lib:/workspace/CogniScope/install/realsense2_camera_msgs/lib:/workspace/CogniScope/install/pointcloud_to_laserscan/lib:/usr/local/cuda-12.1/lib64:/usr/lib/x86_64-linux-gnu/gazebo-11/plugins:/opt/ros/humble/opt/rviz_ogre_vendor/lib:/opt/ros/humble/lib/x86_64-linux-gnu:/opt/ros/humble/lib /usr/bin/cmake --install /workspace/CogniScope/build/imu5651_driver
