[0.029s] Invoking command in '/workspace/ros2_yolo/src/sensor_driver/build/common_unique_msgs': CMAKE_PREFIX_PATH=${CMAKE_PREFIX_PATH}:/workspace/ros2_yolo/install/pcdet_ros2:/workspace/ros2_yolo/install/fusiondet:/workspace/ros2_yolo/install/fusion_tracker:/opt/ros/humble /usr/bin/cmake --build /workspace/ros2_yolo/src/sensor_driver/build/common_unique_msgs -- -j112 -l112
[0.136s] [ 11%] Built target common_unique_msgs__rosidl_generator_c
[0.136s] [ 12%] Built target common_unique_msgs__cpp
[0.147s] [ 12%] Built target ament_cmake_python_copy_common_unique_msgs
[0.220s] [ 34%] Built target common_unique_msgs__rosidl_typesupport_introspection_cpp
[0.220s] [ 46%] Built target common_unique_msgs__rosidl_typesupport_fastrtps_cpp
[0.221s] [ 63%] Built target common_unique_msgs__rosidl_typesupport_introspection_c
[0.221s] [ 63%] Built target common_unique_msgs__rosidl_typesupport_c
[0.221s] [ 68%] Built target common_unique_msgs__rosidl_typesupport_cpp
[0.222s] [ 79%] Built target common_unique_msgs__rosidl_typesupport_fastrtps_c
[0.255s] [ 79%] Built target common_unique_msgs
[0.290s] [ 80%] Built target common_unique_msgs__py
[0.328s] [ 90%] Built target common_unique_msgs__rosidl_generator_py
[0.366s] [ 93%] Built target common_unique_msgs__rosidl_typesupport_introspection_c__pyext
[0.373s] [ 96%] Built target common_unique_msgs__rosidl_typesupport_c__pyext
[0.374s] [100%] Built target common_unique_msgs__rosidl_typesupport_fastrtps_c__pyext
[0.474s] running egg_info
[0.477s] writing manifest file 'common_unique_msgs.egg-info/SOURCES.txt'
[0.529s] [100%] Built target ament_cmake_python_build_common_unique_msgs_egg
[0.546s] Invoked command in '/workspace/ros2_yolo/src/sensor_driver/build/common_unique_msgs' returned '0': CMAKE_PREFIX_PATH=${CMAKE_PREFIX_PATH}:/workspace/ros2_yolo/install/pcdet_ros2:/workspace/ros2_yolo/install/fusiondet:/workspace/ros2_yolo/install/fusion_tracker:/opt/ros/humble /usr/bin/cmake --build /workspace/ros2_yolo/src/sensor_driver/build/common_unique_msgs -- -j112 -l112
[0.548s] Invoking command in '/workspace/ros2_yolo/src/sensor_driver/build/common_unique_msgs': CMAKE_PREFIX_PATH=${CMAKE_PREFIX_PATH}:/workspace/ros2_yolo/install/pcdet_ros2:/workspace/ros2_yolo/install/fusiondet:/workspace/ros2_yolo/install/fusion_tracker:/opt/ros/humble /usr/bin/cmake --install /workspace/ros2_yolo/src/sensor_driver/build/common_unique_msgs
[0.562s] -- Install configuration: ""
[0.562s] -- Up-to-date: /workspace/ros2_yolo/src/sensor_driver/install/common_unique_msgs/share/ament_index/resource_index/rosidl_interfaces/common_unique_msgs
[0.562s] -- Up-to-date: /workspace/ros2_yolo/src/sensor_driver/install/common_unique_msgs/include/common_unique_msgs/common_unique_msgs
[0.562s] -- Up-to-date: /workspace/ros2_yolo/src/sensor_driver/install/common_unique_msgs/include/common_unique_msgs/common_unique_msgs/msg
[0.562s] -- Up-to-date: /workspace/ros2_yolo/src/sensor_driver/install/common_unique_msgs/include/common_unique_msgs/common_unique_msgs/msg/location.h
[0.562s] -- Up-to-date: /workspace/ros2_yolo/src/sensor_driver/install/common_unique_msgs/include/common_unique_msgs/common_unique_msgs/msg/custom_imu.h
[0.562s] -- Up-to-date: /workspace/ros2_yolo/src/sensor_driver/install/common_unique_msgs/include/common_unique_msgs/common_unique_msgs/msg/uni_header.h
[0.563s] -- Up-to-date: /workspace/ros2_yolo/src/sensor_driver/install/common_unique_msgs/include/common_unique_msgs/common_unique_msgs/msg/rosidl_generator_c__visibility_control.h
[0.563s] -- Up-to-date: /workspace/ros2_yolo/src/sensor_driver/install/common_unique_msgs/include/common_unique_msgs/common_unique_msgs/msg/custom_gnss.h
[0.563s] -- Up-to-date: /workspace/ros2_yolo/src/sensor_driver/install/common_unique_msgs/include/common_unique_msgs/common_unique_msgs/msg/location_initial.h
[0.563s] -- Up-to-date: /workspace/ros2_yolo/src/sensor_driver/install/common_unique_msgs/include/common_unique_msgs/common_unique_msgs/msg/detail
[0.563s] -- Up-to-date: /workspace/ros2_yolo/src/sensor_driver/install/common_unique_msgs/include/common_unique_msgs/common_unique_msgs/msg/detail/custom_imu__functions.c
[0.563s] -- Up-to-date: /workspace/ros2_yolo/src/sensor_driver/install/common_unique_msgs/include/common_unique_msgs/common_unique_msgs/msg/detail/custom_imu__type_support.h
[0.563s] -- Up-to-date: /workspace/ros2_yolo/src/sensor_driver/install/common_unique_msgs/include/common_unique_msgs/common_unique_msgs/msg/detail/location_initial__struct.h
[0.563s] -- Up-to-date: /workspace/ros2_yolo/src/sensor_driver/install/common_unique_msgs/include/common_unique_msgs/common_unique_msgs/msg/detail/custom_imu__functions.h
[0.564s] -- Up-to-date: /workspace/ros2_yolo/src/sensor_driver/install/common_unique_msgs/include/common_unique_msgs/common_unique_msgs/msg/detail/custom_gnss__functions.c
[0.564s] -- Up-to-date: /workspace/ros2_yolo/src/sensor_driver/install/common_unique_msgs/include/common_unique_msgs/common_unique_msgs/msg/detail/custom_gnss__functions.h
[0.564s] -- Up-to-date: /workspace/ros2_yolo/src/sensor_driver/install/common_unique_msgs/include/common_unique_msgs/common_unique_msgs/msg/detail/location__functions.c
[0.564s] -- Up-to-date: /workspace/ros2_yolo/src/sensor_driver/install/common_unique_msgs/include/common_unique_msgs/common_unique_msgs/msg/detail/location__type_support.h
[0.564s] -- Up-to-date: /workspace/ros2_yolo/src/sensor_driver/install/common_unique_msgs/include/common_unique_msgs/common_unique_msgs/msg/detail/custom_gnss__type_support.h
[0.565s] -- Up-to-date: /workspace/ros2_yolo/src/sensor_driver/install/common_unique_msgs/include/common_unique_msgs/common_unique_msgs/msg/detail/uni_header__functions.h
[0.565s] -- Up-to-date: /workspace/ros2_yolo/src/sensor_driver/install/common_unique_msgs/include/common_unique_msgs/common_unique_msgs/msg/detail/location_initial__functions.c
[0.565s] -- Up-to-date: /workspace/ros2_yolo/src/sensor_driver/install/common_unique_msgs/include/common_unique_msgs/common_unique_msgs/msg/detail/location_initial__type_support.h
[0.565s] -- Up-to-date: /workspace/ros2_yolo/src/sensor_driver/install/common_unique_msgs/include/common_unique_msgs/common_unique_msgs/msg/detail/uni_header__functions.c
[0.565s] -- Up-to-date: /workspace/ros2_yolo/src/sensor_driver/install/common_unique_msgs/include/common_unique_msgs/common_unique_msgs/msg/detail/custom_gnss__struct.h
[0.565s] -- Up-to-date: /workspace/ros2_yolo/src/sensor_driver/install/common_unique_msgs/include/common_unique_msgs/common_unique_msgs/msg/detail/uni_header__type_support.h
[0.566s] -- Up-to-date: /workspace/ros2_yolo/src/sensor_driver/install/common_unique_msgs/include/common_unique_msgs/common_unique_msgs/msg/detail/uni_header__struct.h
[0.566s] -- Up-to-date: /workspace/ros2_yolo/src/sensor_driver/install/common_unique_msgs/include/common_unique_msgs/common_unique_msgs/msg/detail/location__functions.h
[0.566s] -- Up-to-date: /workspace/ros2_yolo/src/sensor_driver/install/common_unique_msgs/include/common_unique_msgs/common_unique_msgs/msg/detail/location__struct.h
[0.566s] -- Up-to-date: /workspace/ros2_yolo/src/sensor_driver/install/common_unique_msgs/include/common_unique_msgs/common_unique_msgs/msg/detail/custom_imu__struct.h
[0.566s] -- Up-to-date: /workspace/ros2_yolo/src/sensor_driver/install/common_unique_msgs/include/common_unique_msgs/common_unique_msgs/msg/detail/location_initial__functions.h
[0.566s] -- Up-to-date: /workspace/ros2_yolo/src/sensor_driver/install/common_unique_msgs/share/common_unique_msgs/environment/library_path.sh
[0.566s] -- Up-to-date: /workspace/ros2_yolo/src/sensor_driver/install/common_unique_msgs/share/common_unique_msgs/environment/library_path.dsv
[0.566s] -- Up-to-date: /workspace/ros2_yolo/src/sensor_driver/install/common_unique_msgs/lib/libcommon_unique_msgs__rosidl_generator_c.so
[0.566s] -- Up-to-date: /workspace/ros2_yolo/src/sensor_driver/install/common_unique_msgs/include/common_unique_msgs/common_unique_msgs
[0.566s] -- Up-to-date: /workspace/ros2_yolo/src/sensor_driver/install/common_unique_msgs/include/common_unique_msgs/common_unique_msgs/msg
[0.566s] -- Up-to-date: /workspace/ros2_yolo/src/sensor_driver/install/common_unique_msgs/include/common_unique_msgs/common_unique_msgs/msg/rosidl_typesupport_fastrtps_c__visibility_control.h
[0.566s] -- Up-to-date: /workspace/ros2_yolo/src/sensor_driver/install/common_unique_msgs/include/common_unique_msgs/common_unique_msgs/msg/detail
[0.566s] -- Up-to-date: /workspace/ros2_yolo/src/sensor_driver/install/common_unique_msgs/include/common_unique_msgs/common_unique_msgs/msg/detail/location_initial__rosidl_typesupport_fastrtps_c.h
[0.566s] -- Up-to-date: /workspace/ros2_yolo/src/sensor_driver/install/common_unique_msgs/include/common_unique_msgs/common_unique_msgs/msg/detail/location__rosidl_typesupport_fastrtps_c.h
[0.567s] -- Up-to-date: /workspace/ros2_yolo/src/sensor_driver/install/common_unique_msgs/include/common_unique_msgs/common_unique_msgs/msg/detail/custom_gnss__rosidl_typesupport_fastrtps_c.h
[0.567s] -- Up-to-date: /workspace/ros2_yolo/src/sensor_driver/install/common_unique_msgs/include/common_unique_msgs/common_unique_msgs/msg/detail/custom_imu__rosidl_typesupport_fastrtps_c.h
[0.567s] -- Up-to-date: /workspace/ros2_yolo/src/sensor_driver/install/common_unique_msgs/include/common_unique_msgs/common_unique_msgs/msg/detail/uni_header__rosidl_typesupport_fastrtps_c.h
[0.567s] -- Up-to-date: /workspace/ros2_yolo/src/sensor_driver/install/common_unique_msgs/lib/libcommon_unique_msgs__rosidl_typesupport_fastrtps_c.so
[0.567s] -- Up-to-date: /workspace/ros2_yolo/src/sensor_driver/install/common_unique_msgs/include/common_unique_msgs/common_unique_msgs
[0.567s] -- Up-to-date: /workspace/ros2_yolo/src/sensor_driver/install/common_unique_msgs/include/common_unique_msgs/common_unique_msgs/msg
[0.567s] -- Up-to-date: /workspace/ros2_yolo/src/sensor_driver/install/common_unique_msgs/include/common_unique_msgs/common_unique_msgs/msg/detail
[0.567s] -- Up-to-date: /workspace/ros2_yolo/src/sensor_driver/install/common_unique_msgs/include/common_unique_msgs/common_unique_msgs/msg/detail/custom_gnss__rosidl_typesupport_introspection_c.h
[0.567s] -- Up-to-date: /workspace/ros2_yolo/src/sensor_driver/install/common_unique_msgs/include/common_unique_msgs/common_unique_msgs/msg/detail/uni_header__rosidl_typesupport_introspection_c.h
[0.567s] -- Up-to-date: /workspace/ros2_yolo/src/sensor_driver/install/common_unique_msgs/include/common_unique_msgs/common_unique_msgs/msg/detail/location_initial__type_support.c
[0.567s] -- Up-to-date: /workspace/ros2_yolo/src/sensor_driver/install/common_unique_msgs/include/common_unique_msgs/common_unique_msgs/msg/detail/custom_imu__type_support.c
[0.567s] -- Up-to-date: /workspace/ros2_yolo/src/sensor_driver/install/common_unique_msgs/include/common_unique_msgs/common_unique_msgs/msg/detail/uni_header__type_support.c
[0.567s] -- Up-to-date: /workspace/ros2_yolo/src/sensor_driver/install/common_unique_msgs/include/common_unique_msgs/common_unique_msgs/msg/detail/location_initial__rosidl_typesupport_introspection_c.h
[0.567s] -- Up-to-date: /workspace/ros2_yolo/src/sensor_driver/install/common_unique_msgs/include/common_unique_msgs/common_unique_msgs/msg/detail/custom_gnss__type_support.c
[0.567s] -- Up-to-date: /workspace/ros2_yolo/src/sensor_driver/install/common_unique_msgs/include/common_unique_msgs/common_unique_msgs/msg/detail/location__rosidl_typesupport_introspection_c.h
[0.567s] -- Up-to-date: /workspace/ros2_yolo/src/sensor_driver/install/common_unique_msgs/include/common_unique_msgs/common_unique_msgs/msg/detail/location__type_support.c
[0.567s] -- Up-to-date: /workspace/ros2_yolo/src/sensor_driver/install/common_unique_msgs/include/common_unique_msgs/common_unique_msgs/msg/detail/custom_imu__rosidl_typesupport_introspection_c.h
[0.567s] -- Up-to-date: /workspace/ros2_yolo/src/sensor_driver/install/common_unique_msgs/include/common_unique_msgs/common_unique_msgs/msg/rosidl_typesupport_introspection_c__visibility_control.h
[0.567s] -- Up-to-date: /workspace/ros2_yolo/src/sensor_driver/install/common_unique_msgs/lib/libcommon_unique_msgs__rosidl_typesupport_introspection_c.so
[0.567s] -- Up-to-date: /workspace/ros2_yolo/src/sensor_driver/install/common_unique_msgs/lib/libcommon_unique_msgs__rosidl_typesupport_c.so
[0.567s] -- Up-to-date: /workspace/ros2_yolo/src/sensor_driver/install/common_unique_msgs/include/common_unique_msgs/common_unique_msgs
[0.567s] -- Up-to-date: /workspace/ros2_yolo/src/sensor_driver/install/common_unique_msgs/include/common_unique_msgs/common_unique_msgs/msg
[0.567s] -- Up-to-date: /workspace/ros2_yolo/src/sensor_driver/install/common_unique_msgs/include/common_unique_msgs/common_unique_msgs/msg/custom_gnss.hpp
[0.567s] -- Up-to-date: /workspace/ros2_yolo/src/sensor_driver/install/common_unique_msgs/include/common_unique_msgs/common_unique_msgs/msg/location.hpp
[0.567s] -- Up-to-date: /workspace/ros2_yolo/src/sensor_driver/install/common_unique_msgs/include/common_unique_msgs/common_unique_msgs/msg/rosidl_generator_cpp__visibility_control.hpp
[0.567s] -- Up-to-date: /workspace/ros2_yolo/src/sensor_driver/install/common_unique_msgs/include/common_unique_msgs/common_unique_msgs/msg/custom_imu.hpp
[0.567s] -- Up-to-date: /workspace/ros2_yolo/src/sensor_driver/install/common_unique_msgs/include/common_unique_msgs/common_unique_msgs/msg/uni_header.hpp
[0.567s] -- Up-to-date: /workspace/ros2_yolo/src/sensor_driver/install/common_unique_msgs/include/common_unique_msgs/common_unique_msgs/msg/location_initial.hpp
[0.567s] -- Up-to-date: /workspace/ros2_yolo/src/sensor_driver/install/common_unique_msgs/include/common_unique_msgs/common_unique_msgs/msg/detail
[0.567s] -- Up-to-date: /workspace/ros2_yolo/src/sensor_driver/install/common_unique_msgs/include/common_unique_msgs/common_unique_msgs/msg/detail/location_initial__struct.hpp
[0.568s] -- Up-to-date: /workspace/ros2_yolo/src/sensor_driver/install/common_unique_msgs/include/common_unique_msgs/common_unique_msgs/msg/detail/uni_header__builder.hpp
[0.568s] -- Up-to-date: /workspace/ros2_yolo/src/sensor_driver/install/common_unique_msgs/include/common_unique_msgs/common_unique_msgs/msg/detail/custom_imu__traits.hpp
[0.568s] -- Up-to-date: /workspace/ros2_yolo/src/sensor_driver/install/common_unique_msgs/include/common_unique_msgs/common_unique_msgs/msg/detail/custom_gnss__struct.hpp
[0.568s] -- Up-to-date: /workspace/ros2_yolo/src/sensor_driver/install/common_unique_msgs/include/common_unique_msgs/common_unique_msgs/msg/detail/location_initial__type_support.hpp
[0.568s] -- Up-to-date: /workspace/ros2_yolo/src/sensor_driver/install/common_unique_msgs/include/common_unique_msgs/common_unique_msgs/msg/detail/custom_gnss__traits.hpp
[0.568s] -- Up-to-date: /workspace/ros2_yolo/src/sensor_driver/install/common_unique_msgs/include/common_unique_msgs/common_unique_msgs/msg/detail/location__traits.hpp
[0.568s] -- Up-to-date: /workspace/ros2_yolo/src/sensor_driver/install/common_unique_msgs/include/common_unique_msgs/common_unique_msgs/msg/detail/location_initial__traits.hpp
[0.568s] -- Up-to-date: /workspace/ros2_yolo/src/sensor_driver/install/common_unique_msgs/include/common_unique_msgs/common_unique_msgs/msg/detail/custom_gnss__type_support.hpp
[0.568s] -- Up-to-date: /workspace/ros2_yolo/src/sensor_driver/install/common_unique_msgs/include/common_unique_msgs/common_unique_msgs/msg/detail/location_initial__builder.hpp
[0.568s] -- Up-to-date: /workspace/ros2_yolo/src/sensor_driver/install/common_unique_msgs/include/common_unique_msgs/common_unique_msgs/msg/detail/uni_header__struct.hpp
[0.569s] -- Up-to-date: /workspace/ros2_yolo/src/sensor_driver/install/common_unique_msgs/include/common_unique_msgs/common_unique_msgs/msg/detail/custom_imu__struct.hpp
[0.569s] -- Up-to-date: /workspace/ros2_yolo/src/sensor_driver/install/common_unique_msgs/include/common_unique_msgs/common_unique_msgs/msg/detail/location__builder.hpp
[0.569s] -- Up-to-date: /workspace/ros2_yolo/src/sensor_driver/install/common_unique_msgs/include/common_unique_msgs/common_unique_msgs/msg/detail/custom_gnss__builder.hpp
[0.570s] -- Up-to-date: /workspace/ros2_yolo/src/sensor_driver/install/common_unique_msgs/include/common_unique_msgs/common_unique_msgs/msg/detail/custom_imu__type_support.hpp
[0.570s] -- Up-to-date: /workspace/ros2_yolo/src/sensor_driver/install/common_unique_msgs/include/common_unique_msgs/common_unique_msgs/msg/detail/location__type_support.hpp
[0.570s] -- Up-to-date: /workspace/ros2_yolo/src/sensor_driver/install/common_unique_msgs/include/common_unique_msgs/common_unique_msgs/msg/detail/custom_imu__builder.hpp
[0.570s] -- Up-to-date: /workspace/ros2_yolo/src/sensor_driver/install/common_unique_msgs/include/common_unique_msgs/common_unique_msgs/msg/detail/uni_header__traits.hpp
[0.570s] -- Up-to-date: /workspace/ros2_yolo/src/sensor_driver/install/common_unique_msgs/include/common_unique_msgs/common_unique_msgs/msg/detail/location__struct.hpp
[0.570s] -- Up-to-date: /workspace/ros2_yolo/src/sensor_driver/install/common_unique_msgs/include/common_unique_msgs/common_unique_msgs/msg/detail/uni_header__type_support.hpp
[0.570s] -- Up-to-date: /workspace/ros2_yolo/src/sensor_driver/install/common_unique_msgs/include/common_unique_msgs/common_unique_msgs
[0.570s] -- Up-to-date: /workspace/ros2_yolo/src/sensor_driver/install/common_unique_msgs/include/common_unique_msgs/common_unique_msgs/msg
[0.570s] -- Up-to-date: /workspace/ros2_yolo/src/sensor_driver/install/common_unique_msgs/include/common_unique_msgs/common_unique_msgs/msg/rosidl_typesupport_fastrtps_cpp__visibility_control.h
[0.570s] -- Up-to-date: /workspace/ros2_yolo/src/sensor_driver/install/common_unique_msgs/include/common_unique_msgs/common_unique_msgs/msg/detail
[0.570s] -- Up-to-date: /workspace/ros2_yolo/src/sensor_driver/install/common_unique_msgs/include/common_unique_msgs/common_unique_msgs/msg/detail/uni_header__rosidl_typesupport_fastrtps_cpp.hpp
[0.570s] -- Up-to-date: /workspace/ros2_yolo/src/sensor_driver/install/common_unique_msgs/include/common_unique_msgs/common_unique_msgs/msg/detail/location__rosidl_typesupport_fastrtps_cpp.hpp
[0.570s] -- Up-to-date: /workspace/ros2_yolo/src/sensor_driver/install/common_unique_msgs/include/common_unique_msgs/common_unique_msgs/msg/detail/dds_fastrtps
[0.570s] -- Up-to-date: /workspace/ros2_yolo/src/sensor_driver/install/common_unique_msgs/include/common_unique_msgs/common_unique_msgs/msg/detail/location_initial__rosidl_typesupport_fastrtps_cpp.hpp
[0.570s] -- Up-to-date: /workspace/ros2_yolo/src/sensor_driver/install/common_unique_msgs/include/common_unique_msgs/common_unique_msgs/msg/detail/custom_imu__rosidl_typesupport_fastrtps_cpp.hpp
[0.570s] -- Up-to-date: /workspace/ros2_yolo/src/sensor_driver/install/common_unique_msgs/include/common_unique_msgs/common_unique_msgs/msg/detail/custom_gnss__rosidl_typesupport_fastrtps_cpp.hpp
[0.570s] -- Up-to-date: /workspace/ros2_yolo/src/sensor_driver/install/common_unique_msgs/lib/libcommon_unique_msgs__rosidl_typesupport_fastrtps_cpp.so
[0.570s] -- Up-to-date: /workspace/ros2_yolo/src/sensor_driver/install/common_unique_msgs/include/common_unique_msgs/common_unique_msgs
[0.570s] -- Up-to-date: /workspace/ros2_yolo/src/sensor_driver/install/common_unique_msgs/include/common_unique_msgs/common_unique_msgs/msg
[0.570s] -- Up-to-date: /workspace/ros2_yolo/src/sensor_driver/install/common_unique_msgs/include/common_unique_msgs/common_unique_msgs/msg/detail
[0.570s] -- Up-to-date: /workspace/ros2_yolo/src/sensor_driver/install/common_unique_msgs/include/common_unique_msgs/common_unique_msgs/msg/detail/location__rosidl_typesupport_introspection_cpp.hpp
[0.570s] -- Up-to-date: /workspace/ros2_yolo/src/sensor_driver/install/common_unique_msgs/include/common_unique_msgs/common_unique_msgs/msg/detail/uni_header__type_support.cpp
[0.570s] -- Up-to-date: /workspace/ros2_yolo/src/sensor_driver/install/common_unique_msgs/include/common_unique_msgs/common_unique_msgs/msg/detail/custom_gnss__rosidl_typesupport_introspection_cpp.hpp
[0.570s] -- Up-to-date: /workspace/ros2_yolo/src/sensor_driver/install/common_unique_msgs/include/common_unique_msgs/common_unique_msgs/msg/detail/uni_header__rosidl_typesupport_introspection_cpp.hpp
[0.570s] -- Up-to-date: /workspace/ros2_yolo/src/sensor_driver/install/common_unique_msgs/include/common_unique_msgs/common_unique_msgs/msg/detail/location_initial__type_support.cpp
[0.570s] -- Up-to-date: /workspace/ros2_yolo/src/sensor_driver/install/common_unique_msgs/include/common_unique_msgs/common_unique_msgs/msg/detail/custom_imu__rosidl_typesupport_introspection_cpp.hpp
[0.571s] -- Up-to-date: /workspace/ros2_yolo/src/sensor_driver/install/common_unique_msgs/include/common_unique_msgs/common_unique_msgs/msg/detail/custom_imu__type_support.cpp
[0.571s] -- Up-to-date: /workspace/ros2_yolo/src/sensor_driver/install/common_unique_msgs/include/common_unique_msgs/common_unique_msgs/msg/detail/location_initial__rosidl_typesupport_introspection_cpp.hpp
[0.571s] -- Up-to-date: /workspace/ros2_yolo/src/sensor_driver/install/common_unique_msgs/include/common_unique_msgs/common_unique_msgs/msg/detail/custom_gnss__type_support.cpp
[0.571s] -- Up-to-date: /workspace/ros2_yolo/src/sensor_driver/install/common_unique_msgs/include/common_unique_msgs/common_unique_msgs/msg/detail/location__type_support.cpp
[0.571s] -- Up-to-date: /workspace/ros2_yolo/src/sensor_driver/install/common_unique_msgs/lib/libcommon_unique_msgs__rosidl_typesupport_introspection_cpp.so
[0.571s] -- Up-to-date: /workspace/ros2_yolo/src/sensor_driver/install/common_unique_msgs/lib/libcommon_unique_msgs__rosidl_typesupport_cpp.so
[0.571s] -- Up-to-date: /workspace/ros2_yolo/src/sensor_driver/install/common_unique_msgs/share/common_unique_msgs/environment/pythonpath.sh
[0.571s] -- Up-to-date: /workspace/ros2_yolo/src/sensor_driver/install/common_unique_msgs/share/common_unique_msgs/environment/pythonpath.dsv
[0.571s] -- Up-to-date: /workspace/ros2_yolo/src/sensor_driver/install/common_unique_msgs/local/lib/python3.10/dist-packages/common_unique_msgs-0.1.0-py3.10.egg-info
[0.572s] -- Installing: /workspace/ros2_yolo/src/sensor_driver/install/common_unique_msgs/local/lib/python3.10/dist-packages/common_unique_msgs-0.1.0-py3.10.egg-info/top_level.txt
[0.572s] -- Installing: /workspace/ros2_yolo/src/sensor_driver/install/common_unique_msgs/local/lib/python3.10/dist-packages/common_unique_msgs-0.1.0-py3.10.egg-info/SOURCES.txt
[0.572s] -- Installing: /workspace/ros2_yolo/src/sensor_driver/install/common_unique_msgs/local/lib/python3.10/dist-packages/common_unique_msgs-0.1.0-py3.10.egg-info/PKG-INFO
[0.572s] -- Installing: /workspace/ros2_yolo/src/sensor_driver/install/common_unique_msgs/local/lib/python3.10/dist-packages/common_unique_msgs-0.1.0-py3.10.egg-info/dependency_links.txt
[0.572s] -- Up-to-date: /workspace/ros2_yolo/src/sensor_driver/install/common_unique_msgs/local/lib/python3.10/dist-packages/common_unique_msgs
[0.572s] -- Up-to-date: /workspace/ros2_yolo/src/sensor_driver/install/common_unique_msgs/local/lib/python3.10/dist-packages/common_unique_msgs/_common_unique_msgs_s.ep.rosidl_typesupport_fastrtps_c.c
[0.572s] -- Up-to-date: /workspace/ros2_yolo/src/sensor_driver/install/common_unique_msgs/local/lib/python3.10/dist-packages/common_unique_msgs/common_unique_msgs_s__rosidl_typesupport_fastrtps_c.cpython-310-x86_64-linux-gnu.so
[0.572s] -- Up-to-date: /workspace/ros2_yolo/src/sensor_driver/install/common_unique_msgs/local/lib/python3.10/dist-packages/common_unique_msgs/common_unique_msgs_s__rosidl_typesupport_c.cpython-310-x86_64-linux-gnu.so
[0.572s] -- Up-to-date: /workspace/ros2_yolo/src/sensor_driver/install/common_unique_msgs/local/lib/python3.10/dist-packages/common_unique_msgs/_common_unique_msgs_s.ep.rosidl_typesupport_introspection_c.c
[0.572s] -- Up-to-date: /workspace/ros2_yolo/src/sensor_driver/install/common_unique_msgs/local/lib/python3.10/dist-packages/common_unique_msgs/libcommon_unique_msgs__rosidl_generator_py.so
[0.572s] -- Up-to-date: /workspace/ros2_yolo/src/sensor_driver/install/common_unique_msgs/local/lib/python3.10/dist-packages/common_unique_msgs/msg
[0.572s] -- Up-to-date: /workspace/ros2_yolo/src/sensor_driver/install/common_unique_msgs/local/lib/python3.10/dist-packages/common_unique_msgs/msg/_custom_imu_s.c
[0.572s] -- Up-to-date: /workspace/ros2_yolo/src/sensor_driver/install/common_unique_msgs/local/lib/python3.10/dist-packages/common_unique_msgs/msg/_custom_imu.py
[0.572s] -- Up-to-date: /workspace/ros2_yolo/src/sensor_driver/install/common_unique_msgs/local/lib/python3.10/dist-packages/common_unique_msgs/msg/_location_initial_s.c
[0.572s] -- Up-to-date: /workspace/ros2_yolo/src/sensor_driver/install/common_unique_msgs/local/lib/python3.10/dist-packages/common_unique_msgs/msg/_custom_gnss_s.c
[0.572s] -- Up-to-date: /workspace/ros2_yolo/src/sensor_driver/install/common_unique_msgs/local/lib/python3.10/dist-packages/common_unique_msgs/msg/_uni_header.py
[0.572s] -- Up-to-date: /workspace/ros2_yolo/src/sensor_driver/install/common_unique_msgs/local/lib/python3.10/dist-packages/common_unique_msgs/msg/_location_initial.py
[0.572s] -- Up-to-date: /workspace/ros2_yolo/src/sensor_driver/install/common_unique_msgs/local/lib/python3.10/dist-packages/common_unique_msgs/msg/__init__.py
[0.572s] -- Up-to-date: /workspace/ros2_yolo/src/sensor_driver/install/common_unique_msgs/local/lib/python3.10/dist-packages/common_unique_msgs/msg/_uni_header_s.c
[0.572s] -- Up-to-date: /workspace/ros2_yolo/src/sensor_driver/install/common_unique_msgs/local/lib/python3.10/dist-packages/common_unique_msgs/msg/_custom_gnss.py
[0.572s] -- Up-to-date: /workspace/ros2_yolo/src/sensor_driver/install/common_unique_msgs/local/lib/python3.10/dist-packages/common_unique_msgs/msg/_location.py
[0.572s] -- Up-to-date: /workspace/ros2_yolo/src/sensor_driver/install/common_unique_msgs/local/lib/python3.10/dist-packages/common_unique_msgs/msg/_location_s.c
[0.572s] -- Up-to-date: /workspace/ros2_yolo/src/sensor_driver/install/common_unique_msgs/local/lib/python3.10/dist-packages/common_unique_msgs/__init__.py
[0.572s] -- Up-to-date: /workspace/ros2_yolo/src/sensor_driver/install/common_unique_msgs/local/lib/python3.10/dist-packages/common_unique_msgs/_common_unique_msgs_s.ep.rosidl_typesupport_c.c
[0.572s] -- Up-to-date: /workspace/ros2_yolo/src/sensor_driver/install/common_unique_msgs/local/lib/python3.10/dist-packages/common_unique_msgs/common_unique_msgs_s__rosidl_typesupport_introspection_c.cpython-310-x86_64-linux-gnu.so
[0.611s] Listing '/workspace/ros2_yolo/src/sensor_driver/install/common_unique_msgs/local/lib/python3.10/dist-packages/common_unique_msgs'...
[0.611s] Listing '/workspace/ros2_yolo/src/sensor_driver/install/common_unique_msgs/local/lib/python3.10/dist-packages/common_unique_msgs/msg'...
[0.619s] -- Up-to-date: /workspace/ros2_yolo/src/sensor_driver/install/common_unique_msgs/local/lib/python3.10/dist-packages/common_unique_msgs/common_unique_msgs_s__rosidl_typesupport_fastrtps_c.cpython-310-x86_64-linux-gnu.so
[0.619s] -- Up-to-date: /workspace/ros2_yolo/src/sensor_driver/install/common_unique_msgs/local/lib/python3.10/dist-packages/common_unique_msgs/common_unique_msgs_s__rosidl_typesupport_introspection_c.cpython-310-x86_64-linux-gnu.so
[0.619s] -- Up-to-date: /workspace/ros2_yolo/src/sensor_driver/install/common_unique_msgs/local/lib/python3.10/dist-packages/common_unique_msgs/common_unique_msgs_s__rosidl_typesupport_c.cpython-310-x86_64-linux-gnu.so
[0.621s] -- Up-to-date: /workspace/ros2_yolo/src/sensor_driver/install/common_unique_msgs/lib/libcommon_unique_msgs__rosidl_generator_py.so
[0.621s] -- Up-to-date: /workspace/ros2_yolo/src/sensor_driver/install/common_unique_msgs/share/common_unique_msgs/msg/UniHeader.idl
[0.621s] -- Up-to-date: /workspace/ros2_yolo/src/sensor_driver/install/common_unique_msgs/share/common_unique_msgs/msg/Location.idl
[0.622s] -- Up-to-date: /workspace/ros2_yolo/src/sensor_driver/install/common_unique_msgs/share/common_unique_msgs/msg/LocationInitial.idl
[0.622s] -- Up-to-date: /workspace/ros2_yolo/src/sensor_driver/install/common_unique_msgs/share/common_unique_msgs/msg/CustomGNSS.idl
[0.622s] -- Up-to-date: /workspace/ros2_yolo/src/sensor_driver/install/common_unique_msgs/share/common_unique_msgs/msg/CustomIMU.idl
[0.622s] -- Up-to-date: /workspace/ros2_yolo/src/sensor_driver/install/common_unique_msgs/share/common_unique_msgs/msg/UniHeader.msg
[0.622s] -- Up-to-date: /workspace/ros2_yolo/src/sensor_driver/install/common_unique_msgs/share/common_unique_msgs/msg/Location.msg
[0.622s] -- Up-to-date: /workspace/ros2_yolo/src/sensor_driver/install/common_unique_msgs/share/common_unique_msgs/msg/LocationInitial.msg
[0.622s] -- Up-to-date: /workspace/ros2_yolo/src/sensor_driver/install/common_unique_msgs/share/common_unique_msgs/msg/CustomGNSS.msg
[0.622s] -- Up-to-date: /workspace/ros2_yolo/src/sensor_driver/install/common_unique_msgs/share/common_unique_msgs/msg/CustomIMU.msg
[0.622s] -- Up-to-date: /workspace/ros2_yolo/src/sensor_driver/install/common_unique_msgs/share/ament_index/resource_index/package_run_dependencies/common_unique_msgs
[0.622s] -- Up-to-date: /workspace/ros2_yolo/src/sensor_driver/install/common_unique_msgs/share/ament_index/resource_index/parent_prefix_path/common_unique_msgs
[0.622s] -- Up-to-date: /workspace/ros2_yolo/src/sensor_driver/install/common_unique_msgs/share/common_unique_msgs/environment/ament_prefix_path.sh
[0.623s] -- Up-to-date: /workspace/ros2_yolo/src/sensor_driver/install/common_unique_msgs/share/common_unique_msgs/environment/ament_prefix_path.dsv
[0.623s] -- Up-to-date: /workspace/ros2_yolo/src/sensor_driver/install/common_unique_msgs/share/common_unique_msgs/environment/path.sh
[0.624s] -- Up-to-date: /workspace/ros2_yolo/src/sensor_driver/install/common_unique_msgs/share/common_unique_msgs/environment/path.dsv
[0.624s] -- Up-to-date: /workspace/ros2_yolo/src/sensor_driver/install/common_unique_msgs/share/common_unique_msgs/local_setup.bash
[0.624s] -- Up-to-date: /workspace/ros2_yolo/src/sensor_driver/install/common_unique_msgs/share/common_unique_msgs/local_setup.sh
[0.624s] -- Up-to-date: /workspace/ros2_yolo/src/sensor_driver/install/common_unique_msgs/share/common_unique_msgs/local_setup.zsh
[0.624s] -- Up-to-date: /workspace/ros2_yolo/src/sensor_driver/install/common_unique_msgs/share/common_unique_msgs/local_setup.dsv
[0.624s] -- Installing: /workspace/ros2_yolo/src/sensor_driver/install/common_unique_msgs/share/common_unique_msgs/package.dsv
[0.624s] -- Up-to-date: /workspace/ros2_yolo/src/sensor_driver/install/common_unique_msgs/share/ament_index/resource_index/packages/common_unique_msgs
[0.624s] -- Up-to-date: /workspace/ros2_yolo/src/sensor_driver/install/common_unique_msgs/share/common_unique_msgs/cmake/export_common_unique_msgs__rosidl_generator_cExport.cmake
[0.624s] -- Up-to-date: /workspace/ros2_yolo/src/sensor_driver/install/common_unique_msgs/share/common_unique_msgs/cmake/export_common_unique_msgs__rosidl_generator_cExport-noconfig.cmake
[0.624s] -- Up-to-date: /workspace/ros2_yolo/src/sensor_driver/install/common_unique_msgs/share/common_unique_msgs/cmake/export_common_unique_msgs__rosidl_typesupport_fastrtps_cExport.cmake
[0.624s] -- Up-to-date: /workspace/ros2_yolo/src/sensor_driver/install/common_unique_msgs/share/common_unique_msgs/cmake/export_common_unique_msgs__rosidl_typesupport_fastrtps_cExport-noconfig.cmake
[0.624s] -- Up-to-date: /workspace/ros2_yolo/src/sensor_driver/install/common_unique_msgs/share/common_unique_msgs/cmake/common_unique_msgs__rosidl_typesupport_introspection_cExport.cmake
[0.624s] -- Up-to-date: /workspace/ros2_yolo/src/sensor_driver/install/common_unique_msgs/share/common_unique_msgs/cmake/common_unique_msgs__rosidl_typesupport_introspection_cExport-noconfig.cmake
[0.625s] -- Up-to-date: /workspace/ros2_yolo/src/sensor_driver/install/common_unique_msgs/share/common_unique_msgs/cmake/common_unique_msgs__rosidl_typesupport_cExport.cmake
[0.625s] -- Up-to-date: /workspace/ros2_yolo/src/sensor_driver/install/common_unique_msgs/share/common_unique_msgs/cmake/common_unique_msgs__rosidl_typesupport_cExport-noconfig.cmake
[0.626s] -- Up-to-date: /workspace/ros2_yolo/src/sensor_driver/install/common_unique_msgs/share/common_unique_msgs/cmake/export_common_unique_msgs__rosidl_generator_cppExport.cmake
[0.626s] -- Up-to-date: /workspace/ros2_yolo/src/sensor_driver/install/common_unique_msgs/share/common_unique_msgs/cmake/export_common_unique_msgs__rosidl_typesupport_fastrtps_cppExport.cmake
[0.626s] -- Up-to-date: /workspace/ros2_yolo/src/sensor_driver/install/common_unique_msgs/share/common_unique_msgs/cmake/export_common_unique_msgs__rosidl_typesupport_fastrtps_cppExport-noconfig.cmake
[0.626s] -- Up-to-date: /workspace/ros2_yolo/src/sensor_driver/install/common_unique_msgs/share/common_unique_msgs/cmake/common_unique_msgs__rosidl_typesupport_introspection_cppExport.cmake
[0.626s] -- Up-to-date: /workspace/ros2_yolo/src/sensor_driver/install/common_unique_msgs/share/common_unique_msgs/cmake/common_unique_msgs__rosidl_typesupport_introspection_cppExport-noconfig.cmake
[0.626s] -- Up-to-date: /workspace/ros2_yolo/src/sensor_driver/install/common_unique_msgs/share/common_unique_msgs/cmake/common_unique_msgs__rosidl_typesupport_cppExport.cmake
[0.626s] -- Up-to-date: /workspace/ros2_yolo/src/sensor_driver/install/common_unique_msgs/share/common_unique_msgs/cmake/common_unique_msgs__rosidl_typesupport_cppExport-noconfig.cmake
[0.626s] -- Up-to-date: /workspace/ros2_yolo/src/sensor_driver/install/common_unique_msgs/share/common_unique_msgs/cmake/export_common_unique_msgs__rosidl_generator_pyExport.cmake
[0.627s] -- Up-to-date: /workspace/ros2_yolo/src/sensor_driver/install/common_unique_msgs/share/common_unique_msgs/cmake/export_common_unique_msgs__rosidl_generator_pyExport-noconfig.cmake
[0.627s] -- Up-to-date: /workspace/ros2_yolo/src/sensor_driver/install/common_unique_msgs/share/common_unique_msgs/cmake/rosidl_cmake-extras.cmake
[0.627s] -- Up-to-date: /workspace/ros2_yolo/src/sensor_driver/install/common_unique_msgs/share/common_unique_msgs/cmake/ament_cmake_export_dependencies-extras.cmake
[0.627s] -- Up-to-date: /workspace/ros2_yolo/src/sensor_driver/install/common_unique_msgs/share/common_unique_msgs/cmake/ament_cmake_export_include_directories-extras.cmake
[0.627s] -- Up-to-date: /workspace/ros2_yolo/src/sensor_driver/install/common_unique_msgs/share/common_unique_msgs/cmake/ament_cmake_export_libraries-extras.cmake
[0.627s] -- Up-to-date: /workspace/ros2_yolo/src/sensor_driver/install/common_unique_msgs/share/common_unique_msgs/cmake/ament_cmake_export_targets-extras.cmake
[0.627s] -- Up-to-date: /workspace/ros2_yolo/src/sensor_driver/install/common_unique_msgs/share/common_unique_msgs/cmake/rosidl_cmake_export_typesupport_targets-extras.cmake
[0.627s] -- Up-to-date: /workspace/ros2_yolo/src/sensor_driver/install/common_unique_msgs/share/common_unique_msgs/cmake/rosidl_cmake_export_typesupport_libraries-extras.cmake
[0.627s] -- Up-to-date: /workspace/ros2_yolo/src/sensor_driver/install/common_unique_msgs/share/common_unique_msgs/cmake/common_unique_msgsConfig.cmake
[0.627s] -- Up-to-date: /workspace/ros2_yolo/src/sensor_driver/install/common_unique_msgs/share/common_unique_msgs/cmake/common_unique_msgsConfig-version.cmake
[0.627s] -- Up-to-date: /workspace/ros2_yolo/src/sensor_driver/install/common_unique_msgs/share/common_unique_msgs/package.xml
[0.673s] Invoked command in '/workspace/ros2_yolo/src/sensor_driver/build/common_unique_msgs' returned '0': CMAKE_PREFIX_PATH=${CMAKE_PREFIX_PATH}:/workspace/ros2_yolo/install/pcdet_ros2:/workspace/ros2_yolo/install/fusiondet:/workspace/ros2_yolo/install/fusion_tracker:/opt/ros/humble /usr/bin/cmake --install /workspace/ros2_yolo/src/sensor_driver/build/common_unique_msgs
