[0.557s] Invoking command in '/workspace/CogniScope/build/imu_speed': CMAKE_PREFIX_PATH=${CMAKE_PREFIX_PATH}:/workspace/CogniScope/install/see_beyond_ros2:/workspace/CogniScope/install/pcdet_ros2:/workspace/CogniScope/install/fusiondet:/workspace/CogniScope/install/fusion_tracker:/opt/ros/humble /usr/bin/cmake /workspace/CogniScope/src/sensor_driver/src/imu_speed -DAMENT_CMAKE_SYMLINK_INSTALL=1 -DCMAKE_INSTALL_PREFIX=/workspace/CogniScope/install/imu_speed
[0.843s] -- The C compiler identification is GNU 11.4.0
[0.843s] -- The CXX compiler identification is GNU 11.4.0
[0.843s] -- Detecting C compiler ABI info
[0.843s] -- Detecting C compiler ABI info - done
[0.843s] -- Check for working C compiler: /usr/bin/cc - skipped
[0.843s] -- Detecting C compile features
[0.843s] -- Detecting C compile features - done
[0.843s] -- Detecting CXX compiler ABI info
[0.850s] -- Detecting CXX compiler ABI info - done
[0.857s] -- Check for working CXX compiler: /usr/bin/c++ - skipped
[0.858s] -- Detecting CXX compile features
[0.858s] -- Detecting CXX compile features - done
[0.862s] -- Found ament_cmake: 1.3.12 (/opt/ros/humble/share/ament_cmake/cmake)
[1.418s] -- Found Python3: /usr/bin/python3 (found version "3.10.12") found components: Interpreter 
[1.476s] -- Override CMake install command with custom implementation using symlinks instead of copying resources
[1.527s] -- Found rclcpp: 16.0.17 (/opt/ros/humble/share/rclcpp/cmake)
[1.582s] -- Found rosidl_generator_c: 3.1.8 (/opt/ros/humble/share/rosidl_generator_c/cmake)
[1.589s] -- Found rosidl_adapter: 3.1.8 (/opt/ros/humble/share/rosidl_adapter/cmake)
[1.600s] -- Found rosidl_generator_cpp: 3.1.8 (/opt/ros/humble/share/rosidl_generator_cpp/cmake)
[1.612s] -- Using all available rosidl_typesupport_c: rosidl_typesupport_fastrtps_c;rosidl_typesupport_introspection_c
[1.631s] -- Using all available rosidl_typesupport_cpp: rosidl_typesupport_fastrtps_cpp;rosidl_typesupport_introspection_cpp
[1.684s] -- Found rmw_implementation_cmake: 6.1.2 (/opt/ros/humble/share/rmw_implementation_cmake/cmake)
[1.688s] -- Found rmw_cyclonedds_cpp: 1.3.4 (/opt/ros/humble/share/rmw_cyclonedds_cpp/cmake)
[1.710s] -- Using RMW implementation 'rmw_cyclonedds_cpp' as default
[1.722s] -- Looking for pthread.h
[1.793s] -- Looking for pthread.h - found
[1.793s] -- Performing Test CMAKE_HAVE_LIBC_PTHREAD
[1.871s] -- Performing Test CMAKE_HAVE_LIBC_PTHREAD - Success
[1.872s] -- Found Threads: TRUE  
[1.923s] -- Found sensor_msgs: 4.9.0 (/opt/ros/humble/share/sensor_msgs/cmake)
[2.028s] -- Configuring done
[2.035s] -- Generating done
[2.038s] -- Build files have been written to: /workspace/CogniScope/build/imu_speed
[2.045s] Invoked command in '/workspace/CogniScope/build/imu_speed' returned '0': CMAKE_PREFIX_PATH=${CMAKE_PREFIX_PATH}:/workspace/CogniScope/install/see_beyond_ros2:/workspace/CogniScope/install/pcdet_ros2:/workspace/CogniScope/install/fusiondet:/workspace/CogniScope/install/fusion_tracker:/opt/ros/humble /usr/bin/cmake /workspace/CogniScope/src/sensor_driver/src/imu_speed -DAMENT_CMAKE_SYMLINK_INSTALL=1 -DCMAKE_INSTALL_PREFIX=/workspace/CogniScope/install/imu_speed
[2.048s] Invoking command in '/workspace/CogniScope/build/imu_speed': CMAKE_PREFIX_PATH=${CMAKE_PREFIX_PATH}:/workspace/CogniScope/install/see_beyond_ros2:/workspace/CogniScope/install/pcdet_ros2:/workspace/CogniScope/install/fusiondet:/workspace/CogniScope/install/fusion_tracker:/opt/ros/humble /usr/bin/cmake --build /workspace/CogniScope/build/imu_speed -- -j112 -l112
[2.098s] [ 50%] [32mBuilding CXX object CMakeFiles/imu_speed_node.dir/src/imu_speed_node.cpp.o[0m
[6.213s] [100%] [32m[1mLinking CXX executable imu_speed_node[0m
[6.409s] [100%] Built target imu_speed_node
[6.420s] Invoked command in '/workspace/CogniScope/build/imu_speed' returned '0': CMAKE_PREFIX_PATH=${CMAKE_PREFIX_PATH}:/workspace/CogniScope/install/see_beyond_ros2:/workspace/CogniScope/install/pcdet_ros2:/workspace/CogniScope/install/fusiondet:/workspace/CogniScope/install/fusion_tracker:/opt/ros/humble /usr/bin/cmake --build /workspace/CogniScope/build/imu_speed -- -j112 -l112
[6.422s] Invoking command in '/workspace/CogniScope/build/imu_speed': CMAKE_PREFIX_PATH=${CMAKE_PREFIX_PATH}:/workspace/CogniScope/install/see_beyond_ros2:/workspace/CogniScope/install/pcdet_ros2:/workspace/CogniScope/install/fusiondet:/workspace/CogniScope/install/fusion_tracker:/opt/ros/humble /usr/bin/cmake --install /workspace/CogniScope/build/imu_speed
[6.427s] -- Install configuration: ""
[6.428s] -- Execute custom install script
[6.428s] -- Symlinking: /workspace/CogniScope/install/imu_speed/lib/imu_speed/imu_speed_node
[6.434s] -- Symlinking: /workspace/CogniScope/install/imu_speed/include//imu_speed/udp_driver.hpp
[6.443s] -- Symlinking: /workspace/CogniScope/install/imu_speed/share/imu_speed/launch/imu_speed.launch.py
[6.451s] -- Symlinking: /workspace/CogniScope/install/imu_speed/share/ament_index/resource_index/package_run_dependencies/imu_speed
[6.457s] -- Symlinking: /workspace/CogniScope/install/imu_speed/share/ament_index/resource_index/parent_prefix_path/imu_speed
[6.464s] -- Symlinking: /workspace/CogniScope/install/imu_speed/share/imu_speed/environment/ament_prefix_path.sh
[6.469s] -- Symlinking: /workspace/CogniScope/install/imu_speed/share/imu_speed/environment/ament_prefix_path.dsv
[6.475s] -- Symlinking: /workspace/CogniScope/install/imu_speed/share/imu_speed/environment/path.sh
[6.482s] -- Symlinking: /workspace/CogniScope/install/imu_speed/share/imu_speed/environment/path.dsv
[6.490s] -- Symlinking: /workspace/CogniScope/install/imu_speed/share/imu_speed/local_setup.bash
[6.499s] -- Symlinking: /workspace/CogniScope/install/imu_speed/share/imu_speed/local_setup.sh
[6.511s] -- Symlinking: /workspace/CogniScope/install/imu_speed/share/imu_speed/local_setup.zsh
[6.515s] -- Symlinking: /workspace/CogniScope/install/imu_speed/share/imu_speed/local_setup.dsv
[6.524s] -- Symlinking: /workspace/CogniScope/install/imu_speed/share/imu_speed/package.dsv
[6.529s] -- Symlinking: /workspace/CogniScope/install/imu_speed/share/ament_index/resource_index/packages/imu_speed
[6.538s] -- Symlinking: /workspace/CogniScope/install/imu_speed/share/imu_speed/cmake/imu_speedConfig.cmake
[6.544s] -- Symlinking: /workspace/CogniScope/install/imu_speed/share/imu_speed/cmake/imu_speedConfig-version.cmake
[6.550s] -- Symlinking: /workspace/CogniScope/install/imu_speed/share/imu_speed/package.xml
[6.562s] Invoked command in '/workspace/CogniScope/build/imu_speed' returned '0': CMAKE_PREFIX_PATH=${CMAKE_PREFIX_PATH}:/workspace/CogniScope/install/see_beyond_ros2:/workspace/CogniScope/install/pcdet_ros2:/workspace/CogniScope/install/fusiondet:/workspace/CogniScope/install/fusion_tracker:/opt/ros/humble /usr/bin/cmake --install /workspace/CogniScope/build/imu_speed
