[0.017s] Invoking command in '/workspace/ros2_yolo/src/sensor_driver/build/rslidar_sdk': AMENT_PREFIX_PATH=/workspace/ros2_yolo/src/sensor_driver/install/rslidar_msg:${AMENT_PREFIX_PATH} CMAKE_PREFIX_PATH=/workspace/ros2_yolo/src/sensor_driver/install/rslidar_msg:/workspace/ros2_yolo/install/vision_msgs_rviz_plugins:/workspace/ros2_yolo/install/ultralytics_ros:/workspace/ros2_yolo/install/ros2_numpy:/workspace/ros2_yolo/install/pcdet_ros2:/workspace/ros2_yolo/install/fusiondet:/workspace/ros2_yolo/install/fusion_tracker:/opt/ros/humble LD_LIBRARY_PATH=/workspace/ros2_yolo/src/sensor_driver/install/rslidar_msg/lib:${LD_LIBRARY_PATH} PYTHONPATH=/workspace/ros2_yolo/src/sensor_driver/install/rslidar_msg/local/lib/python3.10/dist-packages:${PYTHONPATH} /usr/bin/cmake --build /workspace/ros2_yolo/src/sensor_driver/build/rslidar_sdk -- -j112 -l112
[0.062s] [35m[1mConsolidate compiler generated dependencies of target rslidar_sdk_node[0m
[0.095s] [100%] Built target rslidar_sdk_node
[0.107s] Invoked command in '/workspace/ros2_yolo/src/sensor_driver/build/rslidar_sdk' returned '0': AMENT_PREFIX_PATH=/workspace/ros2_yolo/src/sensor_driver/install/rslidar_msg:${AMENT_PREFIX_PATH} CMAKE_PREFIX_PATH=/workspace/ros2_yolo/src/sensor_driver/install/rslidar_msg:/workspace/ros2_yolo/install/vision_msgs_rviz_plugins:/workspace/ros2_yolo/install/ultralytics_ros:/workspace/ros2_yolo/install/ros2_numpy:/workspace/ros2_yolo/install/pcdet_ros2:/workspace/ros2_yolo/install/fusiondet:/workspace/ros2_yolo/install/fusion_tracker:/opt/ros/humble LD_LIBRARY_PATH=/workspace/ros2_yolo/src/sensor_driver/install/rslidar_msg/lib:${LD_LIBRARY_PATH} PYTHONPATH=/workspace/ros2_yolo/src/sensor_driver/install/rslidar_msg/local/lib/python3.10/dist-packages:${PYTHONPATH} /usr/bin/cmake --build /workspace/ros2_yolo/src/sensor_driver/build/rslidar_sdk -- -j112 -l112
[0.109s] Invoking command in '/workspace/ros2_yolo/src/sensor_driver/build/rslidar_sdk': AMENT_PREFIX_PATH=/workspace/ros2_yolo/src/sensor_driver/install/rslidar_msg:${AMENT_PREFIX_PATH} CMAKE_PREFIX_PATH=/workspace/ros2_yolo/src/sensor_driver/install/rslidar_msg:/workspace/ros2_yolo/install/vision_msgs_rviz_plugins:/workspace/ros2_yolo/install/ultralytics_ros:/workspace/ros2_yolo/install/ros2_numpy:/workspace/ros2_yolo/install/pcdet_ros2:/workspace/ros2_yolo/install/fusiondet:/workspace/ros2_yolo/install/fusion_tracker:/opt/ros/humble LD_LIBRARY_PATH=/workspace/ros2_yolo/src/sensor_driver/install/rslidar_msg/lib:${LD_LIBRARY_PATH} PYTHONPATH=/workspace/ros2_yolo/src/sensor_driver/install/rslidar_msg/local/lib/python3.10/dist-packages:${PYTHONPATH} /usr/bin/cmake --install /workspace/ros2_yolo/src/sensor_driver/build/rslidar_sdk
[0.122s] -- Install configuration: "Release"
[0.123s] -- Installing: /workspace/ros2_yolo/src/sensor_driver/install/rslidar_sdk/lib/rslidar_sdk/rslidar_sdk_node
[0.124s] -- Set runtime path of "/workspace/ros2_yolo/src/sensor_driver/install/rslidar_sdk/lib/rslidar_sdk/rslidar_sdk_node" to ""
[0.124s] -- Installing: /workspace/ros2_yolo/src/sensor_driver/install/rslidar_sdk/share/rslidar_sdk/launch
[0.124s] -- Installing: /workspace/ros2_yolo/src/sensor_driver/install/rslidar_sdk/share/rslidar_sdk/launch/start.launch
[0.124s] -- Installing: /workspace/ros2_yolo/src/sensor_driver/install/rslidar_sdk/share/rslidar_sdk/launch/elequent_start.py
[0.124s] -- Installing: /workspace/ros2_yolo/src/sensor_driver/install/rslidar_sdk/share/rslidar_sdk/launch/start.py
[0.125s] -- Installing: /workspace/ros2_yolo/src/sensor_driver/install/rslidar_sdk/share/rslidar_sdk/rviz
[0.125s] -- Installing: /workspace/ros2_yolo/src/sensor_driver/install/rslidar_sdk/share/rslidar_sdk/rviz/rviz2.rviz
[0.125s] -- Installing: /workspace/ros2_yolo/src/sensor_driver/install/rslidar_sdk/share/rslidar_sdk/rviz/rviz.rviz
[0.125s] -- Installing: /workspace/ros2_yolo/src/sensor_driver/install/rslidar_sdk/share/ament_index/resource_index/package_run_dependencies/rslidar_sdk
[0.125s] -- Installing: /workspace/ros2_yolo/src/sensor_driver/install/rslidar_sdk/share/ament_index/resource_index/parent_prefix_path/rslidar_sdk
[0.126s] -- Installing: /workspace/ros2_yolo/src/sensor_driver/install/rslidar_sdk/share/rslidar_sdk/environment/ament_prefix_path.sh
[0.126s] -- Installing: /workspace/ros2_yolo/src/sensor_driver/install/rslidar_sdk/share/rslidar_sdk/environment/ament_prefix_path.dsv
[0.126s] -- Installing: /workspace/ros2_yolo/src/sensor_driver/install/rslidar_sdk/share/rslidar_sdk/environment/path.sh
[0.126s] -- Installing: /workspace/ros2_yolo/src/sensor_driver/install/rslidar_sdk/share/rslidar_sdk/environment/path.dsv
[0.127s] -- Installing: /workspace/ros2_yolo/src/sensor_driver/install/rslidar_sdk/share/rslidar_sdk/local_setup.bash
[0.127s] -- Installing: /workspace/ros2_yolo/src/sensor_driver/install/rslidar_sdk/share/rslidar_sdk/local_setup.sh
[0.127s] -- Installing: /workspace/ros2_yolo/src/sensor_driver/install/rslidar_sdk/share/rslidar_sdk/local_setup.zsh
[0.127s] -- Installing: /workspace/ros2_yolo/src/sensor_driver/install/rslidar_sdk/share/rslidar_sdk/local_setup.dsv
[0.127s] -- Installing: /workspace/ros2_yolo/src/sensor_driver/install/rslidar_sdk/share/rslidar_sdk/package.dsv
[0.127s] -- Installing: /workspace/ros2_yolo/src/sensor_driver/install/rslidar_sdk/share/ament_index/resource_index/packages/rslidar_sdk
[0.128s] -- Installing: /workspace/ros2_yolo/src/sensor_driver/install/rslidar_sdk/share/rslidar_sdk/cmake/rslidar_sdkConfig.cmake
[0.128s] -- Installing: /workspace/ros2_yolo/src/sensor_driver/install/rslidar_sdk/share/rslidar_sdk/cmake/rslidar_sdkConfig-version.cmake
[0.128s] -- Installing: /workspace/ros2_yolo/src/sensor_driver/install/rslidar_sdk/share/rslidar_sdk/package.xml
[0.130s] Invoked command in '/workspace/ros2_yolo/src/sensor_driver/build/rslidar_sdk' returned '0': AMENT_PREFIX_PATH=/workspace/ros2_yolo/src/sensor_driver/install/rslidar_msg:${AMENT_PREFIX_PATH} CMAKE_PREFIX_PATH=/workspace/ros2_yolo/src/sensor_driver/install/rslidar_msg:/workspace/ros2_yolo/install/vision_msgs_rviz_plugins:/workspace/ros2_yolo/install/ultralytics_ros:/workspace/ros2_yolo/install/ros2_numpy:/workspace/ros2_yolo/install/pcdet_ros2:/workspace/ros2_yolo/install/fusiondet:/workspace/ros2_yolo/install/fusion_tracker:/opt/ros/humble LD_LIBRARY_PATH=/workspace/ros2_yolo/src/sensor_driver/install/rslidar_msg/lib:${LD_LIBRARY_PATH} PYTHONPATH=/workspace/ros2_yolo/src/sensor_driver/install/rslidar_msg/local/lib/python3.10/dist-packages:${PYTHONPATH} /usr/bin/cmake --install /workspace/ros2_yolo/src/sensor_driver/build/rslidar_sdk
