[0.032s] Invoking command in '/workspace/CogniScope/build/rslidar_msg': CMAKE_PREFIX_PATH=${CMAKE_PREFIX_PATH}:/workspace/CogniScope/install/see_beyond_ros2:/workspace/CogniScope/install/pcdet_ros2:/workspace/CogniScope/install/fusiondet:/workspace/CogniScope/install/fusion_tracker:/opt/ros/humble /usr/bin/cmake /workspace/CogniScope/src/sensor_driver/src/rslidar_msg -DAMENT_CMAKE_SYMLINK_INSTALL=1 -DCMAKE_INSTALL_PREFIX=/workspace/CogniScope/install/rslidar_msg
[0.851s] -- The C compiler identification is GNU 11.4.0
[0.851s] -- The CXX compiler identification is GNU 11.4.0
[0.851s] -- Detecting C compiler ABI info
[0.851s] -- Detecting C compiler ABI info - done
[0.851s] -- Check for working C compiler: /usr/bin/cc - skipped
[0.851s] -- Detecting C compile features
[0.851s] -- Detecting C compile features - done
[0.851s] -- Detecting CXX compiler ABI info
[0.851s] -- Detecting CXX compiler ABI info - done
[0.851s] -- Check for working CXX compiler: /usr/bin/c++ - skipped
[0.851s] -- Detecting CXX compile features
[0.851s] -- Detecting CXX compile features - done
[0.851s] -- Found ament_cmake: 1.3.12 (/opt/ros/humble/share/ament_cmake/cmake)
[0.860s] -- Found Python3: /usr/bin/python3 (found version "3.10.12") found components: Interpreter 
[0.925s] -- Override CMake install command with custom implementation using symlinks instead of copying resources
[0.986s] -- Found std_msgs: 4.9.0 (/opt/ros/humble/share/std_msgs/cmake)
[1.032s] -- Found rosidl_generator_c: 3.1.8 (/opt/ros/humble/share/rosidl_generator_c/cmake)
[1.040s] -- Found rosidl_adapter: 3.1.8 (/opt/ros/humble/share/rosidl_adapter/cmake)
[1.051s] -- Found rosidl_generator_cpp: 3.1.8 (/opt/ros/humble/share/rosidl_generator_cpp/cmake)
[1.067s] -- Using all available rosidl_typesupport_c: rosidl_typesupport_fastrtps_c;rosidl_typesupport_introspection_c
[1.087s] -- Using all available rosidl_typesupport_cpp: rosidl_typesupport_fastrtps_cpp;rosidl_typesupport_introspection_cpp
[1.114s] -- Found rclcpp: 16.0.17 (/opt/ros/humble/share/rclcpp/cmake)
[1.166s] -- Found rmw_implementation_cmake: 6.1.2 (/opt/ros/humble/share/rmw_implementation_cmake/cmake)
[1.171s] -- Found rmw_cyclonedds_cpp: 1.3.4 (/opt/ros/humble/share/rmw_cyclonedds_cpp/cmake)
[1.193s] -- Using RMW implementation 'rmw_cyclonedds_cpp' as default
[1.208s] -- Looking for pthread.h
[1.293s] -- Looking for pthread.h - found
[1.294s] -- Performing Test CMAKE_HAVE_LIBC_PTHREAD
[1.383s] -- Performing Test CMAKE_HAVE_LIBC_PTHREAD - Success
[1.384s] -- Found Threads: TRUE  
[1.424s] -- Found rosidl_default_generators: 1.2.0 (/opt/ros/humble/share/rosidl_default_generators/cmake)
[1.710s] -- Found ament_cmake_ros: 0.10.0 (/opt/ros/humble/share/ament_cmake_ros/cmake)
[2.083s] -- Using all available rosidl_typesupport_c: rosidl_typesupport_fastrtps_c;rosidl_typesupport_introspection_c
[2.228s] -- Using all available rosidl_typesupport_cpp: rosidl_typesupport_fastrtps_cpp;rosidl_typesupport_introspection_cpp
[2.255s] -- Found PythonInterp: /usr/bin/python3 (found suitable version "3.10.12", minimum required is "3.6") 
[2.259s] -- Found python_cmake_module: 0.10.0 (/opt/ros/humble/share/python_cmake_module/cmake)
[2.289s] -- Found PythonLibs: /usr/lib/x86_64-linux-gnu/libpython3.10.so (found suitable version "3.10.12", minimum required is "3.5") 
[2.289s] -- Using PYTHON_EXECUTABLE: /usr/bin/python3
[2.289s] -- Using PYTHON_INCLUDE_DIRS: /usr/include/python3.10
[2.289s] -- Using PYTHON_LIBRARIES: /usr/lib/x86_64-linux-gnu/libpython3.10.so
[2.319s] -- Found PythonExtra: .so  
[2.373s] -- Found ament_lint_auto: 0.12.14 (/opt/ros/humble/share/ament_lint_auto/cmake)
[2.415s] -- Added test 'copyright' to check source files copyright and LICENSE
[2.417s] -- Added test 'lint_cmake' to check CMake code style
[2.418s] -- Added test 'xmllint' to check XML markup files
[2.422s] -- Configuring done
[2.459s] -- Generating done
[2.469s] -- Build files have been written to: /workspace/CogniScope/build/rslidar_msg
[2.479s] Invoked command in '/workspace/CogniScope/build/rslidar_msg' returned '0': CMAKE_PREFIX_PATH=${CMAKE_PREFIX_PATH}:/workspace/CogniScope/install/see_beyond_ros2:/workspace/CogniScope/install/pcdet_ros2:/workspace/CogniScope/install/fusiondet:/workspace/CogniScope/install/fusion_tracker:/opt/ros/humble /usr/bin/cmake /workspace/CogniScope/src/sensor_driver/src/rslidar_msg -DAMENT_CMAKE_SYMLINK_INSTALL=1 -DCMAKE_INSTALL_PREFIX=/workspace/CogniScope/install/rslidar_msg
[2.482s] Invoking command in '/workspace/CogniScope/build/rslidar_msg': CMAKE_PREFIX_PATH=${CMAKE_PREFIX_PATH}:/workspace/CogniScope/install/see_beyond_ros2:/workspace/CogniScope/install/pcdet_ros2:/workspace/CogniScope/install/fusiondet:/workspace/CogniScope/install/fusion_tracker:/opt/ros/humble /usr/bin/cmake --build /workspace/CogniScope/build/rslidar_msg -- -j112 -l112
[2.544s] [  3%] [34m[1mGenerating C code for ROS interfaces[0m
[2.561s] [  6%] [34m[1mGenerating C++ code for ROS interfaces[0m
[2.570s] [  6%] Built target ament_cmake_python_symlink_rslidar_msg
[2.766s] [  6%] Built target rslidar_msg__cpp
[2.773s] [  9%] [32mBuilding C object CMakeFiles/rslidar_msg__rosidl_generator_c.dir/rosidl_generator_c/rslidar_msg/msg/detail/rslidar_packet__functions.c.o[0m
[2.787s] [ 12%] [34m[1mGenerating C++ type support for eProsima Fast-RTPS[0m
[2.787s] [ 16%] [34m[1mGenerating C++ type support dispatch for ROS interfaces[0m
[2.788s] [ 19%] [34m[1mGenerating C++ introspection for ROS interfaces[0m
[2.859s] [ 22%] [32m[1mLinking C shared library librslidar_msg__rosidl_generator_c.so[0m
[2.923s] running egg_info
[2.923s] creating rslidar_msg.egg-info
[2.924s] writing manifest file 'rslidar_msg.egg-info/SOURCES.txt'
[2.926s] writing manifest file 'rslidar_msg.egg-info/SOURCES.txt'
[2.930s] [ 22%] Built target rslidar_msg__rosidl_generator_c
[2.953s] [ 25%] [34m[1mGenerating C type support for eProsima Fast-RTPS[0m
[2.954s] [ 29%] [34m[1mGenerating C type support dispatch for ROS interfaces[0m
[2.954s] [ 32%] [34m[1mGenerating C introspection for ROS interfaces[0m
[2.964s] [ 32%] Built target ament_cmake_python_build_rslidar_msg_egg
[3.000s] [ 35%] [32mBuilding CXX object CMakeFiles/rslidar_msg__rosidl_typesupport_cpp.dir/rosidl_typesupport_cpp/rslidar_msg/msg/rslidar_packet__type_support.cpp.o[0m
[3.012s] [ 38%] [32mBuilding CXX object CMakeFiles/rslidar_msg__rosidl_typesupport_introspection_cpp.dir/rosidl_typesupport_introspection_cpp/rslidar_msg/msg/detail/rslidar_packet__type_support.cpp.o[0m
[3.020s] [ 41%] [32mBuilding CXX object CMakeFiles/rslidar_msg__rosidl_typesupport_fastrtps_cpp.dir/rosidl_typesupport_fastrtps_cpp/rslidar_msg/msg/detail/dds_fastrtps/rslidar_packet__type_support.cpp.o[0m
[3.146s] [ 45%] [32mBuilding CXX object CMakeFiles/rslidar_msg__rosidl_typesupport_c.dir/rosidl_typesupport_c/rslidar_msg/msg/rslidar_packet__type_support.cpp.o[0m
[3.160s] [ 48%] [32mBuilding CXX object CMakeFiles/rslidar_msg__rosidl_typesupport_fastrtps_c.dir/rosidl_typesupport_fastrtps_c/rslidar_msg/msg/detail/rslidar_packet__type_support_c.cpp.o[0m
[3.160s] [ 51%] [32mBuilding C object CMakeFiles/rslidar_msg__rosidl_typesupport_introspection_c.dir/rosidl_typesupport_introspection_c/rslidar_msg/msg/detail/rslidar_packet__type_support.c.o[0m
[3.172s] [ 54%] [32m[1mLinking CXX shared library librslidar_msg__rosidl_typesupport_c.so[0m
[3.193s] [ 58%] [32m[1mLinking C shared library librslidar_msg__rosidl_typesupport_introspection_c.so[0m
[3.209s] [ 58%] Built target rslidar_msg__rosidl_typesupport_c
[3.226s] [ 61%] [32m[1mLinking CXX shared library librslidar_msg__rosidl_typesupport_cpp.so[0m
[3.226s] [ 61%] Built target rslidar_msg__rosidl_typesupport_introspection_c
[3.272s] [ 61%] Built target rslidar_msg__rosidl_typesupport_cpp
[3.349s] [ 64%] [32m[1mLinking CXX shared library librslidar_msg__rosidl_typesupport_introspection_cpp.so[0m
[3.387s] [ 67%] [32m[1mLinking CXX shared library librslidar_msg__rosidl_typesupport_fastrtps_cpp.so[0m
[3.415s] [ 70%] [32m[1mLinking CXX shared library librslidar_msg__rosidl_typesupport_fastrtps_c.so[0m
[3.439s] [ 70%] Built target rslidar_msg__rosidl_typesupport_introspection_cpp
[3.466s] [ 70%] Built target rslidar_msg__rosidl_typesupport_fastrtps_cpp
[3.497s] [ 70%] Built target rslidar_msg__rosidl_typesupport_fastrtps_c
[3.522s] [ 70%] Built target rslidar_msg
[3.546s] [ 74%] [34m[1mGenerating Python code for ROS interfaces[0m
[3.797s] [ 74%] Built target rslidar_msg__py
[3.816s] [ 77%] [32mBuilding C object CMakeFiles/rslidar_msg__rosidl_generator_py.dir/rosidl_generator_py/rslidar_msg/msg/_rslidar_packet_s.c.o[0m
[3.905s] [ 80%] [32m[1mLinking C shared library rosidl_generator_py/rslidar_msg/librslidar_msg__rosidl_generator_py.so[0m
[3.944s] [ 80%] Built target rslidar_msg__rosidl_generator_py
[3.962s] [ 83%] [32mBuilding C object CMakeFiles/rslidar_msg__rosidl_typesupport_c__pyext.dir/rosidl_generator_py/rslidar_msg/_rslidar_msg_s.ep.rosidl_typesupport_c.c.o[0m
[3.964s] [ 87%] [32mBuilding C object CMakeFiles/rslidar_msg__rosidl_typesupport_introspection_c__pyext.dir/rosidl_generator_py/rslidar_msg/_rslidar_msg_s.ep.rosidl_typesupport_introspection_c.c.o[0m
[3.965s] [ 90%] [32mBuilding C object CMakeFiles/rslidar_msg__rosidl_typesupport_fastrtps_c__pyext.dir/rosidl_generator_py/rslidar_msg/_rslidar_msg_s.ep.rosidl_typesupport_fastrtps_c.c.o[0m
[4.072s] [ 93%] [32m[1mLinking C shared library rosidl_generator_py/rslidar_msg/rslidar_msg_s__rosidl_typesupport_introspection_c.cpython-310-x86_64-linux-gnu.so[0m
[4.084s] [ 96%] [32m[1mLinking C shared library rosidl_generator_py/rslidar_msg/rslidar_msg_s__rosidl_typesupport_fastrtps_c.cpython-310-x86_64-linux-gnu.so[0m
[4.086s] [100%] [32m[1mLinking C shared library rosidl_generator_py/rslidar_msg/rslidar_msg_s__rosidl_typesupport_c.cpython-310-x86_64-linux-gnu.so[0m
[4.134s] [100%] Built target rslidar_msg__rosidl_typesupport_introspection_c__pyext
[4.141s] [100%] Built target rslidar_msg__rosidl_typesupport_c__pyext
[4.142s] [100%] Built target rslidar_msg__rosidl_typesupport_fastrtps_c__pyext
[4.158s] Invoked command in '/workspace/CogniScope/build/rslidar_msg' returned '0': CMAKE_PREFIX_PATH=${CMAKE_PREFIX_PATH}:/workspace/CogniScope/install/see_beyond_ros2:/workspace/CogniScope/install/pcdet_ros2:/workspace/CogniScope/install/fusiondet:/workspace/CogniScope/install/fusion_tracker:/opt/ros/humble /usr/bin/cmake --build /workspace/CogniScope/build/rslidar_msg -- -j112 -l112
[4.171s] Invoking command in '/workspace/CogniScope/build/rslidar_msg': CMAKE_PREFIX_PATH=${CMAKE_PREFIX_PATH}:/workspace/CogniScope/install/see_beyond_ros2:/workspace/CogniScope/install/pcdet_ros2:/workspace/CogniScope/install/fusiondet:/workspace/CogniScope/install/fusion_tracker:/opt/ros/humble /usr/bin/cmake --install /workspace/CogniScope/build/rslidar_msg
[4.180s] -- Install configuration: ""
[4.181s] -- Execute custom install script
[4.181s] -- Symlinking: /workspace/CogniScope/install/rslidar_msg/share/ament_index/resource_index/rosidl_interfaces/rslidar_msg
[4.193s] -- Symlinking: /workspace/CogniScope/install/rslidar_msg/include/rslidar_msg/rslidar_msg/msg/detail/rslidar_packet__functions.h
[4.203s] -- Symlinking: /workspace/CogniScope/install/rslidar_msg/include/rslidar_msg/rslidar_msg/msg/detail/rslidar_packet__struct.h
[4.212s] -- Symlinking: /workspace/CogniScope/install/rslidar_msg/include/rslidar_msg/rslidar_msg/msg/detail/rslidar_packet__type_support.h
[4.221s] -- Symlinking: /workspace/CogniScope/install/rslidar_msg/include/rslidar_msg/rslidar_msg/msg/rosidl_generator_c__visibility_control.h
[4.233s] -- Symlinking: /workspace/CogniScope/install/rslidar_msg/include/rslidar_msg/rslidar_msg/msg/rslidar_packet.h
[4.244s] -- Symlinking: /workspace/CogniScope/install/rslidar_msg/share/rslidar_msg/environment/library_path.sh
[4.254s] -- Symlinking: /workspace/CogniScope/install/rslidar_msg/share/rslidar_msg/environment/library_path.dsv
[4.262s] -- Symlinking: /workspace/CogniScope/install/rslidar_msg/include/rslidar_msg/rslidar_msg/msg/detail/rslidar_packet__rosidl_typesupport_fastrtps_c.h
[4.270s] -- Symlinking: /workspace/CogniScope/install/rslidar_msg/include/rslidar_msg/rslidar_msg/msg/rosidl_typesupport_fastrtps_c__visibility_control.h
[4.282s] -- Symlinking: /workspace/CogniScope/install/rslidar_msg/include/rslidar_msg/rslidar_msg/msg/detail/rslidar_packet__builder.hpp
[4.293s] -- Symlinking: /workspace/CogniScope/install/rslidar_msg/include/rslidar_msg/rslidar_msg/msg/detail/rslidar_packet__struct.hpp
[4.302s] -- Symlinking: /workspace/CogniScope/install/rslidar_msg/include/rslidar_msg/rslidar_msg/msg/detail/rslidar_packet__traits.hpp
[4.314s] -- Symlinking: /workspace/CogniScope/install/rslidar_msg/include/rslidar_msg/rslidar_msg/msg/detail/rslidar_packet__type_support.hpp
[4.322s] -- Symlinking: /workspace/CogniScope/install/rslidar_msg/include/rslidar_msg/rslidar_msg/msg/rosidl_generator_cpp__visibility_control.hpp
[4.333s] -- Symlinking: /workspace/CogniScope/install/rslidar_msg/include/rslidar_msg/rslidar_msg/msg/rslidar_packet.hpp
[4.343s] -- Symlinking: /workspace/CogniScope/install/rslidar_msg/include/rslidar_msg/rslidar_msg/msg/detail/rslidar_packet__rosidl_typesupport_fastrtps_cpp.hpp
[4.351s] -- Symlinking: /workspace/CogniScope/install/rslidar_msg/include/rslidar_msg/rslidar_msg/msg/rosidl_typesupport_fastrtps_cpp__visibility_control.h
[4.359s] -- Symlinking: /workspace/CogniScope/install/rslidar_msg/include/rslidar_msg/rslidar_msg/msg/detail/rslidar_packet__rosidl_typesupport_introspection_c.h
[4.367s] -- Symlinking: /workspace/CogniScope/install/rslidar_msg/include/rslidar_msg/rslidar_msg/msg/rosidl_typesupport_introspection_c__visibility_control.h
[4.375s] -- Symlinking: /workspace/CogniScope/install/rslidar_msg/include/rslidar_msg/rslidar_msg/msg/detail/rslidar_packet__rosidl_typesupport_introspection_cpp.hpp
[4.386s] -- Symlinking: /workspace/CogniScope/install/rslidar_msg/share/rslidar_msg/environment/pythonpath.sh
[4.394s] -- Symlinking: /workspace/CogniScope/install/rslidar_msg/share/rslidar_msg/environment/pythonpath.dsv
[4.402s] -- Symlinking: /workspace/CogniScope/install/rslidar_msg/local/lib/python3.10/dist-packages/rslidar_msg-0.0.0-py3.10.egg-info/PKG-INFO
[4.411s] -- Symlinking: /workspace/CogniScope/install/rslidar_msg/local/lib/python3.10/dist-packages/rslidar_msg-0.0.0-py3.10.egg-info/SOURCES.txt
[4.420s] -- Symlinking: /workspace/CogniScope/install/rslidar_msg/local/lib/python3.10/dist-packages/rslidar_msg-0.0.0-py3.10.egg-info/dependency_links.txt
[4.428s] -- Symlinking: /workspace/CogniScope/install/rslidar_msg/local/lib/python3.10/dist-packages/rslidar_msg-0.0.0-py3.10.egg-info/top_level.txt
[4.437s] -- Symlinking: /workspace/CogniScope/install/rslidar_msg/local/lib/python3.10/dist-packages/rslidar_msg/__init__.py
[4.444s] -- Symlinking: /workspace/CogniScope/install/rslidar_msg/local/lib/python3.10/dist-packages/rslidar_msg/_rslidar_msg_s.ep.rosidl_typesupport_c.c
[4.453s] -- Symlinking: /workspace/CogniScope/install/rslidar_msg/local/lib/python3.10/dist-packages/rslidar_msg/_rslidar_msg_s.ep.rosidl_typesupport_fastrtps_c.c
[4.464s] -- Symlinking: /workspace/CogniScope/install/rslidar_msg/local/lib/python3.10/dist-packages/rslidar_msg/_rslidar_msg_s.ep.rosidl_typesupport_introspection_c.c
[4.475s] -- Symlinking: /workspace/CogniScope/install/rslidar_msg/local/lib/python3.10/dist-packages/rslidar_msg/librslidar_msg__rosidl_generator_py.so
[4.486s] -- Symlinking: /workspace/CogniScope/install/rslidar_msg/local/lib/python3.10/dist-packages/rslidar_msg/msg/__init__.py
[4.500s] -- Symlinking: /workspace/CogniScope/install/rslidar_msg/local/lib/python3.10/dist-packages/rslidar_msg/msg/_rslidar_packet.py
[4.510s] -- Symlinking: /workspace/CogniScope/install/rslidar_msg/local/lib/python3.10/dist-packages/rslidar_msg/msg/_rslidar_packet_s.c
[4.519s] -- Symlinking: /workspace/CogniScope/install/rslidar_msg/local/lib/python3.10/dist-packages/rslidar_msg/rslidar_msg_s__rosidl_typesupport_c.cpython-310-x86_64-linux-gnu.so
[4.530s] -- Symlinking: /workspace/CogniScope/install/rslidar_msg/local/lib/python3.10/dist-packages/rslidar_msg/rslidar_msg_s__rosidl_typesupport_fastrtps_c.cpython-310-x86_64-linux-gnu.so
[4.541s] -- Symlinking: /workspace/CogniScope/install/rslidar_msg/local/lib/python3.10/dist-packages/rslidar_msg/rslidar_msg_s__rosidl_typesupport_introspection_c.cpython-310-x86_64-linux-gnu.so
[4.553s] -- Up-to-date symlink: /workspace/CogniScope/install/rslidar_msg/local/lib/python3.10/dist-packages/rslidar_msg/rslidar_msg_s__rosidl_typesupport_fastrtps_c.cpython-310-x86_64-linux-gnu.so
[4.554s] -- Up-to-date symlink: /workspace/CogniScope/install/rslidar_msg/local/lib/python3.10/dist-packages/rslidar_msg/rslidar_msg_s__rosidl_typesupport_introspection_c.cpython-310-x86_64-linux-gnu.so
[4.554s] -- Up-to-date symlink: /workspace/CogniScope/install/rslidar_msg/local/lib/python3.10/dist-packages/rslidar_msg/rslidar_msg_s__rosidl_typesupport_c.cpython-310-x86_64-linux-gnu.so
[4.554s] -- Symlinking: /workspace/CogniScope/install/rslidar_msg/share/rslidar_msg/msg/RslidarPacket.idl
[4.566s] -- Symlinking: /workspace/CogniScope/install/rslidar_msg/share/rslidar_msg/msg/RslidarPacket.msg
[4.579s] -- Symlinking: /workspace/CogniScope/install/rslidar_msg/share/ament_index/resource_index/package_run_dependencies/rslidar_msg
[4.592s] -- Symlinking: /workspace/CogniScope/install/rslidar_msg/share/ament_index/resource_index/parent_prefix_path/rslidar_msg
[4.602s] -- Symlinking: /workspace/CogniScope/install/rslidar_msg/share/rslidar_msg/environment/ament_prefix_path.sh
[4.612s] -- Symlinking: /workspace/CogniScope/install/rslidar_msg/share/rslidar_msg/environment/ament_prefix_path.dsv
[4.625s] -- Symlinking: /workspace/CogniScope/install/rslidar_msg/share/rslidar_msg/environment/path.sh
[4.637s] -- Symlinking: /workspace/CogniScope/install/rslidar_msg/share/rslidar_msg/environment/path.dsv
[4.648s] -- Symlinking: /workspace/CogniScope/install/rslidar_msg/share/rslidar_msg/local_setup.bash
[4.657s] -- Symlinking: /workspace/CogniScope/install/rslidar_msg/share/rslidar_msg/local_setup.sh
[4.670s] -- Symlinking: /workspace/CogniScope/install/rslidar_msg/share/rslidar_msg/local_setup.zsh
[4.681s] -- Symlinking: /workspace/CogniScope/install/rslidar_msg/share/rslidar_msg/local_setup.dsv
[4.692s] -- Symlinking: /workspace/CogniScope/install/rslidar_msg/share/rslidar_msg/package.dsv
[4.704s] -- Symlinking: /workspace/CogniScope/install/rslidar_msg/share/ament_index/resource_index/packages/rslidar_msg
[4.713s] -- Symlinking: /workspace/CogniScope/install/rslidar_msg/share/rslidar_msg/cmake/rosidl_cmake-extras.cmake
[4.722s] -- Symlinking: /workspace/CogniScope/install/rslidar_msg/share/rslidar_msg/cmake/ament_cmake_export_dependencies-extras.cmake
[4.732s] -- Symlinking: /workspace/CogniScope/install/rslidar_msg/share/rslidar_msg/cmake/ament_cmake_export_include_directories-extras.cmake
[4.743s] -- Symlinking: /workspace/CogniScope/install/rslidar_msg/share/rslidar_msg/cmake/ament_cmake_export_libraries-extras.cmake
[4.752s] -- Symlinking: /workspace/CogniScope/install/rslidar_msg/share/rslidar_msg/cmake/ament_cmake_export_targets-extras.cmake
[4.765s] -- Symlinking: /workspace/CogniScope/install/rslidar_msg/share/rslidar_msg/cmake/rosidl_cmake_export_typesupport_targets-extras.cmake
[4.777s] -- Symlinking: /workspace/CogniScope/install/rslidar_msg/share/rslidar_msg/cmake/rosidl_cmake_export_typesupport_libraries-extras.cmake
[4.787s] -- Symlinking: /workspace/CogniScope/install/rslidar_msg/share/rslidar_msg/cmake/rslidar_msgConfig.cmake
[4.798s] -- Symlinking: /workspace/CogniScope/install/rslidar_msg/share/rslidar_msg/cmake/rslidar_msgConfig-version.cmake
[4.809s] -- Symlinking: /workspace/CogniScope/install/rslidar_msg/share/rslidar_msg/package.xml
[4.820s] -- Installing: /workspace/CogniScope/install/rslidar_msg/lib/librslidar_msg__rosidl_generator_c.so
[4.820s] -- Set runtime path of "/workspace/CogniScope/install/rslidar_msg/lib/librslidar_msg__rosidl_generator_c.so" to ""
[4.820s] -- Installing: /workspace/CogniScope/install/rslidar_msg/lib/librslidar_msg__rosidl_typesupport_fastrtps_c.so
[4.821s] -- Set runtime path of "/workspace/CogniScope/install/rslidar_msg/lib/librslidar_msg__rosidl_typesupport_fastrtps_c.so" to ""
[4.821s] -- Installing: /workspace/CogniScope/install/rslidar_msg/lib/librslidar_msg__rosidl_typesupport_fastrtps_cpp.so
[4.822s] -- Set runtime path of "/workspace/CogniScope/install/rslidar_msg/lib/librslidar_msg__rosidl_typesupport_fastrtps_cpp.so" to ""
[4.822s] -- Installing: /workspace/CogniScope/install/rslidar_msg/lib/librslidar_msg__rosidl_typesupport_introspection_c.so
[4.822s] -- Set runtime path of "/workspace/CogniScope/install/rslidar_msg/lib/librslidar_msg__rosidl_typesupport_introspection_c.so" to ""
[4.822s] -- Installing: /workspace/CogniScope/install/rslidar_msg/lib/librslidar_msg__rosidl_typesupport_c.so
[4.823s] -- Set runtime path of "/workspace/CogniScope/install/rslidar_msg/lib/librslidar_msg__rosidl_typesupport_c.so" to ""
[4.823s] -- Installing: /workspace/CogniScope/install/rslidar_msg/lib/librslidar_msg__rosidl_typesupport_introspection_cpp.so
[4.823s] -- Set runtime path of "/workspace/CogniScope/install/rslidar_msg/lib/librslidar_msg__rosidl_typesupport_introspection_cpp.so" to ""
[4.823s] -- Installing: /workspace/CogniScope/install/rslidar_msg/lib/librslidar_msg__rosidl_typesupport_cpp.so
[4.823s] -- Set runtime path of "/workspace/CogniScope/install/rslidar_msg/lib/librslidar_msg__rosidl_typesupport_cpp.so" to ""
[4.861s] Listing '/workspace/CogniScope/install/rslidar_msg/local/lib/python3.10/dist-packages/rslidar_msg'...
[4.862s] Compiling '/workspace/CogniScope/install/rslidar_msg/local/lib/python3.10/dist-packages/rslidar_msg/__init__.py'...
[4.862s] Listing '/workspace/CogniScope/install/rslidar_msg/local/lib/python3.10/dist-packages/rslidar_msg/msg'...
[4.862s] Compiling '/workspace/CogniScope/install/rslidar_msg/local/lib/python3.10/dist-packages/rslidar_msg/msg/__init__.py'...
[4.862s] Compiling '/workspace/CogniScope/install/rslidar_msg/local/lib/python3.10/dist-packages/rslidar_msg/msg/_rslidar_packet.py'...
[4.866s] -- Installing: /workspace/CogniScope/install/rslidar_msg/lib/librslidar_msg__rosidl_generator_py.so
[4.866s] -- Set runtime path of "/workspace/CogniScope/install/rslidar_msg/lib/librslidar_msg__rosidl_generator_py.so" to ""
[4.867s] -- Installing: /workspace/CogniScope/install/rslidar_msg/share/rslidar_msg/cmake/export_rslidar_msg__rosidl_generator_cExport.cmake
[4.867s] -- Installing: /workspace/CogniScope/install/rslidar_msg/share/rslidar_msg/cmake/export_rslidar_msg__rosidl_generator_cExport-noconfig.cmake
[4.867s] -- Installing: /workspace/CogniScope/install/rslidar_msg/share/rslidar_msg/cmake/export_rslidar_msg__rosidl_typesupport_fastrtps_cExport.cmake
[4.868s] -- Installing: /workspace/CogniScope/install/rslidar_msg/share/rslidar_msg/cmake/export_rslidar_msg__rosidl_typesupport_fastrtps_cExport-noconfig.cmake
[4.868s] -- Installing: /workspace/CogniScope/install/rslidar_msg/share/rslidar_msg/cmake/export_rslidar_msg__rosidl_generator_cppExport.cmake
[4.868s] -- Installing: /workspace/CogniScope/install/rslidar_msg/share/rslidar_msg/cmake/export_rslidar_msg__rosidl_typesupport_fastrtps_cppExport.cmake
[4.869s] -- Installing: /workspace/CogniScope/install/rslidar_msg/share/rslidar_msg/cmake/export_rslidar_msg__rosidl_typesupport_fastrtps_cppExport-noconfig.cmake
[4.869s] -- Installing: /workspace/CogniScope/install/rslidar_msg/share/rslidar_msg/cmake/rslidar_msg__rosidl_typesupport_introspection_cExport.cmake
[4.869s] -- Installing: /workspace/CogniScope/install/rslidar_msg/share/rslidar_msg/cmake/rslidar_msg__rosidl_typesupport_introspection_cExport-noconfig.cmake
[4.869s] -- Installing: /workspace/CogniScope/install/rslidar_msg/share/rslidar_msg/cmake/rslidar_msg__rosidl_typesupport_cExport.cmake
[4.869s] -- Installing: /workspace/CogniScope/install/rslidar_msg/share/rslidar_msg/cmake/rslidar_msg__rosidl_typesupport_cExport-noconfig.cmake
[4.869s] -- Installing: /workspace/CogniScope/install/rslidar_msg/share/rslidar_msg/cmake/rslidar_msg__rosidl_typesupport_introspection_cppExport.cmake
[4.870s] -- Installing: /workspace/CogniScope/install/rslidar_msg/share/rslidar_msg/cmake/rslidar_msg__rosidl_typesupport_introspection_cppExport-noconfig.cmake
[4.870s] -- Installing: /workspace/CogniScope/install/rslidar_msg/share/rslidar_msg/cmake/rslidar_msg__rosidl_typesupport_cppExport.cmake
[4.870s] -- Installing: /workspace/CogniScope/install/rslidar_msg/share/rslidar_msg/cmake/rslidar_msg__rosidl_typesupport_cppExport-noconfig.cmake
[4.870s] -- Installing: /workspace/CogniScope/install/rslidar_msg/share/rslidar_msg/cmake/export_rslidar_msg__rosidl_generator_pyExport.cmake
[4.870s] -- Installing: /workspace/CogniScope/install/rslidar_msg/share/rslidar_msg/cmake/export_rslidar_msg__rosidl_generator_pyExport-noconfig.cmake
[4.873s] Invoked command in '/workspace/CogniScope/build/rslidar_msg' returned '0': CMAKE_PREFIX_PATH=${CMAKE_PREFIX_PATH}:/workspace/CogniScope/install/see_beyond_ros2:/workspace/CogniScope/install/pcdet_ros2:/workspace/CogniScope/install/fusiondet:/workspace/CogniScope/install/fusion_tracker:/opt/ros/humble /usr/bin/cmake --install /workspace/CogniScope/build/rslidar_msg
