-- The C compiler identification is GNU 11.4.0
-- The CXX compiler identification is GNU 11.4.0
-- Detecting C compiler ABI info
-- Detecting C compiler ABI info - done
-- Check for working C compiler: /usr/bin/cc - skipped
-- Detecting C compile features
-- Detecting C compile features - done
-- Detecting CXX compiler ABI info
-- Detecting CXX compiler ABI info - done
-- Check for working CXX compiler: /usr/bin/c++ - skipped
-- Detecting CXX compile features
-- Detecting CXX compile features - done
-- Found ament_cmake: 1.3.12 (/opt/ros/humble/share/ament_cmake/cmake)
-- Found Python3: /usr/bin/python3 (found version "3.10.12") found components: Interpreter 
-- Found rosidl_default_generators: 1.2.0 (/opt/ros/humble/share/rosidl_default_generators/cmake)
-- Using all available rosidl_typesupport_c: rosidl_typesupport_fastrtps_c;rosidl_typesupport_introspection_c
-- Found rosidl_adapter: 3.1.8 (/opt/ros/humble/share/rosidl_adapter/cmake)
-- Using all available rosidl_typesupport_cpp: rosidl_typesupport_fastrtps_cpp;rosidl_typesupport_introspection_cpp
-- Found std_msgs: 4.9.0 (/opt/ros/humble/share/std_msgs/cmake)
-- Found ament_cmake_ros: 0.10.0 (/opt/ros/humble/share/ament_cmake_ros/cmake)
-- Using all available rosidl_typesupport_c: rosidl_typesupport_fastrtps_c;rosidl_typesupport_introspection_c
-- Using all available rosidl_typesupport_cpp: rosidl_typesupport_fastrtps_cpp;rosidl_typesupport_introspection_cpp
-- Found PythonInterp: /usr/bin/python3 (found suitable version "3.10.12", minimum required is "3.6") 
-- Found python_cmake_module: 0.10.0 (/opt/ros/humble/share/python_cmake_module/cmake)
-- Found PythonLibs: /usr/lib/x86_64-linux-gnu/libpython3.10.so (found suitable version "3.10.12", minimum required is "3.5") 
-- Using PYTHON_EXECUTABLE: /usr/bin/python3
-- Using PYTHON_INCLUDE_DIRS: /usr/include/python3.10
-- Using PYTHON_LIBRARIES: /usr/lib/x86_64-linux-gnu/libpython3.10.so
-- Found PythonExtra: .so  
-- Configuring done
-- Generating done
-- Build files have been written to: /workspace/ros2_yolo/src/sensor_driver/build/common_unique_msgs
[  1%] [34m[1mGenerating C code for ROS interfaces[0m
[  3%] [34m[1mGenerating C++ code for ROS interfaces[0m
[  3%] Built target ament_cmake_python_copy_common_unique_msgs
running egg_info
creating common_unique_msgs.egg-info
writing manifest file 'common_unique_msgs.egg-info/SOURCES.txt'
writing manifest file 'common_unique_msgs.egg-info/SOURCES.txt'
[  3%] Built target ament_cmake_python_build_common_unique_msgs_egg
[  3%] Built target common_unique_msgs__cpp
[  4%] [32mBuilding C object CMakeFiles/common_unique_msgs__rosidl_generator_c.dir/rosidl_generator_c/common_unique_msgs/msg/detail/uni_header__functions.c.o[0m
[  6%] [32mBuilding C object CMakeFiles/common_unique_msgs__rosidl_generator_c.dir/rosidl_generator_c/common_unique_msgs/msg/detail/location__functions.c.o[0m
[  7%] [32mBuilding C object CMakeFiles/common_unique_msgs__rosidl_generator_c.dir/rosidl_generator_c/common_unique_msgs/msg/detail/location_initial__functions.c.o[0m
[  9%] [32mBuilding C object CMakeFiles/common_unique_msgs__rosidl_generator_c.dir/rosidl_generator_c/common_unique_msgs/msg/detail/custom_gnss__functions.c.o[0m
[ 11%] [32mBuilding C object CMakeFiles/common_unique_msgs__rosidl_generator_c.dir/rosidl_generator_c/common_unique_msgs/msg/detail/custom_imu__functions.c.o[0m
[ 12%] [34m[1mGenerating C++ introspection for ROS interfaces[0m
[ 14%] [34m[1mGenerating C++ type support for eProsima Fast-RTPS[0m
[ 15%] [34m[1mGenerating C++ type support dispatch for ROS interfaces[0m
[ 17%] [32m[1mLinking C shared library libcommon_unique_msgs__rosidl_generator_c.so[0m
[ 17%] Built target common_unique_msgs__rosidl_generator_c
[ 19%] [34m[1mGenerating C introspection for ROS interfaces[0m
[ 20%] [34m[1mGenerating C type support dispatch for ROS interfaces[0m
[ 22%] [34m[1mGenerating C type support for eProsima Fast-RTPS[0m
[ 23%] [32mBuilding CXX object CMakeFiles/common_unique_msgs__rosidl_typesupport_cpp.dir/rosidl_typesupport_cpp/common_unique_msgs/msg/uni_header__type_support.cpp.o[0m
[ 26%] [32mBuilding CXX object CMakeFiles/common_unique_msgs__rosidl_typesupport_cpp.dir/rosidl_typesupport_cpp/common_unique_msgs/msg/custom_imu__type_support.cpp.o[0m
[ 26%] [32mBuilding CXX object CMakeFiles/common_unique_msgs__rosidl_typesupport_cpp.dir/rosidl_typesupport_cpp/common_unique_msgs/msg/location_initial__type_support.cpp.o[0m
[ 30%] [32mBuilding CXX object CMakeFiles/common_unique_msgs__rosidl_typesupport_cpp.dir/rosidl_typesupport_cpp/common_unique_msgs/msg/custom_gnss__type_support.cpp.o[0m
[ 30%] [32mBuilding CXX object CMakeFiles/common_unique_msgs__rosidl_typesupport_cpp.dir/rosidl_typesupport_cpp/common_unique_msgs/msg/location__type_support.cpp.o[0m
[ 31%] [32mBuilding CXX object CMakeFiles/common_unique_msgs__rosidl_typesupport_introspection_cpp.dir/rosidl_typesupport_introspection_cpp/common_unique_msgs/msg/detail/location__type_support.cpp.o[0m
[ 33%] [32mBuilding CXX object CMakeFiles/common_unique_msgs__rosidl_typesupport_introspection_cpp.dir/rosidl_typesupport_introspection_cpp/common_unique_msgs/msg/detail/uni_header__type_support.cpp.o[0m
[ 34%] [32mBuilding CXX object CMakeFiles/common_unique_msgs__rosidl_typesupport_introspection_cpp.dir/rosidl_typesupport_introspection_cpp/common_unique_msgs/msg/detail/custom_imu__type_support.cpp.o[0m
[ 36%] [32mBuilding CXX object CMakeFiles/common_unique_msgs__rosidl_typesupport_introspection_cpp.dir/rosidl_typesupport_introspection_cpp/common_unique_msgs/msg/detail/custom_gnss__type_support.cpp.o[0m
[ 38%] [32mBuilding CXX object CMakeFiles/common_unique_msgs__rosidl_typesupport_introspection_cpp.dir/rosidl_typesupport_introspection_cpp/common_unique_msgs/msg/detail/location_initial__type_support.cpp.o[0m
[ 41%] [32mBuilding CXX object CMakeFiles/common_unique_msgs__rosidl_typesupport_fastrtps_cpp.dir/rosidl_typesupport_fastrtps_cpp/common_unique_msgs/msg/detail/dds_fastrtps/location__type_support.cpp.o[0m
[ 41%] [32mBuilding CXX object CMakeFiles/common_unique_msgs__rosidl_typesupport_fastrtps_cpp.dir/rosidl_typesupport_fastrtps_cpp/common_unique_msgs/msg/detail/dds_fastrtps/uni_header__type_support.cpp.o[0m
[ 44%] [32mBuilding CXX object CMakeFiles/common_unique_msgs__rosidl_typesupport_fastrtps_cpp.dir/rosidl_typesupport_fastrtps_cpp/common_unique_msgs/msg/detail/dds_fastrtps/location_initial__type_support.cpp.o[0m
[ 44%] [32mBuilding CXX object CMakeFiles/common_unique_msgs__rosidl_typesupport_fastrtps_cpp.dir/rosidl_typesupport_fastrtps_cpp/common_unique_msgs/msg/detail/dds_fastrtps/custom_gnss__type_support.cpp.o[0m
[ 46%] [32mBuilding CXX object CMakeFiles/common_unique_msgs__rosidl_typesupport_fastrtps_cpp.dir/rosidl_typesupport_fastrtps_cpp/common_unique_msgs/msg/detail/dds_fastrtps/custom_imu__type_support.cpp.o[0m
[ 49%] [32mBuilding CXX object CMakeFiles/common_unique_msgs__rosidl_typesupport_c.dir/rosidl_typesupport_c/common_unique_msgs/msg/location_initial__type_support.cpp.o[0m
[ 49%] [32mBuilding CXX object CMakeFiles/common_unique_msgs__rosidl_typesupport_c.dir/rosidl_typesupport_c/common_unique_msgs/msg/uni_header__type_support.cpp.o[0m
[ 50%] [32mBuilding CXX object CMakeFiles/common_unique_msgs__rosidl_typesupport_c.dir/rosidl_typesupport_c/common_unique_msgs/msg/location__type_support.cpp.o[0m
[ 52%] [32mBuilding CXX object CMakeFiles/common_unique_msgs__rosidl_typesupport_c.dir/rosidl_typesupport_c/common_unique_msgs/msg/custom_imu__type_support.cpp.o[0m
[ 53%] [32mBuilding CXX object CMakeFiles/common_unique_msgs__rosidl_typesupport_c.dir/rosidl_typesupport_c/common_unique_msgs/msg/custom_gnss__type_support.cpp.o[0m
[ 57%] [32mBuilding C object CMakeFiles/common_unique_msgs__rosidl_typesupport_introspection_c.dir/rosidl_typesupport_introspection_c/common_unique_msgs/msg/detail/uni_header__type_support.c.o[0m
[ 57%] [32mBuilding C object CMakeFiles/common_unique_msgs__rosidl_typesupport_introspection_c.dir/rosidl_typesupport_introspection_c/common_unique_msgs/msg/detail/location__type_support.c.o[0m
[ 58%] [32mBuilding C object CMakeFiles/common_unique_msgs__rosidl_typesupport_introspection_c.dir/rosidl_typesupport_introspection_c/common_unique_msgs/msg/detail/location_initial__type_support.c.o[0m
[ 61%] [32mBuilding C object CMakeFiles/common_unique_msgs__rosidl_typesupport_introspection_c.dir/rosidl_typesupport_introspection_c/common_unique_msgs/msg/detail/custom_imu__type_support.c.o[0m
[ 61%] [32mBuilding C object CMakeFiles/common_unique_msgs__rosidl_typesupport_introspection_c.dir/rosidl_typesupport_introspection_c/common_unique_msgs/msg/detail/custom_gnss__type_support.c.o[0m
[ 63%] [32m[1mLinking CXX shared library libcommon_unique_msgs__rosidl_typesupport_c.so[0m
[ 65%] [32mBuilding CXX object CMakeFiles/common_unique_msgs__rosidl_typesupport_fastrtps_c.dir/rosidl_typesupport_fastrtps_c/common_unique_msgs/msg/detail/uni_header__type_support_c.cpp.o[0m
[ 66%] [32mBuilding CXX object CMakeFiles/common_unique_msgs__rosidl_typesupport_fastrtps_c.dir/rosidl_typesupport_fastrtps_c/common_unique_msgs/msg/detail/location_initial__type_support_c.cpp.o[0m
[ 68%] [32mBuilding CXX object CMakeFiles/common_unique_msgs__rosidl_typesupport_fastrtps_c.dir/rosidl_typesupport_fastrtps_c/common_unique_msgs/msg/detail/location__type_support_c.cpp.o[0m
[ 69%] [32mBuilding CXX object CMakeFiles/common_unique_msgs__rosidl_typesupport_fastrtps_c.dir/rosidl_typesupport_fastrtps_c/common_unique_msgs/msg/detail/custom_gnss__type_support_c.cpp.o[0m
[ 71%] [32mBuilding CXX object CMakeFiles/common_unique_msgs__rosidl_typesupport_fastrtps_c.dir/rosidl_typesupport_fastrtps_c/common_unique_msgs/msg/detail/custom_imu__type_support_c.cpp.o[0m
[ 73%] [32m[1mLinking C shared library libcommon_unique_msgs__rosidl_typesupport_introspection_c.so[0m
[ 73%] Built target common_unique_msgs__rosidl_typesupport_c
[ 73%] Built target common_unique_msgs__rosidl_typesupport_introspection_c
[ 74%] [32m[1mLinking CXX shared library libcommon_unique_msgs__rosidl_typesupport_cpp.so[0m
[ 74%] Built target common_unique_msgs__rosidl_typesupport_cpp
[ 76%] [32m[1mLinking CXX shared library libcommon_unique_msgs__rosidl_typesupport_introspection_cpp.so[0m
[ 76%] Built target common_unique_msgs__rosidl_typesupport_introspection_cpp
[ 77%] [32m[1mLinking CXX shared library libcommon_unique_msgs__rosidl_typesupport_fastrtps_cpp.so[0m
[ 79%] [32m[1mLinking CXX shared library libcommon_unique_msgs__rosidl_typesupport_fastrtps_c.so[0m
[ 79%] Built target common_unique_msgs__rosidl_typesupport_fastrtps_cpp
[ 79%] Built target common_unique_msgs__rosidl_typesupport_fastrtps_c
[ 79%] Built target common_unique_msgs
[ 80%] [34m[1mGenerating Python code for ROS interfaces[0m
[ 80%] Built target common_unique_msgs__py
[ 82%] [32mBuilding C object CMakeFiles/common_unique_msgs__rosidl_generator_py.dir/rosidl_generator_py/common_unique_msgs/msg/_uni_header_s.c.o[0m
[ 84%] [32mBuilding C object CMakeFiles/common_unique_msgs__rosidl_generator_py.dir/rosidl_generator_py/common_unique_msgs/msg/_location_initial_s.c.o[0m
[ 85%] [32mBuilding C object CMakeFiles/common_unique_msgs__rosidl_generator_py.dir/rosidl_generator_py/common_unique_msgs/msg/_custom_gnss_s.c.o[0m
[ 87%] [32mBuilding C object CMakeFiles/common_unique_msgs__rosidl_generator_py.dir/rosidl_generator_py/common_unique_msgs/msg/_location_s.c.o[0m
[ 88%] [32mBuilding C object CMakeFiles/common_unique_msgs__rosidl_generator_py.dir/rosidl_generator_py/common_unique_msgs/msg/_custom_imu_s.c.o[0m
[ 90%] [32m[1mLinking C shared library rosidl_generator_py/common_unique_msgs/libcommon_unique_msgs__rosidl_generator_py.so[0m
[ 90%] Built target common_unique_msgs__rosidl_generator_py
[ 92%] [32mBuilding C object CMakeFiles/common_unique_msgs__rosidl_typesupport_introspection_c__pyext.dir/rosidl_generator_py/common_unique_msgs/_common_unique_msgs_s.ep.rosidl_typesupport_introspection_c.c.o[0m
[ 93%] [32mBuilding C object CMakeFiles/common_unique_msgs__rosidl_typesupport_fastrtps_c__pyext.dir/rosidl_generator_py/common_unique_msgs/_common_unique_msgs_s.ep.rosidl_typesupport_fastrtps_c.c.o[0m
[ 95%] [32mBuilding C object CMakeFiles/common_unique_msgs__rosidl_typesupport_c__pyext.dir/rosidl_generator_py/common_unique_msgs/_common_unique_msgs_s.ep.rosidl_typesupport_c.c.o[0m
[ 96%] [32m[1mLinking C shared library rosidl_generator_py/common_unique_msgs/common_unique_msgs_s__rosidl_typesupport_introspection_c.cpython-310-x86_64-linux-gnu.so[0m
[ 98%] [32m[1mLinking C shared library rosidl_generator_py/common_unique_msgs/common_unique_msgs_s__rosidl_typesupport_fastrtps_c.cpython-310-x86_64-linux-gnu.so[0m
[100%] [32m[1mLinking C shared library rosidl_generator_py/common_unique_msgs/common_unique_msgs_s__rosidl_typesupport_c.cpython-310-x86_64-linux-gnu.so[0m
[100%] Built target common_unique_msgs__rosidl_typesupport_introspection_c__pyext
[100%] Built target common_unique_msgs__rosidl_typesupport_fastrtps_c__pyext
[100%] Built target common_unique_msgs__rosidl_typesupport_c__pyext
-- Install configuration: ""
-- Installing: /workspace/ros2_yolo/src/sensor_driver/install/common_unique_msgs/share/ament_index/resource_index/rosidl_interfaces/common_unique_msgs
-- Installing: /workspace/ros2_yolo/src/sensor_driver/install/common_unique_msgs/include/common_unique_msgs/common_unique_msgs
-- Installing: /workspace/ros2_yolo/src/sensor_driver/install/common_unique_msgs/include/common_unique_msgs/common_unique_msgs/msg
-- Installing: /workspace/ros2_yolo/src/sensor_driver/install/common_unique_msgs/include/common_unique_msgs/common_unique_msgs/msg/location.h
-- Installing: /workspace/ros2_yolo/src/sensor_driver/install/common_unique_msgs/include/common_unique_msgs/common_unique_msgs/msg/custom_imu.h
-- Installing: /workspace/ros2_yolo/src/sensor_driver/install/common_unique_msgs/include/common_unique_msgs/common_unique_msgs/msg/uni_header.h
-- Installing: /workspace/ros2_yolo/src/sensor_driver/install/common_unique_msgs/include/common_unique_msgs/common_unique_msgs/msg/rosidl_generator_c__visibility_control.h
-- Installing: /workspace/ros2_yolo/src/sensor_driver/install/common_unique_msgs/include/common_unique_msgs/common_unique_msgs/msg/custom_gnss.h
-- Installing: /workspace/ros2_yolo/src/sensor_driver/install/common_unique_msgs/include/common_unique_msgs/common_unique_msgs/msg/location_initial.h
-- Installing: /workspace/ros2_yolo/src/sensor_driver/install/common_unique_msgs/include/common_unique_msgs/common_unique_msgs/msg/detail
-- Installing: /workspace/ros2_yolo/src/sensor_driver/install/common_unique_msgs/include/common_unique_msgs/common_unique_msgs/msg/detail/custom_imu__functions.c
-- Installing: /workspace/ros2_yolo/src/sensor_driver/install/common_unique_msgs/include/common_unique_msgs/common_unique_msgs/msg/detail/custom_imu__type_support.h
-- Installing: /workspace/ros2_yolo/src/sensor_driver/install/common_unique_msgs/include/common_unique_msgs/common_unique_msgs/msg/detail/location_initial__struct.h
-- Installing: /workspace/ros2_yolo/src/sensor_driver/install/common_unique_msgs/include/common_unique_msgs/common_unique_msgs/msg/detail/custom_imu__functions.h
-- Installing: /workspace/ros2_yolo/src/sensor_driver/install/common_unique_msgs/include/common_unique_msgs/common_unique_msgs/msg/detail/custom_gnss__functions.c
-- Installing: /workspace/ros2_yolo/src/sensor_driver/install/common_unique_msgs/include/common_unique_msgs/common_unique_msgs/msg/detail/custom_gnss__functions.h
-- Installing: /workspace/ros2_yolo/src/sensor_driver/install/common_unique_msgs/include/common_unique_msgs/common_unique_msgs/msg/detail/location__functions.c
-- Installing: /workspace/ros2_yolo/src/sensor_driver/install/common_unique_msgs/include/common_unique_msgs/common_unique_msgs/msg/detail/location__type_support.h
-- Installing: /workspace/ros2_yolo/src/sensor_driver/install/common_unique_msgs/include/common_unique_msgs/common_unique_msgs/msg/detail/custom_gnss__type_support.h
-- Installing: /workspace/ros2_yolo/src/sensor_driver/install/common_unique_msgs/include/common_unique_msgs/common_unique_msgs/msg/detail/uni_header__functions.h
-- Installing: /workspace/ros2_yolo/src/sensor_driver/install/common_unique_msgs/include/common_unique_msgs/common_unique_msgs/msg/detail/location_initial__functions.c
-- Installing: /workspace/ros2_yolo/src/sensor_driver/install/common_unique_msgs/include/common_unique_msgs/common_unique_msgs/msg/detail/location_initial__type_support.h
-- Installing: /workspace/ros2_yolo/src/sensor_driver/install/common_unique_msgs/include/common_unique_msgs/common_unique_msgs/msg/detail/uni_header__functions.c
-- Installing: /workspace/ros2_yolo/src/sensor_driver/install/common_unique_msgs/include/common_unique_msgs/common_unique_msgs/msg/detail/custom_gnss__struct.h
-- Installing: /workspace/ros2_yolo/src/sensor_driver/install/common_unique_msgs/include/common_unique_msgs/common_unique_msgs/msg/detail/uni_header__type_support.h
-- Installing: /workspace/ros2_yolo/src/sensor_driver/install/common_unique_msgs/include/common_unique_msgs/common_unique_msgs/msg/detail/uni_header__struct.h
-- Installing: /workspace/ros2_yolo/src/sensor_driver/install/common_unique_msgs/include/common_unique_msgs/common_unique_msgs/msg/detail/location__functions.h
-- Installing: /workspace/ros2_yolo/src/sensor_driver/install/common_unique_msgs/include/common_unique_msgs/common_unique_msgs/msg/detail/location__struct.h
-- Installing: /workspace/ros2_yolo/src/sensor_driver/install/common_unique_msgs/include/common_unique_msgs/common_unique_msgs/msg/detail/custom_imu__struct.h
-- Installing: /workspace/ros2_yolo/src/sensor_driver/install/common_unique_msgs/include/common_unique_msgs/common_unique_msgs/msg/detail/location_initial__functions.h
-- Installing: /workspace/ros2_yolo/src/sensor_driver/install/common_unique_msgs/share/common_unique_msgs/environment/library_path.sh
-- Installing: /workspace/ros2_yolo/src/sensor_driver/install/common_unique_msgs/share/common_unique_msgs/environment/library_path.dsv
-- Installing: /workspace/ros2_yolo/src/sensor_driver/install/common_unique_msgs/lib/libcommon_unique_msgs__rosidl_generator_c.so
-- Set runtime path of "/workspace/ros2_yolo/src/sensor_driver/install/common_unique_msgs/lib/libcommon_unique_msgs__rosidl_generator_c.so" to ""
-- Up-to-date: /workspace/ros2_yolo/src/sensor_driver/install/common_unique_msgs/include/common_unique_msgs/common_unique_msgs
-- Up-to-date: /workspace/ros2_yolo/src/sensor_driver/install/common_unique_msgs/include/common_unique_msgs/common_unique_msgs/msg
-- Installing: /workspace/ros2_yolo/src/sensor_driver/install/common_unique_msgs/include/common_unique_msgs/common_unique_msgs/msg/rosidl_typesupport_fastrtps_c__visibility_control.h
-- Up-to-date: /workspace/ros2_yolo/src/sensor_driver/install/common_unique_msgs/include/common_unique_msgs/common_unique_msgs/msg/detail
-- Installing: /workspace/ros2_yolo/src/sensor_driver/install/common_unique_msgs/include/common_unique_msgs/common_unique_msgs/msg/detail/location_initial__rosidl_typesupport_fastrtps_c.h
-- Installing: /workspace/ros2_yolo/src/sensor_driver/install/common_unique_msgs/include/common_unique_msgs/common_unique_msgs/msg/detail/location__rosidl_typesupport_fastrtps_c.h
-- Installing: /workspace/ros2_yolo/src/sensor_driver/install/common_unique_msgs/include/common_unique_msgs/common_unique_msgs/msg/detail/custom_gnss__rosidl_typesupport_fastrtps_c.h
-- Installing: /workspace/ros2_yolo/src/sensor_driver/install/common_unique_msgs/include/common_unique_msgs/common_unique_msgs/msg/detail/custom_imu__rosidl_typesupport_fastrtps_c.h
-- Installing: /workspace/ros2_yolo/src/sensor_driver/install/common_unique_msgs/include/common_unique_msgs/common_unique_msgs/msg/detail/uni_header__rosidl_typesupport_fastrtps_c.h
-- Installing: /workspace/ros2_yolo/src/sensor_driver/install/common_unique_msgs/lib/libcommon_unique_msgs__rosidl_typesupport_fastrtps_c.so
-- Set runtime path of "/workspace/ros2_yolo/src/sensor_driver/install/common_unique_msgs/lib/libcommon_unique_msgs__rosidl_typesupport_fastrtps_c.so" to ""
-- Up-to-date: /workspace/ros2_yolo/src/sensor_driver/install/common_unique_msgs/include/common_unique_msgs/common_unique_msgs
-- Up-to-date: /workspace/ros2_yolo/src/sensor_driver/install/common_unique_msgs/include/common_unique_msgs/common_unique_msgs/msg
-- Up-to-date: /workspace/ros2_yolo/src/sensor_driver/install/common_unique_msgs/include/common_unique_msgs/common_unique_msgs/msg/detail
-- Installing: /workspace/ros2_yolo/src/sensor_driver/install/common_unique_msgs/include/common_unique_msgs/common_unique_msgs/msg/detail/custom_gnss__rosidl_typesupport_introspection_c.h
-- Installing: /workspace/ros2_yolo/src/sensor_driver/install/common_unique_msgs/include/common_unique_msgs/common_unique_msgs/msg/detail/uni_header__rosidl_typesupport_introspection_c.h
-- Installing: /workspace/ros2_yolo/src/sensor_driver/install/common_unique_msgs/include/common_unique_msgs/common_unique_msgs/msg/detail/location_initial__type_support.c
-- Installing: /workspace/ros2_yolo/src/sensor_driver/install/common_unique_msgs/include/common_unique_msgs/common_unique_msgs/msg/detail/custom_imu__type_support.c
-- Installing: /workspace/ros2_yolo/src/sensor_driver/install/common_unique_msgs/include/common_unique_msgs/common_unique_msgs/msg/detail/uni_header__type_support.c
-- Installing: /workspace/ros2_yolo/src/sensor_driver/install/common_unique_msgs/include/common_unique_msgs/common_unique_msgs/msg/detail/location_initial__rosidl_typesupport_introspection_c.h
-- Installing: /workspace/ros2_yolo/src/sensor_driver/install/common_unique_msgs/include/common_unique_msgs/common_unique_msgs/msg/detail/custom_gnss__type_support.c
-- Installing: /workspace/ros2_yolo/src/sensor_driver/install/common_unique_msgs/include/common_unique_msgs/common_unique_msgs/msg/detail/location__rosidl_typesupport_introspection_c.h
-- Installing: /workspace/ros2_yolo/src/sensor_driver/install/common_unique_msgs/include/common_unique_msgs/common_unique_msgs/msg/detail/location__type_support.c
-- Installing: /workspace/ros2_yolo/src/sensor_driver/install/common_unique_msgs/include/common_unique_msgs/common_unique_msgs/msg/detail/custom_imu__rosidl_typesupport_introspection_c.h
-- Installing: /workspace/ros2_yolo/src/sensor_driver/install/common_unique_msgs/include/common_unique_msgs/common_unique_msgs/msg/rosidl_typesupport_introspection_c__visibility_control.h
-- Installing: /workspace/ros2_yolo/src/sensor_driver/install/common_unique_msgs/lib/libcommon_unique_msgs__rosidl_typesupport_introspection_c.so
-- Set runtime path of "/workspace/ros2_yolo/src/sensor_driver/install/common_unique_msgs/lib/libcommon_unique_msgs__rosidl_typesupport_introspection_c.so" to ""
-- Installing: /workspace/ros2_yolo/src/sensor_driver/install/common_unique_msgs/lib/libcommon_unique_msgs__rosidl_typesupport_c.so
-- Set runtime path of "/workspace/ros2_yolo/src/sensor_driver/install/common_unique_msgs/lib/libcommon_unique_msgs__rosidl_typesupport_c.so" to ""
-- Up-to-date: /workspace/ros2_yolo/src/sensor_driver/install/common_unique_msgs/include/common_unique_msgs/common_unique_msgs
-- Up-to-date: /workspace/ros2_yolo/src/sensor_driver/install/common_unique_msgs/include/common_unique_msgs/common_unique_msgs/msg
-- Installing: /workspace/ros2_yolo/src/sensor_driver/install/common_unique_msgs/include/common_unique_msgs/common_unique_msgs/msg/custom_gnss.hpp
-- Installing: /workspace/ros2_yolo/src/sensor_driver/install/common_unique_msgs/include/common_unique_msgs/common_unique_msgs/msg/location.hpp
-- Installing: /workspace/ros2_yolo/src/sensor_driver/install/common_unique_msgs/include/common_unique_msgs/common_unique_msgs/msg/rosidl_generator_cpp__visibility_control.hpp
-- Installing: /workspace/ros2_yolo/src/sensor_driver/install/common_unique_msgs/include/common_unique_msgs/common_unique_msgs/msg/custom_imu.hpp
-- Installing: /workspace/ros2_yolo/src/sensor_driver/install/common_unique_msgs/include/common_unique_msgs/common_unique_msgs/msg/uni_header.hpp
-- Installing: /workspace/ros2_yolo/src/sensor_driver/install/common_unique_msgs/include/common_unique_msgs/common_unique_msgs/msg/location_initial.hpp
-- Up-to-date: /workspace/ros2_yolo/src/sensor_driver/install/common_unique_msgs/include/common_unique_msgs/common_unique_msgs/msg/detail
-- Installing: /workspace/ros2_yolo/src/sensor_driver/install/common_unique_msgs/include/common_unique_msgs/common_unique_msgs/msg/detail/location_initial__struct.hpp
-- Installing: /workspace/ros2_yolo/src/sensor_driver/install/common_unique_msgs/include/common_unique_msgs/common_unique_msgs/msg/detail/uni_header__builder.hpp
-- Installing: /workspace/ros2_yolo/src/sensor_driver/install/common_unique_msgs/include/common_unique_msgs/common_unique_msgs/msg/detail/custom_imu__traits.hpp
-- Installing: /workspace/ros2_yolo/src/sensor_driver/install/common_unique_msgs/include/common_unique_msgs/common_unique_msgs/msg/detail/custom_gnss__struct.hpp
-- Installing: /workspace/ros2_yolo/src/sensor_driver/install/common_unique_msgs/include/common_unique_msgs/common_unique_msgs/msg/detail/location_initial__type_support.hpp
-- Installing: /workspace/ros2_yolo/src/sensor_driver/install/common_unique_msgs/include/common_unique_msgs/common_unique_msgs/msg/detail/custom_gnss__traits.hpp
-- Installing: /workspace/ros2_yolo/src/sensor_driver/install/common_unique_msgs/include/common_unique_msgs/common_unique_msgs/msg/detail/location__traits.hpp
-- Installing: /workspace/ros2_yolo/src/sensor_driver/install/common_unique_msgs/include/common_unique_msgs/common_unique_msgs/msg/detail/location_initial__traits.hpp
-- Installing: /workspace/ros2_yolo/src/sensor_driver/install/common_unique_msgs/include/common_unique_msgs/common_unique_msgs/msg/detail/custom_gnss__type_support.hpp
-- Installing: /workspace/ros2_yolo/src/sensor_driver/install/common_unique_msgs/include/common_unique_msgs/common_unique_msgs/msg/detail/location_initial__builder.hpp
-- Installing: /workspace/ros2_yolo/src/sensor_driver/install/common_unique_msgs/include/common_unique_msgs/common_unique_msgs/msg/detail/uni_header__struct.hpp
-- Installing: /workspace/ros2_yolo/src/sensor_driver/install/common_unique_msgs/include/common_unique_msgs/common_unique_msgs/msg/detail/custom_imu__struct.hpp
-- Installing: /workspace/ros2_yolo/src/sensor_driver/install/common_unique_msgs/include/common_unique_msgs/common_unique_msgs/msg/detail/location__builder.hpp
-- Installing: /workspace/ros2_yolo/src/sensor_driver/install/common_unique_msgs/include/common_unique_msgs/common_unique_msgs/msg/detail/custom_gnss__builder.hpp
-- Installing: /workspace/ros2_yolo/src/sensor_driver/install/common_unique_msgs/include/common_unique_msgs/common_unique_msgs/msg/detail/custom_imu__type_support.hpp
-- Installing: /workspace/ros2_yolo/src/sensor_driver/install/common_unique_msgs/include/common_unique_msgs/common_unique_msgs/msg/detail/location__type_support.hpp
-- Installing: /workspace/ros2_yolo/src/sensor_driver/install/common_unique_msgs/include/common_unique_msgs/common_unique_msgs/msg/detail/custom_imu__builder.hpp
-- Installing: /workspace/ros2_yolo/src/sensor_driver/install/common_unique_msgs/include/common_unique_msgs/common_unique_msgs/msg/detail/uni_header__traits.hpp
-- Installing: /workspace/ros2_yolo/src/sensor_driver/install/common_unique_msgs/include/common_unique_msgs/common_unique_msgs/msg/detail/location__struct.hpp
-- Installing: /workspace/ros2_yolo/src/sensor_driver/install/common_unique_msgs/include/common_unique_msgs/common_unique_msgs/msg/detail/uni_header__type_support.hpp
-- Up-to-date: /workspace/ros2_yolo/src/sensor_driver/install/common_unique_msgs/include/common_unique_msgs/common_unique_msgs
-- Up-to-date: /workspace/ros2_yolo/src/sensor_driver/install/common_unique_msgs/include/common_unique_msgs/common_unique_msgs/msg
-- Installing: /workspace/ros2_yolo/src/sensor_driver/install/common_unique_msgs/include/common_unique_msgs/common_unique_msgs/msg/rosidl_typesupport_fastrtps_cpp__visibility_control.h
-- Up-to-date: /workspace/ros2_yolo/src/sensor_driver/install/common_unique_msgs/include/common_unique_msgs/common_unique_msgs/msg/detail
-- Installing: /workspace/ros2_yolo/src/sensor_driver/install/common_unique_msgs/include/common_unique_msgs/common_unique_msgs/msg/detail/uni_header__rosidl_typesupport_fastrtps_cpp.hpp
-- Installing: /workspace/ros2_yolo/src/sensor_driver/install/common_unique_msgs/include/common_unique_msgs/common_unique_msgs/msg/detail/location__rosidl_typesupport_fastrtps_cpp.hpp
-- Installing: /workspace/ros2_yolo/src/sensor_driver/install/common_unique_msgs/include/common_unique_msgs/common_unique_msgs/msg/detail/dds_fastrtps
-- Installing: /workspace/ros2_yolo/src/sensor_driver/install/common_unique_msgs/include/common_unique_msgs/common_unique_msgs/msg/detail/location_initial__rosidl_typesupport_fastrtps_cpp.hpp
-- Installing: /workspace/ros2_yolo/src/sensor_driver/install/common_unique_msgs/include/common_unique_msgs/common_unique_msgs/msg/detail/custom_imu__rosidl_typesupport_fastrtps_cpp.hpp
-- Installing: /workspace/ros2_yolo/src/sensor_driver/install/common_unique_msgs/include/common_unique_msgs/common_unique_msgs/msg/detail/custom_gnss__rosidl_typesupport_fastrtps_cpp.hpp
-- Installing: /workspace/ros2_yolo/src/sensor_driver/install/common_unique_msgs/lib/libcommon_unique_msgs__rosidl_typesupport_fastrtps_cpp.so
-- Set runtime path of "/workspace/ros2_yolo/src/sensor_driver/install/common_unique_msgs/lib/libcommon_unique_msgs__rosidl_typesupport_fastrtps_cpp.so" to ""
-- Up-to-date: /workspace/ros2_yolo/src/sensor_driver/install/common_unique_msgs/include/common_unique_msgs/common_unique_msgs
-- Up-to-date: /workspace/ros2_yolo/src/sensor_driver/install/common_unique_msgs/include/common_unique_msgs/common_unique_msgs/msg
-- Up-to-date: /workspace/ros2_yolo/src/sensor_driver/install/common_unique_msgs/include/common_unique_msgs/common_unique_msgs/msg/detail
-- Installing: /workspace/ros2_yolo/src/sensor_driver/install/common_unique_msgs/include/common_unique_msgs/common_unique_msgs/msg/detail/location__rosidl_typesupport_introspection_cpp.hpp
-- Installing: /workspace/ros2_yolo/src/sensor_driver/install/common_unique_msgs/include/common_unique_msgs/common_unique_msgs/msg/detail/uni_header__type_support.cpp
-- Installing: /workspace/ros2_yolo/src/sensor_driver/install/common_unique_msgs/include/common_unique_msgs/common_unique_msgs/msg/detail/custom_gnss__rosidl_typesupport_introspection_cpp.hpp
-- Installing: /workspace/ros2_yolo/src/sensor_driver/install/common_unique_msgs/include/common_unique_msgs/common_unique_msgs/msg/detail/uni_header__rosidl_typesupport_introspection_cpp.hpp
-- Installing: /workspace/ros2_yolo/src/sensor_driver/install/common_unique_msgs/include/common_unique_msgs/common_unique_msgs/msg/detail/location_initial__type_support.cpp
-- Installing: /workspace/ros2_yolo/src/sensor_driver/install/common_unique_msgs/include/common_unique_msgs/common_unique_msgs/msg/detail/custom_imu__rosidl_typesupport_introspection_cpp.hpp
-- Installing: /workspace/ros2_yolo/src/sensor_driver/install/common_unique_msgs/include/common_unique_msgs/common_unique_msgs/msg/detail/custom_imu__type_support.cpp
-- Installing: /workspace/ros2_yolo/src/sensor_driver/install/common_unique_msgs/include/common_unique_msgs/common_unique_msgs/msg/detail/location_initial__rosidl_typesupport_introspection_cpp.hpp
-- Installing: /workspace/ros2_yolo/src/sensor_driver/install/common_unique_msgs/include/common_unique_msgs/common_unique_msgs/msg/detail/custom_gnss__type_support.cpp
-- Installing: /workspace/ros2_yolo/src/sensor_driver/install/common_unique_msgs/include/common_unique_msgs/common_unique_msgs/msg/detail/location__type_support.cpp
-- Installing: /workspace/ros2_yolo/src/sensor_driver/install/common_unique_msgs/lib/libcommon_unique_msgs__rosidl_typesupport_introspection_cpp.so
-- Set runtime path of "/workspace/ros2_yolo/src/sensor_driver/install/common_unique_msgs/lib/libcommon_unique_msgs__rosidl_typesupport_introspection_cpp.so" to ""
-- Installing: /workspace/ros2_yolo/src/sensor_driver/install/common_unique_msgs/lib/libcommon_unique_msgs__rosidl_typesupport_cpp.so
-- Set runtime path of "/workspace/ros2_yolo/src/sensor_driver/install/common_unique_msgs/lib/libcommon_unique_msgs__rosidl_typesupport_cpp.so" to ""
-- Installing: /workspace/ros2_yolo/src/sensor_driver/install/common_unique_msgs/share/common_unique_msgs/environment/pythonpath.sh
-- Installing: /workspace/ros2_yolo/src/sensor_driver/install/common_unique_msgs/share/common_unique_msgs/environment/pythonpath.dsv
-- Installing: /workspace/ros2_yolo/src/sensor_driver/install/common_unique_msgs/local/lib/python3.10/dist-packages/common_unique_msgs-0.1.0-py3.10.egg-info
-- Installing: /workspace/ros2_yolo/src/sensor_driver/install/common_unique_msgs/local/lib/python3.10/dist-packages/common_unique_msgs-0.1.0-py3.10.egg-info/top_level.txt
-- Installing: /workspace/ros2_yolo/src/sensor_driver/install/common_unique_msgs/local/lib/python3.10/dist-packages/common_unique_msgs-0.1.0-py3.10.egg-info/SOURCES.txt
-- Installing: /workspace/ros2_yolo/src/sensor_driver/install/common_unique_msgs/local/lib/python3.10/dist-packages/common_unique_msgs-0.1.0-py3.10.egg-info/PKG-INFO
-- Installing: /workspace/ros2_yolo/src/sensor_driver/install/common_unique_msgs/local/lib/python3.10/dist-packages/common_unique_msgs-0.1.0-py3.10.egg-info/dependency_links.txt
-- Installing: /workspace/ros2_yolo/src/sensor_driver/install/common_unique_msgs/local/lib/python3.10/dist-packages/common_unique_msgs
-- Installing: /workspace/ros2_yolo/src/sensor_driver/install/common_unique_msgs/local/lib/python3.10/dist-packages/common_unique_msgs/_common_unique_msgs_s.ep.rosidl_typesupport_fastrtps_c.c
-- Installing: /workspace/ros2_yolo/src/sensor_driver/install/common_unique_msgs/local/lib/python3.10/dist-packages/common_unique_msgs/common_unique_msgs_s__rosidl_typesupport_fastrtps_c.cpython-310-x86_64-linux-gnu.so
-- Installing: /workspace/ros2_yolo/src/sensor_driver/install/common_unique_msgs/local/lib/python3.10/dist-packages/common_unique_msgs/common_unique_msgs_s__rosidl_typesupport_c.cpython-310-x86_64-linux-gnu.so
-- Installing: /workspace/ros2_yolo/src/sensor_driver/install/common_unique_msgs/local/lib/python3.10/dist-packages/common_unique_msgs/_common_unique_msgs_s.ep.rosidl_typesupport_introspection_c.c
-- Installing: /workspace/ros2_yolo/src/sensor_driver/install/common_unique_msgs/local/lib/python3.10/dist-packages/common_unique_msgs/libcommon_unique_msgs__rosidl_generator_py.so
-- Installing: /workspace/ros2_yolo/src/sensor_driver/install/common_unique_msgs/local/lib/python3.10/dist-packages/common_unique_msgs/msg
-- Installing: /workspace/ros2_yolo/src/sensor_driver/install/common_unique_msgs/local/lib/python3.10/dist-packages/common_unique_msgs/msg/_custom_imu_s.c
-- Installing: /workspace/ros2_yolo/src/sensor_driver/install/common_unique_msgs/local/lib/python3.10/dist-packages/common_unique_msgs/msg/_custom_imu.py
-- Installing: /workspace/ros2_yolo/src/sensor_driver/install/common_unique_msgs/local/lib/python3.10/dist-packages/common_unique_msgs/msg/_location_initial_s.c
-- Installing: /workspace/ros2_yolo/src/sensor_driver/install/common_unique_msgs/local/lib/python3.10/dist-packages/common_unique_msgs/msg/_custom_gnss_s.c
-- Installing: /workspace/ros2_yolo/src/sensor_driver/install/common_unique_msgs/local/lib/python3.10/dist-packages/common_unique_msgs/msg/_uni_header.py
-- Installing: /workspace/ros2_yolo/src/sensor_driver/install/common_unique_msgs/local/lib/python3.10/dist-packages/common_unique_msgs/msg/_location_initial.py
-- Installing: /workspace/ros2_yolo/src/sensor_driver/install/common_unique_msgs/local/lib/python3.10/dist-packages/common_unique_msgs/msg/__init__.py
-- Installing: /workspace/ros2_yolo/src/sensor_driver/install/common_unique_msgs/local/lib/python3.10/dist-packages/common_unique_msgs/msg/_uni_header_s.c
-- Installing: /workspace/ros2_yolo/src/sensor_driver/install/common_unique_msgs/local/lib/python3.10/dist-packages/common_unique_msgs/msg/_custom_gnss.py
-- Installing: /workspace/ros2_yolo/src/sensor_driver/install/common_unique_msgs/local/lib/python3.10/dist-packages/common_unique_msgs/msg/_location.py
-- Installing: /workspace/ros2_yolo/src/sensor_driver/install/common_unique_msgs/local/lib/python3.10/dist-packages/common_unique_msgs/msg/_location_s.c
-- Installing: /workspace/ros2_yolo/src/sensor_driver/install/common_unique_msgs/local/lib/python3.10/dist-packages/common_unique_msgs/__init__.py
-- Installing: /workspace/ros2_yolo/src/sensor_driver/install/common_unique_msgs/local/lib/python3.10/dist-packages/common_unique_msgs/_common_unique_msgs_s.ep.rosidl_typesupport_c.c
-- Installing: /workspace/ros2_yolo/src/sensor_driver/install/common_unique_msgs/local/lib/python3.10/dist-packages/common_unique_msgs/common_unique_msgs_s__rosidl_typesupport_introspection_c.cpython-310-x86_64-linux-gnu.so
Listing '/workspace/ros2_yolo/src/sensor_driver/install/common_unique_msgs/local/lib/python3.10/dist-packages/common_unique_msgs'...
Compiling '/workspace/ros2_yolo/src/sensor_driver/install/common_unique_msgs/local/lib/python3.10/dist-packages/common_unique_msgs/__init__.py'...
Listing '/workspace/ros2_yolo/src/sensor_driver/install/common_unique_msgs/local/lib/python3.10/dist-packages/common_unique_msgs/msg'...
Compiling '/workspace/ros2_yolo/src/sensor_driver/install/common_unique_msgs/local/lib/python3.10/dist-packages/common_unique_msgs/msg/__init__.py'...
Compiling '/workspace/ros2_yolo/src/sensor_driver/install/common_unique_msgs/local/lib/python3.10/dist-packages/common_unique_msgs/msg/_custom_gnss.py'...
Compiling '/workspace/ros2_yolo/src/sensor_driver/install/common_unique_msgs/local/lib/python3.10/dist-packages/common_unique_msgs/msg/_custom_imu.py'...
Compiling '/workspace/ros2_yolo/src/sensor_driver/install/common_unique_msgs/local/lib/python3.10/dist-packages/common_unique_msgs/msg/_location.py'...
Compiling '/workspace/ros2_yolo/src/sensor_driver/install/common_unique_msgs/local/lib/python3.10/dist-packages/common_unique_msgs/msg/_location_initial.py'...
Compiling '/workspace/ros2_yolo/src/sensor_driver/install/common_unique_msgs/local/lib/python3.10/dist-packages/common_unique_msgs/msg/_uni_header.py'...
-- Installing: /workspace/ros2_yolo/src/sensor_driver/install/common_unique_msgs/local/lib/python3.10/dist-packages/common_unique_msgs/common_unique_msgs_s__rosidl_typesupport_fastrtps_c.cpython-310-x86_64-linux-gnu.so
-- Set runtime path of "/workspace/ros2_yolo/src/sensor_driver/install/common_unique_msgs/local/lib/python3.10/dist-packages/common_unique_msgs/common_unique_msgs_s__rosidl_typesupport_fastrtps_c.cpython-310-x86_64-linux-gnu.so" to ""
-- Installing: /workspace/ros2_yolo/src/sensor_driver/install/common_unique_msgs/local/lib/python3.10/dist-packages/common_unique_msgs/common_unique_msgs_s__rosidl_typesupport_introspection_c.cpython-310-x86_64-linux-gnu.so
-- Set runtime path of "/workspace/ros2_yolo/src/sensor_driver/install/common_unique_msgs/local/lib/python3.10/dist-packages/common_unique_msgs/common_unique_msgs_s__rosidl_typesupport_introspection_c.cpython-310-x86_64-linux-gnu.so" to ""
-- Installing: /workspace/ros2_yolo/src/sensor_driver/install/common_unique_msgs/local/lib/python3.10/dist-packages/common_unique_msgs/common_unique_msgs_s__rosidl_typesupport_c.cpython-310-x86_64-linux-gnu.so
-- Set runtime path of "/workspace/ros2_yolo/src/sensor_driver/install/common_unique_msgs/local/lib/python3.10/dist-packages/common_unique_msgs/common_unique_msgs_s__rosidl_typesupport_c.cpython-310-x86_64-linux-gnu.so" to ""
-- Installing: /workspace/ros2_yolo/src/sensor_driver/install/common_unique_msgs/lib/libcommon_unique_msgs__rosidl_generator_py.so
-- Set runtime path of "/workspace/ros2_yolo/src/sensor_driver/install/common_unique_msgs/lib/libcommon_unique_msgs__rosidl_generator_py.so" to ""
-- Installing: /workspace/ros2_yolo/src/sensor_driver/install/common_unique_msgs/share/common_unique_msgs/msg/UniHeader.idl
-- Installing: /workspace/ros2_yolo/src/sensor_driver/install/common_unique_msgs/share/common_unique_msgs/msg/Location.idl
-- Installing: /workspace/ros2_yolo/src/sensor_driver/install/common_unique_msgs/share/common_unique_msgs/msg/LocationInitial.idl
-- Installing: /workspace/ros2_yolo/src/sensor_driver/install/common_unique_msgs/share/common_unique_msgs/msg/CustomGNSS.idl
-- Installing: /workspace/ros2_yolo/src/sensor_driver/install/common_unique_msgs/share/common_unique_msgs/msg/CustomIMU.idl
-- Installing: /workspace/ros2_yolo/src/sensor_driver/install/common_unique_msgs/share/common_unique_msgs/msg/UniHeader.msg
-- Installing: /workspace/ros2_yolo/src/sensor_driver/install/common_unique_msgs/share/common_unique_msgs/msg/Location.msg
-- Installing: /workspace/ros2_yolo/src/sensor_driver/install/common_unique_msgs/share/common_unique_msgs/msg/LocationInitial.msg
-- Installing: /workspace/ros2_yolo/src/sensor_driver/install/common_unique_msgs/share/common_unique_msgs/msg/CustomGNSS.msg
-- Installing: /workspace/ros2_yolo/src/sensor_driver/install/common_unique_msgs/share/common_unique_msgs/msg/CustomIMU.msg
-- Installing: /workspace/ros2_yolo/src/sensor_driver/install/common_unique_msgs/share/ament_index/resource_index/package_run_dependencies/common_unique_msgs
-- Installing: /workspace/ros2_yolo/src/sensor_driver/install/common_unique_msgs/share/ament_index/resource_index/parent_prefix_path/common_unique_msgs
-- Installing: /workspace/ros2_yolo/src/sensor_driver/install/common_unique_msgs/share/common_unique_msgs/environment/ament_prefix_path.sh
-- Installing: /workspace/ros2_yolo/src/sensor_driver/install/common_unique_msgs/share/common_unique_msgs/environment/ament_prefix_path.dsv
-- Installing: /workspace/ros2_yolo/src/sensor_driver/install/common_unique_msgs/share/common_unique_msgs/environment/path.sh
-- Installing: /workspace/ros2_yolo/src/sensor_driver/install/common_unique_msgs/share/common_unique_msgs/environment/path.dsv
-- Installing: /workspace/ros2_yolo/src/sensor_driver/install/common_unique_msgs/share/common_unique_msgs/local_setup.bash
-- Installing: /workspace/ros2_yolo/src/sensor_driver/install/common_unique_msgs/share/common_unique_msgs/local_setup.sh
-- Installing: /workspace/ros2_yolo/src/sensor_driver/install/common_unique_msgs/share/common_unique_msgs/local_setup.zsh
-- Installing: /workspace/ros2_yolo/src/sensor_driver/install/common_unique_msgs/share/common_unique_msgs/local_setup.dsv
-- Installing: /workspace/ros2_yolo/src/sensor_driver/install/common_unique_msgs/share/common_unique_msgs/package.dsv
-- Installing: /workspace/ros2_yolo/src/sensor_driver/install/common_unique_msgs/share/ament_index/resource_index/packages/common_unique_msgs
-- Installing: /workspace/ros2_yolo/src/sensor_driver/install/common_unique_msgs/share/common_unique_msgs/cmake/export_common_unique_msgs__rosidl_generator_cExport.cmake
-- Installing: /workspace/ros2_yolo/src/sensor_driver/install/common_unique_msgs/share/common_unique_msgs/cmake/export_common_unique_msgs__rosidl_generator_cExport-noconfig.cmake
-- Installing: /workspace/ros2_yolo/src/sensor_driver/install/common_unique_msgs/share/common_unique_msgs/cmake/export_common_unique_msgs__rosidl_typesupport_fastrtps_cExport.cmake
-- Installing: /workspace/ros2_yolo/src/sensor_driver/install/common_unique_msgs/share/common_unique_msgs/cmake/export_common_unique_msgs__rosidl_typesupport_fastrtps_cExport-noconfig.cmake
-- Installing: /workspace/ros2_yolo/src/sensor_driver/install/common_unique_msgs/share/common_unique_msgs/cmake/common_unique_msgs__rosidl_typesupport_introspection_cExport.cmake
-- Installing: /workspace/ros2_yolo/src/sensor_driver/install/common_unique_msgs/share/common_unique_msgs/cmake/common_unique_msgs__rosidl_typesupport_introspection_cExport-noconfig.cmake
-- Installing: /workspace/ros2_yolo/src/sensor_driver/install/common_unique_msgs/share/common_unique_msgs/cmake/common_unique_msgs__rosidl_typesupport_cExport.cmake
-- Installing: /workspace/ros2_yolo/src/sensor_driver/install/common_unique_msgs/share/common_unique_msgs/cmake/common_unique_msgs__rosidl_typesupport_cExport-noconfig.cmake
-- Installing: /workspace/ros2_yolo/src/sensor_driver/install/common_unique_msgs/share/common_unique_msgs/cmake/export_common_unique_msgs__rosidl_generator_cppExport.cmake
-- Installing: /workspace/ros2_yolo/src/sensor_driver/install/common_unique_msgs/share/common_unique_msgs/cmake/export_common_unique_msgs__rosidl_typesupport_fastrtps_cppExport.cmake
-- Installing: /workspace/ros2_yolo/src/sensor_driver/install/common_unique_msgs/share/common_unique_msgs/cmake/export_common_unique_msgs__rosidl_typesupport_fastrtps_cppExport-noconfig.cmake
-- Installing: /workspace/ros2_yolo/src/sensor_driver/install/common_unique_msgs/share/common_unique_msgs/cmake/common_unique_msgs__rosidl_typesupport_introspection_cppExport.cmake
-- Installing: /workspace/ros2_yolo/src/sensor_driver/install/common_unique_msgs/share/common_unique_msgs/cmake/common_unique_msgs__rosidl_typesupport_introspection_cppExport-noconfig.cmake
-- Installing: /workspace/ros2_yolo/src/sensor_driver/install/common_unique_msgs/share/common_unique_msgs/cmake/common_unique_msgs__rosidl_typesupport_cppExport.cmake
-- Installing: /workspace/ros2_yolo/src/sensor_driver/install/common_unique_msgs/share/common_unique_msgs/cmake/common_unique_msgs__rosidl_typesupport_cppExport-noconfig.cmake
-- Installing: /workspace/ros2_yolo/src/sensor_driver/install/common_unique_msgs/share/common_unique_msgs/cmake/export_common_unique_msgs__rosidl_generator_pyExport.cmake
-- Installing: /workspace/ros2_yolo/src/sensor_driver/install/common_unique_msgs/share/common_unique_msgs/cmake/export_common_unique_msgs__rosidl_generator_pyExport-noconfig.cmake
-- Installing: /workspace/ros2_yolo/src/sensor_driver/install/common_unique_msgs/share/common_unique_msgs/cmake/rosidl_cmake-extras.cmake
-- Installing: /workspace/ros2_yolo/src/sensor_driver/install/common_unique_msgs/share/common_unique_msgs/cmake/ament_cmake_export_dependencies-extras.cmake
-- Installing: /workspace/ros2_yolo/src/sensor_driver/install/common_unique_msgs/share/common_unique_msgs/cmake/ament_cmake_export_include_directories-extras.cmake
-- Installing: /workspace/ros2_yolo/src/sensor_driver/install/common_unique_msgs/share/common_unique_msgs/cmake/ament_cmake_export_libraries-extras.cmake
-- Installing: /workspace/ros2_yolo/src/sensor_driver/install/common_unique_msgs/share/common_unique_msgs/cmake/ament_cmake_export_targets-extras.cmake
-- Installing: /workspace/ros2_yolo/src/sensor_driver/install/common_unique_msgs/share/common_unique_msgs/cmake/rosidl_cmake_export_typesupport_targets-extras.cmake
-- Installing: /workspace/ros2_yolo/src/sensor_driver/install/common_unique_msgs/share/common_unique_msgs/cmake/rosidl_cmake_export_typesupport_libraries-extras.cmake
-- Installing: /workspace/ros2_yolo/src/sensor_driver/install/common_unique_msgs/share/common_unique_msgs/cmake/common_unique_msgsConfig.cmake
-- Installing: /workspace/ros2_yolo/src/sensor_driver/install/common_unique_msgs/share/common_unique_msgs/cmake/common_unique_msgsConfig-version.cmake
-- Installing: /workspace/ros2_yolo/src/sensor_driver/install/common_unique_msgs/share/common_unique_msgs/package.xml
