[0.024s] Invoking command in '/workspace/ros2_yolo/src/sensor_driver/build/common_unique_msgs': CMAKE_PREFIX_PATH=${CMAKE_PREFIX_PATH}:/workspace/ros2_yolo/install/pcdet_ros2:/workspace/ros2_yolo/install/fusiondet:/workspace/ros2_yolo/install/fusion_tracker:/opt/ros/humble /usr/bin/cmake /workspace/ros2_yolo/src/sensor_driver/src/common_unique_msgs -DCMAKE_INSTALL_PREFIX=/workspace/ros2_yolo/src/sensor_driver/install/common_unique_msgs
[0.100s] -- The C compiler identification is GNU 11.4.0
[0.168s] -- The CXX compiler identification is GNU 11.4.0
[0.176s] -- Detecting C compiler ABI info
[0.252s] -- Detecting C compiler ABI info - done
[0.263s] -- Check for working C compiler: /usr/bin/cc - skipped
[0.263s] -- Detecting C compile features
[0.263s] -- Detecting C compile features - done
[0.266s] -- Detecting CXX compiler ABI info
[0.354s] -- Detecting CXX compiler ABI info - done
[0.361s] -- Check for working CXX compiler: /usr/bin/c++ - skipped
[0.362s] -- Detecting CXX compile features
[0.362s] -- Detecting CXX compile features - done
[0.368s] -- Found ament_cmake: 1.3.12 (/opt/ros/humble/share/ament_cmake/cmake)
[0.910s] -- Found Python3: /usr/bin/python3 (found version "3.10.12") found components: Interpreter 
[1.037s] -- Found rosidl_default_generators: 1.2.0 (/opt/ros/humble/share/rosidl_default_generators/cmake)
[1.041s] -- Using all available rosidl_typesupport_c: rosidl_typesupport_fastrtps_c;rosidl_typesupport_introspection_c
[1.053s] -- Found rosidl_adapter: 3.1.8 (/opt/ros/humble/share/rosidl_adapter/cmake)
[1.108s] -- Using all available rosidl_typesupport_cpp: rosidl_typesupport_fastrtps_cpp;rosidl_typesupport_introspection_cpp
[1.152s] -- Found std_msgs: 4.9.0 (/opt/ros/humble/share/std_msgs/cmake)
[1.475s] -- Found ament_cmake_ros: 0.10.0 (/opt/ros/humble/share/ament_cmake_ros/cmake)
[1.700s] -- Using all available rosidl_typesupport_c: rosidl_typesupport_fastrtps_c;rosidl_typesupport_introspection_c
[2.006s] -- Using all available rosidl_typesupport_cpp: rosidl_typesupport_fastrtps_cpp;rosidl_typesupport_introspection_cpp
[2.041s] -- Found PythonInterp: /usr/bin/python3 (found suitable version "3.10.12", minimum required is "3.6") 
[2.048s] -- Found python_cmake_module: 0.10.0 (/opt/ros/humble/share/python_cmake_module/cmake)
[2.085s] -- Found PythonLibs: /usr/lib/x86_64-linux-gnu/libpython3.10.so (found suitable version "3.10.12", minimum required is "3.5") 
[2.085s] -- Using PYTHON_EXECUTABLE: /usr/bin/python3
[2.085s] -- Using PYTHON_INCLUDE_DIRS: /usr/include/python3.10
[2.085s] -- Using PYTHON_LIBRARIES: /usr/lib/x86_64-linux-gnu/libpython3.10.so
[2.118s] -- Found PythonExtra: .so  
[2.173s] -- Configuring done
[2.206s] -- Generating done
[2.215s] -- Build files have been written to: /workspace/ros2_yolo/src/sensor_driver/build/common_unique_msgs
[2.221s] Invoked command in '/workspace/ros2_yolo/src/sensor_driver/build/common_unique_msgs' returned '0': CMAKE_PREFIX_PATH=${CMAKE_PREFIX_PATH}:/workspace/ros2_yolo/install/pcdet_ros2:/workspace/ros2_yolo/install/fusiondet:/workspace/ros2_yolo/install/fusion_tracker:/opt/ros/humble /usr/bin/cmake /workspace/ros2_yolo/src/sensor_driver/src/common_unique_msgs -DCMAKE_INSTALL_PREFIX=/workspace/ros2_yolo/src/sensor_driver/install/common_unique_msgs
[2.224s] Invoking command in '/workspace/ros2_yolo/src/sensor_driver/build/common_unique_msgs': CMAKE_PREFIX_PATH=${CMAKE_PREFIX_PATH}:/workspace/ros2_yolo/install/pcdet_ros2:/workspace/ros2_yolo/install/fusiondet:/workspace/ros2_yolo/install/fusion_tracker:/opt/ros/humble /usr/bin/cmake --build /workspace/ros2_yolo/src/sensor_driver/build/common_unique_msgs -- -j112 -l112
[2.275s] [  1%] [34m[1mGenerating C code for ROS interfaces[0m
[2.293s] [  3%] [34m[1mGenerating C++ code for ROS interfaces[0m
[2.297s] [  3%] Built target ament_cmake_python_copy_common_unique_msgs
[2.557s] running egg_info
[2.557s] creating common_unique_msgs.egg-info
[2.557s] writing manifest file 'common_unique_msgs.egg-info/SOURCES.txt'
[2.557s] writing manifest file 'common_unique_msgs.egg-info/SOURCES.txt'
[2.588s] [  3%] Built target ament_cmake_python_build_common_unique_msgs_egg
[2.964s] [  3%] Built target common_unique_msgs__cpp
[2.970s] [  4%] [32mBuilding C object CMakeFiles/common_unique_msgs__rosidl_generator_c.dir/rosidl_generator_c/common_unique_msgs/msg/detail/uni_header__functions.c.o[0m
[2.970s] [  6%] [32mBuilding C object CMakeFiles/common_unique_msgs__rosidl_generator_c.dir/rosidl_generator_c/common_unique_msgs/msg/detail/location__functions.c.o[0m
[2.970s] [  7%] [32mBuilding C object CMakeFiles/common_unique_msgs__rosidl_generator_c.dir/rosidl_generator_c/common_unique_msgs/msg/detail/location_initial__functions.c.o[0m
[2.971s] [  9%] [32mBuilding C object CMakeFiles/common_unique_msgs__rosidl_generator_c.dir/rosidl_generator_c/common_unique_msgs/msg/detail/custom_gnss__functions.c.o[0m
[2.972s] [ 11%] [32mBuilding C object CMakeFiles/common_unique_msgs__rosidl_generator_c.dir/rosidl_generator_c/common_unique_msgs/msg/detail/custom_imu__functions.c.o[0m
[2.976s] [ 12%] [34m[1mGenerating C++ introspection for ROS interfaces[0m
[2.979s] [ 14%] [34m[1mGenerating C++ type support for eProsima Fast-RTPS[0m
[2.980s] [ 15%] [34m[1mGenerating C++ type support dispatch for ROS interfaces[0m
[3.025s] [ 17%] [32m[1mLinking C shared library libcommon_unique_msgs__rosidl_generator_c.so[0m
[3.062s] [ 17%] Built target common_unique_msgs__rosidl_generator_c
[3.074s] [ 19%] [34m[1mGenerating C introspection for ROS interfaces[0m
[3.075s] [ 20%] [34m[1mGenerating C type support dispatch for ROS interfaces[0m
[3.075s] [ 22%] [34m[1mGenerating C type support for eProsima Fast-RTPS[0m
[3.589s] [ 23%] [32mBuilding CXX object CMakeFiles/common_unique_msgs__rosidl_typesupport_cpp.dir/rosidl_typesupport_cpp/common_unique_msgs/msg/uni_header__type_support.cpp.o[0m
[3.590s] [ 26%] [32mBuilding CXX object CMakeFiles/common_unique_msgs__rosidl_typesupport_cpp.dir/rosidl_typesupport_cpp/common_unique_msgs/msg/custom_imu__type_support.cpp.o[0m
[3.590s] [ 26%] [32mBuilding CXX object CMakeFiles/common_unique_msgs__rosidl_typesupport_cpp.dir/rosidl_typesupport_cpp/common_unique_msgs/msg/location_initial__type_support.cpp.o[0m
[3.590s] [ 30%] [32mBuilding CXX object CMakeFiles/common_unique_msgs__rosidl_typesupport_cpp.dir/rosidl_typesupport_cpp/common_unique_msgs/msg/custom_gnss__type_support.cpp.o[0m
[3.590s] [ 30%] [32mBuilding CXX object CMakeFiles/common_unique_msgs__rosidl_typesupport_cpp.dir/rosidl_typesupport_cpp/common_unique_msgs/msg/location__type_support.cpp.o[0m
[3.610s] [ 31%] [32mBuilding CXX object CMakeFiles/common_unique_msgs__rosidl_typesupport_introspection_cpp.dir/rosidl_typesupport_introspection_cpp/common_unique_msgs/msg/detail/location__type_support.cpp.o[0m
[3.610s] [ 33%] [32mBuilding CXX object CMakeFiles/common_unique_msgs__rosidl_typesupport_introspection_cpp.dir/rosidl_typesupport_introspection_cpp/common_unique_msgs/msg/detail/uni_header__type_support.cpp.o[0m
[3.611s] [ 34%] [32mBuilding CXX object CMakeFiles/common_unique_msgs__rosidl_typesupport_introspection_cpp.dir/rosidl_typesupport_introspection_cpp/common_unique_msgs/msg/detail/custom_imu__type_support.cpp.o[0m
[3.611s] [ 36%] [32mBuilding CXX object CMakeFiles/common_unique_msgs__rosidl_typesupport_introspection_cpp.dir/rosidl_typesupport_introspection_cpp/common_unique_msgs/msg/detail/custom_gnss__type_support.cpp.o[0m
[3.612s] [ 38%] [32mBuilding CXX object CMakeFiles/common_unique_msgs__rosidl_typesupport_introspection_cpp.dir/rosidl_typesupport_introspection_cpp/common_unique_msgs/msg/detail/location_initial__type_support.cpp.o[0m
[3.665s] [ 41%] [32mBuilding CXX object CMakeFiles/common_unique_msgs__rosidl_typesupport_fastrtps_cpp.dir/rosidl_typesupport_fastrtps_cpp/common_unique_msgs/msg/detail/dds_fastrtps/location__type_support.cpp.o[0m
[3.665s] [ 41%] [32mBuilding CXX object CMakeFiles/common_unique_msgs__rosidl_typesupport_fastrtps_cpp.dir/rosidl_typesupport_fastrtps_cpp/common_unique_msgs/msg/detail/dds_fastrtps/uni_header__type_support.cpp.o[0m
[3.667s] [ 44%] [32mBuilding CXX object CMakeFiles/common_unique_msgs__rosidl_typesupport_fastrtps_cpp.dir/rosidl_typesupport_fastrtps_cpp/common_unique_msgs/msg/detail/dds_fastrtps/location_initial__type_support.cpp.o[0m
[3.667s] [ 44%] [32mBuilding CXX object CMakeFiles/common_unique_msgs__rosidl_typesupport_fastrtps_cpp.dir/rosidl_typesupport_fastrtps_cpp/common_unique_msgs/msg/detail/dds_fastrtps/custom_gnss__type_support.cpp.o[0m
[3.667s] [ 46%] [32mBuilding CXX object CMakeFiles/common_unique_msgs__rosidl_typesupport_fastrtps_cpp.dir/rosidl_typesupport_fastrtps_cpp/common_unique_msgs/msg/detail/dds_fastrtps/custom_imu__type_support.cpp.o[0m
[3.684s] [ 49%] [32mBuilding CXX object CMakeFiles/common_unique_msgs__rosidl_typesupport_c.dir/rosidl_typesupport_c/common_unique_msgs/msg/location_initial__type_support.cpp.o[0m
[3.684s] [ 49%] [32mBuilding CXX object CMakeFiles/common_unique_msgs__rosidl_typesupport_c.dir/rosidl_typesupport_c/common_unique_msgs/msg/uni_header__type_support.cpp.o[0m
[3.685s] [ 50%] [32mBuilding CXX object CMakeFiles/common_unique_msgs__rosidl_typesupport_c.dir/rosidl_typesupport_c/common_unique_msgs/msg/location__type_support.cpp.o[0m
[3.685s] [ 52%] [32mBuilding CXX object CMakeFiles/common_unique_msgs__rosidl_typesupport_c.dir/rosidl_typesupport_c/common_unique_msgs/msg/custom_imu__type_support.cpp.o[0m
[3.685s] [ 53%] [32mBuilding CXX object CMakeFiles/common_unique_msgs__rosidl_typesupport_c.dir/rosidl_typesupport_c/common_unique_msgs/msg/custom_gnss__type_support.cpp.o[0m
[3.730s] [ 57%] [32mBuilding C object CMakeFiles/common_unique_msgs__rosidl_typesupport_introspection_c.dir/rosidl_typesupport_introspection_c/common_unique_msgs/msg/detail/uni_header__type_support.c.o[0m
[3.730s] [ 57%] [32mBuilding C object CMakeFiles/common_unique_msgs__rosidl_typesupport_introspection_c.dir/rosidl_typesupport_introspection_c/common_unique_msgs/msg/detail/location__type_support.c.o[0m
[3.730s] [ 58%] [32mBuilding C object CMakeFiles/common_unique_msgs__rosidl_typesupport_introspection_c.dir/rosidl_typesupport_introspection_c/common_unique_msgs/msg/detail/location_initial__type_support.c.o[0m
[3.731s] [ 61%] [32mBuilding C object CMakeFiles/common_unique_msgs__rosidl_typesupport_introspection_c.dir/rosidl_typesupport_introspection_c/common_unique_msgs/msg/detail/custom_imu__type_support.c.o[0m
[3.731s] [ 61%] [32mBuilding C object CMakeFiles/common_unique_msgs__rosidl_typesupport_introspection_c.dir/rosidl_typesupport_introspection_c/common_unique_msgs/msg/detail/custom_gnss__type_support.c.o[0m
[3.732s] [ 63%] [32m[1mLinking CXX shared library libcommon_unique_msgs__rosidl_typesupport_c.so[0m
[3.754s] [ 65%] [32mBuilding CXX object CMakeFiles/common_unique_msgs__rosidl_typesupport_fastrtps_c.dir/rosidl_typesupport_fastrtps_c/common_unique_msgs/msg/detail/uni_header__type_support_c.cpp.o[0m
[3.754s] [ 66%] [32mBuilding CXX object CMakeFiles/common_unique_msgs__rosidl_typesupport_fastrtps_c.dir/rosidl_typesupport_fastrtps_c/common_unique_msgs/msg/detail/location_initial__type_support_c.cpp.o[0m
[3.754s] [ 68%] [32mBuilding CXX object CMakeFiles/common_unique_msgs__rosidl_typesupport_fastrtps_c.dir/rosidl_typesupport_fastrtps_c/common_unique_msgs/msg/detail/location__type_support_c.cpp.o[0m
[3.755s] [ 69%] [32mBuilding CXX object CMakeFiles/common_unique_msgs__rosidl_typesupport_fastrtps_c.dir/rosidl_typesupport_fastrtps_c/common_unique_msgs/msg/detail/custom_gnss__type_support_c.cpp.o[0m
[3.755s] [ 71%] [32mBuilding CXX object CMakeFiles/common_unique_msgs__rosidl_typesupport_fastrtps_c.dir/rosidl_typesupport_fastrtps_c/common_unique_msgs/msg/detail/custom_imu__type_support_c.cpp.o[0m
[3.777s] [ 73%] [32m[1mLinking C shared library libcommon_unique_msgs__rosidl_typesupport_introspection_c.so[0m
[3.783s] [ 73%] Built target common_unique_msgs__rosidl_typesupport_c
[3.820s] [ 73%] Built target common_unique_msgs__rosidl_typesupport_introspection_c
[3.822s] [ 74%] [32m[1mLinking CXX shared library libcommon_unique_msgs__rosidl_typesupport_cpp.so[0m
[3.861s] [ 74%] Built target common_unique_msgs__rosidl_typesupport_cpp
[3.953s] [ 76%] [32m[1mLinking CXX shared library libcommon_unique_msgs__rosidl_typesupport_introspection_cpp.so[0m
[4.017s] [ 76%] Built target common_unique_msgs__rosidl_typesupport_introspection_cpp
[4.025s] [ 77%] [32m[1mLinking CXX shared library libcommon_unique_msgs__rosidl_typesupport_fastrtps_cpp.so[0m
[4.044s] [ 79%] [32m[1mLinking CXX shared library libcommon_unique_msgs__rosidl_typesupport_fastrtps_c.so[0m
[4.103s] [ 79%] Built target common_unique_msgs__rosidl_typesupport_fastrtps_cpp
[4.119s] [ 79%] Built target common_unique_msgs__rosidl_typesupport_fastrtps_c
[4.143s] [ 79%] Built target common_unique_msgs
[4.167s] [ 80%] [34m[1mGenerating Python code for ROS interfaces[0m
[5.340s] [ 80%] Built target common_unique_msgs__py
[5.366s] [ 82%] [32mBuilding C object CMakeFiles/common_unique_msgs__rosidl_generator_py.dir/rosidl_generator_py/common_unique_msgs/msg/_uni_header_s.c.o[0m
[5.367s] [ 84%] [32mBuilding C object CMakeFiles/common_unique_msgs__rosidl_generator_py.dir/rosidl_generator_py/common_unique_msgs/msg/_location_initial_s.c.o[0m
[5.368s] [ 85%] [32mBuilding C object CMakeFiles/common_unique_msgs__rosidl_generator_py.dir/rosidl_generator_py/common_unique_msgs/msg/_custom_gnss_s.c.o[0m
[5.369s] [ 87%] [32mBuilding C object CMakeFiles/common_unique_msgs__rosidl_generator_py.dir/rosidl_generator_py/common_unique_msgs/msg/_location_s.c.o[0m
[5.369s] [ 88%] [32mBuilding C object CMakeFiles/common_unique_msgs__rosidl_generator_py.dir/rosidl_generator_py/common_unique_msgs/msg/_custom_imu_s.c.o[0m
[5.470s] [ 90%] [32m[1mLinking C shared library rosidl_generator_py/common_unique_msgs/libcommon_unique_msgs__rosidl_generator_py.so[0m
[5.517s] [ 90%] Built target common_unique_msgs__rosidl_generator_py
[5.540s] [ 92%] [32mBuilding C object CMakeFiles/common_unique_msgs__rosidl_typesupport_introspection_c__pyext.dir/rosidl_generator_py/common_unique_msgs/_common_unique_msgs_s.ep.rosidl_typesupport_introspection_c.c.o[0m
[5.544s] [ 93%] [32mBuilding C object CMakeFiles/common_unique_msgs__rosidl_typesupport_fastrtps_c__pyext.dir/rosidl_generator_py/common_unique_msgs/_common_unique_msgs_s.ep.rosidl_typesupport_fastrtps_c.c.o[0m
[5.547s] [ 95%] [32mBuilding C object CMakeFiles/common_unique_msgs__rosidl_typesupport_c__pyext.dir/rosidl_generator_py/common_unique_msgs/_common_unique_msgs_s.ep.rosidl_typesupport_c.c.o[0m
[5.641s] [ 96%] [32m[1mLinking C shared library rosidl_generator_py/common_unique_msgs/common_unique_msgs_s__rosidl_typesupport_introspection_c.cpython-310-x86_64-linux-gnu.so[0m
[5.645s] [ 98%] [32m[1mLinking C shared library rosidl_generator_py/common_unique_msgs/common_unique_msgs_s__rosidl_typesupport_fastrtps_c.cpython-310-x86_64-linux-gnu.so[0m
[5.647s] [100%] [32m[1mLinking C shared library rosidl_generator_py/common_unique_msgs/common_unique_msgs_s__rosidl_typesupport_c.cpython-310-x86_64-linux-gnu.so[0m
[5.684s] [100%] Built target common_unique_msgs__rosidl_typesupport_introspection_c__pyext
[5.692s] [100%] Built target common_unique_msgs__rosidl_typesupport_fastrtps_c__pyext
[5.693s] [100%] Built target common_unique_msgs__rosidl_typesupport_c__pyext
[5.704s] Invoked command in '/workspace/ros2_yolo/src/sensor_driver/build/common_unique_msgs' returned '0': CMAKE_PREFIX_PATH=${CMAKE_PREFIX_PATH}:/workspace/ros2_yolo/install/pcdet_ros2:/workspace/ros2_yolo/install/fusiondet:/workspace/ros2_yolo/install/fusion_tracker:/opt/ros/humble /usr/bin/cmake --build /workspace/ros2_yolo/src/sensor_driver/build/common_unique_msgs -- -j112 -l112
[5.706s] Invoking command in '/workspace/ros2_yolo/src/sensor_driver/build/common_unique_msgs': CMAKE_PREFIX_PATH=${CMAKE_PREFIX_PATH}:/workspace/ros2_yolo/install/pcdet_ros2:/workspace/ros2_yolo/install/fusiondet:/workspace/ros2_yolo/install/fusion_tracker:/opt/ros/humble /usr/bin/cmake --install /workspace/ros2_yolo/src/sensor_driver/build/common_unique_msgs
[5.711s] -- Install configuration: ""
[5.711s] -- Installing: /workspace/ros2_yolo/src/sensor_driver/install/common_unique_msgs/share/ament_index/resource_index/rosidl_interfaces/common_unique_msgs
[5.712s] -- Installing: /workspace/ros2_yolo/src/sensor_driver/install/common_unique_msgs/include/common_unique_msgs/common_unique_msgs
[5.712s] -- Installing: /workspace/ros2_yolo/src/sensor_driver/install/common_unique_msgs/include/common_unique_msgs/common_unique_msgs/msg
[5.712s] -- Installing: /workspace/ros2_yolo/src/sensor_driver/install/common_unique_msgs/include/common_unique_msgs/common_unique_msgs/msg/location.h
[5.712s] -- Installing: /workspace/ros2_yolo/src/sensor_driver/install/common_unique_msgs/include/common_unique_msgs/common_unique_msgs/msg/custom_imu.h
[5.712s] -- Installing: /workspace/ros2_yolo/src/sensor_driver/install/common_unique_msgs/include/common_unique_msgs/common_unique_msgs/msg/uni_header.h
[5.712s] -- Installing: /workspace/ros2_yolo/src/sensor_driver/install/common_unique_msgs/include/common_unique_msgs/common_unique_msgs/msg/rosidl_generator_c__visibility_control.h
[5.712s] -- Installing: /workspace/ros2_yolo/src/sensor_driver/install/common_unique_msgs/include/common_unique_msgs/common_unique_msgs/msg/custom_gnss.h
[5.712s] -- Installing: /workspace/ros2_yolo/src/sensor_driver/install/common_unique_msgs/include/common_unique_msgs/common_unique_msgs/msg/location_initial.h
[5.712s] -- Installing: /workspace/ros2_yolo/src/sensor_driver/install/common_unique_msgs/include/common_unique_msgs/common_unique_msgs/msg/detail
[5.712s] -- Installing: /workspace/ros2_yolo/src/sensor_driver/install/common_unique_msgs/include/common_unique_msgs/common_unique_msgs/msg/detail/custom_imu__functions.c
[5.712s] -- Installing: /workspace/ros2_yolo/src/sensor_driver/install/common_unique_msgs/include/common_unique_msgs/common_unique_msgs/msg/detail/custom_imu__type_support.h
[5.713s] -- Installing: /workspace/ros2_yolo/src/sensor_driver/install/common_unique_msgs/include/common_unique_msgs/common_unique_msgs/msg/detail/location_initial__struct.h
[5.713s] -- Installing: /workspace/ros2_yolo/src/sensor_driver/install/common_unique_msgs/include/common_unique_msgs/common_unique_msgs/msg/detail/custom_imu__functions.h
[5.713s] -- Installing: /workspace/ros2_yolo/src/sensor_driver/install/common_unique_msgs/include/common_unique_msgs/common_unique_msgs/msg/detail/custom_gnss__functions.c
[5.713s] -- Installing: /workspace/ros2_yolo/src/sensor_driver/install/common_unique_msgs/include/common_unique_msgs/common_unique_msgs/msg/detail/custom_gnss__functions.h
[5.713s] -- Installing: /workspace/ros2_yolo/src/sensor_driver/install/common_unique_msgs/include/common_unique_msgs/common_unique_msgs/msg/detail/location__functions.c
[5.713s] -- Installing: /workspace/ros2_yolo/src/sensor_driver/install/common_unique_msgs/include/common_unique_msgs/common_unique_msgs/msg/detail/location__type_support.h
[5.713s] -- Installing: /workspace/ros2_yolo/src/sensor_driver/install/common_unique_msgs/include/common_unique_msgs/common_unique_msgs/msg/detail/custom_gnss__type_support.h
[5.713s] -- Installing: /workspace/ros2_yolo/src/sensor_driver/install/common_unique_msgs/include/common_unique_msgs/common_unique_msgs/msg/detail/uni_header__functions.h
[5.713s] -- Installing: /workspace/ros2_yolo/src/sensor_driver/install/common_unique_msgs/include/common_unique_msgs/common_unique_msgs/msg/detail/location_initial__functions.c
[5.713s] -- Installing: /workspace/ros2_yolo/src/sensor_driver/install/common_unique_msgs/include/common_unique_msgs/common_unique_msgs/msg/detail/location_initial__type_support.h
[5.713s] -- Installing: /workspace/ros2_yolo/src/sensor_driver/install/common_unique_msgs/include/common_unique_msgs/common_unique_msgs/msg/detail/uni_header__functions.c
[5.713s] -- Installing: /workspace/ros2_yolo/src/sensor_driver/install/common_unique_msgs/include/common_unique_msgs/common_unique_msgs/msg/detail/custom_gnss__struct.h
[5.713s] -- Installing: /workspace/ros2_yolo/src/sensor_driver/install/common_unique_msgs/include/common_unique_msgs/common_unique_msgs/msg/detail/uni_header__type_support.h
[5.713s] -- Installing: /workspace/ros2_yolo/src/sensor_driver/install/common_unique_msgs/include/common_unique_msgs/common_unique_msgs/msg/detail/uni_header__struct.h
[5.714s] -- Installing: /workspace/ros2_yolo/src/sensor_driver/install/common_unique_msgs/include/common_unique_msgs/common_unique_msgs/msg/detail/location__functions.h
[5.714s] -- Installing: /workspace/ros2_yolo/src/sensor_driver/install/common_unique_msgs/include/common_unique_msgs/common_unique_msgs/msg/detail/location__struct.h
[5.714s] -- Installing: /workspace/ros2_yolo/src/sensor_driver/install/common_unique_msgs/include/common_unique_msgs/common_unique_msgs/msg/detail/custom_imu__struct.h
[5.714s] -- Installing: /workspace/ros2_yolo/src/sensor_driver/install/common_unique_msgs/include/common_unique_msgs/common_unique_msgs/msg/detail/location_initial__functions.h
[5.714s] -- Installing: /workspace/ros2_yolo/src/sensor_driver/install/common_unique_msgs/share/common_unique_msgs/environment/library_path.sh
[5.714s] -- Installing: /workspace/ros2_yolo/src/sensor_driver/install/common_unique_msgs/share/common_unique_msgs/environment/library_path.dsv
[5.714s] -- Installing: /workspace/ros2_yolo/src/sensor_driver/install/common_unique_msgs/lib/libcommon_unique_msgs__rosidl_generator_c.so
[5.714s] -- Set runtime path of "/workspace/ros2_yolo/src/sensor_driver/install/common_unique_msgs/lib/libcommon_unique_msgs__rosidl_generator_c.so" to ""
[5.714s] -- Up-to-date: /workspace/ros2_yolo/src/sensor_driver/install/common_unique_msgs/include/common_unique_msgs/common_unique_msgs
[5.714s] -- Up-to-date: /workspace/ros2_yolo/src/sensor_driver/install/common_unique_msgs/include/common_unique_msgs/common_unique_msgs/msg
[5.714s] -- Installing: /workspace/ros2_yolo/src/sensor_driver/install/common_unique_msgs/include/common_unique_msgs/common_unique_msgs/msg/rosidl_typesupport_fastrtps_c__visibility_control.h
[5.714s] -- Up-to-date: /workspace/ros2_yolo/src/sensor_driver/install/common_unique_msgs/include/common_unique_msgs/common_unique_msgs/msg/detail
[5.715s] -- Installing: /workspace/ros2_yolo/src/sensor_driver/install/common_unique_msgs/include/common_unique_msgs/common_unique_msgs/msg/detail/location_initial__rosidl_typesupport_fastrtps_c.h
[5.715s] -- Installing: /workspace/ros2_yolo/src/sensor_driver/install/common_unique_msgs/include/common_unique_msgs/common_unique_msgs/msg/detail/location__rosidl_typesupport_fastrtps_c.h
[5.715s] -- Installing: /workspace/ros2_yolo/src/sensor_driver/install/common_unique_msgs/include/common_unique_msgs/common_unique_msgs/msg/detail/custom_gnss__rosidl_typesupport_fastrtps_c.h
[5.715s] -- Installing: /workspace/ros2_yolo/src/sensor_driver/install/common_unique_msgs/include/common_unique_msgs/common_unique_msgs/msg/detail/custom_imu__rosidl_typesupport_fastrtps_c.h
[5.715s] -- Installing: /workspace/ros2_yolo/src/sensor_driver/install/common_unique_msgs/include/common_unique_msgs/common_unique_msgs/msg/detail/uni_header__rosidl_typesupport_fastrtps_c.h
[5.715s] -- Installing: /workspace/ros2_yolo/src/sensor_driver/install/common_unique_msgs/lib/libcommon_unique_msgs__rosidl_typesupport_fastrtps_c.so
[5.715s] -- Set runtime path of "/workspace/ros2_yolo/src/sensor_driver/install/common_unique_msgs/lib/libcommon_unique_msgs__rosidl_typesupport_fastrtps_c.so" to ""
[5.715s] -- Up-to-date: /workspace/ros2_yolo/src/sensor_driver/install/common_unique_msgs/include/common_unique_msgs/common_unique_msgs
[5.715s] -- Up-to-date: /workspace/ros2_yolo/src/sensor_driver/install/common_unique_msgs/include/common_unique_msgs/common_unique_msgs/msg
[5.715s] -- Up-to-date: /workspace/ros2_yolo/src/sensor_driver/install/common_unique_msgs/include/common_unique_msgs/common_unique_msgs/msg/detail
[5.715s] -- Installing: /workspace/ros2_yolo/src/sensor_driver/install/common_unique_msgs/include/common_unique_msgs/common_unique_msgs/msg/detail/custom_gnss__rosidl_typesupport_introspection_c.h
[5.715s] -- Installing: /workspace/ros2_yolo/src/sensor_driver/install/common_unique_msgs/include/common_unique_msgs/common_unique_msgs/msg/detail/uni_header__rosidl_typesupport_introspection_c.h
[5.715s] -- Installing: /workspace/ros2_yolo/src/sensor_driver/install/common_unique_msgs/include/common_unique_msgs/common_unique_msgs/msg/detail/location_initial__type_support.c
[5.715s] -- Installing: /workspace/ros2_yolo/src/sensor_driver/install/common_unique_msgs/include/common_unique_msgs/common_unique_msgs/msg/detail/custom_imu__type_support.c
[5.715s] -- Installing: /workspace/ros2_yolo/src/sensor_driver/install/common_unique_msgs/include/common_unique_msgs/common_unique_msgs/msg/detail/uni_header__type_support.c
[5.715s] -- Installing: /workspace/ros2_yolo/src/sensor_driver/install/common_unique_msgs/include/common_unique_msgs/common_unique_msgs/msg/detail/location_initial__rosidl_typesupport_introspection_c.h
[5.715s] -- Installing: /workspace/ros2_yolo/src/sensor_driver/install/common_unique_msgs/include/common_unique_msgs/common_unique_msgs/msg/detail/custom_gnss__type_support.c
[5.715s] -- Installing: /workspace/ros2_yolo/src/sensor_driver/install/common_unique_msgs/include/common_unique_msgs/common_unique_msgs/msg/detail/location__rosidl_typesupport_introspection_c.h
[5.715s] -- Installing: /workspace/ros2_yolo/src/sensor_driver/install/common_unique_msgs/include/common_unique_msgs/common_unique_msgs/msg/detail/location__type_support.c
[5.715s] -- Installing: /workspace/ros2_yolo/src/sensor_driver/install/common_unique_msgs/include/common_unique_msgs/common_unique_msgs/msg/detail/custom_imu__rosidl_typesupport_introspection_c.h
[5.715s] -- Installing: /workspace/ros2_yolo/src/sensor_driver/install/common_unique_msgs/include/common_unique_msgs/common_unique_msgs/msg/rosidl_typesupport_introspection_c__visibility_control.h
[5.716s] -- Installing: /workspace/ros2_yolo/src/sensor_driver/install/common_unique_msgs/lib/libcommon_unique_msgs__rosidl_typesupport_introspection_c.so
[5.716s] -- Set runtime path of "/workspace/ros2_yolo/src/sensor_driver/install/common_unique_msgs/lib/libcommon_unique_msgs__rosidl_typesupport_introspection_c.so" to ""
[5.716s] -- Installing: /workspace/ros2_yolo/src/sensor_driver/install/common_unique_msgs/lib/libcommon_unique_msgs__rosidl_typesupport_c.so
[5.716s] -- Set runtime path of "/workspace/ros2_yolo/src/sensor_driver/install/common_unique_msgs/lib/libcommon_unique_msgs__rosidl_typesupport_c.so" to ""
[5.716s] -- Up-to-date: /workspace/ros2_yolo/src/sensor_driver/install/common_unique_msgs/include/common_unique_msgs/common_unique_msgs
[5.716s] -- Up-to-date: /workspace/ros2_yolo/src/sensor_driver/install/common_unique_msgs/include/common_unique_msgs/common_unique_msgs/msg
[5.716s] -- Installing: /workspace/ros2_yolo/src/sensor_driver/install/common_unique_msgs/include/common_unique_msgs/common_unique_msgs/msg/custom_gnss.hpp
[5.716s] -- Installing: /workspace/ros2_yolo/src/sensor_driver/install/common_unique_msgs/include/common_unique_msgs/common_unique_msgs/msg/location.hpp
[5.716s] -- Installing: /workspace/ros2_yolo/src/sensor_driver/install/common_unique_msgs/include/common_unique_msgs/common_unique_msgs/msg/rosidl_generator_cpp__visibility_control.hpp
[5.716s] -- Installing: /workspace/ros2_yolo/src/sensor_driver/install/common_unique_msgs/include/common_unique_msgs/common_unique_msgs/msg/custom_imu.hpp
[5.716s] -- Installing: /workspace/ros2_yolo/src/sensor_driver/install/common_unique_msgs/include/common_unique_msgs/common_unique_msgs/msg/uni_header.hpp
[5.716s] -- Installing: /workspace/ros2_yolo/src/sensor_driver/install/common_unique_msgs/include/common_unique_msgs/common_unique_msgs/msg/location_initial.hpp
[5.716s] -- Up-to-date: /workspace/ros2_yolo/src/sensor_driver/install/common_unique_msgs/include/common_unique_msgs/common_unique_msgs/msg/detail
[5.716s] -- Installing: /workspace/ros2_yolo/src/sensor_driver/install/common_unique_msgs/include/common_unique_msgs/common_unique_msgs/msg/detail/location_initial__struct.hpp
[5.716s] -- Installing: /workspace/ros2_yolo/src/sensor_driver/install/common_unique_msgs/include/common_unique_msgs/common_unique_msgs/msg/detail/uni_header__builder.hpp
[5.716s] -- Installing: /workspace/ros2_yolo/src/sensor_driver/install/common_unique_msgs/include/common_unique_msgs/common_unique_msgs/msg/detail/custom_imu__traits.hpp
[5.716s] -- Installing: /workspace/ros2_yolo/src/sensor_driver/install/common_unique_msgs/include/common_unique_msgs/common_unique_msgs/msg/detail/custom_gnss__struct.hpp
[5.716s] -- Installing: /workspace/ros2_yolo/src/sensor_driver/install/common_unique_msgs/include/common_unique_msgs/common_unique_msgs/msg/detail/location_initial__type_support.hpp
[5.716s] -- Installing: /workspace/ros2_yolo/src/sensor_driver/install/common_unique_msgs/include/common_unique_msgs/common_unique_msgs/msg/detail/custom_gnss__traits.hpp
[5.717s] -- Installing: /workspace/ros2_yolo/src/sensor_driver/install/common_unique_msgs/include/common_unique_msgs/common_unique_msgs/msg/detail/location__traits.hpp
[5.717s] -- Installing: /workspace/ros2_yolo/src/sensor_driver/install/common_unique_msgs/include/common_unique_msgs/common_unique_msgs/msg/detail/location_initial__traits.hpp
[5.717s] -- Installing: /workspace/ros2_yolo/src/sensor_driver/install/common_unique_msgs/include/common_unique_msgs/common_unique_msgs/msg/detail/custom_gnss__type_support.hpp
[5.717s] -- Installing: /workspace/ros2_yolo/src/sensor_driver/install/common_unique_msgs/include/common_unique_msgs/common_unique_msgs/msg/detail/location_initial__builder.hpp
[5.717s] -- Installing: /workspace/ros2_yolo/src/sensor_driver/install/common_unique_msgs/include/common_unique_msgs/common_unique_msgs/msg/detail/uni_header__struct.hpp
[5.717s] -- Installing: /workspace/ros2_yolo/src/sensor_driver/install/common_unique_msgs/include/common_unique_msgs/common_unique_msgs/msg/detail/custom_imu__struct.hpp
[5.717s] -- Installing: /workspace/ros2_yolo/src/sensor_driver/install/common_unique_msgs/include/common_unique_msgs/common_unique_msgs/msg/detail/location__builder.hpp
[5.717s] -- Installing: /workspace/ros2_yolo/src/sensor_driver/install/common_unique_msgs/include/common_unique_msgs/common_unique_msgs/msg/detail/custom_gnss__builder.hpp
[5.717s] -- Installing: /workspace/ros2_yolo/src/sensor_driver/install/common_unique_msgs/include/common_unique_msgs/common_unique_msgs/msg/detail/custom_imu__type_support.hpp
[5.717s] -- Installing: /workspace/ros2_yolo/src/sensor_driver/install/common_unique_msgs/include/common_unique_msgs/common_unique_msgs/msg/detail/location__type_support.hpp
[5.717s] -- Installing: /workspace/ros2_yolo/src/sensor_driver/install/common_unique_msgs/include/common_unique_msgs/common_unique_msgs/msg/detail/custom_imu__builder.hpp
[5.717s] -- Installing: /workspace/ros2_yolo/src/sensor_driver/install/common_unique_msgs/include/common_unique_msgs/common_unique_msgs/msg/detail/uni_header__traits.hpp
[5.717s] -- Installing: /workspace/ros2_yolo/src/sensor_driver/install/common_unique_msgs/include/common_unique_msgs/common_unique_msgs/msg/detail/location__struct.hpp
[5.717s] -- Installing: /workspace/ros2_yolo/src/sensor_driver/install/common_unique_msgs/include/common_unique_msgs/common_unique_msgs/msg/detail/uni_header__type_support.hpp
[5.717s] -- Up-to-date: /workspace/ros2_yolo/src/sensor_driver/install/common_unique_msgs/include/common_unique_msgs/common_unique_msgs
[5.717s] -- Up-to-date: /workspace/ros2_yolo/src/sensor_driver/install/common_unique_msgs/include/common_unique_msgs/common_unique_msgs/msg
[5.717s] -- Installing: /workspace/ros2_yolo/src/sensor_driver/install/common_unique_msgs/include/common_unique_msgs/common_unique_msgs/msg/rosidl_typesupport_fastrtps_cpp__visibility_control.h
[5.717s] -- Up-to-date: /workspace/ros2_yolo/src/sensor_driver/install/common_unique_msgs/include/common_unique_msgs/common_unique_msgs/msg/detail
[5.717s] -- Installing: /workspace/ros2_yolo/src/sensor_driver/install/common_unique_msgs/include/common_unique_msgs/common_unique_msgs/msg/detail/uni_header__rosidl_typesupport_fastrtps_cpp.hpp
[5.718s] -- Installing: /workspace/ros2_yolo/src/sensor_driver/install/common_unique_msgs/include/common_unique_msgs/common_unique_msgs/msg/detail/location__rosidl_typesupport_fastrtps_cpp.hpp
[5.718s] -- Installing: /workspace/ros2_yolo/src/sensor_driver/install/common_unique_msgs/include/common_unique_msgs/common_unique_msgs/msg/detail/dds_fastrtps
[5.718s] -- Installing: /workspace/ros2_yolo/src/sensor_driver/install/common_unique_msgs/include/common_unique_msgs/common_unique_msgs/msg/detail/location_initial__rosidl_typesupport_fastrtps_cpp.hpp
[5.718s] -- Installing: /workspace/ros2_yolo/src/sensor_driver/install/common_unique_msgs/include/common_unique_msgs/common_unique_msgs/msg/detail/custom_imu__rosidl_typesupport_fastrtps_cpp.hpp
[5.718s] -- Installing: /workspace/ros2_yolo/src/sensor_driver/install/common_unique_msgs/include/common_unique_msgs/common_unique_msgs/msg/detail/custom_gnss__rosidl_typesupport_fastrtps_cpp.hpp
[5.718s] -- Installing: /workspace/ros2_yolo/src/sensor_driver/install/common_unique_msgs/lib/libcommon_unique_msgs__rosidl_typesupport_fastrtps_cpp.so
[5.718s] -- Set runtime path of "/workspace/ros2_yolo/src/sensor_driver/install/common_unique_msgs/lib/libcommon_unique_msgs__rosidl_typesupport_fastrtps_cpp.so" to ""
[5.718s] -- Up-to-date: /workspace/ros2_yolo/src/sensor_driver/install/common_unique_msgs/include/common_unique_msgs/common_unique_msgs
[5.718s] -- Up-to-date: /workspace/ros2_yolo/src/sensor_driver/install/common_unique_msgs/include/common_unique_msgs/common_unique_msgs/msg
[5.718s] -- Up-to-date: /workspace/ros2_yolo/src/sensor_driver/install/common_unique_msgs/include/common_unique_msgs/common_unique_msgs/msg/detail
[5.718s] -- Installing: /workspace/ros2_yolo/src/sensor_driver/install/common_unique_msgs/include/common_unique_msgs/common_unique_msgs/msg/detail/location__rosidl_typesupport_introspection_cpp.hpp
[5.718s] -- Installing: /workspace/ros2_yolo/src/sensor_driver/install/common_unique_msgs/include/common_unique_msgs/common_unique_msgs/msg/detail/uni_header__type_support.cpp
[5.718s] -- Installing: /workspace/ros2_yolo/src/sensor_driver/install/common_unique_msgs/include/common_unique_msgs/common_unique_msgs/msg/detail/custom_gnss__rosidl_typesupport_introspection_cpp.hpp
[5.718s] -- Installing: /workspace/ros2_yolo/src/sensor_driver/install/common_unique_msgs/include/common_unique_msgs/common_unique_msgs/msg/detail/uni_header__rosidl_typesupport_introspection_cpp.hpp
[5.718s] -- Installing: /workspace/ros2_yolo/src/sensor_driver/install/common_unique_msgs/include/common_unique_msgs/common_unique_msgs/msg/detail/location_initial__type_support.cpp
[5.718s] -- Installing: /workspace/ros2_yolo/src/sensor_driver/install/common_unique_msgs/include/common_unique_msgs/common_unique_msgs/msg/detail/custom_imu__rosidl_typesupport_introspection_cpp.hpp
[5.718s] -- Installing: /workspace/ros2_yolo/src/sensor_driver/install/common_unique_msgs/include/common_unique_msgs/common_unique_msgs/msg/detail/custom_imu__type_support.cpp
[5.718s] -- Installing: /workspace/ros2_yolo/src/sensor_driver/install/common_unique_msgs/include/common_unique_msgs/common_unique_msgs/msg/detail/location_initial__rosidl_typesupport_introspection_cpp.hpp
[5.718s] -- Installing: /workspace/ros2_yolo/src/sensor_driver/install/common_unique_msgs/include/common_unique_msgs/common_unique_msgs/msg/detail/custom_gnss__type_support.cpp
[5.718s] -- Installing: /workspace/ros2_yolo/src/sensor_driver/install/common_unique_msgs/include/common_unique_msgs/common_unique_msgs/msg/detail/location__type_support.cpp
[5.719s] -- Installing: /workspace/ros2_yolo/src/sensor_driver/install/common_unique_msgs/lib/libcommon_unique_msgs__rosidl_typesupport_introspection_cpp.so
[5.719s] -- Set runtime path of "/workspace/ros2_yolo/src/sensor_driver/install/common_unique_msgs/lib/libcommon_unique_msgs__rosidl_typesupport_introspection_cpp.so" to ""
[5.719s] -- Installing: /workspace/ros2_yolo/src/sensor_driver/install/common_unique_msgs/lib/libcommon_unique_msgs__rosidl_typesupport_cpp.so
[5.719s] -- Set runtime path of "/workspace/ros2_yolo/src/sensor_driver/install/common_unique_msgs/lib/libcommon_unique_msgs__rosidl_typesupport_cpp.so" to ""
[5.719s] -- Installing: /workspace/ros2_yolo/src/sensor_driver/install/common_unique_msgs/share/common_unique_msgs/environment/pythonpath.sh
[5.719s] -- Installing: /workspace/ros2_yolo/src/sensor_driver/install/common_unique_msgs/share/common_unique_msgs/environment/pythonpath.dsv
[5.719s] -- Installing: /workspace/ros2_yolo/src/sensor_driver/install/common_unique_msgs/local/lib/python3.10/dist-packages/common_unique_msgs-0.1.0-py3.10.egg-info
[5.719s] -- Installing: /workspace/ros2_yolo/src/sensor_driver/install/common_unique_msgs/local/lib/python3.10/dist-packages/common_unique_msgs-0.1.0-py3.10.egg-info/top_level.txt
[5.719s] -- Installing: /workspace/ros2_yolo/src/sensor_driver/install/common_unique_msgs/local/lib/python3.10/dist-packages/common_unique_msgs-0.1.0-py3.10.egg-info/SOURCES.txt
[5.719s] -- Installing: /workspace/ros2_yolo/src/sensor_driver/install/common_unique_msgs/local/lib/python3.10/dist-packages/common_unique_msgs-0.1.0-py3.10.egg-info/PKG-INFO
[5.719s] -- Installing: /workspace/ros2_yolo/src/sensor_driver/install/common_unique_msgs/local/lib/python3.10/dist-packages/common_unique_msgs-0.1.0-py3.10.egg-info/dependency_links.txt
[5.719s] -- Installing: /workspace/ros2_yolo/src/sensor_driver/install/common_unique_msgs/local/lib/python3.10/dist-packages/common_unique_msgs
[5.720s] -- Installing: /workspace/ros2_yolo/src/sensor_driver/install/common_unique_msgs/local/lib/python3.10/dist-packages/common_unique_msgs/_common_unique_msgs_s.ep.rosidl_typesupport_fastrtps_c.c
[5.720s] -- Installing: /workspace/ros2_yolo/src/sensor_driver/install/common_unique_msgs/local/lib/python3.10/dist-packages/common_unique_msgs/common_unique_msgs_s__rosidl_typesupport_fastrtps_c.cpython-310-x86_64-linux-gnu.so
[5.720s] -- Installing: /workspace/ros2_yolo/src/sensor_driver/install/common_unique_msgs/local/lib/python3.10/dist-packages/common_unique_msgs/common_unique_msgs_s__rosidl_typesupport_c.cpython-310-x86_64-linux-gnu.so
[5.720s] -- Installing: /workspace/ros2_yolo/src/sensor_driver/install/common_unique_msgs/local/lib/python3.10/dist-packages/common_unique_msgs/_common_unique_msgs_s.ep.rosidl_typesupport_introspection_c.c
[5.720s] -- Installing: /workspace/ros2_yolo/src/sensor_driver/install/common_unique_msgs/local/lib/python3.10/dist-packages/common_unique_msgs/libcommon_unique_msgs__rosidl_generator_py.so
[5.720s] -- Installing: /workspace/ros2_yolo/src/sensor_driver/install/common_unique_msgs/local/lib/python3.10/dist-packages/common_unique_msgs/msg
[5.720s] -- Installing: /workspace/ros2_yolo/src/sensor_driver/install/common_unique_msgs/local/lib/python3.10/dist-packages/common_unique_msgs/msg/_custom_imu_s.c
[5.720s] -- Installing: /workspace/ros2_yolo/src/sensor_driver/install/common_unique_msgs/local/lib/python3.10/dist-packages/common_unique_msgs/msg/_custom_imu.py
[5.720s] -- Installing: /workspace/ros2_yolo/src/sensor_driver/install/common_unique_msgs/local/lib/python3.10/dist-packages/common_unique_msgs/msg/_location_initial_s.c
[5.720s] -- Installing: /workspace/ros2_yolo/src/sensor_driver/install/common_unique_msgs/local/lib/python3.10/dist-packages/common_unique_msgs/msg/_custom_gnss_s.c
[5.720s] -- Installing: /workspace/ros2_yolo/src/sensor_driver/install/common_unique_msgs/local/lib/python3.10/dist-packages/common_unique_msgs/msg/_uni_header.py
[5.720s] -- Installing: /workspace/ros2_yolo/src/sensor_driver/install/common_unique_msgs/local/lib/python3.10/dist-packages/common_unique_msgs/msg/_location_initial.py
[5.720s] -- Installing: /workspace/ros2_yolo/src/sensor_driver/install/common_unique_msgs/local/lib/python3.10/dist-packages/common_unique_msgs/msg/__init__.py
[5.720s] -- Installing: /workspace/ros2_yolo/src/sensor_driver/install/common_unique_msgs/local/lib/python3.10/dist-packages/common_unique_msgs/msg/_uni_header_s.c
[5.720s] -- Installing: /workspace/ros2_yolo/src/sensor_driver/install/common_unique_msgs/local/lib/python3.10/dist-packages/common_unique_msgs/msg/_custom_gnss.py
[5.720s] -- Installing: /workspace/ros2_yolo/src/sensor_driver/install/common_unique_msgs/local/lib/python3.10/dist-packages/common_unique_msgs/msg/_location.py
[5.721s] -- Installing: /workspace/ros2_yolo/src/sensor_driver/install/common_unique_msgs/local/lib/python3.10/dist-packages/common_unique_msgs/msg/_location_s.c
[5.721s] -- Installing: /workspace/ros2_yolo/src/sensor_driver/install/common_unique_msgs/local/lib/python3.10/dist-packages/common_unique_msgs/__init__.py
[5.721s] -- Installing: /workspace/ros2_yolo/src/sensor_driver/install/common_unique_msgs/local/lib/python3.10/dist-packages/common_unique_msgs/_common_unique_msgs_s.ep.rosidl_typesupport_c.c
[5.721s] -- Installing: /workspace/ros2_yolo/src/sensor_driver/install/common_unique_msgs/local/lib/python3.10/dist-packages/common_unique_msgs/common_unique_msgs_s__rosidl_typesupport_introspection_c.cpython-310-x86_64-linux-gnu.so
[5.769s] Listing '/workspace/ros2_yolo/src/sensor_driver/install/common_unique_msgs/local/lib/python3.10/dist-packages/common_unique_msgs'...
[5.769s] Compiling '/workspace/ros2_yolo/src/sensor_driver/install/common_unique_msgs/local/lib/python3.10/dist-packages/common_unique_msgs/__init__.py'...
[5.769s] Listing '/workspace/ros2_yolo/src/sensor_driver/install/common_unique_msgs/local/lib/python3.10/dist-packages/common_unique_msgs/msg'...
[5.769s] Compiling '/workspace/ros2_yolo/src/sensor_driver/install/common_unique_msgs/local/lib/python3.10/dist-packages/common_unique_msgs/msg/__init__.py'...
[5.770s] Compiling '/workspace/ros2_yolo/src/sensor_driver/install/common_unique_msgs/local/lib/python3.10/dist-packages/common_unique_msgs/msg/_custom_gnss.py'...
[5.770s] Compiling '/workspace/ros2_yolo/src/sensor_driver/install/common_unique_msgs/local/lib/python3.10/dist-packages/common_unique_msgs/msg/_custom_imu.py'...
[5.770s] Compiling '/workspace/ros2_yolo/src/sensor_driver/install/common_unique_msgs/local/lib/python3.10/dist-packages/common_unique_msgs/msg/_location.py'...
[5.770s] Compiling '/workspace/ros2_yolo/src/sensor_driver/install/common_unique_msgs/local/lib/python3.10/dist-packages/common_unique_msgs/msg/_location_initial.py'...
[5.770s] Compiling '/workspace/ros2_yolo/src/sensor_driver/install/common_unique_msgs/local/lib/python3.10/dist-packages/common_unique_msgs/msg/_uni_header.py'...
[5.774s] -- Installing: /workspace/ros2_yolo/src/sensor_driver/install/common_unique_msgs/local/lib/python3.10/dist-packages/common_unique_msgs/common_unique_msgs_s__rosidl_typesupport_fastrtps_c.cpython-310-x86_64-linux-gnu.so
[5.775s] -- Set runtime path of "/workspace/ros2_yolo/src/sensor_driver/install/common_unique_msgs/local/lib/python3.10/dist-packages/common_unique_msgs/common_unique_msgs_s__rosidl_typesupport_fastrtps_c.cpython-310-x86_64-linux-gnu.so" to ""
[5.775s] -- Installing: /workspace/ros2_yolo/src/sensor_driver/install/common_unique_msgs/local/lib/python3.10/dist-packages/common_unique_msgs/common_unique_msgs_s__rosidl_typesupport_introspection_c.cpython-310-x86_64-linux-gnu.so
[5.776s] -- Set runtime path of "/workspace/ros2_yolo/src/sensor_driver/install/common_unique_msgs/local/lib/python3.10/dist-packages/common_unique_msgs/common_unique_msgs_s__rosidl_typesupport_introspection_c.cpython-310-x86_64-linux-gnu.so" to ""
[5.776s] -- Installing: /workspace/ros2_yolo/src/sensor_driver/install/common_unique_msgs/local/lib/python3.10/dist-packages/common_unique_msgs/common_unique_msgs_s__rosidl_typesupport_c.cpython-310-x86_64-linux-gnu.so
[5.777s] -- Set runtime path of "/workspace/ros2_yolo/src/sensor_driver/install/common_unique_msgs/local/lib/python3.10/dist-packages/common_unique_msgs/common_unique_msgs_s__rosidl_typesupport_c.cpython-310-x86_64-linux-gnu.so" to ""
[5.777s] -- Installing: /workspace/ros2_yolo/src/sensor_driver/install/common_unique_msgs/lib/libcommon_unique_msgs__rosidl_generator_py.so
[5.777s] -- Set runtime path of "/workspace/ros2_yolo/src/sensor_driver/install/common_unique_msgs/lib/libcommon_unique_msgs__rosidl_generator_py.so" to ""
[5.777s] -- Installing: /workspace/ros2_yolo/src/sensor_driver/install/common_unique_msgs/share/common_unique_msgs/msg/UniHeader.idl
[5.777s] -- Installing: /workspace/ros2_yolo/src/sensor_driver/install/common_unique_msgs/share/common_unique_msgs/msg/Location.idl
[5.777s] -- Installing: /workspace/ros2_yolo/src/sensor_driver/install/common_unique_msgs/share/common_unique_msgs/msg/LocationInitial.idl
[5.778s] -- Installing: /workspace/ros2_yolo/src/sensor_driver/install/common_unique_msgs/share/common_unique_msgs/msg/CustomGNSS.idl
[5.778s] -- Installing: /workspace/ros2_yolo/src/sensor_driver/install/common_unique_msgs/share/common_unique_msgs/msg/CustomIMU.idl
[5.778s] -- Installing: /workspace/ros2_yolo/src/sensor_driver/install/common_unique_msgs/share/common_unique_msgs/msg/UniHeader.msg
[5.778s] -- Installing: /workspace/ros2_yolo/src/sensor_driver/install/common_unique_msgs/share/common_unique_msgs/msg/Location.msg
[5.778s] -- Installing: /workspace/ros2_yolo/src/sensor_driver/install/common_unique_msgs/share/common_unique_msgs/msg/LocationInitial.msg
[5.778s] -- Installing: /workspace/ros2_yolo/src/sensor_driver/install/common_unique_msgs/share/common_unique_msgs/msg/CustomGNSS.msg
[5.778s] -- Installing: /workspace/ros2_yolo/src/sensor_driver/install/common_unique_msgs/share/common_unique_msgs/msg/CustomIMU.msg
[5.778s] -- Installing: /workspace/ros2_yolo/src/sensor_driver/install/common_unique_msgs/share/ament_index/resource_index/package_run_dependencies/common_unique_msgs
[5.778s] -- Installing: /workspace/ros2_yolo/src/sensor_driver/install/common_unique_msgs/share/ament_index/resource_index/parent_prefix_path/common_unique_msgs
[5.778s] -- Installing: /workspace/ros2_yolo/src/sensor_driver/install/common_unique_msgs/share/common_unique_msgs/environment/ament_prefix_path.sh
[5.778s] -- Installing: /workspace/ros2_yolo/src/sensor_driver/install/common_unique_msgs/share/common_unique_msgs/environment/ament_prefix_path.dsv
[5.778s] -- Installing: /workspace/ros2_yolo/src/sensor_driver/install/common_unique_msgs/share/common_unique_msgs/environment/path.sh
[5.779s] -- Installing: /workspace/ros2_yolo/src/sensor_driver/install/common_unique_msgs/share/common_unique_msgs/environment/path.dsv
[5.779s] -- Installing: /workspace/ros2_yolo/src/sensor_driver/install/common_unique_msgs/share/common_unique_msgs/local_setup.bash
[5.779s] -- Installing: /workspace/ros2_yolo/src/sensor_driver/install/common_unique_msgs/share/common_unique_msgs/local_setup.sh
[5.779s] -- Installing: /workspace/ros2_yolo/src/sensor_driver/install/common_unique_msgs/share/common_unique_msgs/local_setup.zsh
[5.779s] -- Installing: /workspace/ros2_yolo/src/sensor_driver/install/common_unique_msgs/share/common_unique_msgs/local_setup.dsv
[5.779s] -- Installing: /workspace/ros2_yolo/src/sensor_driver/install/common_unique_msgs/share/common_unique_msgs/package.dsv
[5.779s] -- Installing: /workspace/ros2_yolo/src/sensor_driver/install/common_unique_msgs/share/ament_index/resource_index/packages/common_unique_msgs
[5.779s] -- Installing: /workspace/ros2_yolo/src/sensor_driver/install/common_unique_msgs/share/common_unique_msgs/cmake/export_common_unique_msgs__rosidl_generator_cExport.cmake
[5.779s] -- Installing: /workspace/ros2_yolo/src/sensor_driver/install/common_unique_msgs/share/common_unique_msgs/cmake/export_common_unique_msgs__rosidl_generator_cExport-noconfig.cmake
[5.779s] -- Installing: /workspace/ros2_yolo/src/sensor_driver/install/common_unique_msgs/share/common_unique_msgs/cmake/export_common_unique_msgs__rosidl_typesupport_fastrtps_cExport.cmake
[5.779s] -- Installing: /workspace/ros2_yolo/src/sensor_driver/install/common_unique_msgs/share/common_unique_msgs/cmake/export_common_unique_msgs__rosidl_typesupport_fastrtps_cExport-noconfig.cmake
[5.779s] -- Installing: /workspace/ros2_yolo/src/sensor_driver/install/common_unique_msgs/share/common_unique_msgs/cmake/common_unique_msgs__rosidl_typesupport_introspection_cExport.cmake
[5.779s] -- Installing: /workspace/ros2_yolo/src/sensor_driver/install/common_unique_msgs/share/common_unique_msgs/cmake/common_unique_msgs__rosidl_typesupport_introspection_cExport-noconfig.cmake
[5.779s] -- Installing: /workspace/ros2_yolo/src/sensor_driver/install/common_unique_msgs/share/common_unique_msgs/cmake/common_unique_msgs__rosidl_typesupport_cExport.cmake
[5.780s] -- Installing: /workspace/ros2_yolo/src/sensor_driver/install/common_unique_msgs/share/common_unique_msgs/cmake/common_unique_msgs__rosidl_typesupport_cExport-noconfig.cmake
[5.780s] -- Installing: /workspace/ros2_yolo/src/sensor_driver/install/common_unique_msgs/share/common_unique_msgs/cmake/export_common_unique_msgs__rosidl_generator_cppExport.cmake
[5.780s] -- Installing: /workspace/ros2_yolo/src/sensor_driver/install/common_unique_msgs/share/common_unique_msgs/cmake/export_common_unique_msgs__rosidl_typesupport_fastrtps_cppExport.cmake
[5.780s] -- Installing: /workspace/ros2_yolo/src/sensor_driver/install/common_unique_msgs/share/common_unique_msgs/cmake/export_common_unique_msgs__rosidl_typesupport_fastrtps_cppExport-noconfig.cmake
[5.780s] -- Installing: /workspace/ros2_yolo/src/sensor_driver/install/common_unique_msgs/share/common_unique_msgs/cmake/common_unique_msgs__rosidl_typesupport_introspection_cppExport.cmake
[5.780s] -- Installing: /workspace/ros2_yolo/src/sensor_driver/install/common_unique_msgs/share/common_unique_msgs/cmake/common_unique_msgs__rosidl_typesupport_introspection_cppExport-noconfig.cmake
[5.780s] -- Installing: /workspace/ros2_yolo/src/sensor_driver/install/common_unique_msgs/share/common_unique_msgs/cmake/common_unique_msgs__rosidl_typesupport_cppExport.cmake
[5.780s] -- Installing: /workspace/ros2_yolo/src/sensor_driver/install/common_unique_msgs/share/common_unique_msgs/cmake/common_unique_msgs__rosidl_typesupport_cppExport-noconfig.cmake
[5.780s] -- Installing: /workspace/ros2_yolo/src/sensor_driver/install/common_unique_msgs/share/common_unique_msgs/cmake/export_common_unique_msgs__rosidl_generator_pyExport.cmake
[5.780s] -- Installing: /workspace/ros2_yolo/src/sensor_driver/install/common_unique_msgs/share/common_unique_msgs/cmake/export_common_unique_msgs__rosidl_generator_pyExport-noconfig.cmake
[5.780s] -- Installing: /workspace/ros2_yolo/src/sensor_driver/install/common_unique_msgs/share/common_unique_msgs/cmake/rosidl_cmake-extras.cmake
[5.780s] -- Installing: /workspace/ros2_yolo/src/sensor_driver/install/common_unique_msgs/share/common_unique_msgs/cmake/ament_cmake_export_dependencies-extras.cmake
[5.780s] -- Installing: /workspace/ros2_yolo/src/sensor_driver/install/common_unique_msgs/share/common_unique_msgs/cmake/ament_cmake_export_include_directories-extras.cmake
[5.780s] -- Installing: /workspace/ros2_yolo/src/sensor_driver/install/common_unique_msgs/share/common_unique_msgs/cmake/ament_cmake_export_libraries-extras.cmake
[5.781s] -- Installing: /workspace/ros2_yolo/src/sensor_driver/install/common_unique_msgs/share/common_unique_msgs/cmake/ament_cmake_export_targets-extras.cmake
[5.781s] -- Installing: /workspace/ros2_yolo/src/sensor_driver/install/common_unique_msgs/share/common_unique_msgs/cmake/rosidl_cmake_export_typesupport_targets-extras.cmake
[5.781s] -- Installing: /workspace/ros2_yolo/src/sensor_driver/install/common_unique_msgs/share/common_unique_msgs/cmake/rosidl_cmake_export_typesupport_libraries-extras.cmake
[5.781s] -- Installing: /workspace/ros2_yolo/src/sensor_driver/install/common_unique_msgs/share/common_unique_msgs/cmake/common_unique_msgsConfig.cmake
[5.781s] -- Installing: /workspace/ros2_yolo/src/sensor_driver/install/common_unique_msgs/share/common_unique_msgs/cmake/common_unique_msgsConfig-version.cmake
[5.781s] -- Installing: /workspace/ros2_yolo/src/sensor_driver/install/common_unique_msgs/share/common_unique_msgs/package.xml
[5.783s] Invoked command in '/workspace/ros2_yolo/src/sensor_driver/build/common_unique_msgs' returned '0': CMAKE_PREFIX_PATH=${CMAKE_PREFIX_PATH}:/workspace/ros2_yolo/install/pcdet_ros2:/workspace/ros2_yolo/install/fusiondet:/workspace/ros2_yolo/install/fusion_tracker:/opt/ros/humble /usr/bin/cmake --install /workspace/ros2_yolo/src/sensor_driver/build/common_unique_msgs
