running develop
running egg_info
writing manifest file '../../build/see_beyond_ros2/see_beyond_ros2.egg-info/SOURCES.txt'
running build
running build_py
creating /workspace/CogniScope/build/see_beyond_ros2/build
creating /workspace/CogniScope/build/see_beyond_ros2/build/lib
creating /workspace/CogniScope/build/see_beyond_ros2/build/lib/see_beyond_ros2
copying see_beyond_ros2/fusion_detector.py -> /workspace/CogniScope/build/see_beyond_ros2/build/lib/see_beyond_ros2
copying see_beyond_ros2/see_beyond_ros2_node.py -> /workspace/CogniScope/build/see_beyond_ros2/build/lib/see_beyond_ros2
copying see_beyond_ros2/__init__.py -> /workspace/CogniScope/build/see_beyond_ros2/build/lib/see_beyond_ros2
copying see_beyond_ros2/msg_utils.py -> /workspace/CogniScope/build/see_beyond_ros2/build/lib/see_beyond_ros2
running install
running install_lib
creating /workspace/CogniScope/install/see_beyond_ros2/lib/python3.10/site-packages/see_beyond_ros2
copying /workspace/CogniScope/build/see_beyond_ros2/build/lib/see_beyond_ros2/fusion_detector.py -> /workspace/CogniScope/install/see_beyond_ros2/lib/python3.10/site-packages/see_beyond_ros2
copying /workspace/CogniScope/build/see_beyond_ros2/build/lib/see_beyond_ros2/see_beyond_ros2_node.py -> /workspace/CogniScope/install/see_beyond_ros2/lib/python3.10/site-packages/see_beyond_ros2
copying /workspace/CogniScope/build/see_beyond_ros2/build/lib/see_beyond_ros2/__init__.py -> /workspace/CogniScope/install/see_beyond_ros2/lib/python3.10/site-packages/see_beyond_ros2
copying /workspace/CogniScope/build/see_beyond_ros2/build/lib/see_beyond_ros2/msg_utils.py -> /workspace/CogniScope/install/see_beyond_ros2/lib/python3.10/site-packages/see_beyond_ros2
byte-compiling /workspace/CogniScope/install/see_beyond_ros2/lib/python3.10/site-packages/see_beyond_ros2/fusion_detector.py to fusion_detector.cpython-310.pyc
byte-compiling /workspace/CogniScope/install/see_beyond_ros2/lib/python3.10/site-packages/see_beyond_ros2/see_beyond_ros2_node.py to see_beyond_ros2_node.cpython-310.pyc
byte-compiling /workspace/CogniScope/install/see_beyond_ros2/lib/python3.10/site-packages/see_beyond_ros2/__init__.py to __init__.cpython-310.pyc
byte-compiling /workspace/CogniScope/install/see_beyond_ros2/lib/python3.10/site-packages/see_beyond_ros2/msg_utils.py to msg_utils.cpython-310.pyc
running install_data
copying resource/see_beyond_ros2 -> /workspace/CogniScope/install/see_beyond_ros2/share/ament_index/resource_index/packages
copying package.xml -> /workspace/CogniScope/install/see_beyond_ros2/share/see_beyond_ros2
copying launch/see_beyond_ros2.launch.py -> /workspace/CogniScope/install/see_beyond_ros2/share/see_beyond_ros2/launch
running install_egg_info
Copying ../../build/see_beyond_ros2/see_beyond_ros2.egg-info to /workspace/CogniScope/install/see_beyond_ros2/lib/python3.10/site-packages/see_beyond_ros2-0.0.1-py3.10.egg-info
running install_scripts
writing list of installed files to '/workspace/CogniScope/build/see_beyond_ros2/install.log'
安装目录: /workspace/CogniScope/install/see_beyond_ros2/lib/python3.10/site-packages/
