[0.664s] Invoking command in '/workspace/CogniScope/build/see_beyond_ros2': PYTHONPATH=/workspace/CogniScope/build/see_beyond_ros2/prefix_override:/usr/lib/python3/dist-packages/colcon_core/task/python/colcon_distutils_commands:/workspace/CogniScope/install/see_beyond_ros2/lib/python3.10/site-packages:${PYTHONPATH} /usr/bin/python3 -W ignore:setup.py install is deprecated -W ignore:easy_install command is deprecated setup.py develop --uninstall --editable --build-directory /workspace/CogniScope/build/see_beyond_ros2/build
[0.897s] running develop
[0.960s] /usr/local/lib/python3.10/dist-packages/pkg_resources/__init__.py:116: PkgResourcesDeprecationWarning: 2.0.5-build-libtorrent-rasterbar-qrM5vM-libtorrent-rasterbar-2.0.5-bindings-python is an invalid version and will not be supported in a future release
[0.960s]   warnings.warn(
[1.117s] Invoked command in '/workspace/CogniScope/build/see_beyond_ros2' returned '0': PYTHONPATH=/workspace/CogniScope/build/see_beyond_ros2/prefix_override:/usr/lib/python3/dist-packages/colcon_core/task/python/colcon_distutils_commands:/workspace/CogniScope/install/see_beyond_ros2/lib/python3.10/site-packages:${PYTHONPATH} /usr/bin/python3 -W ignore:setup.py install is deprecated -W ignore:easy_install command is deprecated setup.py develop --uninstall --editable --build-directory /workspace/CogniScope/build/see_beyond_ros2/build
[1.119s] Invoking command in '/workspace/CogniScope/src/see_beyond_ros2': PYTHONPATH=/workspace/CogniScope/build/see_beyond_ros2/prefix_override:/usr/lib/python3/dist-packages/colcon_core/task/python/colcon_distutils_commands:/workspace/CogniScope/install/see_beyond_ros2/lib/python3.10/site-packages:${PYTHONPATH} /usr/bin/python3 -W ignore:setup.py install is deprecated -W ignore:easy_install command is deprecated setup.py egg_info --egg-base ../../build/see_beyond_ros2 build --build-base /workspace/CogniScope/build/see_beyond_ros2/build install --record /workspace/CogniScope/build/see_beyond_ros2/install.log --single-version-externally-managed install_data --force
[1.350s] running egg_info
[1.353s] writing manifest file '../../build/see_beyond_ros2/see_beyond_ros2.egg-info/SOURCES.txt'
[1.353s] running build
[1.354s] running build_py
[1.354s] creating /workspace/CogniScope/build/see_beyond_ros2/build
[1.354s] creating /workspace/CogniScope/build/see_beyond_ros2/build/lib
[1.354s] creating /workspace/CogniScope/build/see_beyond_ros2/build/lib/see_beyond_ros2
[1.354s] copying see_beyond_ros2/fusion_detector.py -> /workspace/CogniScope/build/see_beyond_ros2/build/lib/see_beyond_ros2
[1.355s] copying see_beyond_ros2/see_beyond_ros2_node.py -> /workspace/CogniScope/build/see_beyond_ros2/build/lib/see_beyond_ros2
[1.355s] copying see_beyond_ros2/__init__.py -> /workspace/CogniScope/build/see_beyond_ros2/build/lib/see_beyond_ros2
[1.355s] copying see_beyond_ros2/msg_utils.py -> /workspace/CogniScope/build/see_beyond_ros2/build/lib/see_beyond_ros2
[1.355s] running install
[1.355s] running install_lib
[1.355s] creating /workspace/CogniScope/install/see_beyond_ros2/lib/python3.10/site-packages/see_beyond_ros2
[1.356s] copying /workspace/CogniScope/build/see_beyond_ros2/build/lib/see_beyond_ros2/fusion_detector.py -> /workspace/CogniScope/install/see_beyond_ros2/lib/python3.10/site-packages/see_beyond_ros2
[1.356s] copying /workspace/CogniScope/build/see_beyond_ros2/build/lib/see_beyond_ros2/see_beyond_ros2_node.py -> /workspace/CogniScope/install/see_beyond_ros2/lib/python3.10/site-packages/see_beyond_ros2
[1.356s] copying /workspace/CogniScope/build/see_beyond_ros2/build/lib/see_beyond_ros2/__init__.py -> /workspace/CogniScope/install/see_beyond_ros2/lib/python3.10/site-packages/see_beyond_ros2
[1.356s] copying /workspace/CogniScope/build/see_beyond_ros2/build/lib/see_beyond_ros2/msg_utils.py -> /workspace/CogniScope/install/see_beyond_ros2/lib/python3.10/site-packages/see_beyond_ros2
[1.356s] byte-compiling /workspace/CogniScope/install/see_beyond_ros2/lib/python3.10/site-packages/see_beyond_ros2/fusion_detector.py to fusion_detector.cpython-310.pyc
[1.357s] byte-compiling /workspace/CogniScope/install/see_beyond_ros2/lib/python3.10/site-packages/see_beyond_ros2/see_beyond_ros2_node.py to see_beyond_ros2_node.cpython-310.pyc
[1.357s] byte-compiling /workspace/CogniScope/install/see_beyond_ros2/lib/python3.10/site-packages/see_beyond_ros2/__init__.py to __init__.cpython-310.pyc
[1.357s] byte-compiling /workspace/CogniScope/install/see_beyond_ros2/lib/python3.10/site-packages/see_beyond_ros2/msg_utils.py to msg_utils.cpython-310.pyc
[1.358s] running install_data
[1.358s] copying resource/see_beyond_ros2 -> /workspace/CogniScope/install/see_beyond_ros2/share/ament_index/resource_index/packages
[1.358s] copying package.xml -> /workspace/CogniScope/install/see_beyond_ros2/share/see_beyond_ros2
[1.358s] copying launch/see_beyond_ros2.launch.py -> /workspace/CogniScope/install/see_beyond_ros2/share/see_beyond_ros2/launch
[1.358s] running install_egg_info
[1.358s] Copying ../../build/see_beyond_ros2/see_beyond_ros2.egg-info to /workspace/CogniScope/install/see_beyond_ros2/lib/python3.10/site-packages/see_beyond_ros2-0.0.1-py3.10.egg-info
[1.359s] running install_scripts
[1.361s] writing list of installed files to '/workspace/CogniScope/build/see_beyond_ros2/install.log'
[1.361s] 安装目录: /workspace/CogniScope/install/see_beyond_ros2/lib/python3.10/site-packages/
[1.408s] Invoked command in '/workspace/CogniScope/src/see_beyond_ros2' returned '0': PYTHONPATH=/workspace/CogniScope/build/see_beyond_ros2/prefix_override:/usr/lib/python3/dist-packages/colcon_core/task/python/colcon_distutils_commands:/workspace/CogniScope/install/see_beyond_ros2/lib/python3.10/site-packages:${PYTHONPATH} /usr/bin/python3 -W ignore:setup.py install is deprecated -W ignore:easy_install command is deprecated setup.py egg_info --egg-base ../../build/see_beyond_ros2 build --build-base /workspace/CogniScope/build/see_beyond_ros2/build install --record /workspace/CogniScope/build/see_beyond_ros2/install.log --single-version-externally-managed install_data --force
