[0.014s] Invoking command in '/workspace/CogniScope/build/realsense2_description': CMAKE_PREFIX_PATH=/workspace/CogniScope/install/realsense2_camera_msgs:/workspace/CogniScope/install/vision_msgs_rviz_plugins:/workspace/CogniScope/install/ultralytics_ros:/workspace/CogniScope/install/rslidar_sdk:/workspace/CogniScope/install/rslidar_msg:/workspace/CogniScope/install/ros2_numpy:/workspace/CogniScope/install/realsense2_description:/workspace/CogniScope/install/realsense2_camera:/workspace/CogniScope/install/pointcloud_to_laserscan:/workspace/CogniScope/install/imu_speed:/workspace/CogniScope/install/imu5651_driver:/workspace/CogniScope/install/common_unique_msgs:/workspace/CogniScope/install/see_beyond_ros2:/workspace/CogniScope/install/pcdet_ros2:/workspace/CogniScope/install/fusiondet:/workspace/CogniScope/install/fusion_tracker:/opt/ros/humble LD_LIBRARY_PATH=/workspace/CogniScope/install/realsense2_camera_msgs/lib:/usr/local/cuda-12.1/lib64:/workspace/CogniScope/install/vision_msgs_rviz_plugins/lib:/workspace/CogniScope/install/ultralytics_ros/lib:/workspace/CogniScope/install/rslidar_msg/lib:/workspace/CogniScope/install/realsense2_camera/lib:/workspace/CogniScope/install/pointcloud_to_laserscan/lib:/workspace/CogniScope/install/common_unique_msgs/lib:/usr/local/cuda-12.1/lib64:/usr/lib/x86_64-linux-gnu/gazebo-11/plugins:/opt/ros/humble/opt/rviz_ogre_vendor/lib:/opt/ros/humble/lib/x86_64-linux-gnu:/opt/ros/humble/lib /usr/bin/cmake /workspace/CogniScope/src/sensor_driver/src/realsense-ros-4.55.1/realsense2_description -DAMENT_CMAKE_SYMLINK_INSTALL=1 -DCMAKE_INSTALL_PREFIX=/workspace/CogniScope/install/realsense2_description
[0.072s] -- The C compiler identification is GNU 11.4.0
[0.130s] -- The CXX compiler identification is GNU 11.4.0
[0.139s] -- Detecting C compiler ABI info
[0.212s] -- Detecting C compiler ABI info - done
[0.219s] -- Check for working C compiler: /usr/bin/cc - skipped
[0.219s] -- Detecting C compile features
[0.220s] -- Detecting C compile features - done
[0.222s] -- Detecting CXX compiler ABI info
[0.307s] -- Detecting CXX compiler ABI info - done
[0.315s] -- Check for working CXX compiler: /usr/bin/c++ - skipped
[0.315s] -- Detecting CXX compile features
[0.316s] -- Detecting CXX compile features - done
[0.321s] -- Found ament_cmake: 1.3.12 (/opt/ros/humble/share/ament_cmake/cmake)
[0.922s] -- Found Python3: /usr/bin/python3 (found version "3.10.12") found components: Interpreter 
[0.987s] -- Override CMake install command with custom implementation using symlinks instead of copying resources
[1.127s] -- Configuring done
[1.129s] -- Generating done
[1.130s] -- Build files have been written to: /workspace/CogniScope/build/realsense2_description
[1.398s] Invoked command in '/workspace/CogniScope/build/realsense2_description' returned '0': CMAKE_PREFIX_PATH=/workspace/CogniScope/install/realsense2_camera_msgs:/workspace/CogniScope/install/vision_msgs_rviz_plugins:/workspace/CogniScope/install/ultralytics_ros:/workspace/CogniScope/install/rslidar_sdk:/workspace/CogniScope/install/rslidar_msg:/workspace/CogniScope/install/ros2_numpy:/workspace/CogniScope/install/realsense2_description:/workspace/CogniScope/install/realsense2_camera:/workspace/CogniScope/install/pointcloud_to_laserscan:/workspace/CogniScope/install/imu_speed:/workspace/CogniScope/install/imu5651_driver:/workspace/CogniScope/install/common_unique_msgs:/workspace/CogniScope/install/see_beyond_ros2:/workspace/CogniScope/install/pcdet_ros2:/workspace/CogniScope/install/fusiondet:/workspace/CogniScope/install/fusion_tracker:/opt/ros/humble LD_LIBRARY_PATH=/workspace/CogniScope/install/realsense2_camera_msgs/lib:/usr/local/cuda-12.1/lib64:/workspace/CogniScope/install/vision_msgs_rviz_plugins/lib:/workspace/CogniScope/install/ultralytics_ros/lib:/workspace/CogniScope/install/rslidar_msg/lib:/workspace/CogniScope/install/realsense2_camera/lib:/workspace/CogniScope/install/pointcloud_to_laserscan/lib:/workspace/CogniScope/install/common_unique_msgs/lib:/usr/local/cuda-12.1/lib64:/usr/lib/x86_64-linux-gnu/gazebo-11/plugins:/opt/ros/humble/opt/rviz_ogre_vendor/lib:/opt/ros/humble/lib/x86_64-linux-gnu:/opt/ros/humble/lib /usr/bin/cmake /workspace/CogniScope/src/sensor_driver/src/realsense-ros-4.55.1/realsense2_description -DAMENT_CMAKE_SYMLINK_INSTALL=1 -DCMAKE_INSTALL_PREFIX=/workspace/CogniScope/install/realsense2_description
[1.400s] Invoking command in '/workspace/CogniScope/build/realsense2_description': CMAKE_PREFIX_PATH=/workspace/CogniScope/install/realsense2_camera_msgs:/workspace/CogniScope/install/vision_msgs_rviz_plugins:/workspace/CogniScope/install/ultralytics_ros:/workspace/CogniScope/install/rslidar_sdk:/workspace/CogniScope/install/rslidar_msg:/workspace/CogniScope/install/ros2_numpy:/workspace/CogniScope/install/realsense2_description:/workspace/CogniScope/install/realsense2_camera:/workspace/CogniScope/install/pointcloud_to_laserscan:/workspace/CogniScope/install/imu_speed:/workspace/CogniScope/install/imu5651_driver:/workspace/CogniScope/install/common_unique_msgs:/workspace/CogniScope/install/see_beyond_ros2:/workspace/CogniScope/install/pcdet_ros2:/workspace/CogniScope/install/fusiondet:/workspace/CogniScope/install/fusion_tracker:/opt/ros/humble LD_LIBRARY_PATH=/workspace/CogniScope/install/realsense2_camera_msgs/lib:/usr/local/cuda-12.1/lib64:/workspace/CogniScope/install/vision_msgs_rviz_plugins/lib:/workspace/CogniScope/install/ultralytics_ros/lib:/workspace/CogniScope/install/rslidar_msg/lib:/workspace/CogniScope/install/realsense2_camera/lib:/workspace/CogniScope/install/pointcloud_to_laserscan/lib:/workspace/CogniScope/install/common_unique_msgs/lib:/usr/local/cuda-12.1/lib64:/usr/lib/x86_64-linux-gnu/gazebo-11/plugins:/opt/ros/humble/opt/rviz_ogre_vendor/lib:/opt/ros/humble/lib/x86_64-linux-gnu:/opt/ros/humble/lib /usr/bin/cmake --build /workspace/CogniScope/build/realsense2_description -- -j112 -l112
[1.441s] Invoked command in '/workspace/CogniScope/build/realsense2_description' returned '0': CMAKE_PREFIX_PATH=/workspace/CogniScope/install/realsense2_camera_msgs:/workspace/CogniScope/install/vision_msgs_rviz_plugins:/workspace/CogniScope/install/ultralytics_ros:/workspace/CogniScope/install/rslidar_sdk:/workspace/CogniScope/install/rslidar_msg:/workspace/CogniScope/install/ros2_numpy:/workspace/CogniScope/install/realsense2_description:/workspace/CogniScope/install/realsense2_camera:/workspace/CogniScope/install/pointcloud_to_laserscan:/workspace/CogniScope/install/imu_speed:/workspace/CogniScope/install/imu5651_driver:/workspace/CogniScope/install/common_unique_msgs:/workspace/CogniScope/install/see_beyond_ros2:/workspace/CogniScope/install/pcdet_ros2:/workspace/CogniScope/install/fusiondet:/workspace/CogniScope/install/fusion_tracker:/opt/ros/humble LD_LIBRARY_PATH=/workspace/CogniScope/install/realsense2_camera_msgs/lib:/usr/local/cuda-12.1/lib64:/workspace/CogniScope/install/vision_msgs_rviz_plugins/lib:/workspace/CogniScope/install/ultralytics_ros/lib:/workspace/CogniScope/install/rslidar_msg/lib:/workspace/CogniScope/install/realsense2_camera/lib:/workspace/CogniScope/install/pointcloud_to_laserscan/lib:/workspace/CogniScope/install/common_unique_msgs/lib:/usr/local/cuda-12.1/lib64:/usr/lib/x86_64-linux-gnu/gazebo-11/plugins:/opt/ros/humble/opt/rviz_ogre_vendor/lib:/opt/ros/humble/lib/x86_64-linux-gnu:/opt/ros/humble/lib /usr/bin/cmake --build /workspace/CogniScope/build/realsense2_description -- -j112 -l112
[1.444s] Invoking command in '/workspace/CogniScope/build/realsense2_description': CMAKE_PREFIX_PATH=/workspace/CogniScope/install/realsense2_camera_msgs:/workspace/CogniScope/install/vision_msgs_rviz_plugins:/workspace/CogniScope/install/ultralytics_ros:/workspace/CogniScope/install/rslidar_sdk:/workspace/CogniScope/install/rslidar_msg:/workspace/CogniScope/install/ros2_numpy:/workspace/CogniScope/install/realsense2_description:/workspace/CogniScope/install/realsense2_camera:/workspace/CogniScope/install/pointcloud_to_laserscan:/workspace/CogniScope/install/imu_speed:/workspace/CogniScope/install/imu5651_driver:/workspace/CogniScope/install/common_unique_msgs:/workspace/CogniScope/install/see_beyond_ros2:/workspace/CogniScope/install/pcdet_ros2:/workspace/CogniScope/install/fusiondet:/workspace/CogniScope/install/fusion_tracker:/opt/ros/humble LD_LIBRARY_PATH=/workspace/CogniScope/install/realsense2_camera_msgs/lib:/usr/local/cuda-12.1/lib64:/workspace/CogniScope/install/vision_msgs_rviz_plugins/lib:/workspace/CogniScope/install/ultralytics_ros/lib:/workspace/CogniScope/install/rslidar_msg/lib:/workspace/CogniScope/install/realsense2_camera/lib:/workspace/CogniScope/install/pointcloud_to_laserscan/lib:/workspace/CogniScope/install/common_unique_msgs/lib:/usr/local/cuda-12.1/lib64:/usr/lib/x86_64-linux-gnu/gazebo-11/plugins:/opt/ros/humble/opt/rviz_ogre_vendor/lib:/opt/ros/humble/lib/x86_64-linux-gnu:/opt/ros/humble/lib /usr/bin/cmake --install /workspace/CogniScope/build/realsense2_description
[1.453s] -- Install configuration: ""
[1.453s] -- Execute custom install script
[1.454s] -- Symlinking: /workspace/CogniScope/install/realsense2_description/share/realsense2_description/launch/launch_utils.py
[1.462s] -- Symlinking: /workspace/CogniScope/install/realsense2_description/share/realsense2_description/launch/view_model.launch.py
[1.471s] -- Symlinking: /workspace/CogniScope/install/realsense2_description/share/realsense2_description/meshes/d405.stl
[1.478s] -- Symlinking: /workspace/CogniScope/install/realsense2_description/share/realsense2_description/meshes/d415.stl
[1.485s] -- Symlinking: /workspace/CogniScope/install/realsense2_description/share/realsense2_description/meshes/d435.dae
[1.494s] -- Symlinking: /workspace/CogniScope/install/realsense2_description/share/realsense2_description/meshes/d455.stl
[1.502s] -- Symlinking: /workspace/CogniScope/install/realsense2_description/share/realsense2_description/meshes/l515.dae
[1.509s] -- Symlinking: /workspace/CogniScope/install/realsense2_description/share/realsense2_description/meshes/plug.stl
[1.517s] -- Symlinking: /workspace/CogniScope/install/realsense2_description/share/realsense2_description/meshes/plug_collision.stl
[1.523s] -- Symlinking: /workspace/CogniScope/install/realsense2_description/share/realsense2_description/rviz/urdf.rviz
[1.533s] -- Symlinking: /workspace/CogniScope/install/realsense2_description/share/realsense2_description/urdf/_d405.urdf.xacro
[1.541s] -- Symlinking: /workspace/CogniScope/install/realsense2_description/share/realsense2_description/urdf/_d415.urdf.xacro
[1.550s] -- Symlinking: /workspace/CogniScope/install/realsense2_description/share/realsense2_description/urdf/_d435.urdf.xacro
[1.556s] -- Symlinking: /workspace/CogniScope/install/realsense2_description/share/realsense2_description/urdf/_d435i.urdf.xacro
[1.562s] -- Symlinking: /workspace/CogniScope/install/realsense2_description/share/realsense2_description/urdf/_d435i_imu_modules.urdf.xacro
[1.569s] -- Symlinking: /workspace/CogniScope/install/realsense2_description/share/realsense2_description/urdf/_d455.urdf.xacro
[1.577s] -- Symlinking: /workspace/CogniScope/install/realsense2_description/share/realsense2_description/urdf/_materials.urdf.xacro
[1.585s] -- Symlinking: /workspace/CogniScope/install/realsense2_description/share/realsense2_description/urdf/_r410.urdf.xacro
[1.594s] -- Symlinking: /workspace/CogniScope/install/realsense2_description/share/realsense2_description/urdf/_r430.urdf.xacro
[1.602s] -- Symlinking: /workspace/CogniScope/install/realsense2_description/share/realsense2_description/urdf/_usb_plug.urdf.xacro
[1.610s] -- Symlinking: /workspace/CogniScope/install/realsense2_description/share/realsense2_description/urdf/test_d405_camera.urdf.xacro
[1.617s] -- Symlinking: /workspace/CogniScope/install/realsense2_description/share/realsense2_description/urdf/test_d415_camera.urdf.xacro
[1.623s] -- Symlinking: /workspace/CogniScope/install/realsense2_description/share/realsense2_description/urdf/test_d435_camera.urdf.xacro
[1.632s] -- Symlinking: /workspace/CogniScope/install/realsense2_description/share/realsense2_description/urdf/test_d435_multiple_cameras.urdf.xacro
[1.640s] -- Symlinking: /workspace/CogniScope/install/realsense2_description/share/realsense2_description/urdf/test_d435i_camera.urdf.xacro
[1.649s] -- Symlinking: /workspace/CogniScope/install/realsense2_description/share/realsense2_description/urdf/test_d455_camera.urdf.xacro
[1.659s] -- Symlinking: /workspace/CogniScope/install/realsense2_description/share/realsense2_description/urdf/test_r410_camera.urdf.xacro
[1.666s] -- Symlinking: /workspace/CogniScope/install/realsense2_description/share/realsense2_description/urdf/test_r430_camera.urdf.xacro
[1.675s] -- Symlinking: /workspace/CogniScope/install/realsense2_description/share/ament_index/resource_index/package_run_dependencies/realsense2_description
[1.681s] -- Symlinking: /workspace/CogniScope/install/realsense2_description/share/ament_index/resource_index/parent_prefix_path/realsense2_description
[1.689s] -- Symlinking: /workspace/CogniScope/install/realsense2_description/share/realsense2_description/environment/ament_prefix_path.sh
[1.696s] -- Symlinking: /workspace/CogniScope/install/realsense2_description/share/realsense2_description/environment/ament_prefix_path.dsv
[1.704s] -- Symlinking: /workspace/CogniScope/install/realsense2_description/share/realsense2_description/environment/path.sh
[1.714s] -- Symlinking: /workspace/CogniScope/install/realsense2_description/share/realsense2_description/environment/path.dsv
[1.721s] -- Symlinking: /workspace/CogniScope/install/realsense2_description/share/realsense2_description/local_setup.bash
[1.728s] -- Symlinking: /workspace/CogniScope/install/realsense2_description/share/realsense2_description/local_setup.sh
[1.734s] -- Symlinking: /workspace/CogniScope/install/realsense2_description/share/realsense2_description/local_setup.zsh
[1.740s] -- Symlinking: /workspace/CogniScope/install/realsense2_description/share/realsense2_description/local_setup.dsv
[1.746s] -- Symlinking: /workspace/CogniScope/install/realsense2_description/share/realsense2_description/package.dsv
[1.753s] -- Symlinking: /workspace/CogniScope/install/realsense2_description/share/ament_index/resource_index/packages/realsense2_description
[1.759s] -- Symlinking: /workspace/CogniScope/install/realsense2_description/share/realsense2_description/cmake/realsense2_descriptionConfig.cmake
[1.765s] -- Symlinking: /workspace/CogniScope/install/realsense2_description/share/realsense2_description/cmake/realsense2_descriptionConfig-version.cmake
[1.773s] -- Symlinking: /workspace/CogniScope/install/realsense2_description/share/realsense2_description/package.xml
[1.785s] Invoked command in '/workspace/CogniScope/build/realsense2_description' returned '0': CMAKE_PREFIX_PATH=/workspace/CogniScope/install/realsense2_camera_msgs:/workspace/CogniScope/install/vision_msgs_rviz_plugins:/workspace/CogniScope/install/ultralytics_ros:/workspace/CogniScope/install/rslidar_sdk:/workspace/CogniScope/install/rslidar_msg:/workspace/CogniScope/install/ros2_numpy:/workspace/CogniScope/install/realsense2_description:/workspace/CogniScope/install/realsense2_camera:/workspace/CogniScope/install/pointcloud_to_laserscan:/workspace/CogniScope/install/imu_speed:/workspace/CogniScope/install/imu5651_driver:/workspace/CogniScope/install/common_unique_msgs:/workspace/CogniScope/install/see_beyond_ros2:/workspace/CogniScope/install/pcdet_ros2:/workspace/CogniScope/install/fusiondet:/workspace/CogniScope/install/fusion_tracker:/opt/ros/humble LD_LIBRARY_PATH=/workspace/CogniScope/install/realsense2_camera_msgs/lib:/usr/local/cuda-12.1/lib64:/workspace/CogniScope/install/vision_msgs_rviz_plugins/lib:/workspace/CogniScope/install/ultralytics_ros/lib:/workspace/CogniScope/install/rslidar_msg/lib:/workspace/CogniScope/install/realsense2_camera/lib:/workspace/CogniScope/install/pointcloud_to_laserscan/lib:/workspace/CogniScope/install/common_unique_msgs/lib:/usr/local/cuda-12.1/lib64:/usr/lib/x86_64-linux-gnu/gazebo-11/plugins:/opt/ros/humble/opt/rviz_ogre_vendor/lib:/opt/ros/humble/lib/x86_64-linux-gnu:/opt/ros/humble/lib /usr/bin/cmake --install /workspace/CogniScope/build/realsense2_description
