[35m[1mConsolidate compiler generated dependencies of target common_unique_msgs__rosidl_generator_c[0m
[  1%] Built target common_unique_msgs__cpp
[ 12%] Built target common_unique_msgs__rosidl_generator_c
[ 12%] Built target ament_cmake_python_copy_common_unique_msgs
[35m[1mConsolidate compiler generated dependencies of target common_unique_msgs__rosidl_typesupport_introspection_cpp[0m
[35m[1mConsolidate compiler generated dependencies of target common_unique_msgs__rosidl_typesupport_cpp[0m
[35m[1mConsolidate compiler generated dependencies of target common_unique_msgs__rosidl_typesupport_fastrtps_cpp[0m
[35m[1mConsolidate compiler generated dependencies of target common_unique_msgs__rosidl_typesupport_c[0m
[35m[1mConsolidate compiler generated dependencies of target common_unique_msgs__rosidl_typesupport_introspection_c[0m
[35m[1mConsolidate compiler generated dependencies of target common_unique_msgs__rosidl_typesupport_fastrtps_c[0m
[ 28%] Built target common_unique_msgs__rosidl_typesupport_cpp
[ 34%] Built target common_unique_msgs__rosidl_typesupport_introspection_cpp
[ 46%] Built target common_unique_msgs__rosidl_typesupport_fastrtps_cpp
[ 57%] Built target common_unique_msgs__rosidl_typesupport_c
[ 68%] Built target common_unique_msgs__rosidl_typesupport_introspection_c
[ 79%] Built target common_unique_msgs__rosidl_typesupport_fastrtps_c
[ 79%] Built target common_unique_msgs
[ 80%] Built target common_unique_msgs__py
[35m[1mConsolidate compiler generated dependencies of target common_unique_msgs__rosidl_generator_py[0m
[ 90%] Built target common_unique_msgs__rosidl_generator_py
[35m[1mConsolidate compiler generated dependencies of target common_unique_msgs__rosidl_typesupport_c__pyext[0m
[35m[1mConsolidate compiler generated dependencies of target common_unique_msgs__rosidl_typesupport_fastrtps_c__pyext[0m
[35m[1mConsolidate compiler generated dependencies of target common_unique_msgs__rosidl_typesupport_introspection_c__pyext[0m
[ 93%] Built target common_unique_msgs__rosidl_typesupport_c__pyext
[ 96%] Built target common_unique_msgs__rosidl_typesupport_fastrtps_c__pyext
[100%] Built target common_unique_msgs__rosidl_typesupport_introspection_c__pyext
running egg_info
writing manifest file 'common_unique_msgs.egg-info/SOURCES.txt'
[100%] Built target ament_cmake_python_build_common_unique_msgs_egg
-- Install configuration: ""
-- Up-to-date: /workspace/ros2_yolo/src/sensor_driver/install/common_unique_msgs/share/ament_index/resource_index/rosidl_interfaces/common_unique_msgs
-- Up-to-date: /workspace/ros2_yolo/src/sensor_driver/install/common_unique_msgs/include/common_unique_msgs/common_unique_msgs
-- Up-to-date: /workspace/ros2_yolo/src/sensor_driver/install/common_unique_msgs/include/common_unique_msgs/common_unique_msgs/msg
-- Up-to-date: /workspace/ros2_yolo/src/sensor_driver/install/common_unique_msgs/include/common_unique_msgs/common_unique_msgs/msg/location.h
-- Up-to-date: /workspace/ros2_yolo/src/sensor_driver/install/common_unique_msgs/include/common_unique_msgs/common_unique_msgs/msg/custom_imu.h
-- Up-to-date: /workspace/ros2_yolo/src/sensor_driver/install/common_unique_msgs/include/common_unique_msgs/common_unique_msgs/msg/uni_header.h
-- Up-to-date: /workspace/ros2_yolo/src/sensor_driver/install/common_unique_msgs/include/common_unique_msgs/common_unique_msgs/msg/rosidl_generator_c__visibility_control.h
-- Up-to-date: /workspace/ros2_yolo/src/sensor_driver/install/common_unique_msgs/include/common_unique_msgs/common_unique_msgs/msg/custom_gnss.h
-- Up-to-date: /workspace/ros2_yolo/src/sensor_driver/install/common_unique_msgs/include/common_unique_msgs/common_unique_msgs/msg/location_initial.h
-- Up-to-date: /workspace/ros2_yolo/src/sensor_driver/install/common_unique_msgs/include/common_unique_msgs/common_unique_msgs/msg/detail
-- Up-to-date: /workspace/ros2_yolo/src/sensor_driver/install/common_unique_msgs/include/common_unique_msgs/common_unique_msgs/msg/detail/custom_imu__functions.c
-- Up-to-date: /workspace/ros2_yolo/src/sensor_driver/install/common_unique_msgs/include/common_unique_msgs/common_unique_msgs/msg/detail/custom_imu__type_support.h
-- Up-to-date: /workspace/ros2_yolo/src/sensor_driver/install/common_unique_msgs/include/common_unique_msgs/common_unique_msgs/msg/detail/location_initial__struct.h
-- Up-to-date: /workspace/ros2_yolo/src/sensor_driver/install/common_unique_msgs/include/common_unique_msgs/common_unique_msgs/msg/detail/custom_imu__functions.h
-- Up-to-date: /workspace/ros2_yolo/src/sensor_driver/install/common_unique_msgs/include/common_unique_msgs/common_unique_msgs/msg/detail/custom_gnss__functions.c
-- Up-to-date: /workspace/ros2_yolo/src/sensor_driver/install/common_unique_msgs/include/common_unique_msgs/common_unique_msgs/msg/detail/custom_gnss__functions.h
-- Up-to-date: /workspace/ros2_yolo/src/sensor_driver/install/common_unique_msgs/include/common_unique_msgs/common_unique_msgs/msg/detail/location__functions.c
-- Up-to-date: /workspace/ros2_yolo/src/sensor_driver/install/common_unique_msgs/include/common_unique_msgs/common_unique_msgs/msg/detail/location__type_support.h
-- Up-to-date: /workspace/ros2_yolo/src/sensor_driver/install/common_unique_msgs/include/common_unique_msgs/common_unique_msgs/msg/detail/custom_gnss__type_support.h
-- Up-to-date: /workspace/ros2_yolo/src/sensor_driver/install/common_unique_msgs/include/common_unique_msgs/common_unique_msgs/msg/detail/uni_header__functions.h
-- Up-to-date: /workspace/ros2_yolo/src/sensor_driver/install/common_unique_msgs/include/common_unique_msgs/common_unique_msgs/msg/detail/location_initial__functions.c
-- Up-to-date: /workspace/ros2_yolo/src/sensor_driver/install/common_unique_msgs/include/common_unique_msgs/common_unique_msgs/msg/detail/location_initial__type_support.h
-- Up-to-date: /workspace/ros2_yolo/src/sensor_driver/install/common_unique_msgs/include/common_unique_msgs/common_unique_msgs/msg/detail/uni_header__functions.c
-- Up-to-date: /workspace/ros2_yolo/src/sensor_driver/install/common_unique_msgs/include/common_unique_msgs/common_unique_msgs/msg/detail/custom_gnss__struct.h
-- Up-to-date: /workspace/ros2_yolo/src/sensor_driver/install/common_unique_msgs/include/common_unique_msgs/common_unique_msgs/msg/detail/uni_header__type_support.h
-- Up-to-date: /workspace/ros2_yolo/src/sensor_driver/install/common_unique_msgs/include/common_unique_msgs/common_unique_msgs/msg/detail/uni_header__struct.h
-- Up-to-date: /workspace/ros2_yolo/src/sensor_driver/install/common_unique_msgs/include/common_unique_msgs/common_unique_msgs/msg/detail/location__functions.h
-- Up-to-date: /workspace/ros2_yolo/src/sensor_driver/install/common_unique_msgs/include/common_unique_msgs/common_unique_msgs/msg/detail/location__struct.h
-- Up-to-date: /workspace/ros2_yolo/src/sensor_driver/install/common_unique_msgs/include/common_unique_msgs/common_unique_msgs/msg/detail/custom_imu__struct.h
-- Up-to-date: /workspace/ros2_yolo/src/sensor_driver/install/common_unique_msgs/include/common_unique_msgs/common_unique_msgs/msg/detail/location_initial__functions.h
-- Up-to-date: /workspace/ros2_yolo/src/sensor_driver/install/common_unique_msgs/share/common_unique_msgs/environment/library_path.sh
-- Up-to-date: /workspace/ros2_yolo/src/sensor_driver/install/common_unique_msgs/share/common_unique_msgs/environment/library_path.dsv
-- Up-to-date: /workspace/ros2_yolo/src/sensor_driver/install/common_unique_msgs/lib/libcommon_unique_msgs__rosidl_generator_c.so
-- Up-to-date: /workspace/ros2_yolo/src/sensor_driver/install/common_unique_msgs/include/common_unique_msgs/common_unique_msgs
-- Up-to-date: /workspace/ros2_yolo/src/sensor_driver/install/common_unique_msgs/include/common_unique_msgs/common_unique_msgs/msg
-- Up-to-date: /workspace/ros2_yolo/src/sensor_driver/install/common_unique_msgs/include/common_unique_msgs/common_unique_msgs/msg/rosidl_typesupport_fastrtps_c__visibility_control.h
-- Up-to-date: /workspace/ros2_yolo/src/sensor_driver/install/common_unique_msgs/include/common_unique_msgs/common_unique_msgs/msg/detail
-- Up-to-date: /workspace/ros2_yolo/src/sensor_driver/install/common_unique_msgs/include/common_unique_msgs/common_unique_msgs/msg/detail/location_initial__rosidl_typesupport_fastrtps_c.h
-- Up-to-date: /workspace/ros2_yolo/src/sensor_driver/install/common_unique_msgs/include/common_unique_msgs/common_unique_msgs/msg/detail/location__rosidl_typesupport_fastrtps_c.h
-- Up-to-date: /workspace/ros2_yolo/src/sensor_driver/install/common_unique_msgs/include/common_unique_msgs/common_unique_msgs/msg/detail/custom_gnss__rosidl_typesupport_fastrtps_c.h
-- Up-to-date: /workspace/ros2_yolo/src/sensor_driver/install/common_unique_msgs/include/common_unique_msgs/common_unique_msgs/msg/detail/custom_imu__rosidl_typesupport_fastrtps_c.h
-- Up-to-date: /workspace/ros2_yolo/src/sensor_driver/install/common_unique_msgs/include/common_unique_msgs/common_unique_msgs/msg/detail/uni_header__rosidl_typesupport_fastrtps_c.h
-- Up-to-date: /workspace/ros2_yolo/src/sensor_driver/install/common_unique_msgs/lib/libcommon_unique_msgs__rosidl_typesupport_fastrtps_c.so
-- Up-to-date: /workspace/ros2_yolo/src/sensor_driver/install/common_unique_msgs/include/common_unique_msgs/common_unique_msgs
-- Up-to-date: /workspace/ros2_yolo/src/sensor_driver/install/common_unique_msgs/include/common_unique_msgs/common_unique_msgs/msg
-- Up-to-date: /workspace/ros2_yolo/src/sensor_driver/install/common_unique_msgs/include/common_unique_msgs/common_unique_msgs/msg/detail
-- Up-to-date: /workspace/ros2_yolo/src/sensor_driver/install/common_unique_msgs/include/common_unique_msgs/common_unique_msgs/msg/detail/custom_gnss__rosidl_typesupport_introspection_c.h
-- Up-to-date: /workspace/ros2_yolo/src/sensor_driver/install/common_unique_msgs/include/common_unique_msgs/common_unique_msgs/msg/detail/uni_header__rosidl_typesupport_introspection_c.h
-- Up-to-date: /workspace/ros2_yolo/src/sensor_driver/install/common_unique_msgs/include/common_unique_msgs/common_unique_msgs/msg/detail/location_initial__type_support.c
-- Up-to-date: /workspace/ros2_yolo/src/sensor_driver/install/common_unique_msgs/include/common_unique_msgs/common_unique_msgs/msg/detail/custom_imu__type_support.c
-- Up-to-date: /workspace/ros2_yolo/src/sensor_driver/install/common_unique_msgs/include/common_unique_msgs/common_unique_msgs/msg/detail/uni_header__type_support.c
-- Up-to-date: /workspace/ros2_yolo/src/sensor_driver/install/common_unique_msgs/include/common_unique_msgs/common_unique_msgs/msg/detail/location_initial__rosidl_typesupport_introspection_c.h
-- Up-to-date: /workspace/ros2_yolo/src/sensor_driver/install/common_unique_msgs/include/common_unique_msgs/common_unique_msgs/msg/detail/custom_gnss__type_support.c
-- Up-to-date: /workspace/ros2_yolo/src/sensor_driver/install/common_unique_msgs/include/common_unique_msgs/common_unique_msgs/msg/detail/location__rosidl_typesupport_introspection_c.h
-- Up-to-date: /workspace/ros2_yolo/src/sensor_driver/install/common_unique_msgs/include/common_unique_msgs/common_unique_msgs/msg/detail/location__type_support.c
-- Up-to-date: /workspace/ros2_yolo/src/sensor_driver/install/common_unique_msgs/include/common_unique_msgs/common_unique_msgs/msg/detail/custom_imu__rosidl_typesupport_introspection_c.h
-- Up-to-date: /workspace/ros2_yolo/src/sensor_driver/install/common_unique_msgs/include/common_unique_msgs/common_unique_msgs/msg/rosidl_typesupport_introspection_c__visibility_control.h
-- Up-to-date: /workspace/ros2_yolo/src/sensor_driver/install/common_unique_msgs/lib/libcommon_unique_msgs__rosidl_typesupport_introspection_c.so
-- Up-to-date: /workspace/ros2_yolo/src/sensor_driver/install/common_unique_msgs/lib/libcommon_unique_msgs__rosidl_typesupport_c.so
-- Up-to-date: /workspace/ros2_yolo/src/sensor_driver/install/common_unique_msgs/include/common_unique_msgs/common_unique_msgs
-- Up-to-date: /workspace/ros2_yolo/src/sensor_driver/install/common_unique_msgs/include/common_unique_msgs/common_unique_msgs/msg
-- Up-to-date: /workspace/ros2_yolo/src/sensor_driver/install/common_unique_msgs/include/common_unique_msgs/common_unique_msgs/msg/custom_gnss.hpp
-- Up-to-date: /workspace/ros2_yolo/src/sensor_driver/install/common_unique_msgs/include/common_unique_msgs/common_unique_msgs/msg/location.hpp
-- Up-to-date: /workspace/ros2_yolo/src/sensor_driver/install/common_unique_msgs/include/common_unique_msgs/common_unique_msgs/msg/rosidl_generator_cpp__visibility_control.hpp
-- Up-to-date: /workspace/ros2_yolo/src/sensor_driver/install/common_unique_msgs/include/common_unique_msgs/common_unique_msgs/msg/custom_imu.hpp
-- Up-to-date: /workspace/ros2_yolo/src/sensor_driver/install/common_unique_msgs/include/common_unique_msgs/common_unique_msgs/msg/uni_header.hpp
-- Up-to-date: /workspace/ros2_yolo/src/sensor_driver/install/common_unique_msgs/include/common_unique_msgs/common_unique_msgs/msg/location_initial.hpp
-- Up-to-date: /workspace/ros2_yolo/src/sensor_driver/install/common_unique_msgs/include/common_unique_msgs/common_unique_msgs/msg/detail
-- Up-to-date: /workspace/ros2_yolo/src/sensor_driver/install/common_unique_msgs/include/common_unique_msgs/common_unique_msgs/msg/detail/location_initial__struct.hpp
-- Up-to-date: /workspace/ros2_yolo/src/sensor_driver/install/common_unique_msgs/include/common_unique_msgs/common_unique_msgs/msg/detail/uni_header__builder.hpp
-- Up-to-date: /workspace/ros2_yolo/src/sensor_driver/install/common_unique_msgs/include/common_unique_msgs/common_unique_msgs/msg/detail/custom_imu__traits.hpp
-- Up-to-date: /workspace/ros2_yolo/src/sensor_driver/install/common_unique_msgs/include/common_unique_msgs/common_unique_msgs/msg/detail/custom_gnss__struct.hpp
-- Up-to-date: /workspace/ros2_yolo/src/sensor_driver/install/common_unique_msgs/include/common_unique_msgs/common_unique_msgs/msg/detail/location_initial__type_support.hpp
-- Up-to-date: /workspace/ros2_yolo/src/sensor_driver/install/common_unique_msgs/include/common_unique_msgs/common_unique_msgs/msg/detail/custom_gnss__traits.hpp
-- Up-to-date: /workspace/ros2_yolo/src/sensor_driver/install/common_unique_msgs/include/common_unique_msgs/common_unique_msgs/msg/detail/location__traits.hpp
-- Up-to-date: /workspace/ros2_yolo/src/sensor_driver/install/common_unique_msgs/include/common_unique_msgs/common_unique_msgs/msg/detail/location_initial__traits.hpp
-- Up-to-date: /workspace/ros2_yolo/src/sensor_driver/install/common_unique_msgs/include/common_unique_msgs/common_unique_msgs/msg/detail/custom_gnss__type_support.hpp
-- Up-to-date: /workspace/ros2_yolo/src/sensor_driver/install/common_unique_msgs/include/common_unique_msgs/common_unique_msgs/msg/detail/location_initial__builder.hpp
-- Up-to-date: /workspace/ros2_yolo/src/sensor_driver/install/common_unique_msgs/include/common_unique_msgs/common_unique_msgs/msg/detail/uni_header__struct.hpp
-- Up-to-date: /workspace/ros2_yolo/src/sensor_driver/install/common_unique_msgs/include/common_unique_msgs/common_unique_msgs/msg/detail/custom_imu__struct.hpp
-- Up-to-date: /workspace/ros2_yolo/src/sensor_driver/install/common_unique_msgs/include/common_unique_msgs/common_unique_msgs/msg/detail/location__builder.hpp
-- Up-to-date: /workspace/ros2_yolo/src/sensor_driver/install/common_unique_msgs/include/common_unique_msgs/common_unique_msgs/msg/detail/custom_gnss__builder.hpp
-- Up-to-date: /workspace/ros2_yolo/src/sensor_driver/install/common_unique_msgs/include/common_unique_msgs/common_unique_msgs/msg/detail/custom_imu__type_support.hpp
-- Up-to-date: /workspace/ros2_yolo/src/sensor_driver/install/common_unique_msgs/include/common_unique_msgs/common_unique_msgs/msg/detail/location__type_support.hpp
-- Up-to-date: /workspace/ros2_yolo/src/sensor_driver/install/common_unique_msgs/include/common_unique_msgs/common_unique_msgs/msg/detail/custom_imu__builder.hpp
-- Up-to-date: /workspace/ros2_yolo/src/sensor_driver/install/common_unique_msgs/include/common_unique_msgs/common_unique_msgs/msg/detail/uni_header__traits.hpp
-- Up-to-date: /workspace/ros2_yolo/src/sensor_driver/install/common_unique_msgs/include/common_unique_msgs/common_unique_msgs/msg/detail/location__struct.hpp
-- Up-to-date: /workspace/ros2_yolo/src/sensor_driver/install/common_unique_msgs/include/common_unique_msgs/common_unique_msgs/msg/detail/uni_header__type_support.hpp
-- Up-to-date: /workspace/ros2_yolo/src/sensor_driver/install/common_unique_msgs/include/common_unique_msgs/common_unique_msgs
-- Up-to-date: /workspace/ros2_yolo/src/sensor_driver/install/common_unique_msgs/include/common_unique_msgs/common_unique_msgs/msg
-- Up-to-date: /workspace/ros2_yolo/src/sensor_driver/install/common_unique_msgs/include/common_unique_msgs/common_unique_msgs/msg/rosidl_typesupport_fastrtps_cpp__visibility_control.h
-- Up-to-date: /workspace/ros2_yolo/src/sensor_driver/install/common_unique_msgs/include/common_unique_msgs/common_unique_msgs/msg/detail
-- Up-to-date: /workspace/ros2_yolo/src/sensor_driver/install/common_unique_msgs/include/common_unique_msgs/common_unique_msgs/msg/detail/uni_header__rosidl_typesupport_fastrtps_cpp.hpp
-- Up-to-date: /workspace/ros2_yolo/src/sensor_driver/install/common_unique_msgs/include/common_unique_msgs/common_unique_msgs/msg/detail/location__rosidl_typesupport_fastrtps_cpp.hpp
-- Up-to-date: /workspace/ros2_yolo/src/sensor_driver/install/common_unique_msgs/include/common_unique_msgs/common_unique_msgs/msg/detail/dds_fastrtps
-- Up-to-date: /workspace/ros2_yolo/src/sensor_driver/install/common_unique_msgs/include/common_unique_msgs/common_unique_msgs/msg/detail/location_initial__rosidl_typesupport_fastrtps_cpp.hpp
-- Up-to-date: /workspace/ros2_yolo/src/sensor_driver/install/common_unique_msgs/include/common_unique_msgs/common_unique_msgs/msg/detail/custom_imu__rosidl_typesupport_fastrtps_cpp.hpp
-- Up-to-date: /workspace/ros2_yolo/src/sensor_driver/install/common_unique_msgs/include/common_unique_msgs/common_unique_msgs/msg/detail/custom_gnss__rosidl_typesupport_fastrtps_cpp.hpp
-- Up-to-date: /workspace/ros2_yolo/src/sensor_driver/install/common_unique_msgs/lib/libcommon_unique_msgs__rosidl_typesupport_fastrtps_cpp.so
-- Up-to-date: /workspace/ros2_yolo/src/sensor_driver/install/common_unique_msgs/include/common_unique_msgs/common_unique_msgs
-- Up-to-date: /workspace/ros2_yolo/src/sensor_driver/install/common_unique_msgs/include/common_unique_msgs/common_unique_msgs/msg
-- Up-to-date: /workspace/ros2_yolo/src/sensor_driver/install/common_unique_msgs/include/common_unique_msgs/common_unique_msgs/msg/detail
-- Up-to-date: /workspace/ros2_yolo/src/sensor_driver/install/common_unique_msgs/include/common_unique_msgs/common_unique_msgs/msg/detail/location__rosidl_typesupport_introspection_cpp.hpp
-- Up-to-date: /workspace/ros2_yolo/src/sensor_driver/install/common_unique_msgs/include/common_unique_msgs/common_unique_msgs/msg/detail/uni_header__type_support.cpp
-- Up-to-date: /workspace/ros2_yolo/src/sensor_driver/install/common_unique_msgs/include/common_unique_msgs/common_unique_msgs/msg/detail/custom_gnss__rosidl_typesupport_introspection_cpp.hpp
-- Up-to-date: /workspace/ros2_yolo/src/sensor_driver/install/common_unique_msgs/include/common_unique_msgs/common_unique_msgs/msg/detail/uni_header__rosidl_typesupport_introspection_cpp.hpp
-- Up-to-date: /workspace/ros2_yolo/src/sensor_driver/install/common_unique_msgs/include/common_unique_msgs/common_unique_msgs/msg/detail/location_initial__type_support.cpp
-- Up-to-date: /workspace/ros2_yolo/src/sensor_driver/install/common_unique_msgs/include/common_unique_msgs/common_unique_msgs/msg/detail/custom_imu__rosidl_typesupport_introspection_cpp.hpp
-- Up-to-date: /workspace/ros2_yolo/src/sensor_driver/install/common_unique_msgs/include/common_unique_msgs/common_unique_msgs/msg/detail/custom_imu__type_support.cpp
-- Up-to-date: /workspace/ros2_yolo/src/sensor_driver/install/common_unique_msgs/include/common_unique_msgs/common_unique_msgs/msg/detail/location_initial__rosidl_typesupport_introspection_cpp.hpp
-- Up-to-date: /workspace/ros2_yolo/src/sensor_driver/install/common_unique_msgs/include/common_unique_msgs/common_unique_msgs/msg/detail/custom_gnss__type_support.cpp
-- Up-to-date: /workspace/ros2_yolo/src/sensor_driver/install/common_unique_msgs/include/common_unique_msgs/common_unique_msgs/msg/detail/location__type_support.cpp
-- Up-to-date: /workspace/ros2_yolo/src/sensor_driver/install/common_unique_msgs/lib/libcommon_unique_msgs__rosidl_typesupport_introspection_cpp.so
-- Up-to-date: /workspace/ros2_yolo/src/sensor_driver/install/common_unique_msgs/lib/libcommon_unique_msgs__rosidl_typesupport_cpp.so
-- Up-to-date: /workspace/ros2_yolo/src/sensor_driver/install/common_unique_msgs/share/common_unique_msgs/environment/pythonpath.sh
-- Up-to-date: /workspace/ros2_yolo/src/sensor_driver/install/common_unique_msgs/share/common_unique_msgs/environment/pythonpath.dsv
-- Up-to-date: /workspace/ros2_yolo/src/sensor_driver/install/common_unique_msgs/local/lib/python3.10/dist-packages/common_unique_msgs-0.1.0-py3.10.egg-info
-- Installing: /workspace/ros2_yolo/src/sensor_driver/install/common_unique_msgs/local/lib/python3.10/dist-packages/common_unique_msgs-0.1.0-py3.10.egg-info/top_level.txt
-- Installing: /workspace/ros2_yolo/src/sensor_driver/install/common_unique_msgs/local/lib/python3.10/dist-packages/common_unique_msgs-0.1.0-py3.10.egg-info/SOURCES.txt
-- Installing: /workspace/ros2_yolo/src/sensor_driver/install/common_unique_msgs/local/lib/python3.10/dist-packages/common_unique_msgs-0.1.0-py3.10.egg-info/PKG-INFO
-- Installing: /workspace/ros2_yolo/src/sensor_driver/install/common_unique_msgs/local/lib/python3.10/dist-packages/common_unique_msgs-0.1.0-py3.10.egg-info/dependency_links.txt
-- Up-to-date: /workspace/ros2_yolo/src/sensor_driver/install/common_unique_msgs/local/lib/python3.10/dist-packages/common_unique_msgs
-- Up-to-date: /workspace/ros2_yolo/src/sensor_driver/install/common_unique_msgs/local/lib/python3.10/dist-packages/common_unique_msgs/_common_unique_msgs_s.ep.rosidl_typesupport_fastrtps_c.c
-- Up-to-date: /workspace/ros2_yolo/src/sensor_driver/install/common_unique_msgs/local/lib/python3.10/dist-packages/common_unique_msgs/common_unique_msgs_s__rosidl_typesupport_fastrtps_c.cpython-310-x86_64-linux-gnu.so
-- Up-to-date: /workspace/ros2_yolo/src/sensor_driver/install/common_unique_msgs/local/lib/python3.10/dist-packages/common_unique_msgs/common_unique_msgs_s__rosidl_typesupport_c.cpython-310-x86_64-linux-gnu.so
-- Up-to-date: /workspace/ros2_yolo/src/sensor_driver/install/common_unique_msgs/local/lib/python3.10/dist-packages/common_unique_msgs/_common_unique_msgs_s.ep.rosidl_typesupport_introspection_c.c
-- Up-to-date: /workspace/ros2_yolo/src/sensor_driver/install/common_unique_msgs/local/lib/python3.10/dist-packages/common_unique_msgs/libcommon_unique_msgs__rosidl_generator_py.so
-- Up-to-date: /workspace/ros2_yolo/src/sensor_driver/install/common_unique_msgs/local/lib/python3.10/dist-packages/common_unique_msgs/msg
-- Up-to-date: /workspace/ros2_yolo/src/sensor_driver/install/common_unique_msgs/local/lib/python3.10/dist-packages/common_unique_msgs/msg/_custom_imu_s.c
-- Up-to-date: /workspace/ros2_yolo/src/sensor_driver/install/common_unique_msgs/local/lib/python3.10/dist-packages/common_unique_msgs/msg/_custom_imu.py
-- Up-to-date: /workspace/ros2_yolo/src/sensor_driver/install/common_unique_msgs/local/lib/python3.10/dist-packages/common_unique_msgs/msg/_location_initial_s.c
-- Up-to-date: /workspace/ros2_yolo/src/sensor_driver/install/common_unique_msgs/local/lib/python3.10/dist-packages/common_unique_msgs/msg/_custom_gnss_s.c
-- Up-to-date: /workspace/ros2_yolo/src/sensor_driver/install/common_unique_msgs/local/lib/python3.10/dist-packages/common_unique_msgs/msg/_uni_header.py
-- Up-to-date: /workspace/ros2_yolo/src/sensor_driver/install/common_unique_msgs/local/lib/python3.10/dist-packages/common_unique_msgs/msg/_location_initial.py
-- Up-to-date: /workspace/ros2_yolo/src/sensor_driver/install/common_unique_msgs/local/lib/python3.10/dist-packages/common_unique_msgs/msg/__init__.py
-- Up-to-date: /workspace/ros2_yolo/src/sensor_driver/install/common_unique_msgs/local/lib/python3.10/dist-packages/common_unique_msgs/msg/_uni_header_s.c
-- Up-to-date: /workspace/ros2_yolo/src/sensor_driver/install/common_unique_msgs/local/lib/python3.10/dist-packages/common_unique_msgs/msg/_custom_gnss.py
-- Up-to-date: /workspace/ros2_yolo/src/sensor_driver/install/common_unique_msgs/local/lib/python3.10/dist-packages/common_unique_msgs/msg/_location.py
-- Up-to-date: /workspace/ros2_yolo/src/sensor_driver/install/common_unique_msgs/local/lib/python3.10/dist-packages/common_unique_msgs/msg/_location_s.c
-- Up-to-date: /workspace/ros2_yolo/src/sensor_driver/install/common_unique_msgs/local/lib/python3.10/dist-packages/common_unique_msgs/__init__.py
-- Up-to-date: /workspace/ros2_yolo/src/sensor_driver/install/common_unique_msgs/local/lib/python3.10/dist-packages/common_unique_msgs/_common_unique_msgs_s.ep.rosidl_typesupport_c.c
-- Up-to-date: /workspace/ros2_yolo/src/sensor_driver/install/common_unique_msgs/local/lib/python3.10/dist-packages/common_unique_msgs/common_unique_msgs_s__rosidl_typesupport_introspection_c.cpython-310-x86_64-linux-gnu.so
Listing '/workspace/ros2_yolo/src/sensor_driver/install/common_unique_msgs/local/lib/python3.10/dist-packages/common_unique_msgs'...
Listing '/workspace/ros2_yolo/src/sensor_driver/install/common_unique_msgs/local/lib/python3.10/dist-packages/common_unique_msgs/msg'...
-- Up-to-date: /workspace/ros2_yolo/src/sensor_driver/install/common_unique_msgs/local/lib/python3.10/dist-packages/common_unique_msgs/common_unique_msgs_s__rosidl_typesupport_fastrtps_c.cpython-310-x86_64-linux-gnu.so
-- Up-to-date: /workspace/ros2_yolo/src/sensor_driver/install/common_unique_msgs/local/lib/python3.10/dist-packages/common_unique_msgs/common_unique_msgs_s__rosidl_typesupport_introspection_c.cpython-310-x86_64-linux-gnu.so
-- Up-to-date: /workspace/ros2_yolo/src/sensor_driver/install/common_unique_msgs/local/lib/python3.10/dist-packages/common_unique_msgs/common_unique_msgs_s__rosidl_typesupport_c.cpython-310-x86_64-linux-gnu.so
-- Up-to-date: /workspace/ros2_yolo/src/sensor_driver/install/common_unique_msgs/lib/libcommon_unique_msgs__rosidl_generator_py.so
-- Up-to-date: /workspace/ros2_yolo/src/sensor_driver/install/common_unique_msgs/share/common_unique_msgs/msg/UniHeader.idl
-- Up-to-date: /workspace/ros2_yolo/src/sensor_driver/install/common_unique_msgs/share/common_unique_msgs/msg/Location.idl
-- Up-to-date: /workspace/ros2_yolo/src/sensor_driver/install/common_unique_msgs/share/common_unique_msgs/msg/LocationInitial.idl
-- Up-to-date: /workspace/ros2_yolo/src/sensor_driver/install/common_unique_msgs/share/common_unique_msgs/msg/CustomGNSS.idl
-- Up-to-date: /workspace/ros2_yolo/src/sensor_driver/install/common_unique_msgs/share/common_unique_msgs/msg/CustomIMU.idl
-- Up-to-date: /workspace/ros2_yolo/src/sensor_driver/install/common_unique_msgs/share/common_unique_msgs/msg/UniHeader.msg
-- Up-to-date: /workspace/ros2_yolo/src/sensor_driver/install/common_unique_msgs/share/common_unique_msgs/msg/Location.msg
-- Up-to-date: /workspace/ros2_yolo/src/sensor_driver/install/common_unique_msgs/share/common_unique_msgs/msg/LocationInitial.msg
-- Up-to-date: /workspace/ros2_yolo/src/sensor_driver/install/common_unique_msgs/share/common_unique_msgs/msg/CustomGNSS.msg
-- Up-to-date: /workspace/ros2_yolo/src/sensor_driver/install/common_unique_msgs/share/common_unique_msgs/msg/CustomIMU.msg
-- Up-to-date: /workspace/ros2_yolo/src/sensor_driver/install/common_unique_msgs/share/ament_index/resource_index/package_run_dependencies/common_unique_msgs
-- Up-to-date: /workspace/ros2_yolo/src/sensor_driver/install/common_unique_msgs/share/ament_index/resource_index/parent_prefix_path/common_unique_msgs
-- Up-to-date: /workspace/ros2_yolo/src/sensor_driver/install/common_unique_msgs/share/common_unique_msgs/environment/ament_prefix_path.sh
-- Up-to-date: /workspace/ros2_yolo/src/sensor_driver/install/common_unique_msgs/share/common_unique_msgs/environment/ament_prefix_path.dsv
-- Up-to-date: /workspace/ros2_yolo/src/sensor_driver/install/common_unique_msgs/share/common_unique_msgs/environment/path.sh
-- Up-to-date: /workspace/ros2_yolo/src/sensor_driver/install/common_unique_msgs/share/common_unique_msgs/environment/path.dsv
-- Up-to-date: /workspace/ros2_yolo/src/sensor_driver/install/common_unique_msgs/share/common_unique_msgs/local_setup.bash
-- Up-to-date: /workspace/ros2_yolo/src/sensor_driver/install/common_unique_msgs/share/common_unique_msgs/local_setup.sh
-- Up-to-date: /workspace/ros2_yolo/src/sensor_driver/install/common_unique_msgs/share/common_unique_msgs/local_setup.zsh
-- Up-to-date: /workspace/ros2_yolo/src/sensor_driver/install/common_unique_msgs/share/common_unique_msgs/local_setup.dsv
-- Installing: /workspace/ros2_yolo/src/sensor_driver/install/common_unique_msgs/share/common_unique_msgs/package.dsv
-- Up-to-date: /workspace/ros2_yolo/src/sensor_driver/install/common_unique_msgs/share/ament_index/resource_index/packages/common_unique_msgs
-- Up-to-date: /workspace/ros2_yolo/src/sensor_driver/install/common_unique_msgs/share/common_unique_msgs/cmake/export_common_unique_msgs__rosidl_generator_cExport.cmake
-- Up-to-date: /workspace/ros2_yolo/src/sensor_driver/install/common_unique_msgs/share/common_unique_msgs/cmake/export_common_unique_msgs__rosidl_generator_cExport-noconfig.cmake
-- Up-to-date: /workspace/ros2_yolo/src/sensor_driver/install/common_unique_msgs/share/common_unique_msgs/cmake/export_common_unique_msgs__rosidl_typesupport_fastrtps_cExport.cmake
-- Up-to-date: /workspace/ros2_yolo/src/sensor_driver/install/common_unique_msgs/share/common_unique_msgs/cmake/export_common_unique_msgs__rosidl_typesupport_fastrtps_cExport-noconfig.cmake
-- Up-to-date: /workspace/ros2_yolo/src/sensor_driver/install/common_unique_msgs/share/common_unique_msgs/cmake/common_unique_msgs__rosidl_typesupport_introspection_cExport.cmake
-- Up-to-date: /workspace/ros2_yolo/src/sensor_driver/install/common_unique_msgs/share/common_unique_msgs/cmake/common_unique_msgs__rosidl_typesupport_introspection_cExport-noconfig.cmake
-- Up-to-date: /workspace/ros2_yolo/src/sensor_driver/install/common_unique_msgs/share/common_unique_msgs/cmake/common_unique_msgs__rosidl_typesupport_cExport.cmake
-- Up-to-date: /workspace/ros2_yolo/src/sensor_driver/install/common_unique_msgs/share/common_unique_msgs/cmake/common_unique_msgs__rosidl_typesupport_cExport-noconfig.cmake
-- Up-to-date: /workspace/ros2_yolo/src/sensor_driver/install/common_unique_msgs/share/common_unique_msgs/cmake/export_common_unique_msgs__rosidl_generator_cppExport.cmake
-- Up-to-date: /workspace/ros2_yolo/src/sensor_driver/install/common_unique_msgs/share/common_unique_msgs/cmake/export_common_unique_msgs__rosidl_typesupport_fastrtps_cppExport.cmake
-- Up-to-date: /workspace/ros2_yolo/src/sensor_driver/install/common_unique_msgs/share/common_unique_msgs/cmake/export_common_unique_msgs__rosidl_typesupport_fastrtps_cppExport-noconfig.cmake
-- Up-to-date: /workspace/ros2_yolo/src/sensor_driver/install/common_unique_msgs/share/common_unique_msgs/cmake/common_unique_msgs__rosidl_typesupport_introspection_cppExport.cmake
-- Up-to-date: /workspace/ros2_yolo/src/sensor_driver/install/common_unique_msgs/share/common_unique_msgs/cmake/common_unique_msgs__rosidl_typesupport_introspection_cppExport-noconfig.cmake
-- Up-to-date: /workspace/ros2_yolo/src/sensor_driver/install/common_unique_msgs/share/common_unique_msgs/cmake/common_unique_msgs__rosidl_typesupport_cppExport.cmake
-- Up-to-date: /workspace/ros2_yolo/src/sensor_driver/install/common_unique_msgs/share/common_unique_msgs/cmake/common_unique_msgs__rosidl_typesupport_cppExport-noconfig.cmake
-- Up-to-date: /workspace/ros2_yolo/src/sensor_driver/install/common_unique_msgs/share/common_unique_msgs/cmake/export_common_unique_msgs__rosidl_generator_pyExport.cmake
-- Up-to-date: /workspace/ros2_yolo/src/sensor_driver/install/common_unique_msgs/share/common_unique_msgs/cmake/export_common_unique_msgs__rosidl_generator_pyExport-noconfig.cmake
-- Up-to-date: /workspace/ros2_yolo/src/sensor_driver/install/common_unique_msgs/share/common_unique_msgs/cmake/rosidl_cmake-extras.cmake
-- Up-to-date: /workspace/ros2_yolo/src/sensor_driver/install/common_unique_msgs/share/common_unique_msgs/cmake/ament_cmake_export_dependencies-extras.cmake
-- Up-to-date: /workspace/ros2_yolo/src/sensor_driver/install/common_unique_msgs/share/common_unique_msgs/cmake/ament_cmake_export_include_directories-extras.cmake
-- Up-to-date: /workspace/ros2_yolo/src/sensor_driver/install/common_unique_msgs/share/common_unique_msgs/cmake/ament_cmake_export_libraries-extras.cmake
-- Up-to-date: /workspace/ros2_yolo/src/sensor_driver/install/common_unique_msgs/share/common_unique_msgs/cmake/ament_cmake_export_targets-extras.cmake
-- Up-to-date: /workspace/ros2_yolo/src/sensor_driver/install/common_unique_msgs/share/common_unique_msgs/cmake/rosidl_cmake_export_typesupport_targets-extras.cmake
-- Up-to-date: /workspace/ros2_yolo/src/sensor_driver/install/common_unique_msgs/share/common_unique_msgs/cmake/rosidl_cmake_export_typesupport_libraries-extras.cmake
-- Up-to-date: /workspace/ros2_yolo/src/sensor_driver/install/common_unique_msgs/share/common_unique_msgs/cmake/common_unique_msgsConfig.cmake
-- Up-to-date: /workspace/ros2_yolo/src/sensor_driver/install/common_unique_msgs/share/common_unique_msgs/cmake/common_unique_msgsConfig-version.cmake
-- Up-to-date: /workspace/ros2_yolo/src/sensor_driver/install/common_unique_msgs/share/common_unique_msgs/package.xml
