[0.681s] Invoking command in '/workspace/CogniScope/build/pcdet_ros2': AMENT_PREFIX_PATH=/workspace/CogniScope/install/ros2_numpy:${AMENT_PREFIX_PATH} CMAKE_PREFIX_PATH=/workspace/CogniScope/install/ros2_numpy:/workspace/CogniScope/install/vision_msgs_rviz_plugins:/workspace/CogniScope/install/ultralytics_ros:/workspace/CogniScope/install/rslidar_sdk:/workspace/CogniScope/install/rslidar_msg:/workspace/CogniScope/install/realsense2_description:/workspace/CogniScope/install/realsense2_camera:/workspace/CogniScope/install/realsense2_camera_msgs:/workspace/CogniScope/install/pointcloud_to_laserscan:/workspace/CogniScope/install/imu_speed:/workspace/CogniScope/install/imu5651_driver:/workspace/CogniScope/install/common_unique_msgs PYTHONPATH=/workspace/CogniScope/build/pcdet_ros2/prefix_override:/usr/lib/python3/dist-packages/colcon_core/task/python/colcon_distutils_commands:/workspace/CogniScope/install/pcdet_ros2/lib/python3.10/site-packages:/workspace/CogniScope/install/ros2_numpy/local/lib/python3.10/dist-packages:${PYTHONPATH} /usr/bin/python3 -W ignore:setup.py install is deprecated -W ignore:easy_install command is deprecated setup.py develop --editable --build-directory /workspace/CogniScope/build/pcdet_ros2/build --no-deps symlink_data
[0.946s] running develop
[1.014s] /usr/local/lib/python3.10/dist-packages/pkg_resources/__init__.py:116: PkgResourcesDeprecationWarning: 2.0.5-build-libtorrent-rasterbar-qrM5vM-libtorrent-rasterbar-2.0.5-bindings-python is an invalid version and will not be supported in a future release
[1.014s]   warnings.warn(
[1.123s] running egg_info
[1.123s] creating pcdet_ros2.egg-info
[1.123s] writing manifest file 'pcdet_ros2.egg-info/SOURCES.txt'
[1.125s] writing manifest file 'pcdet_ros2.egg-info/SOURCES.txt'
[1.127s] running build_ext
[1.127s] running symlink_data
[1.128s] creating /workspace/CogniScope/install/pcdet_ros2/share/ament_index
[1.128s] creating /workspace/CogniScope/install/pcdet_ros2/share/ament_index/resource_index
[1.128s] creating /workspace/CogniScope/install/pcdet_ros2/share/ament_index/resource_index/packages
[1.128s] symbolically linking /workspace/CogniScope/build/pcdet_ros2/resource/pcdet_ros2 -> /workspace/CogniScope/install/pcdet_ros2/share/ament_index/resource_index/packages
[1.128s] symbolically linking /workspace/CogniScope/build/pcdet_ros2/package.xml -> /workspace/CogniScope/install/pcdet_ros2/share/pcdet_ros2
[1.128s] creating /workspace/CogniScope/install/pcdet_ros2/share/pcdet_ros2/launch
[1.128s] symbolically linking /workspace/CogniScope/build/pcdet_ros2/launch/parta2_free.launch.xml -> /workspace/CogniScope/install/pcdet_ros2/share/pcdet_ros2/launch
[1.128s] symbolically linking /workspace/CogniScope/build/pcdet_ros2/launch/pp_multihead_nds.launch.xml -> /workspace/CogniScope/install/pcdet_ros2/share/pcdet_ros2/launch
[1.129s] symbolically linking /workspace/CogniScope/build/pcdet_ros2/launch/pcdet.launch.py -> /workspace/CogniScope/install/pcdet_ros2/share/pcdet_ros2/launch
[1.129s] symbolically linking /workspace/CogniScope/build/pcdet_ros2/launch/pcdet_with_tracking.launch.py -> /workspace/CogniScope/install/pcdet_ros2/share/pcdet_ros2/launch
[1.129s] symbolically linking /workspace/CogniScope/build/pcdet_ros2/launch/second_multihead_nds.launch.xml -> /workspace/CogniScope/install/pcdet_ros2/share/pcdet_ros2/launch
[1.129s] creating /workspace/CogniScope/install/pcdet_ros2/share/pcdet_ros2/config
[1.129s] symbolically linking /workspace/CogniScope/build/pcdet_ros2/config/parta2_free.param.yaml -> /workspace/CogniScope/install/pcdet_ros2/share/pcdet_ros2/config
[1.129s] symbolically linking /workspace/CogniScope/build/pcdet_ros2/config/pp_multihead_nds.param.yaml -> /workspace/CogniScope/install/pcdet_ros2/share/pcdet_ros2/config
[1.129s] symbolically linking /workspace/CogniScope/build/pcdet_ros2/config/pcdet_pvrcnn.param.yaml -> /workspace/CogniScope/install/pcdet_ros2/share/pcdet_ros2/config
[1.129s] symbolically linking /workspace/CogniScope/build/pcdet_ros2/config/tracker.yaml -> /workspace/CogniScope/install/pcdet_ros2/share/pcdet_ros2/config
[1.129s] symbolically linking /workspace/CogniScope/build/pcdet_ros2/config/cbgs_second_multihead_nds.param.yaml -> /workspace/CogniScope/install/pcdet_ros2/share/pcdet_ros2/config
[1.130s] creating /workspace/CogniScope/install/pcdet_ros2/share/pcdet_ros2/cfgs
[1.130s] creating /workspace/CogniScope/install/pcdet_ros2/share/pcdet_ros2/cfgs/custom_models
[1.130s] symbolically linking /workspace/CogniScope/build/pcdet_ros2/cfgs/custom_models/second.yaml -> /workspace/CogniScope/install/pcdet_ros2/share/pcdet_ros2/cfgs/custom_models
[1.130s] symbolically linking /workspace/CogniScope/build/pcdet_ros2/cfgs/custom_models/pv_rcnn.yaml -> /workspace/CogniScope/install/pcdet_ros2/share/pcdet_ros2/cfgs/custom_models
[1.130s] creating /workspace/CogniScope/install/pcdet_ros2/share/pcdet_ros2/cfgs/dataset_configs
[1.130s] symbolically linking /workspace/CogniScope/build/pcdet_ros2/cfgs/dataset_configs/nuscenes_dataset.yaml -> /workspace/CogniScope/install/pcdet_ros2/share/pcdet_ros2/cfgs/dataset_configs
[1.130s] symbolically linking /workspace/CogniScope/build/pcdet_ros2/cfgs/dataset_configs/custom_dataset.yaml -> /workspace/CogniScope/install/pcdet_ros2/share/pcdet_ros2/cfgs/dataset_configs
[1.130s] symbolically linking /workspace/CogniScope/build/pcdet_ros2/cfgs/dataset_configs/kitti_dataset.yaml -> /workspace/CogniScope/install/pcdet_ros2/share/pcdet_ros2/cfgs/dataset_configs
[1.130s] symbolically linking /workspace/CogniScope/build/pcdet_ros2/cfgs/dataset_configs/once_dataset.yaml -> /workspace/CogniScope/install/pcdet_ros2/share/pcdet_ros2/cfgs/dataset_configs
[1.130s] symbolically linking /workspace/CogniScope/build/pcdet_ros2/cfgs/dataset_configs/waymo_dataset.yaml -> /workspace/CogniScope/install/pcdet_ros2/share/pcdet_ros2/cfgs/dataset_configs
[1.130s] symbolically linking /workspace/CogniScope/build/pcdet_ros2/cfgs/dataset_configs/waymo_dataset_multiframe.yaml -> /workspace/CogniScope/install/pcdet_ros2/share/pcdet_ros2/cfgs/dataset_configs
[1.130s] symbolically linking /workspace/CogniScope/build/pcdet_ros2/cfgs/dataset_configs/pandaset_dataset.yaml -> /workspace/CogniScope/install/pcdet_ros2/share/pcdet_ros2/cfgs/dataset_configs
[1.130s] symbolically linking /workspace/CogniScope/build/pcdet_ros2/cfgs/dataset_configs/lyft_dataset.yaml -> /workspace/CogniScope/install/pcdet_ros2/share/pcdet_ros2/cfgs/dataset_configs
[1.130s] creating /workspace/CogniScope/install/pcdet_ros2/share/pcdet_ros2/cfgs/kitti_models
[1.130s] symbolically linking /workspace/CogniScope/build/pcdet_ros2/cfgs/kitti_models/PartA2_free.yaml -> /workspace/CogniScope/install/pcdet_ros2/share/pcdet_ros2/cfgs/kitti_models
[1.131s] symbolically linking /workspace/CogniScope/build/pcdet_ros2/cfgs/kitti_models/second_multihead.yaml -> /workspace/CogniScope/install/pcdet_ros2/share/pcdet_ros2/cfgs/kitti_models
[1.131s] symbolically linking /workspace/CogniScope/build/pcdet_ros2/cfgs/kitti_models/PartA2.yaml -> /workspace/CogniScope/install/pcdet_ros2/share/pcdet_ros2/cfgs/kitti_models
[1.131s] symbolically linking /workspace/CogniScope/build/pcdet_ros2/cfgs/kitti_models/voxel_rcnn_car.yaml -> /workspace/CogniScope/install/pcdet_ros2/share/pcdet_ros2/cfgs/kitti_models
[1.131s] symbolically linking /workspace/CogniScope/build/pcdet_ros2/cfgs/kitti_models/pointpillar.yaml -> /workspace/CogniScope/install/pcdet_ros2/share/pcdet_ros2/cfgs/kitti_models
[1.131s] symbolically linking /workspace/CogniScope/build/pcdet_ros2/cfgs/kitti_models/pointpillar_pyramid_aug.yaml -> /workspace/CogniScope/install/pcdet_ros2/share/pcdet_ros2/cfgs/kitti_models
[1.131s] symbolically linking /workspace/CogniScope/build/pcdet_ros2/cfgs/kitti_models/pointpillar_newaugs.yaml -> /workspace/CogniScope/install/pcdet_ros2/share/pcdet_ros2/cfgs/kitti_models
[1.131s] symbolically linking /workspace/CogniScope/build/pcdet_ros2/cfgs/kitti_models/pillarnet.yaml -> /workspace/CogniScope/install/pcdet_ros2/share/pcdet_ros2/cfgs/kitti_models
[1.131s] symbolically linking /workspace/CogniScope/build/pcdet_ros2/cfgs/kitti_models/pointrcnn_iou.yaml -> /workspace/CogniScope/install/pcdet_ros2/share/pcdet_ros2/cfgs/kitti_models
[1.131s] symbolically linking /workspace/CogniScope/build/pcdet_ros2/cfgs/kitti_models/voxel_rcnn_car_focal_multimodal.yaml -> /workspace/CogniScope/install/pcdet_ros2/share/pcdet_ros2/cfgs/kitti_models
[1.131s] symbolically linking /workspace/CogniScope/build/pcdet_ros2/cfgs/kitti_models/CaDDN.yaml -> /workspace/CogniScope/install/pcdet_ros2/share/pcdet_ros2/cfgs/kitti_models
[1.131s] symbolically linking /workspace/CogniScope/build/pcdet_ros2/cfgs/kitti_models/second_iou.yaml -> /workspace/CogniScope/install/pcdet_ros2/share/pcdet_ros2/cfgs/kitti_models
[1.131s] symbolically linking /workspace/CogniScope/build/pcdet_ros2/cfgs/kitti_models/second.yaml -> /workspace/CogniScope/install/pcdet_ros2/share/pcdet_ros2/cfgs/kitti_models
[1.131s] symbolically linking /workspace/CogniScope/build/pcdet_ros2/cfgs/kitti_models/pointrcnn.yaml -> /workspace/CogniScope/install/pcdet_ros2/share/pcdet_ros2/cfgs/kitti_models
[1.131s] symbolically linking /workspace/CogniScope/build/pcdet_ros2/cfgs/kitti_models/pv_rcnn.yaml -> /workspace/CogniScope/install/pcdet_ros2/share/pcdet_ros2/cfgs/kitti_models
[1.131s] creating /workspace/CogniScope/install/pcdet_ros2/share/pcdet_ros2/cfgs/lyft_models
[1.131s] symbolically linking /workspace/CogniScope/build/pcdet_ros2/cfgs/lyft_models/cbgs_second_multihead.yaml -> /workspace/CogniScope/install/pcdet_ros2/share/pcdet_ros2/cfgs/lyft_models
[1.131s] symbolically linking /workspace/CogniScope/build/pcdet_ros2/cfgs/lyft_models/cbgs_second-nores_multihead.yaml -> /workspace/CogniScope/install/pcdet_ros2/share/pcdet_ros2/cfgs/lyft_models
[1.131s] creating /workspace/CogniScope/install/pcdet_ros2/share/pcdet_ros2/cfgs/nuscenes_models
[1.131s] symbolically linking /workspace/CogniScope/build/pcdet_ros2/cfgs/nuscenes_models/cbgs_pillar0075_res2d_centerpoint.yaml -> /workspace/CogniScope/install/pcdet_ros2/share/pcdet_ros2/cfgs/nuscenes_models
[1.131s] symbolically linking /workspace/CogniScope/build/pcdet_ros2/cfgs/nuscenes_models/cbgs_dyn_pp_centerpoint.yaml -> /workspace/CogniScope/install/pcdet_ros2/share/pcdet_ros2/cfgs/nuscenes_models
[1.131s] symbolically linking /workspace/CogniScope/build/pcdet_ros2/cfgs/nuscenes_models/cbgs_voxel01_res3d_centerpoint.yaml -> /workspace/CogniScope/install/pcdet_ros2/share/pcdet_ros2/cfgs/nuscenes_models
[1.131s] symbolically linking /workspace/CogniScope/build/pcdet_ros2/cfgs/nuscenes_models/cbgs_voxel0075_res3d_centerpoint.yaml -> /workspace/CogniScope/install/pcdet_ros2/share/pcdet_ros2/cfgs/nuscenes_models
[1.131s] symbolically linking /workspace/CogniScope/build/pcdet_ros2/cfgs/nuscenes_models/cbgs_pp_multihead.yaml -> /workspace/CogniScope/install/pcdet_ros2/share/pcdet_ros2/cfgs/nuscenes_models
[1.131s] symbolically linking /workspace/CogniScope/build/pcdet_ros2/cfgs/nuscenes_models/cbgs_second_multihead.yaml -> /workspace/CogniScope/install/pcdet_ros2/share/pcdet_ros2/cfgs/nuscenes_models
[1.131s] creating /workspace/CogniScope/install/pcdet_ros2/share/pcdet_ros2/cfgs/once_models
[1.131s] symbolically linking /workspace/CogniScope/build/pcdet_ros2/cfgs/once_models/pointpillar.yaml -> /workspace/CogniScope/install/pcdet_ros2/share/pcdet_ros2/cfgs/once_models
[1.131s] symbolically linking /workspace/CogniScope/build/pcdet_ros2/cfgs/once_models/centerpoint.yaml -> /workspace/CogniScope/install/pcdet_ros2/share/pcdet_ros2/cfgs/once_models
[1.131s] symbolically linking /workspace/CogniScope/build/pcdet_ros2/cfgs/once_models/second.yaml -> /workspace/CogniScope/install/pcdet_ros2/share/pcdet_ros2/cfgs/once_models
[1.131s] symbolically linking /workspace/CogniScope/build/pcdet_ros2/cfgs/once_models/pointrcnn.yaml -> /workspace/CogniScope/install/pcdet_ros2/share/pcdet_ros2/cfgs/once_models
[1.131s] symbolically linking /workspace/CogniScope/build/pcdet_ros2/cfgs/once_models/pv_rcnn.yaml -> /workspace/CogniScope/install/pcdet_ros2/share/pcdet_ros2/cfgs/once_models
[1.131s] creating /workspace/CogniScope/install/pcdet_ros2/share/pcdet_ros2/cfgs/waymo_models
[1.131s] symbolically linking /workspace/CogniScope/build/pcdet_ros2/cfgs/waymo_models/voxel_rcnn_with_centerhead_dyn_voxel.yaml -> /workspace/CogniScope/install/pcdet_ros2/share/pcdet_ros2/cfgs/waymo_models
[1.132s] symbolically linking /workspace/CogniScope/build/pcdet_ros2/cfgs/waymo_models/mppnet_16frames.yaml -> /workspace/CogniScope/install/pcdet_ros2/share/pcdet_ros2/cfgs/waymo_models
[1.132s] symbolically linking /workspace/CogniScope/build/pcdet_ros2/cfgs/waymo_models/centerpoint_pillar_1x.yaml -> /workspace/CogniScope/install/pcdet_ros2/share/pcdet_ros2/cfgs/waymo_models
[1.132s] symbolically linking /workspace/CogniScope/build/pcdet_ros2/cfgs/waymo_models/pv_rcnn_plusplus_resnet.yaml -> /workspace/CogniScope/install/pcdet_ros2/share/pcdet_ros2/cfgs/waymo_models
[1.132s] symbolically linking /workspace/CogniScope/build/pcdet_ros2/cfgs/waymo_models/mppnet_4frames.yaml -> /workspace/CogniScope/install/pcdet_ros2/share/pcdet_ros2/cfgs/waymo_models
[1.132s] symbolically linking /workspace/CogniScope/build/pcdet_ros2/cfgs/waymo_models/centerpoint_dyn_pillar_1x.yaml -> /workspace/CogniScope/install/pcdet_ros2/share/pcdet_ros2/cfgs/waymo_models
[1.132s] symbolically linking /workspace/CogniScope/build/pcdet_ros2/cfgs/waymo_models/pv_rcnn_with_centerhead_rpn.yaml -> /workspace/CogniScope/install/pcdet_ros2/share/pcdet_ros2/cfgs/waymo_models
[1.132s] symbolically linking /workspace/CogniScope/build/pcdet_ros2/cfgs/waymo_models/pv_rcnn_plusplus_resnet_2frames.yaml -> /workspace/CogniScope/install/pcdet_ros2/share/pcdet_ros2/cfgs/waymo_models
[1.132s] symbolically linking /workspace/CogniScope/build/pcdet_ros2/cfgs/waymo_models/PartA2.yaml -> /workspace/CogniScope/install/pcdet_ros2/share/pcdet_ros2/cfgs/waymo_models
[1.132s] symbolically linking /workspace/CogniScope/build/pcdet_ros2/cfgs/waymo_models/pillarnet.yaml -> /workspace/CogniScope/install/pcdet_ros2/share/pcdet_ros2/cfgs/waymo_models
[1.132s] symbolically linking /workspace/CogniScope/build/pcdet_ros2/cfgs/waymo_models/centerpoint.yaml -> /workspace/CogniScope/install/pcdet_ros2/share/pcdet_ros2/cfgs/waymo_models
[1.132s] symbolically linking /workspace/CogniScope/build/pcdet_ros2/cfgs/waymo_models/mppnet_e2e_memorybank_inference.yaml -> /workspace/CogniScope/install/pcdet_ros2/share/pcdet_ros2/cfgs/waymo_models
[1.132s] symbolically linking /workspace/CogniScope/build/pcdet_ros2/cfgs/waymo_models/centerpoint_4frames.yaml -> /workspace/CogniScope/install/pcdet_ros2/share/pcdet_ros2/cfgs/waymo_models
[1.132s] symbolically linking /workspace/CogniScope/build/pcdet_ros2/cfgs/waymo_models/pv_rcnn_plusplus.yaml -> /workspace/CogniScope/install/pcdet_ros2/share/pcdet_ros2/cfgs/waymo_models
[1.132s] symbolically linking /workspace/CogniScope/build/pcdet_ros2/cfgs/waymo_models/second.yaml -> /workspace/CogniScope/install/pcdet_ros2/share/pcdet_ros2/cfgs/waymo_models
[1.132s] symbolically linking /workspace/CogniScope/build/pcdet_ros2/cfgs/waymo_models/centerpoint_without_resnet.yaml -> /workspace/CogniScope/install/pcdet_ros2/share/pcdet_ros2/cfgs/waymo_models
[1.132s] symbolically linking /workspace/CogniScope/build/pcdet_ros2/cfgs/waymo_models/pointpillar_1x.yaml -> /workspace/CogniScope/install/pcdet_ros2/share/pcdet_ros2/cfgs/waymo_models
[1.132s] symbolically linking /workspace/CogniScope/build/pcdet_ros2/cfgs/waymo_models/pv_rcnn.yaml -> /workspace/CogniScope/install/pcdet_ros2/share/pcdet_ros2/cfgs/waymo_models
[1.132s] creating /workspace/CogniScope/install/pcdet_ros2/share/pcdet_ros2/checkpoints
[1.132s] symbolically linking /workspace/CogniScope/build/pcdet_ros2/checkpoints/pv_rcnn_8369.pth -> /workspace/CogniScope/install/pcdet_ros2/share/pcdet_ros2/checkpoints
[1.167s] Invoked command in '/workspace/CogniScope/build/pcdet_ros2' returned '0': AMENT_PREFIX_PATH=/workspace/CogniScope/install/ros2_numpy:${AMENT_PREFIX_PATH} CMAKE_PREFIX_PATH=/workspace/CogniScope/install/ros2_numpy:/workspace/CogniScope/install/vision_msgs_rviz_plugins:/workspace/CogniScope/install/ultralytics_ros:/workspace/CogniScope/install/rslidar_sdk:/workspace/CogniScope/install/rslidar_msg:/workspace/CogniScope/install/realsense2_description:/workspace/CogniScope/install/realsense2_camera:/workspace/CogniScope/install/realsense2_camera_msgs:/workspace/CogniScope/install/pointcloud_to_laserscan:/workspace/CogniScope/install/imu_speed:/workspace/CogniScope/install/imu5651_driver:/workspace/CogniScope/install/common_unique_msgs PYTHONPATH=/workspace/CogniScope/build/pcdet_ros2/prefix_override:/usr/lib/python3/dist-packages/colcon_core/task/python/colcon_distutils_commands:/workspace/CogniScope/install/pcdet_ros2/lib/python3.10/site-packages:/workspace/CogniScope/install/ros2_numpy/local/lib/python3.10/dist-packages:${PYTHONPATH} /usr/bin/python3 -W ignore:setup.py install is deprecated -W ignore:easy_install command is deprecated setup.py develop --editable --build-directory /workspace/CogniScope/build/pcdet_ros2/build --no-deps symlink_data
