[0.014s] Invoking command in '/workspace/ros2_yolo/src/sensor_driver/build/realsense2_camera': AMENT_PREFIX_PATH=/workspace/ros2_yolo/src/sensor_driver/install/realsense2_camera_msgs:${AMENT_PREFIX_PATH} CMAKE_PREFIX_PATH=/workspace/ros2_yolo/src/sensor_driver/install/realsense2_camera_msgs:/workspace/ros2_yolo/install/vision_msgs_rviz_plugins:/workspace/ros2_yolo/install/ultralytics_ros:/workspace/ros2_yolo/install/ros2_numpy:/workspace/ros2_yolo/install/pcdet_ros2:/workspace/ros2_yolo/install/fusiondet:/workspace/ros2_yolo/install/fusion_tracker:/opt/ros/humble LD_LIBRARY_PATH=/workspace/ros2_yolo/src/sensor_driver/install/realsense2_camera_msgs/lib:${LD_LIBRARY_PATH} PYTHONPATH=/workspace/ros2_yolo/src/sensor_driver/install/realsense2_camera_msgs/local/lib/python3.10/dist-packages:${PYTHONPATH} /usr/bin/cmake /workspace/ros2_yolo/src/sensor_driver/src/realsense-ros-4.55.1/realsense2_camera -DCMAKE_INSTALL_PREFIX=/workspace/ros2_yolo/src/sensor_driver/install/realsense2_camera
[0.075s] -- The C compiler identification is GNU 11.4.0
[0.134s] -- The CXX compiler identification is GNU 11.4.0
[0.141s] -- Detecting C compiler ABI info
[0.212s] -- Detecting C compiler ABI info - done
[0.218s] -- Check for working C compiler: /usr/bin/cc - skipped
[0.218s] -- Detecting C compile features
[0.218s] -- Detecting C compile features - done
[0.221s] -- Detecting CXX compiler ABI info
[0.316s] -- Detecting CXX compiler ABI info - done
[0.324s] -- Check for working CXX compiler: /usr/bin/c++ - skipped
[0.324s] -- Detecting CXX compile features
[0.325s] -- Detecting CXX compile features - done
[0.325s] -- Create Release Build.
[0.331s] -- Found ament_cmake: 1.3.12 (/opt/ros/humble/share/ament_cmake/cmake)
[0.927s] -- Found Python3: /usr/bin/python3 (found version "3.10.12") found components: Interpreter 
[1.059s] -- Found builtin_interfaces: 1.2.2 (/opt/ros/humble/share/builtin_interfaces/cmake)
[1.113s] -- Found rosidl_generator_c: 3.1.8 (/opt/ros/humble/share/rosidl_generator_c/cmake)
[1.123s] -- Found rosidl_adapter: 3.1.8 (/opt/ros/humble/share/rosidl_adapter/cmake)
[1.136s] -- Found rosidl_generator_cpp: 3.1.8 (/opt/ros/humble/share/rosidl_generator_cpp/cmake)
[1.151s] -- Using all available rosidl_typesupport_c: rosidl_typesupport_fastrtps_c;rosidl_typesupport_introspection_c
[1.173s] -- Using all available rosidl_typesupport_cpp: rosidl_typesupport_fastrtps_cpp;rosidl_typesupport_introspection_cpp
[1.194s] -- Found cv_bridge: 3.2.1 (/opt/ros/humble/share/cv_bridge/cmake)
[1.255s] -- Found image_transport: 3.1.12 (/opt/ros/humble/share/image_transport/cmake)
[1.320s] -- Found rmw_implementation_cmake: 6.1.2 (/opt/ros/humble/share/rmw_implementation_cmake/cmake)
[1.324s] -- Found rmw_cyclonedds_cpp: 1.3.4 (/opt/ros/humble/share/rmw_cyclonedds_cpp/cmake)
[1.347s] -- Using RMW implementation 'rmw_cyclonedds_cpp' as default
[1.362s] -- Looking for pthread.h
[1.446s] -- Looking for pthread.h - found
[1.446s] -- Performing Test CMAKE_HAVE_LIBC_PTHREAD
[1.522s] -- Performing Test CMAKE_HAVE_LIBC_PTHREAD - Success
[1.525s] -- Found Threads: TRUE  
[1.619s] -- Found rclcpp_components: 16.0.17 (/opt/ros/humble/share/rclcpp_components/cmake)
[1.638s] -- Found realsense2_camera_msgs: 4.55.1 (/workspace/ros2_yolo/src/sensor_driver/install/realsense2_camera_msgs/share/realsense2_camera_msgs/cmake)
[1.654s] -- Found nav_msgs: 4.9.0 (/opt/ros/humble/share/nav_msgs/cmake)
[1.671s] -- Found tf2_ros: 0.25.18 (/opt/ros/humble/share/tf2_ros/cmake)
[1.740s] -- Found diagnostic_updater: 4.0.6 (/opt/ros/humble/share/diagnostic_updater/cmake)
[1.761s] -- Found OpenCV: /usr (found version "4.5.4") found components: core 
[1.762s] -- Build for ROS2 Humble
[1.770s] -- Found ament_cmake_gtest: 1.3.12 (/opt/ros/humble/share/ament_cmake_gtest/cmake)
[1.775s] -- Found gtest sources under '/opt/ros/humble/src/gtest_vendor': C++ tests using 'Google Test' will be built
[1.781s] -- Found ament_cmake_pytest: 1.3.12 (/opt/ros/humble/share/ament_cmake_pytest/cmake)
[7.933s] -- rs_device_info:
[7.933s] --  13/01 08:17:13,553 ERROR [139849014396800] (context.cpp:40) No valid configuration file found at : /home/ubuntu/.realsense-config.json loading defaults
[7.933s] No device detected. Is it plugged in?
[7.933s] 
[8.016s] -- Configuring done
[8.036s] -- Generating done
[8.042s] -- Build files have been written to: /workspace/ros2_yolo/src/sensor_driver/build/realsense2_camera
