Determining if the pthread_create exist failed with the following output:
Change Dir: /home/neousys/driver/ir_ws/build/CMakeFiles/CMakeTmp

Run Build Command:"/usr/bin/make" "cmTC_0be3d/fast"
/usr/bin/make -f CMakeFiles/cmTC_0be3d.dir/build.make CMakeFiles/cmTC_0be3d.dir/build
make[1]: 进入目录“/home/neousys/driver/ir_ws/build/CMakeFiles/CMakeTmp”
Building C object CMakeFiles/cmTC_0be3d.dir/CheckSymbolExists.c.o
/usr/bin/cc    -o CMakeFiles/cmTC_0be3d.dir/CheckSymbolExists.c.o   -c /home/neousys/driver/ir_ws/build/CMakeFiles/CMakeTmp/CheckSymbolExists.c
Linking C executable cmTC_0be3d
/usr/bin/cmake -E cmake_link_script CMakeFiles/cmTC_0be3d.dir/link.txt --verbose=1
/usr/bin/cc      -rdynamic CMakeFiles/cmTC_0be3d.dir/CheckSymbolExists.c.o  -o cmTC_0be3d 
CMakeFiles/cmTC_0be3d.dir/CheckSymbolExists.c.o：在函数‘main’中：
CheckSymbolExists.c:(.text+0x1b)：对‘pthread_create’未定义的引用
collect2: error: ld returned 1 exit status
CMakeFiles/cmTC_0be3d.dir/build.make:97: recipe for target 'cmTC_0be3d' failed
make[1]: *** [cmTC_0be3d] Error 1
make[1]: 离开目录“/home/neousys/driver/ir_ws/build/CMakeFiles/CMakeTmp”
Makefile:126: recipe for target 'cmTC_0be3d/fast' failed
make: *** [cmTC_0be3d/fast] Error 2

File /home/neousys/driver/ir_ws/build/CMakeFiles/CMakeTmp/CheckSymbolExists.c:
/* */
#include <pthread.h>

int main(int argc, char** argv)
{
  (void)argv;
#ifndef pthread_create
  return ((int*)(&pthread_create))[argc];
#else
  (void)argc;
  return 0;
#endif
}

Determining if the function pthread_create exists in the pthreads failed with the following output:
Change Dir: /home/neousys/driver/ir_ws/build/CMakeFiles/CMakeTmp

Run Build Command:"/usr/bin/make" "cmTC_ed767/fast"
/usr/bin/make -f CMakeFiles/cmTC_ed767.dir/build.make CMakeFiles/cmTC_ed767.dir/build
make[1]: 进入目录“/home/neousys/driver/ir_ws/build/CMakeFiles/CMakeTmp”
Building C object CMakeFiles/cmTC_ed767.dir/CheckFunctionExists.c.o
/usr/bin/cc   -DCHECK_FUNCTION_EXISTS=pthread_create   -o CMakeFiles/cmTC_ed767.dir/CheckFunctionExists.c.o   -c /usr/share/cmake-3.10/Modules/CheckFunctionExists.c
Linking C executable cmTC_ed767
/usr/bin/cmake -E cmake_link_script CMakeFiles/cmTC_ed767.dir/link.txt --verbose=1
/usr/bin/cc  -DCHECK_FUNCTION_EXISTS=pthread_create    -rdynamic CMakeFiles/cmTC_ed767.dir/CheckFunctionExists.c.o  -o cmTC_ed767 -lpthreads 
/usr/bin/ld: 找不到 -lpthreads
collect2: error: ld returned 1 exit status
CMakeFiles/cmTC_ed767.dir/build.make:97: recipe for target 'cmTC_ed767' failed
make[1]: *** [cmTC_ed767] Error 1
make[1]: 离开目录“/home/neousys/driver/ir_ws/build/CMakeFiles/CMakeTmp”
Makefile:126: recipe for target 'cmTC_ed767/fast' failed
make: *** [cmTC_ed767/fast] Error 2


