[0.024s] Invoking command in '/workspace/ros2_yolo/src/sensor_driver/build/imu_speed': CMAKE_PREFIX_PATH=${CMAKE_PREFIX_PATH}:/workspace/ros2_yolo/install/pcdet_ros2:/workspace/ros2_yolo/install/fusiondet:/workspace/ros2_yolo/install/fusion_tracker:/opt/ros/humble /usr/bin/cmake --build /workspace/ros2_yolo/src/sensor_driver/build/imu_speed -- -j112 -l112
[0.149s] [100%] Built target imu_speed_node
[0.180s] Invoked command in '/workspace/ros2_yolo/src/sensor_driver/build/imu_speed' returned '0': CMAKE_PREFIX_PATH=${CMAKE_PREFIX_PATH}:/workspace/ros2_yolo/install/pcdet_ros2:/workspace/ros2_yolo/install/fusiondet:/workspace/ros2_yolo/install/fusion_tracker:/opt/ros/humble /usr/bin/cmake --build /workspace/ros2_yolo/src/sensor_driver/build/imu_speed -- -j112 -l112
[0.201s] Invoking command in '/workspace/ros2_yolo/src/sensor_driver/build/imu_speed': CMAKE_PREFIX_PATH=${CMAKE_PREFIX_PATH}:/workspace/ros2_yolo/install/pcdet_ros2:/workspace/ros2_yolo/install/fusiondet:/workspace/ros2_yolo/install/fusion_tracker:/opt/ros/humble /usr/bin/cmake --install /workspace/ros2_yolo/src/sensor_driver/build/imu_speed
[0.212s] -- Install configuration: ""
[0.213s] -- Up-to-date: /workspace/ros2_yolo/src/sensor_driver/install/imu_speed/lib/imu_speed/imu_speed_node
[0.213s] -- Up-to-date: /workspace/ros2_yolo/src/sensor_driver/install/imu_speed/include/
[0.213s] -- Up-to-date: /workspace/ros2_yolo/src/sensor_driver/install/imu_speed/include//imu_speed
[0.213s] -- Up-to-date: /workspace/ros2_yolo/src/sensor_driver/install/imu_speed/include//imu_speed/udp_driver.hpp
[0.213s] -- Up-to-date: /workspace/ros2_yolo/src/sensor_driver/install/imu_speed/share/imu_speed/launch
[0.213s] -- Up-to-date: /workspace/ros2_yolo/src/sensor_driver/install/imu_speed/share/imu_speed/launch/imu_speed.launch.py
[0.213s] -- Up-to-date: /workspace/ros2_yolo/src/sensor_driver/install/imu_speed/share/ament_index/resource_index/package_run_dependencies/imu_speed
[0.213s] -- Up-to-date: /workspace/ros2_yolo/src/sensor_driver/install/imu_speed/share/ament_index/resource_index/parent_prefix_path/imu_speed
[0.213s] -- Up-to-date: /workspace/ros2_yolo/src/sensor_driver/install/imu_speed/share/imu_speed/environment/ament_prefix_path.sh
[0.213s] -- Up-to-date: /workspace/ros2_yolo/src/sensor_driver/install/imu_speed/share/imu_speed/environment/ament_prefix_path.dsv
[0.213s] -- Up-to-date: /workspace/ros2_yolo/src/sensor_driver/install/imu_speed/share/imu_speed/environment/path.sh
[0.213s] -- Up-to-date: /workspace/ros2_yolo/src/sensor_driver/install/imu_speed/share/imu_speed/environment/path.dsv
[0.213s] -- Up-to-date: /workspace/ros2_yolo/src/sensor_driver/install/imu_speed/share/imu_speed/local_setup.bash
[0.214s] -- Up-to-date: /workspace/ros2_yolo/src/sensor_driver/install/imu_speed/share/imu_speed/local_setup.sh
[0.214s] -- Up-to-date: /workspace/ros2_yolo/src/sensor_driver/install/imu_speed/share/imu_speed/local_setup.zsh
[0.214s] -- Up-to-date: /workspace/ros2_yolo/src/sensor_driver/install/imu_speed/share/imu_speed/local_setup.dsv
[0.214s] -- Installing: /workspace/ros2_yolo/src/sensor_driver/install/imu_speed/share/imu_speed/package.dsv
[0.214s] -- Up-to-date: /workspace/ros2_yolo/src/sensor_driver/install/imu_speed/share/ament_index/resource_index/packages/imu_speed
[0.214s] -- Up-to-date: /workspace/ros2_yolo/src/sensor_driver/install/imu_speed/share/imu_speed/cmake/imu_speedConfig.cmake
[0.214s] -- Up-to-date: /workspace/ros2_yolo/src/sensor_driver/install/imu_speed/share/imu_speed/cmake/imu_speedConfig-version.cmake
[0.214s] -- Up-to-date: /workspace/ros2_yolo/src/sensor_driver/install/imu_speed/share/imu_speed/package.xml
[0.217s] Invoked command in '/workspace/ros2_yolo/src/sensor_driver/build/imu_speed' returned '0': CMAKE_PREFIX_PATH=${CMAKE_PREFIX_PATH}:/workspace/ros2_yolo/install/pcdet_ros2:/workspace/ros2_yolo/install/fusiondet:/workspace/ros2_yolo/install/fusion_tracker:/opt/ros/humble /usr/bin/cmake --install /workspace/ros2_yolo/src/sensor_driver/build/imu_speed
