[0.027s] Invoking command in '/workspace/ros2_yolo/src/sensor_driver/build/realsense2_camera_msgs': CMAKE_PREFIX_PATH=${CMAKE_PREFIX_PATH}:/workspace/ros2_yolo/install/pcdet_ros2:/workspace/ros2_yolo/install/fusiondet:/workspace/ros2_yolo/install/fusion_tracker:/opt/ros/humble /usr/bin/cmake /workspace/ros2_yolo/src/sensor_driver/src/realsense-ros-4.55.1/realsense2_camera_msgs -DCMAKE_INSTALL_PREFIX=/workspace/ros2_yolo/src/sensor_driver/install/realsense2_camera_msgs
[0.109s] -- The C compiler identification is GNU 11.4.0
[0.174s] -- The CXX compiler identification is GNU 11.4.0
[0.183s] -- Detecting C compiler ABI info
[0.268s] -- Detecting C compiler ABI info - done
[0.276s] -- Check for working C compiler: /usr/bin/cc - skipped
[0.277s] -- Detecting C compile features
[0.277s] -- Detecting C compile features - done
[0.280s] -- Detecting CXX compiler ABI info
[0.364s] -- Detecting CXX compiler ABI info - done
[0.370s] -- Check for working CXX compiler: /usr/bin/c++ - skipped
[0.371s] -- Detecting CXX compile features
[0.371s] -- Detecting CXX compile features - done
[0.376s] -- Found ament_cmake: 1.3.12 (/opt/ros/humble/share/ament_cmake/cmake)
[0.912s] -- Found Python3: /usr/bin/python3 (found version "3.10.12") found components: Interpreter 
[1.039s] -- Found rosidl_default_generators: 1.2.0 (/opt/ros/humble/share/rosidl_default_generators/cmake)
[1.044s] -- Using all available rosidl_typesupport_c: rosidl_typesupport_fastrtps_c;rosidl_typesupport_introspection_c
[1.055s] -- Found rosidl_adapter: 3.1.8 (/opt/ros/humble/share/rosidl_adapter/cmake)
[1.110s] -- Using all available rosidl_typesupport_cpp: rosidl_typesupport_fastrtps_cpp;rosidl_typesupport_introspection_cpp
[1.152s] -- Found builtin_interfaces: 1.2.2 (/opt/ros/humble/share/builtin_interfaces/cmake)
[1.168s] -- Found std_msgs: 4.9.0 (/opt/ros/humble/share/std_msgs/cmake)
[1.180s] -- Found sensor_msgs: 4.9.0 (/opt/ros/humble/share/sensor_msgs/cmake)
[1.535s] -- Found ament_cmake_cppcheck: 0.12.14 (/opt/ros/humble/share/ament_cmake_cppcheck/cmake)
[1.542s] -- Found ament_cmake_cpplint: 0.12.14 (/opt/ros/humble/share/ament_cmake_cpplint/cmake)
[1.547s] -- Found ament_cmake_uncrustify: 0.12.14 (/opt/ros/humble/share/ament_cmake_uncrustify/cmake)
[1.552s] -- Found ament_cmake_ros: 0.10.0 (/opt/ros/humble/share/ament_cmake_ros/cmake)
[1.823s] -- Using all available rosidl_typesupport_c: rosidl_typesupport_fastrtps_c;rosidl_typesupport_introspection_c
[2.233s] -- Using all available rosidl_typesupport_cpp: rosidl_typesupport_fastrtps_cpp;rosidl_typesupport_introspection_cpp
[2.264s] -- Found PythonInterp: /usr/bin/python3 (found suitable version "3.10.12", minimum required is "3.6") 
[2.271s] -- Found python_cmake_module: 0.10.0 (/opt/ros/humble/share/python_cmake_module/cmake)
[2.306s] -- Found PythonLibs: /usr/lib/x86_64-linux-gnu/libpython3.10.so (found suitable version "3.10.12", minimum required is "3.5") 
[2.306s] -- Using PYTHON_EXECUTABLE: /usr/bin/python3
[2.306s] -- Using PYTHON_INCLUDE_DIRS: /usr/include/python3.10
[2.306s] -- Using PYTHON_LIBRARIES: /usr/lib/x86_64-linux-gnu/libpython3.10.so
[2.336s] -- Found PythonExtra: .so  
[2.413s] -- Found ament_cmake_flake8: 0.12.14 (/opt/ros/humble/share/ament_cmake_flake8/cmake)
[2.417s] -- Found ament_cmake_pep257: 0.12.14 (/opt/ros/humble/share/ament_cmake_pep257/cmake)
[2.423s] -- Configuring done
[2.455s] -- Generating done
[2.465s] -- Build files have been written to: /workspace/ros2_yolo/src/sensor_driver/build/realsense2_camera_msgs
[2.474s] Invoked command in '/workspace/ros2_yolo/src/sensor_driver/build/realsense2_camera_msgs' returned '0': CMAKE_PREFIX_PATH=${CMAKE_PREFIX_PATH}:/workspace/ros2_yolo/install/pcdet_ros2:/workspace/ros2_yolo/install/fusiondet:/workspace/ros2_yolo/install/fusion_tracker:/opt/ros/humble /usr/bin/cmake /workspace/ros2_yolo/src/sensor_driver/src/realsense-ros-4.55.1/realsense2_camera_msgs -DCMAKE_INSTALL_PREFIX=/workspace/ros2_yolo/src/sensor_driver/install/realsense2_camera_msgs
[2.477s] Invoking command in '/workspace/ros2_yolo/src/sensor_driver/build/realsense2_camera_msgs': CMAKE_PREFIX_PATH=${CMAKE_PREFIX_PATH}:/workspace/ros2_yolo/install/pcdet_ros2:/workspace/ros2_yolo/install/fusiondet:/workspace/ros2_yolo/install/fusion_tracker:/opt/ros/humble /usr/bin/cmake --build /workspace/ros2_yolo/src/sensor_driver/build/realsense2_camera_msgs -- -j112 -l112
[2.527s] [  1%] [34m[1mGenerating C code for ROS interfaces[0m
[2.542s] [  3%] [34m[1mGenerating C++ code for ROS interfaces[0m
[2.548s] [  3%] Built target ament_cmake_python_copy_realsense2_camera_msgs
[2.802s] running egg_info
[2.803s] creating realsense2_camera_msgs.egg-info
[2.803s] writing manifest file 'realsense2_camera_msgs.egg-info/SOURCES.txt'
[2.804s] writing manifest file 'realsense2_camera_msgs.egg-info/SOURCES.txt'
[2.837s] [  3%] Built target ament_cmake_python_build_realsense2_camera_msgs_egg
[2.959s] [  3%] Built target realsense2_camera_msgs__cpp
[2.966s] [  4%] [32mBuilding C object CMakeFiles/realsense2_camera_msgs__rosidl_generator_c.dir/rosidl_generator_c/realsense2_camera_msgs/msg/detail/imu_info__functions.c.o[0m
[2.966s] [  6%] [32mBuilding C object CMakeFiles/realsense2_camera_msgs__rosidl_generator_c.dir/rosidl_generator_c/realsense2_camera_msgs/msg/detail/extrinsics__functions.c.o[0m
[2.967s] [  9%] [32mBuilding C object CMakeFiles/realsense2_camera_msgs__rosidl_generator_c.dir/rosidl_generator_c/realsense2_camera_msgs/msg/detail/metadata__functions.c.o[0m
[2.967s] [  9%] [32mBuilding C object CMakeFiles/realsense2_camera_msgs__rosidl_generator_c.dir/rosidl_generator_c/realsense2_camera_msgs/msg/detail/rgbd__functions.c.o[0m
[2.967s] [ 11%] [32mBuilding C object CMakeFiles/realsense2_camera_msgs__rosidl_generator_c.dir/rosidl_generator_c/realsense2_camera_msgs/srv/detail/device_info__functions.c.o[0m
[2.968s] [ 12%] [34m[1mGenerating C++ type support dispatch for ROS interfaces[0m
[2.969s] [ 14%] [34m[1mGenerating C++ introspection for ROS interfaces[0m
[2.969s] [ 15%] [34m[1mGenerating C++ type support for eProsima Fast-RTPS[0m
[3.033s] [ 17%] [32m[1mLinking C shared library librealsense2_camera_msgs__rosidl_generator_c.so[0m
[3.073s] [ 17%] Built target realsense2_camera_msgs__rosidl_generator_c
[3.084s] [ 19%] [34m[1mGenerating C type support for eProsima Fast-RTPS[0m
[3.089s] [ 20%] [34m[1mGenerating C type support dispatch for ROS interfaces[0m
[3.089s] [ 22%] [34m[1mGenerating C introspection for ROS interfaces[0m
[3.291s] [ 23%] [32mBuilding CXX object CMakeFiles/realsense2_camera_msgs__rosidl_typesupport_cpp.dir/rosidl_typesupport_cpp/realsense2_camera_msgs/srv/device_info__type_support.cpp.o[0m
[3.292s] [ 25%] [32mBuilding CXX object CMakeFiles/realsense2_camera_msgs__rosidl_typesupport_cpp.dir/rosidl_typesupport_cpp/realsense2_camera_msgs/msg/rgbd__type_support.cpp.o[0m
[3.292s] [ 26%] [32mBuilding CXX object CMakeFiles/realsense2_camera_msgs__rosidl_typesupport_cpp.dir/rosidl_typesupport_cpp/realsense2_camera_msgs/msg/imu_info__type_support.cpp.o[0m
[3.294s] [ 28%] [32mBuilding CXX object CMakeFiles/realsense2_camera_msgs__rosidl_typesupport_cpp.dir/rosidl_typesupport_cpp/realsense2_camera_msgs/msg/extrinsics__type_support.cpp.o[0m
[3.295s] [ 30%] [32mBuilding CXX object CMakeFiles/realsense2_camera_msgs__rosidl_typesupport_cpp.dir/rosidl_typesupport_cpp/realsense2_camera_msgs/msg/metadata__type_support.cpp.o[0m
[3.328s] [ 31%] [32mBuilding CXX object CMakeFiles/realsense2_camera_msgs__rosidl_typesupport_introspection_cpp.dir/rosidl_typesupport_introspection_cpp/realsense2_camera_msgs/msg/detail/extrinsics__type_support.cpp.o[0m
[3.328s] [ 33%] [32mBuilding CXX object CMakeFiles/realsense2_camera_msgs__rosidl_typesupport_introspection_cpp.dir/rosidl_typesupport_introspection_cpp/realsense2_camera_msgs/msg/detail/imu_info__type_support.cpp.o[0m
[3.329s] [ 34%] [32mBuilding CXX object CMakeFiles/realsense2_camera_msgs__rosidl_typesupport_introspection_cpp.dir/rosidl_typesupport_introspection_cpp/realsense2_camera_msgs/srv/detail/device_info__type_support.cpp.o[0m
[3.329s] [ 36%] [32mBuilding CXX object CMakeFiles/realsense2_camera_msgs__rosidl_typesupport_introspection_cpp.dir/rosidl_typesupport_introspection_cpp/realsense2_camera_msgs/msg/detail/rgbd__type_support.cpp.o[0m
[3.330s] [ 38%] [32mBuilding CXX object CMakeFiles/realsense2_camera_msgs__rosidl_typesupport_introspection_cpp.dir/rosidl_typesupport_introspection_cpp/realsense2_camera_msgs/msg/detail/metadata__type_support.cpp.o[0m
[3.378s] [ 39%] [32mBuilding CXX object CMakeFiles/realsense2_camera_msgs__rosidl_typesupport_fastrtps_cpp.dir/rosidl_typesupport_fastrtps_cpp/realsense2_camera_msgs/msg/detail/dds_fastrtps/imu_info__type_support.cpp.o[0m
[3.380s] [ 41%] [32mBuilding CXX object CMakeFiles/realsense2_camera_msgs__rosidl_typesupport_fastrtps_cpp.dir/rosidl_typesupport_fastrtps_cpp/realsense2_camera_msgs/msg/detail/dds_fastrtps/extrinsics__type_support.cpp.o[0m
[3.380s] [ 42%] [32mBuilding CXX object CMakeFiles/realsense2_camera_msgs__rosidl_typesupport_fastrtps_cpp.dir/rosidl_typesupport_fastrtps_cpp/realsense2_camera_msgs/msg/detail/dds_fastrtps/metadata__type_support.cpp.o[0m
[3.381s] [ 44%] [32mBuilding CXX object CMakeFiles/realsense2_camera_msgs__rosidl_typesupport_fastrtps_cpp.dir/rosidl_typesupport_fastrtps_cpp/realsense2_camera_msgs/msg/detail/dds_fastrtps/rgbd__type_support.cpp.o[0m
[3.381s] [ 46%] [32mBuilding CXX object CMakeFiles/realsense2_camera_msgs__rosidl_typesupport_fastrtps_cpp.dir/rosidl_typesupport_fastrtps_cpp/realsense2_camera_msgs/srv/detail/dds_fastrtps/device_info__type_support.cpp.o[0m
[3.419s] [ 47%] [32mBuilding CXX object CMakeFiles/realsense2_camera_msgs__rosidl_typesupport_c.dir/rosidl_typesupport_c/realsense2_camera_msgs/msg/extrinsics__type_support.cpp.o[0m
[3.420s] [ 50%] [32mBuilding CXX object CMakeFiles/realsense2_camera_msgs__rosidl_typesupport_c.dir/rosidl_typesupport_c/realsense2_camera_msgs/msg/metadata__type_support.cpp.o[0m
[3.420s] [ 50%] [32mBuilding CXX object CMakeFiles/realsense2_camera_msgs__rosidl_typesupport_c.dir/rosidl_typesupport_c/realsense2_camera_msgs/msg/imu_info__type_support.cpp.o[0m
[3.420s] [ 52%] [32mBuilding CXX object CMakeFiles/realsense2_camera_msgs__rosidl_typesupport_c.dir/rosidl_typesupport_c/realsense2_camera_msgs/msg/rgbd__type_support.cpp.o[0m
[3.420s] [ 53%] [32mBuilding CXX object CMakeFiles/realsense2_camera_msgs__rosidl_typesupport_c.dir/rosidl_typesupport_c/realsense2_camera_msgs/srv/device_info__type_support.cpp.o[0m
[3.477s] [ 55%] [32mBuilding C object CMakeFiles/realsense2_camera_msgs__rosidl_typesupport_introspection_c.dir/rosidl_typesupport_introspection_c/realsense2_camera_msgs/msg/detail/imu_info__type_support.c.o[0m
[3.478s] [ 57%] [32mBuilding C object CMakeFiles/realsense2_camera_msgs__rosidl_typesupport_introspection_c.dir/rosidl_typesupport_introspection_c/realsense2_camera_msgs/msg/detail/extrinsics__type_support.c.o[0m
[3.478s] [ 58%] [32m[1mLinking CXX shared library librealsense2_camera_msgs__rosidl_typesupport_c.so[0m
[3.479s] [ 60%] [32mBuilding CXX object CMakeFiles/realsense2_camera_msgs__rosidl_typesupport_fastrtps_c.dir/rosidl_typesupport_fastrtps_c/realsense2_camera_msgs/msg/detail/extrinsics__type_support_c.cpp.o[0m
[3.479s] [ 61%] [32mBuilding C object CMakeFiles/realsense2_camera_msgs__rosidl_typesupport_introspection_c.dir/rosidl_typesupport_introspection_c/realsense2_camera_msgs/msg/detail/metadata__type_support.c.o[0m
[3.479s] [ 63%] [32mBuilding C object CMakeFiles/realsense2_camera_msgs__rosidl_typesupport_introspection_c.dir/rosidl_typesupport_introspection_c/realsense2_camera_msgs/msg/detail/rgbd__type_support.c.o[0m
[3.479s] [ 65%] [32mBuilding C object CMakeFiles/realsense2_camera_msgs__rosidl_typesupport_introspection_c.dir/rosidl_typesupport_introspection_c/realsense2_camera_msgs/srv/detail/device_info__type_support.c.o[0m
[3.480s] [ 66%] [32mBuilding CXX object CMakeFiles/realsense2_camera_msgs__rosidl_typesupport_fastrtps_c.dir/rosidl_typesupport_fastrtps_c/realsense2_camera_msgs/srv/detail/device_info__type_support_c.cpp.o[0m
[3.480s] [ 68%] [32mBuilding CXX object CMakeFiles/realsense2_camera_msgs__rosidl_typesupport_fastrtps_c.dir/rosidl_typesupport_fastrtps_c/realsense2_camera_msgs/msg/detail/rgbd__type_support_c.cpp.o[0m
[3.480s] [ 71%] [32mBuilding CXX object CMakeFiles/realsense2_camera_msgs__rosidl_typesupport_fastrtps_c.dir/rosidl_typesupport_fastrtps_c/realsense2_camera_msgs/msg/detail/imu_info__type_support_c.cpp.o[0m
[3.480s] [ 71%] [32mBuilding CXX object CMakeFiles/realsense2_camera_msgs__rosidl_typesupport_fastrtps_c.dir/rosidl_typesupport_fastrtps_c/realsense2_camera_msgs/msg/detail/metadata__type_support_c.cpp.o[0m
[3.531s] [ 71%] Built target realsense2_camera_msgs__rosidl_typesupport_c
[3.538s] [ 73%] [32m[1mLinking C shared library librealsense2_camera_msgs__rosidl_typesupport_introspection_c.so[0m
[3.545s] [ 74%] [32m[1mLinking CXX shared library librealsense2_camera_msgs__rosidl_typesupport_cpp.so[0m
[3.573s] [ 74%] Built target realsense2_camera_msgs__rosidl_typesupport_introspection_c
[3.588s] [ 74%] Built target realsense2_camera_msgs__rosidl_typesupport_cpp
[3.719s] [ 76%] [32m[1mLinking CXX shared library librealsense2_camera_msgs__rosidl_typesupport_introspection_cpp.so[0m
[3.783s] [ 77%] [32m[1mLinking CXX shared library librealsense2_camera_msgs__rosidl_typesupport_fastrtps_cpp.so[0m
[3.800s] [ 79%] [32m[1mLinking CXX shared library librealsense2_camera_msgs__rosidl_typesupport_fastrtps_c.so[0m
[3.803s] [ 79%] Built target realsense2_camera_msgs__rosidl_typesupport_introspection_cpp
[3.867s] [ 79%] Built target realsense2_camera_msgs__rosidl_typesupport_fastrtps_cpp
[3.874s] [ 79%] Built target realsense2_camera_msgs__rosidl_typesupport_fastrtps_c
[3.902s] [ 79%] Built target realsense2_camera_msgs
[3.926s] [ 80%] [34m[1mGenerating Python code for ROS interfaces[0m
[4.567s] [ 80%] Built target realsense2_camera_msgs__py
[4.588s] [ 82%] [32mBuilding C object CMakeFiles/realsense2_camera_msgs__rosidl_generator_py.dir/rosidl_generator_py/realsense2_camera_msgs/msg/_imu_info_s.c.o[0m
[4.588s] [ 85%] [32mBuilding C object CMakeFiles/realsense2_camera_msgs__rosidl_generator_py.dir/rosidl_generator_py/realsense2_camera_msgs/msg/_metadata_s.c.o[0m
[4.588s] [ 85%] [32mBuilding C object CMakeFiles/realsense2_camera_msgs__rosidl_generator_py.dir/rosidl_generator_py/realsense2_camera_msgs/msg/_extrinsics_s.c.o[0m
[4.591s] [ 87%] [32mBuilding C object CMakeFiles/realsense2_camera_msgs__rosidl_generator_py.dir/rosidl_generator_py/realsense2_camera_msgs/msg/_rgbd_s.c.o[0m
[4.591s] [ 88%] [32mBuilding C object CMakeFiles/realsense2_camera_msgs__rosidl_generator_py.dir/rosidl_generator_py/realsense2_camera_msgs/srv/_device_info_s.c.o[0m
[4.729s] [ 90%] [32m[1mLinking C shared library rosidl_generator_py/realsense2_camera_msgs/librealsense2_camera_msgs__rosidl_generator_py.so[0m
[4.776s] [ 90%] Built target realsense2_camera_msgs__rosidl_generator_py
[4.801s] [ 92%] [32mBuilding C object CMakeFiles/realsense2_camera_msgs__rosidl_typesupport_c__pyext.dir/rosidl_generator_py/realsense2_camera_msgs/_realsense2_camera_msgs_s.ep.rosidl_typesupport_c.c.o[0m
[4.802s] [ 93%] [32mBuilding C object CMakeFiles/realsense2_camera_msgs__rosidl_typesupport_fastrtps_c__pyext.dir/rosidl_generator_py/realsense2_camera_msgs/_realsense2_camera_msgs_s.ep.rosidl_typesupport_fastrtps_c.c.o[0m
[4.804s] [ 95%] [32mBuilding C object CMakeFiles/realsense2_camera_msgs__rosidl_typesupport_introspection_c__pyext.dir/rosidl_generator_py/realsense2_camera_msgs/_realsense2_camera_msgs_s.ep.rosidl_typesupport_introspection_c.c.o[0m
[4.898s] [ 96%] [32m[1mLinking C shared library rosidl_generator_py/realsense2_camera_msgs/realsense2_camera_msgs_s__rosidl_typesupport_c.cpython-310-x86_64-linux-gnu.so[0m
[4.902s] [ 98%] [32m[1mLinking C shared library rosidl_generator_py/realsense2_camera_msgs/realsense2_camera_msgs_s__rosidl_typesupport_fastrtps_c.cpython-310-x86_64-linux-gnu.so[0m
[4.904s] [100%] [32m[1mLinking C shared library rosidl_generator_py/realsense2_camera_msgs/realsense2_camera_msgs_s__rosidl_typesupport_introspection_c.cpython-310-x86_64-linux-gnu.so[0m
[4.944s] [100%] Built target realsense2_camera_msgs__rosidl_typesupport_c__pyext
[4.946s] [100%] Built target realsense2_camera_msgs__rosidl_typesupport_introspection_c__pyext
[4.948s] [100%] Built target realsense2_camera_msgs__rosidl_typesupport_fastrtps_c__pyext
[4.959s] Invoked command in '/workspace/ros2_yolo/src/sensor_driver/build/realsense2_camera_msgs' returned '0': CMAKE_PREFIX_PATH=${CMAKE_PREFIX_PATH}:/workspace/ros2_yolo/install/pcdet_ros2:/workspace/ros2_yolo/install/fusiondet:/workspace/ros2_yolo/install/fusion_tracker:/opt/ros/humble /usr/bin/cmake --build /workspace/ros2_yolo/src/sensor_driver/build/realsense2_camera_msgs -- -j112 -l112
[4.961s] Invoking command in '/workspace/ros2_yolo/src/sensor_driver/build/realsense2_camera_msgs': CMAKE_PREFIX_PATH=${CMAKE_PREFIX_PATH}:/workspace/ros2_yolo/install/pcdet_ros2:/workspace/ros2_yolo/install/fusiondet:/workspace/ros2_yolo/install/fusion_tracker:/opt/ros/humble /usr/bin/cmake --install /workspace/ros2_yolo/src/sensor_driver/build/realsense2_camera_msgs
[4.970s] -- Install configuration: ""
[4.970s] -- Installing: /workspace/ros2_yolo/src/sensor_driver/install/realsense2_camera_msgs/share/ament_index/resource_index/rosidl_interfaces/realsense2_camera_msgs
[4.970s] -- Installing: /workspace/ros2_yolo/src/sensor_driver/install/realsense2_camera_msgs/include/realsense2_camera_msgs/realsense2_camera_msgs
[4.970s] -- Installing: /workspace/ros2_yolo/src/sensor_driver/install/realsense2_camera_msgs/include/realsense2_camera_msgs/realsense2_camera_msgs/srv
[4.970s] -- Installing: /workspace/ros2_yolo/src/sensor_driver/install/realsense2_camera_msgs/include/realsense2_camera_msgs/realsense2_camera_msgs/srv/detail
[4.970s] -- Installing: /workspace/ros2_yolo/src/sensor_driver/install/realsense2_camera_msgs/include/realsense2_camera_msgs/realsense2_camera_msgs/srv/detail/device_info__struct.h
[4.970s] -- Installing: /workspace/ros2_yolo/src/sensor_driver/install/realsense2_camera_msgs/include/realsense2_camera_msgs/realsense2_camera_msgs/srv/detail/device_info__functions.c
[4.970s] -- Installing: /workspace/ros2_yolo/src/sensor_driver/install/realsense2_camera_msgs/include/realsense2_camera_msgs/realsense2_camera_msgs/srv/detail/device_info__functions.h
[4.970s] -- Installing: /workspace/ros2_yolo/src/sensor_driver/install/realsense2_camera_msgs/include/realsense2_camera_msgs/realsense2_camera_msgs/srv/detail/device_info__type_support.h
[4.970s] -- Installing: /workspace/ros2_yolo/src/sensor_driver/install/realsense2_camera_msgs/include/realsense2_camera_msgs/realsense2_camera_msgs/srv/device_info.h
[4.971s] -- Installing: /workspace/ros2_yolo/src/sensor_driver/install/realsense2_camera_msgs/include/realsense2_camera_msgs/realsense2_camera_msgs/msg
[4.971s] -- Installing: /workspace/ros2_yolo/src/sensor_driver/install/realsense2_camera_msgs/include/realsense2_camera_msgs/realsense2_camera_msgs/msg/rgbd.h
[4.971s] -- Installing: /workspace/ros2_yolo/src/sensor_driver/install/realsense2_camera_msgs/include/realsense2_camera_msgs/realsense2_camera_msgs/msg/rosidl_generator_c__visibility_control.h
[4.971s] -- Installing: /workspace/ros2_yolo/src/sensor_driver/install/realsense2_camera_msgs/include/realsense2_camera_msgs/realsense2_camera_msgs/msg/imu_info.h
[4.971s] -- Installing: /workspace/ros2_yolo/src/sensor_driver/install/realsense2_camera_msgs/include/realsense2_camera_msgs/realsense2_camera_msgs/msg/extrinsics.h
[4.971s] -- Installing: /workspace/ros2_yolo/src/sensor_driver/install/realsense2_camera_msgs/include/realsense2_camera_msgs/realsense2_camera_msgs/msg/metadata.h
[4.971s] -- Installing: /workspace/ros2_yolo/src/sensor_driver/install/realsense2_camera_msgs/include/realsense2_camera_msgs/realsense2_camera_msgs/msg/detail
[4.971s] -- Installing: /workspace/ros2_yolo/src/sensor_driver/install/realsense2_camera_msgs/include/realsense2_camera_msgs/realsense2_camera_msgs/msg/detail/imu_info__functions.h
[4.971s] -- Installing: /workspace/ros2_yolo/src/sensor_driver/install/realsense2_camera_msgs/include/realsense2_camera_msgs/realsense2_camera_msgs/msg/detail/extrinsics__type_support.h
[4.971s] -- Installing: /workspace/ros2_yolo/src/sensor_driver/install/realsense2_camera_msgs/include/realsense2_camera_msgs/realsense2_camera_msgs/msg/detail/rgbd__type_support.h
[4.971s] -- Installing: /workspace/ros2_yolo/src/sensor_driver/install/realsense2_camera_msgs/include/realsense2_camera_msgs/realsense2_camera_msgs/msg/detail/rgbd__functions.h
[4.971s] -- Installing: /workspace/ros2_yolo/src/sensor_driver/install/realsense2_camera_msgs/include/realsense2_camera_msgs/realsense2_camera_msgs/msg/detail/extrinsics__functions.c
[4.971s] -- Installing: /workspace/ros2_yolo/src/sensor_driver/install/realsense2_camera_msgs/include/realsense2_camera_msgs/realsense2_camera_msgs/msg/detail/extrinsics__struct.h
[4.971s] -- Installing: /workspace/ros2_yolo/src/sensor_driver/install/realsense2_camera_msgs/include/realsense2_camera_msgs/realsense2_camera_msgs/msg/detail/rgbd__struct.h
[4.971s] -- Installing: /workspace/ros2_yolo/src/sensor_driver/install/realsense2_camera_msgs/include/realsense2_camera_msgs/realsense2_camera_msgs/msg/detail/extrinsics__functions.h
[4.972s] -- Installing: /workspace/ros2_yolo/src/sensor_driver/install/realsense2_camera_msgs/include/realsense2_camera_msgs/realsense2_camera_msgs/msg/detail/metadata__type_support.h
[4.972s] -- Installing: /workspace/ros2_yolo/src/sensor_driver/install/realsense2_camera_msgs/include/realsense2_camera_msgs/realsense2_camera_msgs/msg/detail/metadata__struct.h
[4.972s] -- Installing: /workspace/ros2_yolo/src/sensor_driver/install/realsense2_camera_msgs/include/realsense2_camera_msgs/realsense2_camera_msgs/msg/detail/rgbd__functions.c
[4.972s] -- Installing: /workspace/ros2_yolo/src/sensor_driver/install/realsense2_camera_msgs/include/realsense2_camera_msgs/realsense2_camera_msgs/msg/detail/imu_info__struct.h
[4.972s] -- Installing: /workspace/ros2_yolo/src/sensor_driver/install/realsense2_camera_msgs/include/realsense2_camera_msgs/realsense2_camera_msgs/msg/detail/imu_info__type_support.h
[4.972s] -- Installing: /workspace/ros2_yolo/src/sensor_driver/install/realsense2_camera_msgs/include/realsense2_camera_msgs/realsense2_camera_msgs/msg/detail/imu_info__functions.c
[4.972s] -- Installing: /workspace/ros2_yolo/src/sensor_driver/install/realsense2_camera_msgs/include/realsense2_camera_msgs/realsense2_camera_msgs/msg/detail/metadata__functions.h
[4.972s] -- Installing: /workspace/ros2_yolo/src/sensor_driver/install/realsense2_camera_msgs/include/realsense2_camera_msgs/realsense2_camera_msgs/msg/detail/metadata__functions.c
[4.972s] -- Installing: /workspace/ros2_yolo/src/sensor_driver/install/realsense2_camera_msgs/share/realsense2_camera_msgs/environment/library_path.sh
[4.972s] -- Installing: /workspace/ros2_yolo/src/sensor_driver/install/realsense2_camera_msgs/share/realsense2_camera_msgs/environment/library_path.dsv
[4.972s] -- Installing: /workspace/ros2_yolo/src/sensor_driver/install/realsense2_camera_msgs/lib/librealsense2_camera_msgs__rosidl_generator_c.so
[4.972s] -- Set runtime path of "/workspace/ros2_yolo/src/sensor_driver/install/realsense2_camera_msgs/lib/librealsense2_camera_msgs__rosidl_generator_c.so" to ""
[4.972s] -- Up-to-date: /workspace/ros2_yolo/src/sensor_driver/install/realsense2_camera_msgs/include/realsense2_camera_msgs/realsense2_camera_msgs
[4.972s] -- Up-to-date: /workspace/ros2_yolo/src/sensor_driver/install/realsense2_camera_msgs/include/realsense2_camera_msgs/realsense2_camera_msgs/srv
[4.972s] -- Up-to-date: /workspace/ros2_yolo/src/sensor_driver/install/realsense2_camera_msgs/include/realsense2_camera_msgs/realsense2_camera_msgs/srv/detail
[4.972s] -- Installing: /workspace/ros2_yolo/src/sensor_driver/install/realsense2_camera_msgs/include/realsense2_camera_msgs/realsense2_camera_msgs/srv/detail/device_info__rosidl_typesupport_fastrtps_c.h
[4.972s] -- Up-to-date: /workspace/ros2_yolo/src/sensor_driver/install/realsense2_camera_msgs/include/realsense2_camera_msgs/realsense2_camera_msgs/msg
[4.972s] -- Installing: /workspace/ros2_yolo/src/sensor_driver/install/realsense2_camera_msgs/include/realsense2_camera_msgs/realsense2_camera_msgs/msg/rosidl_typesupport_fastrtps_c__visibility_control.h
[4.973s] -- Up-to-date: /workspace/ros2_yolo/src/sensor_driver/install/realsense2_camera_msgs/include/realsense2_camera_msgs/realsense2_camera_msgs/msg/detail
[4.973s] -- Installing: /workspace/ros2_yolo/src/sensor_driver/install/realsense2_camera_msgs/include/realsense2_camera_msgs/realsense2_camera_msgs/msg/detail/rgbd__rosidl_typesupport_fastrtps_c.h
[4.973s] -- Installing: /workspace/ros2_yolo/src/sensor_driver/install/realsense2_camera_msgs/include/realsense2_camera_msgs/realsense2_camera_msgs/msg/detail/extrinsics__rosidl_typesupport_fastrtps_c.h
[4.973s] -- Installing: /workspace/ros2_yolo/src/sensor_driver/install/realsense2_camera_msgs/include/realsense2_camera_msgs/realsense2_camera_msgs/msg/detail/imu_info__rosidl_typesupport_fastrtps_c.h
[4.973s] -- Installing: /workspace/ros2_yolo/src/sensor_driver/install/realsense2_camera_msgs/include/realsense2_camera_msgs/realsense2_camera_msgs/msg/detail/metadata__rosidl_typesupport_fastrtps_c.h
[4.973s] -- Installing: /workspace/ros2_yolo/src/sensor_driver/install/realsense2_camera_msgs/lib/librealsense2_camera_msgs__rosidl_typesupport_fastrtps_c.so
[4.973s] -- Set runtime path of "/workspace/ros2_yolo/src/sensor_driver/install/realsense2_camera_msgs/lib/librealsense2_camera_msgs__rosidl_typesupport_fastrtps_c.so" to ""
[4.973s] -- Up-to-date: /workspace/ros2_yolo/src/sensor_driver/install/realsense2_camera_msgs/include/realsense2_camera_msgs/realsense2_camera_msgs
[4.973s] -- Up-to-date: /workspace/ros2_yolo/src/sensor_driver/install/realsense2_camera_msgs/include/realsense2_camera_msgs/realsense2_camera_msgs/srv
[4.973s] -- Up-to-date: /workspace/ros2_yolo/src/sensor_driver/install/realsense2_camera_msgs/include/realsense2_camera_msgs/realsense2_camera_msgs/srv/detail
[4.973s] -- Installing: /workspace/ros2_yolo/src/sensor_driver/install/realsense2_camera_msgs/include/realsense2_camera_msgs/realsense2_camera_msgs/srv/detail/device_info__type_support.c
[4.973s] -- Installing: /workspace/ros2_yolo/src/sensor_driver/install/realsense2_camera_msgs/include/realsense2_camera_msgs/realsense2_camera_msgs/srv/detail/device_info__rosidl_typesupport_introspection_c.h
[4.973s] -- Up-to-date: /workspace/ros2_yolo/src/sensor_driver/install/realsense2_camera_msgs/include/realsense2_camera_msgs/realsense2_camera_msgs/msg
[4.973s] -- Up-to-date: /workspace/ros2_yolo/src/sensor_driver/install/realsense2_camera_msgs/include/realsense2_camera_msgs/realsense2_camera_msgs/msg/detail
[4.973s] -- Installing: /workspace/ros2_yolo/src/sensor_driver/install/realsense2_camera_msgs/include/realsense2_camera_msgs/realsense2_camera_msgs/msg/detail/extrinsics__rosidl_typesupport_introspection_c.h
[4.973s] -- Installing: /workspace/ros2_yolo/src/sensor_driver/install/realsense2_camera_msgs/include/realsense2_camera_msgs/realsense2_camera_msgs/msg/detail/imu_info__type_support.c
[4.973s] -- Installing: /workspace/ros2_yolo/src/sensor_driver/install/realsense2_camera_msgs/include/realsense2_camera_msgs/realsense2_camera_msgs/msg/detail/rgbd__rosidl_typesupport_introspection_c.h
[4.974s] -- Installing: /workspace/ros2_yolo/src/sensor_driver/install/realsense2_camera_msgs/include/realsense2_camera_msgs/realsense2_camera_msgs/msg/detail/rgbd__type_support.c
[4.974s] -- Installing: /workspace/ros2_yolo/src/sensor_driver/install/realsense2_camera_msgs/include/realsense2_camera_msgs/realsense2_camera_msgs/msg/detail/imu_info__rosidl_typesupport_introspection_c.h
[4.974s] -- Installing: /workspace/ros2_yolo/src/sensor_driver/install/realsense2_camera_msgs/include/realsense2_camera_msgs/realsense2_camera_msgs/msg/detail/metadata__type_support.c
[4.974s] -- Installing: /workspace/ros2_yolo/src/sensor_driver/install/realsense2_camera_msgs/include/realsense2_camera_msgs/realsense2_camera_msgs/msg/detail/metadata__rosidl_typesupport_introspection_c.h
[4.974s] -- Installing: /workspace/ros2_yolo/src/sensor_driver/install/realsense2_camera_msgs/include/realsense2_camera_msgs/realsense2_camera_msgs/msg/detail/extrinsics__type_support.c
[4.974s] -- Installing: /workspace/ros2_yolo/src/sensor_driver/install/realsense2_camera_msgs/include/realsense2_camera_msgs/realsense2_camera_msgs/msg/rosidl_typesupport_introspection_c__visibility_control.h
[4.974s] -- Installing: /workspace/ros2_yolo/src/sensor_driver/install/realsense2_camera_msgs/lib/librealsense2_camera_msgs__rosidl_typesupport_introspection_c.so
[4.974s] -- Set runtime path of "/workspace/ros2_yolo/src/sensor_driver/install/realsense2_camera_msgs/lib/librealsense2_camera_msgs__rosidl_typesupport_introspection_c.so" to ""
[4.974s] -- Installing: /workspace/ros2_yolo/src/sensor_driver/install/realsense2_camera_msgs/lib/librealsense2_camera_msgs__rosidl_typesupport_c.so
[4.974s] -- Set runtime path of "/workspace/ros2_yolo/src/sensor_driver/install/realsense2_camera_msgs/lib/librealsense2_camera_msgs__rosidl_typesupport_c.so" to ""
[4.974s] -- Up-to-date: /workspace/ros2_yolo/src/sensor_driver/install/realsense2_camera_msgs/include/realsense2_camera_msgs/realsense2_camera_msgs
[4.974s] -- Up-to-date: /workspace/ros2_yolo/src/sensor_driver/install/realsense2_camera_msgs/include/realsense2_camera_msgs/realsense2_camera_msgs/srv
[4.974s] -- Installing: /workspace/ros2_yolo/src/sensor_driver/install/realsense2_camera_msgs/include/realsense2_camera_msgs/realsense2_camera_msgs/srv/device_info.hpp
[4.975s] -- Up-to-date: /workspace/ros2_yolo/src/sensor_driver/install/realsense2_camera_msgs/include/realsense2_camera_msgs/realsense2_camera_msgs/srv/detail
[4.975s] -- Installing: /workspace/ros2_yolo/src/sensor_driver/install/realsense2_camera_msgs/include/realsense2_camera_msgs/realsense2_camera_msgs/srv/detail/device_info__builder.hpp
[4.975s] -- Installing: /workspace/ros2_yolo/src/sensor_driver/install/realsense2_camera_msgs/include/realsense2_camera_msgs/realsense2_camera_msgs/srv/detail/device_info__traits.hpp
[4.975s] -- Installing: /workspace/ros2_yolo/src/sensor_driver/install/realsense2_camera_msgs/include/realsense2_camera_msgs/realsense2_camera_msgs/srv/detail/device_info__struct.hpp
[4.975s] -- Installing: /workspace/ros2_yolo/src/sensor_driver/install/realsense2_camera_msgs/include/realsense2_camera_msgs/realsense2_camera_msgs/srv/detail/device_info__type_support.hpp
[4.975s] -- Up-to-date: /workspace/ros2_yolo/src/sensor_driver/install/realsense2_camera_msgs/include/realsense2_camera_msgs/realsense2_camera_msgs/msg
[4.975s] -- Installing: /workspace/ros2_yolo/src/sensor_driver/install/realsense2_camera_msgs/include/realsense2_camera_msgs/realsense2_camera_msgs/msg/imu_info.hpp
[4.975s] -- Installing: /workspace/ros2_yolo/src/sensor_driver/install/realsense2_camera_msgs/include/realsense2_camera_msgs/realsense2_camera_msgs/msg/rgbd.hpp
[4.975s] -- Installing: /workspace/ros2_yolo/src/sensor_driver/install/realsense2_camera_msgs/include/realsense2_camera_msgs/realsense2_camera_msgs/msg/rosidl_generator_cpp__visibility_control.hpp
[4.975s] -- Installing: /workspace/ros2_yolo/src/sensor_driver/install/realsense2_camera_msgs/include/realsense2_camera_msgs/realsense2_camera_msgs/msg/extrinsics.hpp
[4.975s] -- Installing: /workspace/ros2_yolo/src/sensor_driver/install/realsense2_camera_msgs/include/realsense2_camera_msgs/realsense2_camera_msgs/msg/metadata.hpp
[4.975s] -- Up-to-date: /workspace/ros2_yolo/src/sensor_driver/install/realsense2_camera_msgs/include/realsense2_camera_msgs/realsense2_camera_msgs/msg/detail
[4.975s] -- Installing: /workspace/ros2_yolo/src/sensor_driver/install/realsense2_camera_msgs/include/realsense2_camera_msgs/realsense2_camera_msgs/msg/detail/rgbd__struct.hpp
[4.975s] -- Installing: /workspace/ros2_yolo/src/sensor_driver/install/realsense2_camera_msgs/include/realsense2_camera_msgs/realsense2_camera_msgs/msg/detail/metadata__struct.hpp
[4.975s] -- Installing: /workspace/ros2_yolo/src/sensor_driver/install/realsense2_camera_msgs/include/realsense2_camera_msgs/realsense2_camera_msgs/msg/detail/metadata__traits.hpp
[4.975s] -- Installing: /workspace/ros2_yolo/src/sensor_driver/install/realsense2_camera_msgs/include/realsense2_camera_msgs/realsense2_camera_msgs/msg/detail/imu_info__struct.hpp
[4.975s] -- Installing: /workspace/ros2_yolo/src/sensor_driver/install/realsense2_camera_msgs/include/realsense2_camera_msgs/realsense2_camera_msgs/msg/detail/rgbd__type_support.hpp
[4.975s] -- Installing: /workspace/ros2_yolo/src/sensor_driver/install/realsense2_camera_msgs/include/realsense2_camera_msgs/realsense2_camera_msgs/msg/detail/imu_info__builder.hpp
[4.976s] -- Installing: /workspace/ros2_yolo/src/sensor_driver/install/realsense2_camera_msgs/include/realsense2_camera_msgs/realsense2_camera_msgs/msg/detail/metadata__type_support.hpp
[4.976s] -- Installing: /workspace/ros2_yolo/src/sensor_driver/install/realsense2_camera_msgs/include/realsense2_camera_msgs/realsense2_camera_msgs/msg/detail/imu_info__type_support.hpp
[4.976s] -- Installing: /workspace/ros2_yolo/src/sensor_driver/install/realsense2_camera_msgs/include/realsense2_camera_msgs/realsense2_camera_msgs/msg/detail/extrinsics__struct.hpp
[4.976s] -- Installing: /workspace/ros2_yolo/src/sensor_driver/install/realsense2_camera_msgs/include/realsense2_camera_msgs/realsense2_camera_msgs/msg/detail/extrinsics__traits.hpp
[4.976s] -- Installing: /workspace/ros2_yolo/src/sensor_driver/install/realsense2_camera_msgs/include/realsense2_camera_msgs/realsense2_camera_msgs/msg/detail/imu_info__traits.hpp
[4.976s] -- Installing: /workspace/ros2_yolo/src/sensor_driver/install/realsense2_camera_msgs/include/realsense2_camera_msgs/realsense2_camera_msgs/msg/detail/rgbd__builder.hpp
[4.976s] -- Installing: /workspace/ros2_yolo/src/sensor_driver/install/realsense2_camera_msgs/include/realsense2_camera_msgs/realsense2_camera_msgs/msg/detail/rgbd__traits.hpp
[4.976s] -- Installing: /workspace/ros2_yolo/src/sensor_driver/install/realsense2_camera_msgs/include/realsense2_camera_msgs/realsense2_camera_msgs/msg/detail/extrinsics__type_support.hpp
[4.976s] -- Installing: /workspace/ros2_yolo/src/sensor_driver/install/realsense2_camera_msgs/include/realsense2_camera_msgs/realsense2_camera_msgs/msg/detail/extrinsics__builder.hpp
[4.976s] -- Installing: /workspace/ros2_yolo/src/sensor_driver/install/realsense2_camera_msgs/include/realsense2_camera_msgs/realsense2_camera_msgs/msg/detail/metadata__builder.hpp
[4.976s] -- Up-to-date: /workspace/ros2_yolo/src/sensor_driver/install/realsense2_camera_msgs/include/realsense2_camera_msgs/realsense2_camera_msgs
[4.976s] -- Up-to-date: /workspace/ros2_yolo/src/sensor_driver/install/realsense2_camera_msgs/include/realsense2_camera_msgs/realsense2_camera_msgs/srv
[4.976s] -- Up-to-date: /workspace/ros2_yolo/src/sensor_driver/install/realsense2_camera_msgs/include/realsense2_camera_msgs/realsense2_camera_msgs/srv/detail
[4.976s] -- Installing: /workspace/ros2_yolo/src/sensor_driver/install/realsense2_camera_msgs/include/realsense2_camera_msgs/realsense2_camera_msgs/srv/detail/device_info__rosidl_typesupport_fastrtps_cpp.hpp
[4.976s] -- Installing: /workspace/ros2_yolo/src/sensor_driver/install/realsense2_camera_msgs/include/realsense2_camera_msgs/realsense2_camera_msgs/srv/detail/dds_fastrtps
[4.976s] -- Up-to-date: /workspace/ros2_yolo/src/sensor_driver/install/realsense2_camera_msgs/include/realsense2_camera_msgs/realsense2_camera_msgs/msg
[4.976s] -- Installing: /workspace/ros2_yolo/src/sensor_driver/install/realsense2_camera_msgs/include/realsense2_camera_msgs/realsense2_camera_msgs/msg/rosidl_typesupport_fastrtps_cpp__visibility_control.h
[4.976s] -- Up-to-date: /workspace/ros2_yolo/src/sensor_driver/install/realsense2_camera_msgs/include/realsense2_camera_msgs/realsense2_camera_msgs/msg/detail
[4.976s] -- Installing: /workspace/ros2_yolo/src/sensor_driver/install/realsense2_camera_msgs/include/realsense2_camera_msgs/realsense2_camera_msgs/msg/detail/rgbd__rosidl_typesupport_fastrtps_cpp.hpp
[4.976s] -- Installing: /workspace/ros2_yolo/src/sensor_driver/install/realsense2_camera_msgs/include/realsense2_camera_msgs/realsense2_camera_msgs/msg/detail/dds_fastrtps
[4.976s] -- Installing: /workspace/ros2_yolo/src/sensor_driver/install/realsense2_camera_msgs/include/realsense2_camera_msgs/realsense2_camera_msgs/msg/detail/metadata__rosidl_typesupport_fastrtps_cpp.hpp
[4.976s] -- Installing: /workspace/ros2_yolo/src/sensor_driver/install/realsense2_camera_msgs/include/realsense2_camera_msgs/realsense2_camera_msgs/msg/detail/extrinsics__rosidl_typesupport_fastrtps_cpp.hpp
[4.976s] -- Installing: /workspace/ros2_yolo/src/sensor_driver/install/realsense2_camera_msgs/include/realsense2_camera_msgs/realsense2_camera_msgs/msg/detail/imu_info__rosidl_typesupport_fastrtps_cpp.hpp
[4.977s] -- Installing: /workspace/ros2_yolo/src/sensor_driver/install/realsense2_camera_msgs/lib/librealsense2_camera_msgs__rosidl_typesupport_fastrtps_cpp.so
[4.977s] -- Set runtime path of "/workspace/ros2_yolo/src/sensor_driver/install/realsense2_camera_msgs/lib/librealsense2_camera_msgs__rosidl_typesupport_fastrtps_cpp.so" to ""
[4.977s] -- Up-to-date: /workspace/ros2_yolo/src/sensor_driver/install/realsense2_camera_msgs/include/realsense2_camera_msgs/realsense2_camera_msgs
[4.977s] -- Up-to-date: /workspace/ros2_yolo/src/sensor_driver/install/realsense2_camera_msgs/include/realsense2_camera_msgs/realsense2_camera_msgs/srv
[4.977s] -- Up-to-date: /workspace/ros2_yolo/src/sensor_driver/install/realsense2_camera_msgs/include/realsense2_camera_msgs/realsense2_camera_msgs/srv/detail
[4.977s] -- Installing: /workspace/ros2_yolo/src/sensor_driver/install/realsense2_camera_msgs/include/realsense2_camera_msgs/realsense2_camera_msgs/srv/detail/device_info__rosidl_typesupport_introspection_cpp.hpp
[4.977s] -- Installing: /workspace/ros2_yolo/src/sensor_driver/install/realsense2_camera_msgs/include/realsense2_camera_msgs/realsense2_camera_msgs/srv/detail/device_info__type_support.cpp
[4.977s] -- Up-to-date: /workspace/ros2_yolo/src/sensor_driver/install/realsense2_camera_msgs/include/realsense2_camera_msgs/realsense2_camera_msgs/msg
[4.977s] -- Up-to-date: /workspace/ros2_yolo/src/sensor_driver/install/realsense2_camera_msgs/include/realsense2_camera_msgs/realsense2_camera_msgs/msg/detail
[4.977s] -- Installing: /workspace/ros2_yolo/src/sensor_driver/install/realsense2_camera_msgs/include/realsense2_camera_msgs/realsense2_camera_msgs/msg/detail/extrinsics__type_support.cpp
[4.977s] -- Installing: /workspace/ros2_yolo/src/sensor_driver/install/realsense2_camera_msgs/include/realsense2_camera_msgs/realsense2_camera_msgs/msg/detail/extrinsics__rosidl_typesupport_introspection_cpp.hpp
[4.977s] -- Installing: /workspace/ros2_yolo/src/sensor_driver/install/realsense2_camera_msgs/include/realsense2_camera_msgs/realsense2_camera_msgs/msg/detail/metadata__type_support.cpp
[4.977s] -- Installing: /workspace/ros2_yolo/src/sensor_driver/install/realsense2_camera_msgs/include/realsense2_camera_msgs/realsense2_camera_msgs/msg/detail/imu_info__rosidl_typesupport_introspection_cpp.hpp
[4.977s] -- Installing: /workspace/ros2_yolo/src/sensor_driver/install/realsense2_camera_msgs/include/realsense2_camera_msgs/realsense2_camera_msgs/msg/detail/imu_info__type_support.cpp
[4.977s] -- Installing: /workspace/ros2_yolo/src/sensor_driver/install/realsense2_camera_msgs/include/realsense2_camera_msgs/realsense2_camera_msgs/msg/detail/rgbd__rosidl_typesupport_introspection_cpp.hpp
[4.977s] -- Installing: /workspace/ros2_yolo/src/sensor_driver/install/realsense2_camera_msgs/include/realsense2_camera_msgs/realsense2_camera_msgs/msg/detail/metadata__rosidl_typesupport_introspection_cpp.hpp
[4.977s] -- Installing: /workspace/ros2_yolo/src/sensor_driver/install/realsense2_camera_msgs/include/realsense2_camera_msgs/realsense2_camera_msgs/msg/detail/rgbd__type_support.cpp
[4.977s] -- Installing: /workspace/ros2_yolo/src/sensor_driver/install/realsense2_camera_msgs/lib/librealsense2_camera_msgs__rosidl_typesupport_introspection_cpp.so
[4.977s] -- Set runtime path of "/workspace/ros2_yolo/src/sensor_driver/install/realsense2_camera_msgs/lib/librealsense2_camera_msgs__rosidl_typesupport_introspection_cpp.so" to ""
[4.977s] -- Installing: /workspace/ros2_yolo/src/sensor_driver/install/realsense2_camera_msgs/lib/librealsense2_camera_msgs__rosidl_typesupport_cpp.so
[4.977s] -- Set runtime path of "/workspace/ros2_yolo/src/sensor_driver/install/realsense2_camera_msgs/lib/librealsense2_camera_msgs__rosidl_typesupport_cpp.so" to ""
[4.977s] -- Installing: /workspace/ros2_yolo/src/sensor_driver/install/realsense2_camera_msgs/share/realsense2_camera_msgs/environment/pythonpath.sh
[4.977s] -- Installing: /workspace/ros2_yolo/src/sensor_driver/install/realsense2_camera_msgs/share/realsense2_camera_msgs/environment/pythonpath.dsv
[4.978s] -- Installing: /workspace/ros2_yolo/src/sensor_driver/install/realsense2_camera_msgs/local/lib/python3.10/dist-packages/realsense2_camera_msgs-4.55.1-py3.10.egg-info
[4.978s] -- Installing: /workspace/ros2_yolo/src/sensor_driver/install/realsense2_camera_msgs/local/lib/python3.10/dist-packages/realsense2_camera_msgs-4.55.1-py3.10.egg-info/top_level.txt
[4.978s] -- Installing: /workspace/ros2_yolo/src/sensor_driver/install/realsense2_camera_msgs/local/lib/python3.10/dist-packages/realsense2_camera_msgs-4.55.1-py3.10.egg-info/SOURCES.txt
[4.978s] -- Installing: /workspace/ros2_yolo/src/sensor_driver/install/realsense2_camera_msgs/local/lib/python3.10/dist-packages/realsense2_camera_msgs-4.55.1-py3.10.egg-info/PKG-INFO
[4.978s] -- Installing: /workspace/ros2_yolo/src/sensor_driver/install/realsense2_camera_msgs/local/lib/python3.10/dist-packages/realsense2_camera_msgs-4.55.1-py3.10.egg-info/dependency_links.txt
[4.978s] -- Installing: /workspace/ros2_yolo/src/sensor_driver/install/realsense2_camera_msgs/local/lib/python3.10/dist-packages/realsense2_camera_msgs
[4.978s] -- Installing: /workspace/ros2_yolo/src/sensor_driver/install/realsense2_camera_msgs/local/lib/python3.10/dist-packages/realsense2_camera_msgs/realsense2_camera_msgs_s__rosidl_typesupport_c.cpython-310-x86_64-linux-gnu.so
[4.978s] -- Installing: /workspace/ros2_yolo/src/sensor_driver/install/realsense2_camera_msgs/local/lib/python3.10/dist-packages/realsense2_camera_msgs/srv
[4.978s] -- Installing: /workspace/ros2_yolo/src/sensor_driver/install/realsense2_camera_msgs/local/lib/python3.10/dist-packages/realsense2_camera_msgs/srv/_device_info.py
[4.978s] -- Installing: /workspace/ros2_yolo/src/sensor_driver/install/realsense2_camera_msgs/local/lib/python3.10/dist-packages/realsense2_camera_msgs/srv/_device_info_s.c
[4.978s] -- Installing: /workspace/ros2_yolo/src/sensor_driver/install/realsense2_camera_msgs/local/lib/python3.10/dist-packages/realsense2_camera_msgs/srv/__init__.py
[4.978s] -- Installing: /workspace/ros2_yolo/src/sensor_driver/install/realsense2_camera_msgs/local/lib/python3.10/dist-packages/realsense2_camera_msgs/_realsense2_camera_msgs_s.ep.rosidl_typesupport_introspection_c.c
[4.978s] -- Installing: /workspace/ros2_yolo/src/sensor_driver/install/realsense2_camera_msgs/local/lib/python3.10/dist-packages/realsense2_camera_msgs/_realsense2_camera_msgs_s.ep.rosidl_typesupport_fastrtps_c.c
[4.978s] -- Installing: /workspace/ros2_yolo/src/sensor_driver/install/realsense2_camera_msgs/local/lib/python3.10/dist-packages/realsense2_camera_msgs/realsense2_camera_msgs_s__rosidl_typesupport_fastrtps_c.cpython-310-x86_64-linux-gnu.so
[4.978s] -- Installing: /workspace/ros2_yolo/src/sensor_driver/install/realsense2_camera_msgs/local/lib/python3.10/dist-packages/realsense2_camera_msgs/msg
[4.978s] -- Installing: /workspace/ros2_yolo/src/sensor_driver/install/realsense2_camera_msgs/local/lib/python3.10/dist-packages/realsense2_camera_msgs/msg/_metadata.py
[4.978s] -- Installing: /workspace/ros2_yolo/src/sensor_driver/install/realsense2_camera_msgs/local/lib/python3.10/dist-packages/realsense2_camera_msgs/msg/_rgbd_s.c
[4.978s] -- Installing: /workspace/ros2_yolo/src/sensor_driver/install/realsense2_camera_msgs/local/lib/python3.10/dist-packages/realsense2_camera_msgs/msg/_metadata_s.c
[4.978s] -- Installing: /workspace/ros2_yolo/src/sensor_driver/install/realsense2_camera_msgs/local/lib/python3.10/dist-packages/realsense2_camera_msgs/msg/_imu_info_s.c
[4.978s] -- Installing: /workspace/ros2_yolo/src/sensor_driver/install/realsense2_camera_msgs/local/lib/python3.10/dist-packages/realsense2_camera_msgs/msg/_extrinsics.py
[4.978s] -- Installing: /workspace/ros2_yolo/src/sensor_driver/install/realsense2_camera_msgs/local/lib/python3.10/dist-packages/realsense2_camera_msgs/msg/__init__.py
[4.979s] -- Installing: /workspace/ros2_yolo/src/sensor_driver/install/realsense2_camera_msgs/local/lib/python3.10/dist-packages/realsense2_camera_msgs/msg/_imu_info.py
[4.979s] -- Installing: /workspace/ros2_yolo/src/sensor_driver/install/realsense2_camera_msgs/local/lib/python3.10/dist-packages/realsense2_camera_msgs/msg/_extrinsics_s.c
[4.979s] -- Installing: /workspace/ros2_yolo/src/sensor_driver/install/realsense2_camera_msgs/local/lib/python3.10/dist-packages/realsense2_camera_msgs/msg/_rgbd.py
[4.979s] -- Installing: /workspace/ros2_yolo/src/sensor_driver/install/realsense2_camera_msgs/local/lib/python3.10/dist-packages/realsense2_camera_msgs/__init__.py
[4.979s] -- Installing: /workspace/ros2_yolo/src/sensor_driver/install/realsense2_camera_msgs/local/lib/python3.10/dist-packages/realsense2_camera_msgs/_realsense2_camera_msgs_s.ep.rosidl_typesupport_c.c
[4.979s] -- Installing: /workspace/ros2_yolo/src/sensor_driver/install/realsense2_camera_msgs/local/lib/python3.10/dist-packages/realsense2_camera_msgs/librealsense2_camera_msgs__rosidl_generator_py.so
[4.979s] -- Installing: /workspace/ros2_yolo/src/sensor_driver/install/realsense2_camera_msgs/local/lib/python3.10/dist-packages/realsense2_camera_msgs/realsense2_camera_msgs_s__rosidl_typesupport_introspection_c.cpython-310-x86_64-linux-gnu.so
[5.023s] Listing '/workspace/ros2_yolo/src/sensor_driver/install/realsense2_camera_msgs/local/lib/python3.10/dist-packages/realsense2_camera_msgs'...
[5.023s] Compiling '/workspace/ros2_yolo/src/sensor_driver/install/realsense2_camera_msgs/local/lib/python3.10/dist-packages/realsense2_camera_msgs/__init__.py'...
[5.024s] Listing '/workspace/ros2_yolo/src/sensor_driver/install/realsense2_camera_msgs/local/lib/python3.10/dist-packages/realsense2_camera_msgs/msg'...
[5.024s] Compiling '/workspace/ros2_yolo/src/sensor_driver/install/realsense2_camera_msgs/local/lib/python3.10/dist-packages/realsense2_camera_msgs/msg/__init__.py'...
[5.024s] Compiling '/workspace/ros2_yolo/src/sensor_driver/install/realsense2_camera_msgs/local/lib/python3.10/dist-packages/realsense2_camera_msgs/msg/_extrinsics.py'...
[5.024s] Compiling '/workspace/ros2_yolo/src/sensor_driver/install/realsense2_camera_msgs/local/lib/python3.10/dist-packages/realsense2_camera_msgs/msg/_imu_info.py'...
[5.024s] Compiling '/workspace/ros2_yolo/src/sensor_driver/install/realsense2_camera_msgs/local/lib/python3.10/dist-packages/realsense2_camera_msgs/msg/_metadata.py'...
[5.024s] Compiling '/workspace/ros2_yolo/src/sensor_driver/install/realsense2_camera_msgs/local/lib/python3.10/dist-packages/realsense2_camera_msgs/msg/_rgbd.py'...
[5.024s] Listing '/workspace/ros2_yolo/src/sensor_driver/install/realsense2_camera_msgs/local/lib/python3.10/dist-packages/realsense2_camera_msgs/srv'...
[5.024s] Compiling '/workspace/ros2_yolo/src/sensor_driver/install/realsense2_camera_msgs/local/lib/python3.10/dist-packages/realsense2_camera_msgs/srv/__init__.py'...
[5.025s] Compiling '/workspace/ros2_yolo/src/sensor_driver/install/realsense2_camera_msgs/local/lib/python3.10/dist-packages/realsense2_camera_msgs/srv/_device_info.py'...
[5.028s] -- Installing: /workspace/ros2_yolo/src/sensor_driver/install/realsense2_camera_msgs/local/lib/python3.10/dist-packages/realsense2_camera_msgs/realsense2_camera_msgs_s__rosidl_typesupport_fastrtps_c.cpython-310-x86_64-linux-gnu.so
[5.029s] -- Set runtime path of "/workspace/ros2_yolo/src/sensor_driver/install/realsense2_camera_msgs/local/lib/python3.10/dist-packages/realsense2_camera_msgs/realsense2_camera_msgs_s__rosidl_typesupport_fastrtps_c.cpython-310-x86_64-linux-gnu.so" to ""
[5.029s] -- Installing: /workspace/ros2_yolo/src/sensor_driver/install/realsense2_camera_msgs/local/lib/python3.10/dist-packages/realsense2_camera_msgs/realsense2_camera_msgs_s__rosidl_typesupport_introspection_c.cpython-310-x86_64-linux-gnu.so
[5.030s] -- Set runtime path of "/workspace/ros2_yolo/src/sensor_driver/install/realsense2_camera_msgs/local/lib/python3.10/dist-packages/realsense2_camera_msgs/realsense2_camera_msgs_s__rosidl_typesupport_introspection_c.cpython-310-x86_64-linux-gnu.so" to ""
[5.030s] -- Installing: /workspace/ros2_yolo/src/sensor_driver/install/realsense2_camera_msgs/local/lib/python3.10/dist-packages/realsense2_camera_msgs/realsense2_camera_msgs_s__rosidl_typesupport_c.cpython-310-x86_64-linux-gnu.so
[5.030s] -- Set runtime path of "/workspace/ros2_yolo/src/sensor_driver/install/realsense2_camera_msgs/local/lib/python3.10/dist-packages/realsense2_camera_msgs/realsense2_camera_msgs_s__rosidl_typesupport_c.cpython-310-x86_64-linux-gnu.so" to ""
[5.030s] -- Installing: /workspace/ros2_yolo/src/sensor_driver/install/realsense2_camera_msgs/lib/librealsense2_camera_msgs__rosidl_generator_py.so
[5.030s] -- Set runtime path of "/workspace/ros2_yolo/src/sensor_driver/install/realsense2_camera_msgs/lib/librealsense2_camera_msgs__rosidl_generator_py.so" to ""
[5.030s] -- Installing: /workspace/ros2_yolo/src/sensor_driver/install/realsense2_camera_msgs/share/realsense2_camera_msgs/msg/IMUInfo.idl
[5.030s] -- Installing: /workspace/ros2_yolo/src/sensor_driver/install/realsense2_camera_msgs/share/realsense2_camera_msgs/msg/Extrinsics.idl
[5.030s] -- Installing: /workspace/ros2_yolo/src/sensor_driver/install/realsense2_camera_msgs/share/realsense2_camera_msgs/msg/Metadata.idl
[5.031s] -- Installing: /workspace/ros2_yolo/src/sensor_driver/install/realsense2_camera_msgs/share/realsense2_camera_msgs/msg/RGBD.idl
[5.031s] -- Installing: /workspace/ros2_yolo/src/sensor_driver/install/realsense2_camera_msgs/share/realsense2_camera_msgs/srv/DeviceInfo.idl
[5.031s] -- Installing: /workspace/ros2_yolo/src/sensor_driver/install/realsense2_camera_msgs/share/realsense2_camera_msgs/msg/IMUInfo.msg
[5.031s] -- Installing: /workspace/ros2_yolo/src/sensor_driver/install/realsense2_camera_msgs/share/realsense2_camera_msgs/msg/Extrinsics.msg
[5.031s] -- Installing: /workspace/ros2_yolo/src/sensor_driver/install/realsense2_camera_msgs/share/realsense2_camera_msgs/msg/Metadata.msg
[5.031s] -- Installing: /workspace/ros2_yolo/src/sensor_driver/install/realsense2_camera_msgs/share/realsense2_camera_msgs/msg/RGBD.msg
[5.031s] -- Installing: /workspace/ros2_yolo/src/sensor_driver/install/realsense2_camera_msgs/share/realsense2_camera_msgs/srv/DeviceInfo.srv
[5.031s] -- Installing: /workspace/ros2_yolo/src/sensor_driver/install/realsense2_camera_msgs/share/realsense2_camera_msgs/srv/DeviceInfo_Request.msg
[5.031s] -- Installing: /workspace/ros2_yolo/src/sensor_driver/install/realsense2_camera_msgs/share/realsense2_camera_msgs/srv/DeviceInfo_Response.msg
[5.031s] -- Installing: /workspace/ros2_yolo/src/sensor_driver/install/realsense2_camera_msgs/share/ament_index/resource_index/package_run_dependencies/realsense2_camera_msgs
[5.031s] -- Installing: /workspace/ros2_yolo/src/sensor_driver/install/realsense2_camera_msgs/share/ament_index/resource_index/parent_prefix_path/realsense2_camera_msgs
[5.031s] -- Installing: /workspace/ros2_yolo/src/sensor_driver/install/realsense2_camera_msgs/share/realsense2_camera_msgs/environment/ament_prefix_path.sh
[5.031s] -- Installing: /workspace/ros2_yolo/src/sensor_driver/install/realsense2_camera_msgs/share/realsense2_camera_msgs/environment/ament_prefix_path.dsv
[5.031s] -- Installing: /workspace/ros2_yolo/src/sensor_driver/install/realsense2_camera_msgs/share/realsense2_camera_msgs/environment/path.sh
[5.032s] -- Installing: /workspace/ros2_yolo/src/sensor_driver/install/realsense2_camera_msgs/share/realsense2_camera_msgs/environment/path.dsv
[5.032s] -- Installing: /workspace/ros2_yolo/src/sensor_driver/install/realsense2_camera_msgs/share/realsense2_camera_msgs/local_setup.bash
[5.032s] -- Installing: /workspace/ros2_yolo/src/sensor_driver/install/realsense2_camera_msgs/share/realsense2_camera_msgs/local_setup.sh
[5.032s] -- Installing: /workspace/ros2_yolo/src/sensor_driver/install/realsense2_camera_msgs/share/realsense2_camera_msgs/local_setup.zsh
[5.032s] -- Installing: /workspace/ros2_yolo/src/sensor_driver/install/realsense2_camera_msgs/share/realsense2_camera_msgs/local_setup.dsv
[5.032s] -- Installing: /workspace/ros2_yolo/src/sensor_driver/install/realsense2_camera_msgs/share/realsense2_camera_msgs/package.dsv
[5.032s] -- Installing: /workspace/ros2_yolo/src/sensor_driver/install/realsense2_camera_msgs/share/ament_index/resource_index/packages/realsense2_camera_msgs
[5.032s] -- Installing: /workspace/ros2_yolo/src/sensor_driver/install/realsense2_camera_msgs/share/realsense2_camera_msgs/cmake/export_realsense2_camera_msgs__rosidl_generator_cExport.cmake
[5.032s] -- Installing: /workspace/ros2_yolo/src/sensor_driver/install/realsense2_camera_msgs/share/realsense2_camera_msgs/cmake/export_realsense2_camera_msgs__rosidl_generator_cExport-noconfig.cmake
[5.032s] -- Installing: /workspace/ros2_yolo/src/sensor_driver/install/realsense2_camera_msgs/share/realsense2_camera_msgs/cmake/export_realsense2_camera_msgs__rosidl_typesupport_fastrtps_cExport.cmake
[5.032s] -- Installing: /workspace/ros2_yolo/src/sensor_driver/install/realsense2_camera_msgs/share/realsense2_camera_msgs/cmake/export_realsense2_camera_msgs__rosidl_typesupport_fastrtps_cExport-noconfig.cmake
[5.032s] -- Installing: /workspace/ros2_yolo/src/sensor_driver/install/realsense2_camera_msgs/share/realsense2_camera_msgs/cmake/realsense2_camera_msgs__rosidl_typesupport_introspection_cExport.cmake
[5.032s] -- Installing: /workspace/ros2_yolo/src/sensor_driver/install/realsense2_camera_msgs/share/realsense2_camera_msgs/cmake/realsense2_camera_msgs__rosidl_typesupport_introspection_cExport-noconfig.cmake
[5.032s] -- Installing: /workspace/ros2_yolo/src/sensor_driver/install/realsense2_camera_msgs/share/realsense2_camera_msgs/cmake/realsense2_camera_msgs__rosidl_typesupport_cExport.cmake
[5.032s] -- Installing: /workspace/ros2_yolo/src/sensor_driver/install/realsense2_camera_msgs/share/realsense2_camera_msgs/cmake/realsense2_camera_msgs__rosidl_typesupport_cExport-noconfig.cmake
[5.032s] -- Installing: /workspace/ros2_yolo/src/sensor_driver/install/realsense2_camera_msgs/share/realsense2_camera_msgs/cmake/export_realsense2_camera_msgs__rosidl_generator_cppExport.cmake
[5.033s] -- Installing: /workspace/ros2_yolo/src/sensor_driver/install/realsense2_camera_msgs/share/realsense2_camera_msgs/cmake/export_realsense2_camera_msgs__rosidl_typesupport_fastrtps_cppExport.cmake
[5.033s] -- Installing: /workspace/ros2_yolo/src/sensor_driver/install/realsense2_camera_msgs/share/realsense2_camera_msgs/cmake/export_realsense2_camera_msgs__rosidl_typesupport_fastrtps_cppExport-noconfig.cmake
[5.033s] -- Installing: /workspace/ros2_yolo/src/sensor_driver/install/realsense2_camera_msgs/share/realsense2_camera_msgs/cmake/realsense2_camera_msgs__rosidl_typesupport_introspection_cppExport.cmake
[5.033s] -- Installing: /workspace/ros2_yolo/src/sensor_driver/install/realsense2_camera_msgs/share/realsense2_camera_msgs/cmake/realsense2_camera_msgs__rosidl_typesupport_introspection_cppExport-noconfig.cmake
[5.033s] -- Installing: /workspace/ros2_yolo/src/sensor_driver/install/realsense2_camera_msgs/share/realsense2_camera_msgs/cmake/realsense2_camera_msgs__rosidl_typesupport_cppExport.cmake
[5.033s] -- Installing: /workspace/ros2_yolo/src/sensor_driver/install/realsense2_camera_msgs/share/realsense2_camera_msgs/cmake/realsense2_camera_msgs__rosidl_typesupport_cppExport-noconfig.cmake
[5.033s] -- Installing: /workspace/ros2_yolo/src/sensor_driver/install/realsense2_camera_msgs/share/realsense2_camera_msgs/cmake/export_realsense2_camera_msgs__rosidl_generator_pyExport.cmake
[5.033s] -- Installing: /workspace/ros2_yolo/src/sensor_driver/install/realsense2_camera_msgs/share/realsense2_camera_msgs/cmake/export_realsense2_camera_msgs__rosidl_generator_pyExport-noconfig.cmake
[5.033s] -- Installing: /workspace/ros2_yolo/src/sensor_driver/install/realsense2_camera_msgs/share/realsense2_camera_msgs/cmake/rosidl_cmake-extras.cmake
[5.033s] -- Installing: /workspace/ros2_yolo/src/sensor_driver/install/realsense2_camera_msgs/share/realsense2_camera_msgs/cmake/ament_cmake_export_dependencies-extras.cmake
[5.033s] -- Installing: /workspace/ros2_yolo/src/sensor_driver/install/realsense2_camera_msgs/share/realsense2_camera_msgs/cmake/ament_cmake_export_include_directories-extras.cmake
[5.033s] -- Installing: /workspace/ros2_yolo/src/sensor_driver/install/realsense2_camera_msgs/share/realsense2_camera_msgs/cmake/ament_cmake_export_libraries-extras.cmake
[5.033s] -- Installing: /workspace/ros2_yolo/src/sensor_driver/install/realsense2_camera_msgs/share/realsense2_camera_msgs/cmake/ament_cmake_export_targets-extras.cmake
[5.033s] -- Installing: /workspace/ros2_yolo/src/sensor_driver/install/realsense2_camera_msgs/share/realsense2_camera_msgs/cmake/rosidl_cmake_export_typesupport_targets-extras.cmake
[5.033s] -- Installing: /workspace/ros2_yolo/src/sensor_driver/install/realsense2_camera_msgs/share/realsense2_camera_msgs/cmake/rosidl_cmake_export_typesupport_libraries-extras.cmake
[5.033s] -- Installing: /workspace/ros2_yolo/src/sensor_driver/install/realsense2_camera_msgs/share/realsense2_camera_msgs/cmake/realsense2_camera_msgsConfig.cmake
[5.034s] -- Installing: /workspace/ros2_yolo/src/sensor_driver/install/realsense2_camera_msgs/share/realsense2_camera_msgs/cmake/realsense2_camera_msgsConfig-version.cmake
[5.034s] -- Installing: /workspace/ros2_yolo/src/sensor_driver/install/realsense2_camera_msgs/share/realsense2_camera_msgs/package.xml
[5.036s] Invoked command in '/workspace/ros2_yolo/src/sensor_driver/build/realsense2_camera_msgs' returned '0': CMAKE_PREFIX_PATH=${CMAKE_PREFIX_PATH}:/workspace/ros2_yolo/install/pcdet_ros2:/workspace/ros2_yolo/install/fusiondet:/workspace/ros2_yolo/install/fusion_tracker:/opt/ros/humble /usr/bin/cmake --install /workspace/ros2_yolo/src/sensor_driver/build/realsense2_camera_msgs
