[0.013s] Invoking command in '/workspace/ros2_yolo/src/sensor_driver/build/realsense2_description': AMENT_PREFIX_PATH=/workspace/ros2_yolo/src/sensor_driver/install/realsense2_camera_msgs:${AMENT_PREFIX_PATH} CMAKE_PREFIX_PATH=/workspace/ros2_yolo/src/sensor_driver/install/realsense2_camera_msgs:/workspace/ros2_yolo/install/vision_msgs_rviz_plugins:/workspace/ros2_yolo/install/ultralytics_ros:/workspace/ros2_yolo/install/ros2_numpy:/workspace/ros2_yolo/install/pcdet_ros2:/workspace/ros2_yolo/install/fusiondet:/workspace/ros2_yolo/install/fusion_tracker:/opt/ros/humble LD_LIBRARY_PATH=/workspace/ros2_yolo/src/sensor_driver/install/realsense2_camera_msgs/lib:${LD_LIBRARY_PATH} PYTHONPATH=/workspace/ros2_yolo/src/sensor_driver/install/realsense2_camera_msgs/local/lib/python3.10/dist-packages:${PYTHONPATH} /usr/bin/cmake /workspace/ros2_yolo/src/sensor_driver/src/realsense-ros-4.55.1/realsense2_description -DCMAKE_INSTALL_PREFIX=/workspace/ros2_yolo/src/sensor_driver/install/realsense2_description
[0.072s] -- The C compiler identification is GNU 11.4.0
[0.126s] -- The CXX compiler identification is GNU 11.4.0
[0.134s] -- Detecting C compiler ABI info
[0.212s] -- Detecting C compiler ABI info - done
[0.219s] -- Check for working C compiler: /usr/bin/cc - skipped
[0.219s] -- Detecting C compile features
[0.219s] -- Detecting C compile features - done
[0.222s] -- Detecting CXX compiler ABI info
[0.309s] -- Detecting CXX compiler ABI info - done
[0.317s] -- Check for working CXX compiler: /usr/bin/c++ - skipped
[0.317s] -- Detecting CXX compile features
[0.317s] -- Detecting CXX compile features - done
[0.323s] -- Found ament_cmake: 1.3.12 (/opt/ros/humble/share/ament_cmake/cmake)
[0.927s] -- Found Python3: /usr/bin/python3 (found version "3.10.12") found components: Interpreter 
[1.131s] -- Configuring done
[1.134s] -- Generating done
[1.135s] -- Build files have been written to: /workspace/ros2_yolo/src/sensor_driver/build/realsense2_description
[1.139s] Invoked command in '/workspace/ros2_yolo/src/sensor_driver/build/realsense2_description' returned '0': AMENT_PREFIX_PATH=/workspace/ros2_yolo/src/sensor_driver/install/realsense2_camera_msgs:${AMENT_PREFIX_PATH} CMAKE_PREFIX_PATH=/workspace/ros2_yolo/src/sensor_driver/install/realsense2_camera_msgs:/workspace/ros2_yolo/install/vision_msgs_rviz_plugins:/workspace/ros2_yolo/install/ultralytics_ros:/workspace/ros2_yolo/install/ros2_numpy:/workspace/ros2_yolo/install/pcdet_ros2:/workspace/ros2_yolo/install/fusiondet:/workspace/ros2_yolo/install/fusion_tracker:/opt/ros/humble LD_LIBRARY_PATH=/workspace/ros2_yolo/src/sensor_driver/install/realsense2_camera_msgs/lib:${LD_LIBRARY_PATH} PYTHONPATH=/workspace/ros2_yolo/src/sensor_driver/install/realsense2_camera_msgs/local/lib/python3.10/dist-packages:${PYTHONPATH} /usr/bin/cmake /workspace/ros2_yolo/src/sensor_driver/src/realsense-ros-4.55.1/realsense2_description -DCMAKE_INSTALL_PREFIX=/workspace/ros2_yolo/src/sensor_driver/install/realsense2_description
[1.140s] Invoking command in '/workspace/ros2_yolo/src/sensor_driver/build/realsense2_description': AMENT_PREFIX_PATH=/workspace/ros2_yolo/src/sensor_driver/install/realsense2_camera_msgs:${AMENT_PREFIX_PATH} CMAKE_PREFIX_PATH=/workspace/ros2_yolo/src/sensor_driver/install/realsense2_camera_msgs:/workspace/ros2_yolo/install/vision_msgs_rviz_plugins:/workspace/ros2_yolo/install/ultralytics_ros:/workspace/ros2_yolo/install/ros2_numpy:/workspace/ros2_yolo/install/pcdet_ros2:/workspace/ros2_yolo/install/fusiondet:/workspace/ros2_yolo/install/fusion_tracker:/opt/ros/humble LD_LIBRARY_PATH=/workspace/ros2_yolo/src/sensor_driver/install/realsense2_camera_msgs/lib:${LD_LIBRARY_PATH} PYTHONPATH=/workspace/ros2_yolo/src/sensor_driver/install/realsense2_camera_msgs/local/lib/python3.10/dist-packages:${PYTHONPATH} /usr/bin/cmake --build /workspace/ros2_yolo/src/sensor_driver/build/realsense2_description -- -j112 -l112
[1.181s] Invoked command in '/workspace/ros2_yolo/src/sensor_driver/build/realsense2_description' returned '0': AMENT_PREFIX_PATH=/workspace/ros2_yolo/src/sensor_driver/install/realsense2_camera_msgs:${AMENT_PREFIX_PATH} CMAKE_PREFIX_PATH=/workspace/ros2_yolo/src/sensor_driver/install/realsense2_camera_msgs:/workspace/ros2_yolo/install/vision_msgs_rviz_plugins:/workspace/ros2_yolo/install/ultralytics_ros:/workspace/ros2_yolo/install/ros2_numpy:/workspace/ros2_yolo/install/pcdet_ros2:/workspace/ros2_yolo/install/fusiondet:/workspace/ros2_yolo/install/fusion_tracker:/opt/ros/humble LD_LIBRARY_PATH=/workspace/ros2_yolo/src/sensor_driver/install/realsense2_camera_msgs/lib:${LD_LIBRARY_PATH} PYTHONPATH=/workspace/ros2_yolo/src/sensor_driver/install/realsense2_camera_msgs/local/lib/python3.10/dist-packages:${PYTHONPATH} /usr/bin/cmake --build /workspace/ros2_yolo/src/sensor_driver/build/realsense2_description -- -j112 -l112
[1.184s] Invoking command in '/workspace/ros2_yolo/src/sensor_driver/build/realsense2_description': AMENT_PREFIX_PATH=/workspace/ros2_yolo/src/sensor_driver/install/realsense2_camera_msgs:${AMENT_PREFIX_PATH} CMAKE_PREFIX_PATH=/workspace/ros2_yolo/src/sensor_driver/install/realsense2_camera_msgs:/workspace/ros2_yolo/install/vision_msgs_rviz_plugins:/workspace/ros2_yolo/install/ultralytics_ros:/workspace/ros2_yolo/install/ros2_numpy:/workspace/ros2_yolo/install/pcdet_ros2:/workspace/ros2_yolo/install/fusiondet:/workspace/ros2_yolo/install/fusion_tracker:/opt/ros/humble LD_LIBRARY_PATH=/workspace/ros2_yolo/src/sensor_driver/install/realsense2_camera_msgs/lib:${LD_LIBRARY_PATH} PYTHONPATH=/workspace/ros2_yolo/src/sensor_driver/install/realsense2_camera_msgs/local/lib/python3.10/dist-packages:${PYTHONPATH} /usr/bin/cmake --install /workspace/ros2_yolo/src/sensor_driver/build/realsense2_description
[1.188s] -- Install configuration: ""
[1.188s] -- Installing: /workspace/ros2_yolo/src/sensor_driver/install/realsense2_description/share/realsense2_description/launch
[1.189s] -- Installing: /workspace/ros2_yolo/src/sensor_driver/install/realsense2_description/share/realsense2_description/launch/view_model.launch.py
[1.189s] -- Installing: /workspace/ros2_yolo/src/sensor_driver/install/realsense2_description/share/realsense2_description/launch/launch_utils.py
[1.189s] -- Installing: /workspace/ros2_yolo/src/sensor_driver/install/realsense2_description/share/realsense2_description/meshes
[1.189s] -- Installing: /workspace/ros2_yolo/src/sensor_driver/install/realsense2_description/share/realsense2_description/meshes/l515.dae
[1.211s] -- Installing: /workspace/ros2_yolo/src/sensor_driver/install/realsense2_description/share/realsense2_description/meshes/d435.dae
[1.225s] -- Installing: /workspace/ros2_yolo/src/sensor_driver/install/realsense2_description/share/realsense2_description/meshes/plug_collision.stl
[1.225s] -- Installing: /workspace/ros2_yolo/src/sensor_driver/install/realsense2_description/share/realsense2_description/meshes/plug.stl
[1.225s] -- Installing: /workspace/ros2_yolo/src/sensor_driver/install/realsense2_description/share/realsense2_description/meshes/d455.stl
[1.227s] -- Installing: /workspace/ros2_yolo/src/sensor_driver/install/realsense2_description/share/realsense2_description/meshes/d415.stl
[1.241s] -- Installing: /workspace/ros2_yolo/src/sensor_driver/install/realsense2_description/share/realsense2_description/meshes/d405.stl
[1.241s] -- Installing: /workspace/ros2_yolo/src/sensor_driver/install/realsense2_description/share/realsense2_description/rviz
[1.242s] -- Installing: /workspace/ros2_yolo/src/sensor_driver/install/realsense2_description/share/realsense2_description/rviz/urdf.rviz
[1.242s] -- Installing: /workspace/ros2_yolo/src/sensor_driver/install/realsense2_description/share/realsense2_description/urdf
[1.242s] -- Installing: /workspace/ros2_yolo/src/sensor_driver/install/realsense2_description/share/realsense2_description/urdf/_d405.urdf.xacro
[1.242s] -- Installing: /workspace/ros2_yolo/src/sensor_driver/install/realsense2_description/share/realsense2_description/urdf/_r410.urdf.xacro
[1.242s] -- Installing: /workspace/ros2_yolo/src/sensor_driver/install/realsense2_description/share/realsense2_description/urdf/test_d435i_camera.urdf.xacro
[1.242s] -- Installing: /workspace/ros2_yolo/src/sensor_driver/install/realsense2_description/share/realsense2_description/urdf/test_d415_camera.urdf.xacro
[1.243s] -- Installing: /workspace/ros2_yolo/src/sensor_driver/install/realsense2_description/share/realsense2_description/urdf/test_r430_camera.urdf.xacro
[1.243s] -- Installing: /workspace/ros2_yolo/src/sensor_driver/install/realsense2_description/share/realsense2_description/urdf/test_r410_camera.urdf.xacro
[1.243s] -- Installing: /workspace/ros2_yolo/src/sensor_driver/install/realsense2_description/share/realsense2_description/urdf/_r430.urdf.xacro
[1.243s] -- Installing: /workspace/ros2_yolo/src/sensor_driver/install/realsense2_description/share/realsense2_description/urdf/test_d435_multiple_cameras.urdf.xacro
[1.243s] -- Installing: /workspace/ros2_yolo/src/sensor_driver/install/realsense2_description/share/realsense2_description/urdf/test_d405_camera.urdf.xacro
[1.243s] -- Installing: /workspace/ros2_yolo/src/sensor_driver/install/realsense2_description/share/realsense2_description/urdf/_d435i.urdf.xacro
[1.244s] -- Installing: /workspace/ros2_yolo/src/sensor_driver/install/realsense2_description/share/realsense2_description/urdf/test_d455_camera.urdf.xacro
[1.244s] -- Installing: /workspace/ros2_yolo/src/sensor_driver/install/realsense2_description/share/realsense2_description/urdf/_d435i_imu_modules.urdf.xacro
[1.244s] -- Installing: /workspace/ros2_yolo/src/sensor_driver/install/realsense2_description/share/realsense2_description/urdf/_d435.urdf.xacro
[1.244s] -- Installing: /workspace/ros2_yolo/src/sensor_driver/install/realsense2_description/share/realsense2_description/urdf/_materials.urdf.xacro
[1.244s] -- Installing: /workspace/ros2_yolo/src/sensor_driver/install/realsense2_description/share/realsense2_description/urdf/_d415.urdf.xacro
[1.244s] -- Installing: /workspace/ros2_yolo/src/sensor_driver/install/realsense2_description/share/realsense2_description/urdf/test_d435_camera.urdf.xacro
[1.245s] -- Installing: /workspace/ros2_yolo/src/sensor_driver/install/realsense2_description/share/realsense2_description/urdf/_d455.urdf.xacro
[1.245s] -- Installing: /workspace/ros2_yolo/src/sensor_driver/install/realsense2_description/share/realsense2_description/urdf/_usb_plug.urdf.xacro
[1.245s] -- Installing: /workspace/ros2_yolo/src/sensor_driver/install/realsense2_description/share/ament_index/resource_index/package_run_dependencies/realsense2_description
[1.245s] -- Installing: /workspace/ros2_yolo/src/sensor_driver/install/realsense2_description/share/ament_index/resource_index/parent_prefix_path/realsense2_description
[1.245s] -- Installing: /workspace/ros2_yolo/src/sensor_driver/install/realsense2_description/share/realsense2_description/environment/ament_prefix_path.sh
[1.245s] -- Installing: /workspace/ros2_yolo/src/sensor_driver/install/realsense2_description/share/realsense2_description/environment/ament_prefix_path.dsv
[1.245s] -- Installing: /workspace/ros2_yolo/src/sensor_driver/install/realsense2_description/share/realsense2_description/environment/path.sh
[1.246s] -- Installing: /workspace/ros2_yolo/src/sensor_driver/install/realsense2_description/share/realsense2_description/environment/path.dsv
[1.246s] -- Installing: /workspace/ros2_yolo/src/sensor_driver/install/realsense2_description/share/realsense2_description/local_setup.bash
[1.246s] -- Installing: /workspace/ros2_yolo/src/sensor_driver/install/realsense2_description/share/realsense2_description/local_setup.sh
[1.246s] -- Installing: /workspace/ros2_yolo/src/sensor_driver/install/realsense2_description/share/realsense2_description/local_setup.zsh
[1.246s] -- Installing: /workspace/ros2_yolo/src/sensor_driver/install/realsense2_description/share/realsense2_description/local_setup.dsv
[1.246s] -- Installing: /workspace/ros2_yolo/src/sensor_driver/install/realsense2_description/share/realsense2_description/package.dsv
[1.246s] -- Installing: /workspace/ros2_yolo/src/sensor_driver/install/realsense2_description/share/ament_index/resource_index/packages/realsense2_description
[1.247s] -- Installing: /workspace/ros2_yolo/src/sensor_driver/install/realsense2_description/share/realsense2_description/cmake/realsense2_descriptionConfig.cmake
[1.247s] -- Installing: /workspace/ros2_yolo/src/sensor_driver/install/realsense2_description/share/realsense2_description/cmake/realsense2_descriptionConfig-version.cmake
[1.247s] -- Installing: /workspace/ros2_yolo/src/sensor_driver/install/realsense2_description/share/realsense2_description/package.xml
[1.248s] Invoked command in '/workspace/ros2_yolo/src/sensor_driver/build/realsense2_description' returned '0': AMENT_PREFIX_PATH=/workspace/ros2_yolo/src/sensor_driver/install/realsense2_camera_msgs:${AMENT_PREFIX_PATH} CMAKE_PREFIX_PATH=/workspace/ros2_yolo/src/sensor_driver/install/realsense2_camera_msgs:/workspace/ros2_yolo/install/vision_msgs_rviz_plugins:/workspace/ros2_yolo/install/ultralytics_ros:/workspace/ros2_yolo/install/ros2_numpy:/workspace/ros2_yolo/install/pcdet_ros2:/workspace/ros2_yolo/install/fusiondet:/workspace/ros2_yolo/install/fusion_tracker:/opt/ros/humble LD_LIBRARY_PATH=/workspace/ros2_yolo/src/sensor_driver/install/realsense2_camera_msgs/lib:${LD_LIBRARY_PATH} PYTHONPATH=/workspace/ros2_yolo/src/sensor_driver/install/realsense2_camera_msgs/local/lib/python3.10/dist-packages:${PYTHONPATH} /usr/bin/cmake --install /workspace/ros2_yolo/src/sensor_driver/build/realsense2_description
