[0.021s] Invoking command in '/workspace/ros2_yolo/src/sensor_driver/build/rslidar_sdk': CMAKE_PREFIX_PATH=/workspace/ros2_yolo/src/sensor_driver/install/rslidar_msg:/workspace/ros2_yolo/src/sensor_driver/install/rslidar_sdk:/workspace/ros2_yolo/src/sensor_driver/install/realsense2_description:/workspace/ros2_yolo/src/sensor_driver/install/realsense2_camera:/workspace/ros2_yolo/src/sensor_driver/install/realsense2_camera_msgs:/workspace/ros2_yolo/src/sensor_driver/install/pointcloud_to_laserscan:/workspace/ros2_yolo/src/sensor_driver/install/imu_speed:/workspace/ros2_yolo/src/sensor_driver/install/imu5651_driver:/workspace/ros2_yolo/src/sensor_driver/install/common_unique_msgs:/workspace/ros2_yolo/install/vision_msgs_rviz_plugins:/workspace/ros2_yolo/install/ultralytics_ros:/workspace/ros2_yolo/install/ros2_numpy:/workspace/ros2_yolo/install/pcdet_ros2:/workspace/ros2_yolo/install/fusiondet:/workspace/ros2_yolo/install/fusion_tracker:/opt/ros/humble /usr/bin/cmake --build /workspace/ros2_yolo/src/sensor_driver/build/rslidar_sdk -- -j112 -l112
[0.104s] [100%] Built target rslidar_sdk_node
[0.120s] Invoked command in '/workspace/ros2_yolo/src/sensor_driver/build/rslidar_sdk' returned '0': CMAKE_PREFIX_PATH=/workspace/ros2_yolo/src/sensor_driver/install/rslidar_msg:/workspace/ros2_yolo/src/sensor_driver/install/rslidar_sdk:/workspace/ros2_yolo/src/sensor_driver/install/realsense2_description:/workspace/ros2_yolo/src/sensor_driver/install/realsense2_camera:/workspace/ros2_yolo/src/sensor_driver/install/realsense2_camera_msgs:/workspace/ros2_yolo/src/sensor_driver/install/pointcloud_to_laserscan:/workspace/ros2_yolo/src/sensor_driver/install/imu_speed:/workspace/ros2_yolo/src/sensor_driver/install/imu5651_driver:/workspace/ros2_yolo/src/sensor_driver/install/common_unique_msgs:/workspace/ros2_yolo/install/vision_msgs_rviz_plugins:/workspace/ros2_yolo/install/ultralytics_ros:/workspace/ros2_yolo/install/ros2_numpy:/workspace/ros2_yolo/install/pcdet_ros2:/workspace/ros2_yolo/install/fusiondet:/workspace/ros2_yolo/install/fusion_tracker:/opt/ros/humble /usr/bin/cmake --build /workspace/ros2_yolo/src/sensor_driver/build/rslidar_sdk -- -j112 -l112
[0.122s] Invoking command in '/workspace/ros2_yolo/src/sensor_driver/build/rslidar_sdk': CMAKE_PREFIX_PATH=/workspace/ros2_yolo/src/sensor_driver/install/rslidar_msg:/workspace/ros2_yolo/src/sensor_driver/install/rslidar_sdk:/workspace/ros2_yolo/src/sensor_driver/install/realsense2_description:/workspace/ros2_yolo/src/sensor_driver/install/realsense2_camera:/workspace/ros2_yolo/src/sensor_driver/install/realsense2_camera_msgs:/workspace/ros2_yolo/src/sensor_driver/install/pointcloud_to_laserscan:/workspace/ros2_yolo/src/sensor_driver/install/imu_speed:/workspace/ros2_yolo/src/sensor_driver/install/imu5651_driver:/workspace/ros2_yolo/src/sensor_driver/install/common_unique_msgs:/workspace/ros2_yolo/install/vision_msgs_rviz_plugins:/workspace/ros2_yolo/install/ultralytics_ros:/workspace/ros2_yolo/install/ros2_numpy:/workspace/ros2_yolo/install/pcdet_ros2:/workspace/ros2_yolo/install/fusiondet:/workspace/ros2_yolo/install/fusion_tracker:/opt/ros/humble /usr/bin/cmake --install /workspace/ros2_yolo/src/sensor_driver/build/rslidar_sdk
[0.132s] -- Install configuration: "Release"
[0.132s] -- Up-to-date: /workspace/ros2_yolo/src/sensor_driver/install/rslidar_sdk/lib/rslidar_sdk/rslidar_sdk_node
[0.132s] -- Up-to-date: /workspace/ros2_yolo/src/sensor_driver/install/rslidar_sdk/share/rslidar_sdk/launch
[0.132s] -- Up-to-date: /workspace/ros2_yolo/src/sensor_driver/install/rslidar_sdk/share/rslidar_sdk/launch/start.launch
[0.132s] -- Up-to-date: /workspace/ros2_yolo/src/sensor_driver/install/rslidar_sdk/share/rslidar_sdk/launch/elequent_start.py
[0.133s] -- Up-to-date: /workspace/ros2_yolo/src/sensor_driver/install/rslidar_sdk/share/rslidar_sdk/launch/start.py
[0.133s] -- Up-to-date: /workspace/ros2_yolo/src/sensor_driver/install/rslidar_sdk/share/rslidar_sdk/rviz
[0.133s] -- Up-to-date: /workspace/ros2_yolo/src/sensor_driver/install/rslidar_sdk/share/rslidar_sdk/rviz/rviz2.rviz
[0.133s] -- Up-to-date: /workspace/ros2_yolo/src/sensor_driver/install/rslidar_sdk/share/rslidar_sdk/rviz/rviz.rviz
[0.133s] -- Up-to-date: /workspace/ros2_yolo/src/sensor_driver/install/rslidar_sdk/share/ament_index/resource_index/package_run_dependencies/rslidar_sdk
[0.133s] -- Up-to-date: /workspace/ros2_yolo/src/sensor_driver/install/rslidar_sdk/share/ament_index/resource_index/parent_prefix_path/rslidar_sdk
[0.133s] -- Up-to-date: /workspace/ros2_yolo/src/sensor_driver/install/rslidar_sdk/share/rslidar_sdk/environment/ament_prefix_path.sh
[0.133s] -- Up-to-date: /workspace/ros2_yolo/src/sensor_driver/install/rslidar_sdk/share/rslidar_sdk/environment/ament_prefix_path.dsv
[0.133s] -- Up-to-date: /workspace/ros2_yolo/src/sensor_driver/install/rslidar_sdk/share/rslidar_sdk/environment/path.sh
[0.133s] -- Up-to-date: /workspace/ros2_yolo/src/sensor_driver/install/rslidar_sdk/share/rslidar_sdk/environment/path.dsv
[0.133s] -- Up-to-date: /workspace/ros2_yolo/src/sensor_driver/install/rslidar_sdk/share/rslidar_sdk/local_setup.bash
[0.133s] -- Up-to-date: /workspace/ros2_yolo/src/sensor_driver/install/rslidar_sdk/share/rslidar_sdk/local_setup.sh
[0.133s] -- Up-to-date: /workspace/ros2_yolo/src/sensor_driver/install/rslidar_sdk/share/rslidar_sdk/local_setup.zsh
[0.133s] -- Up-to-date: /workspace/ros2_yolo/src/sensor_driver/install/rslidar_sdk/share/rslidar_sdk/local_setup.dsv
[0.133s] -- Installing: /workspace/ros2_yolo/src/sensor_driver/install/rslidar_sdk/share/rslidar_sdk/package.dsv
[0.134s] -- Up-to-date: /workspace/ros2_yolo/src/sensor_driver/install/rslidar_sdk/share/ament_index/resource_index/packages/rslidar_sdk
[0.134s] -- Up-to-date: /workspace/ros2_yolo/src/sensor_driver/install/rslidar_sdk/share/rslidar_sdk/cmake/rslidar_sdkConfig.cmake
[0.134s] -- Up-to-date: /workspace/ros2_yolo/src/sensor_driver/install/rslidar_sdk/share/rslidar_sdk/cmake/rslidar_sdkConfig-version.cmake
[0.134s] -- Up-to-date: /workspace/ros2_yolo/src/sensor_driver/install/rslidar_sdk/share/rslidar_sdk/package.xml
[0.138s] Invoked command in '/workspace/ros2_yolo/src/sensor_driver/build/rslidar_sdk' returned '0': CMAKE_PREFIX_PATH=/workspace/ros2_yolo/src/sensor_driver/install/rslidar_msg:/workspace/ros2_yolo/src/sensor_driver/install/rslidar_sdk:/workspace/ros2_yolo/src/sensor_driver/install/realsense2_description:/workspace/ros2_yolo/src/sensor_driver/install/realsense2_camera:/workspace/ros2_yolo/src/sensor_driver/install/realsense2_camera_msgs:/workspace/ros2_yolo/src/sensor_driver/install/pointcloud_to_laserscan:/workspace/ros2_yolo/src/sensor_driver/install/imu_speed:/workspace/ros2_yolo/src/sensor_driver/install/imu5651_driver:/workspace/ros2_yolo/src/sensor_driver/install/common_unique_msgs:/workspace/ros2_yolo/install/vision_msgs_rviz_plugins:/workspace/ros2_yolo/install/ultralytics_ros:/workspace/ros2_yolo/install/ros2_numpy:/workspace/ros2_yolo/install/pcdet_ros2:/workspace/ros2_yolo/install/fusiondet:/workspace/ros2_yolo/install/fusion_tracker:/opt/ros/humble /usr/bin/cmake --install /workspace/ros2_yolo/src/sensor_driver/build/rslidar_sdk
