[35m[1mConsolidate compiler generated dependencies of target imu_speed_node[0m
[100%] Built target imu_speed_node
-- Install configuration: ""
-- Up-to-date: /workspace/ros2_yolo/src/sensor_driver/install/imu_speed/lib/imu_speed/imu_speed_node
-- Up-to-date: /workspace/ros2_yolo/src/sensor_driver/install/imu_speed/include/
-- Up-to-date: /workspace/ros2_yolo/src/sensor_driver/install/imu_speed/include//imu_speed
-- Up-to-date: /workspace/ros2_yolo/src/sensor_driver/install/imu_speed/include//imu_speed/udp_driver.hpp
-- Up-to-date: /workspace/ros2_yolo/src/sensor_driver/install/imu_speed/share/imu_speed/launch
-- Up-to-date: /workspace/ros2_yolo/src/sensor_driver/install/imu_speed/share/imu_speed/launch/imu_speed.launch.py
-- Up-to-date: /workspace/ros2_yolo/src/sensor_driver/install/imu_speed/share/ament_index/resource_index/package_run_dependencies/imu_speed
-- Up-to-date: /workspace/ros2_yolo/src/sensor_driver/install/imu_speed/share/ament_index/resource_index/parent_prefix_path/imu_speed
-- Up-to-date: /workspace/ros2_yolo/src/sensor_driver/install/imu_speed/share/imu_speed/environment/ament_prefix_path.sh
-- Up-to-date: /workspace/ros2_yolo/src/sensor_driver/install/imu_speed/share/imu_speed/environment/ament_prefix_path.dsv
-- Up-to-date: /workspace/ros2_yolo/src/sensor_driver/install/imu_speed/share/imu_speed/environment/path.sh
-- Up-to-date: /workspace/ros2_yolo/src/sensor_driver/install/imu_speed/share/imu_speed/environment/path.dsv
-- Up-to-date: /workspace/ros2_yolo/src/sensor_driver/install/imu_speed/share/imu_speed/local_setup.bash
-- Up-to-date: /workspace/ros2_yolo/src/sensor_driver/install/imu_speed/share/imu_speed/local_setup.sh
-- Up-to-date: /workspace/ros2_yolo/src/sensor_driver/install/imu_speed/share/imu_speed/local_setup.zsh
-- Up-to-date: /workspace/ros2_yolo/src/sensor_driver/install/imu_speed/share/imu_speed/local_setup.dsv
-- Installing: /workspace/ros2_yolo/src/sensor_driver/install/imu_speed/share/imu_speed/package.dsv
-- Up-to-date: /workspace/ros2_yolo/src/sensor_driver/install/imu_speed/share/ament_index/resource_index/packages/imu_speed
-- Up-to-date: /workspace/ros2_yolo/src/sensor_driver/install/imu_speed/share/imu_speed/cmake/imu_speedConfig.cmake
-- Up-to-date: /workspace/ros2_yolo/src/sensor_driver/install/imu_speed/share/imu_speed/cmake/imu_speedConfig-version.cmake
-- Up-to-date: /workspace/ros2_yolo/src/sensor_driver/install/imu_speed/share/imu_speed/package.xml
