[0.013s] Invoking command in '/workspace/ros2_yolo/src/sensor_driver/build/rslidar_sdk': AMENT_PREFIX_PATH=/workspace/ros2_yolo/src/sensor_driver/install/rslidar_msg:${AMENT_PREFIX_PATH} CMAKE_PREFIX_PATH=/workspace/ros2_yolo/src/sensor_driver/install/rslidar_msg:/workspace/ros2_yolo/install/vision_msgs_rviz_plugins:/workspace/ros2_yolo/install/ultralytics_ros:/workspace/ros2_yolo/install/ros2_numpy:/workspace/ros2_yolo/install/pcdet_ros2:/workspace/ros2_yolo/install/fusiondet:/workspace/ros2_yolo/install/fusion_tracker:/opt/ros/humble LD_LIBRARY_PATH=/workspace/ros2_yolo/src/sensor_driver/install/rslidar_msg/lib:${LD_LIBRARY_PATH} PYTHONPATH=/workspace/ros2_yolo/src/sensor_driver/install/rslidar_msg/local/lib/python3.10/dist-packages:${PYTHONPATH} /usr/bin/cmake /workspace/ros2_yolo/src/sensor_driver/src/rslidar_sdk -DCMAKE_INSTALL_PREFIX=/workspace/ros2_yolo/src/sensor_driver/install/rslidar_sdk
[0.070s] -- The C compiler identification is GNU 11.4.0
[0.125s] -- The CXX compiler identification is GNU 11.4.0
[0.132s] -- Detecting C compiler ABI info
[0.214s] -- Detecting C compiler ABI info - done
[0.220s] -- Check for working C compiler: /usr/bin/cc - skipped
[0.220s] -- Detecting C compile features
[0.221s] -- Detecting C compile features - done
[0.223s] -- Detecting CXX compiler ABI info
[0.311s] -- Detecting CXX compiler ABI info - done
[0.318s] -- Check for working CXX compiler: /usr/bin/c++ - skipped
[0.318s] -- Detecting CXX compile features
[0.319s] -- Detecting CXX compile features - done
[0.320s] [0m=============================================================[0m
[0.320s] [0m-- POINT_TYPE is XYZIRT[0m
[0.320s] [0m=============================================================[0m
[0.343s] [0m=============================================================[0m
[0.343s] [0m-- ROS Not Found. ROS Support is turned Off.[0m
[0.343s] [0m=============================================================[0m
[0.931s] -- Found Python3: /usr/bin/python3 (found version "3.10.12") found components: Interpreter 
[1.145s] -- Found rosidl_generator_c: 3.1.8 (/opt/ros/humble/share/rosidl_generator_c/cmake)
[1.157s] -- Found rosidl_adapter: 3.1.8 (/opt/ros/humble/share/rosidl_adapter/cmake)
[1.171s] -- Found rosidl_generator_cpp: 3.1.8 (/opt/ros/humble/share/rosidl_generator_cpp/cmake)
[1.187s] -- Using all available rosidl_typesupport_c: rosidl_typesupport_fastrtps_c;rosidl_typesupport_introspection_c
[1.211s] -- Using all available rosidl_typesupport_cpp: rosidl_typesupport_fastrtps_cpp;rosidl_typesupport_introspection_cpp
[1.279s] -- Found rmw_implementation_cmake: 6.1.2 (/opt/ros/humble/share/rmw_implementation_cmake/cmake)
[1.284s] -- Found rmw_cyclonedds_cpp: 1.3.4 (/opt/ros/humble/share/rmw_cyclonedds_cpp/cmake)
[1.311s] -- Using RMW implementation 'rmw_cyclonedds_cpp' as default
[1.329s] -- Looking for pthread.h
[1.412s] -- Looking for pthread.h - found
[1.412s] -- Performing Test CMAKE_HAVE_LIBC_PTHREAD
[1.490s] -- Performing Test CMAKE_HAVE_LIBC_PTHREAD - Success
[1.491s] -- Found Threads: TRUE  
[1.549s] [0m=============================================================[0m
[1.549s] [0m-- ROS2 Found. ROS2 Support is turned On.[0m
[1.549s] [0m=============================================================[0m
[1.555s] -- Found sensor_msgs: 4.9.0 (/opt/ros/humble/share/sensor_msgs/cmake)
[1.586s] -- Found rslidar_msg: 0.0.0 (/workspace/ros2_yolo/src/sensor_driver/install/rslidar_msg/share/rslidar_msg/cmake)
[1.604s] [0m=============================================================[0m
[1.604s] [0m-- CMake run for UNIX GNU Compiler[0m
[1.605s] [0m=============================================================[0m
[1.605s] [0m=============================================================[0m
[1.605s] [0m-- rs_driver Version : v1.5.17[0m
[1.605s] [0m=============================================================[0m
[1.695s] -- Configuring done
[1.704s] -- Generating done
[1.707s] -- Build files have been written to: /workspace/ros2_yolo/src/sensor_driver/build/rslidar_sdk
[1.715s] Invoked command in '/workspace/ros2_yolo/src/sensor_driver/build/rslidar_sdk' returned '0': AMENT_PREFIX_PATH=/workspace/ros2_yolo/src/sensor_driver/install/rslidar_msg:${AMENT_PREFIX_PATH} CMAKE_PREFIX_PATH=/workspace/ros2_yolo/src/sensor_driver/install/rslidar_msg:/workspace/ros2_yolo/install/vision_msgs_rviz_plugins:/workspace/ros2_yolo/install/ultralytics_ros:/workspace/ros2_yolo/install/ros2_numpy:/workspace/ros2_yolo/install/pcdet_ros2:/workspace/ros2_yolo/install/fusiondet:/workspace/ros2_yolo/install/fusion_tracker:/opt/ros/humble LD_LIBRARY_PATH=/workspace/ros2_yolo/src/sensor_driver/install/rslidar_msg/lib:${LD_LIBRARY_PATH} PYTHONPATH=/workspace/ros2_yolo/src/sensor_driver/install/rslidar_msg/local/lib/python3.10/dist-packages:${PYTHONPATH} /usr/bin/cmake /workspace/ros2_yolo/src/sensor_driver/src/rslidar_sdk -DCMAKE_INSTALL_PREFIX=/workspace/ros2_yolo/src/sensor_driver/install/rslidar_sdk
[1.718s] Invoking command in '/workspace/ros2_yolo/src/sensor_driver/build/rslidar_sdk': AMENT_PREFIX_PATH=/workspace/ros2_yolo/src/sensor_driver/install/rslidar_msg:${AMENT_PREFIX_PATH} CMAKE_PREFIX_PATH=/workspace/ros2_yolo/src/sensor_driver/install/rslidar_msg:/workspace/ros2_yolo/install/vision_msgs_rviz_plugins:/workspace/ros2_yolo/install/ultralytics_ros:/workspace/ros2_yolo/install/ros2_numpy:/workspace/ros2_yolo/install/pcdet_ros2:/workspace/ros2_yolo/install/fusiondet:/workspace/ros2_yolo/install/fusion_tracker:/opt/ros/humble LD_LIBRARY_PATH=/workspace/ros2_yolo/src/sensor_driver/install/rslidar_msg/lib:${LD_LIBRARY_PATH} PYTHONPATH=/workspace/ros2_yolo/src/sensor_driver/install/rslidar_msg/local/lib/python3.10/dist-packages:${PYTHONPATH} /usr/bin/cmake --build /workspace/ros2_yolo/src/sensor_driver/build/rslidar_sdk -- -j112 -l112
[1.767s] [ 33%] [32mBuilding CXX object CMakeFiles/rslidar_sdk_node.dir/node/rslidar_sdk_node.cpp.o[0m
[1.768s] [ 66%] [32mBuilding CXX object CMakeFiles/rslidar_sdk_node.dir/src/manager/node_manager.cpp.o[0m
[15.686s] [100%] [32m[1mLinking CXX executable rslidar_sdk_node[0m
[15.844s] [100%] Built target rslidar_sdk_node
