[0.016s] Invoking command in '/workspace/ros2_yolo/src/sensor_driver/build/realsense2_camera': AMENT_PREFIX_PATH=/workspace/ros2_yolo/src/sensor_driver/install/realsense2_camera_msgs:${AMENT_PREFIX_PATH} CMAKE_PREFIX_PATH=/workspace/ros2_yolo/src/sensor_driver/install/realsense2_camera_msgs:/workspace/ros2_yolo/install/vision_msgs_rviz_plugins:/workspace/ros2_yolo/install/ultralytics_ros:/workspace/ros2_yolo/install/ros2_numpy:/workspace/ros2_yolo/install/pcdet_ros2:/workspace/ros2_yolo/install/fusiondet:/workspace/ros2_yolo/install/fusion_tracker:/opt/ros/humble LD_LIBRARY_PATH=/workspace/ros2_yolo/src/sensor_driver/install/realsense2_camera_msgs/lib:${LD_LIBRARY_PATH} PYTHONPATH=/workspace/ros2_yolo/src/sensor_driver/install/realsense2_camera_msgs/local/lib/python3.10/dist-packages:${PYTHONPATH} /usr/bin/cmake --build /workspace/ros2_yolo/src/sensor_driver/build/realsense2_camera -- -j112 -l112
[0.081s] [  4%] [32mBuilding CXX object CMakeFiles/realsense2_camera.dir/src/rs_node_setup.cpp.o[0m
[0.082s] [  9%] [32mBuilding CXX object CMakeFiles/realsense2_camera.dir/src/parameters.cpp.o[0m
[0.083s] [ 13%] [32mBuilding CXX object CMakeFiles/realsense2_camera.dir/src/ros_utils.cpp.o[0m
[0.083s] [ 22%] [32mBuilding CXX object gtest/CMakeFiles/gtest_main.dir/src/gtest_main.cc.o[0m
[0.083s] [ 22%] [32mBuilding CXX object CMakeFiles/realsense2_camera.dir/src/base_realsense_node.cpp.o[0m
[0.084s] [ 27%] [32mBuilding CXX object gtest/CMakeFiles/gtest.dir/src/gtest-all.cc.o[0m
[0.084s] [ 31%] [32mBuilding CXX object CMakeFiles/realsense2_camera.dir/src/sensor_params.cpp.o[0m
[0.084s] [ 36%] [32mBuilding CXX object CMakeFiles/realsense2_camera.dir/src/realsense_node_factory.cpp.o[0m
[0.084s] [ 40%] [32mBuilding CXX object CMakeFiles/realsense2_camera.dir/src/ros_sensor.cpp.o[0m
[0.084s] [ 45%] [32mBuilding CXX object CMakeFiles/realsense2_camera.dir/src/dynamic_params.cpp.o[0m
[0.084s] [ 50%] [32mBuilding CXX object CMakeFiles/realsense2_camera_node.dir/rclcpp_components/node_main_realsense2_camera_node.cpp.o[0m
[0.084s] [ 54%] [32mBuilding CXX object CMakeFiles/realsense2_camera.dir/src/image_publisher.cpp.o[0m
[0.084s] [ 59%] [32mBuilding CXX object CMakeFiles/realsense2_camera.dir/src/named_filter.cpp.o[0m
[0.084s] [ 63%] [32mBuilding CXX object CMakeFiles/realsense2_camera.dir/src/profile_manager.cpp.o[0m
[0.085s] [ 68%] [32mBuilding CXX object CMakeFiles/realsense2_camera.dir/src/tfs.cpp.o[0m
[0.085s] [ 72%] [32mBuilding CXX object CMakeFiles/realsense2_camera.dir/src/ros_param_backend.cpp.o[0m
[0.648s] [ 77%] [32m[1mLinking CXX static library libgtest_main.a[0m
[0.718s] [ 77%] Built target gtest_main
[3.245s] [ 81%] [32m[1mLinking CXX executable realsense2_camera_node[0m
[3.349s] [ 81%] Built target realsense2_camera_node
[5.646s] [ 86%] [32m[1mLinking CXX static library libgtest.a[0m
[5.688s] [ 86%] Built target gtest
[5.714s] [ 90%] [32mBuilding CXX object CMakeFiles/gtest_template.dir/test/gtest_template.cpp.o[0m
[6.263s] [ 95%] [32m[1mLinking CXX executable gtest_template[0m
[6.350s] [ 95%] Built target gtest_template
[10.904s] [100%] [32m[1mLinking CXX shared library librealsense2_camera.so[0m
[11.217s] [100%] Built target realsense2_camera
[11.230s] Invoked command in '/workspace/ros2_yolo/src/sensor_driver/build/realsense2_camera' returned '0': AMENT_PREFIX_PATH=/workspace/ros2_yolo/src/sensor_driver/install/realsense2_camera_msgs:${AMENT_PREFIX_PATH} CMAKE_PREFIX_PATH=/workspace/ros2_yolo/src/sensor_driver/install/realsense2_camera_msgs:/workspace/ros2_yolo/install/vision_msgs_rviz_plugins:/workspace/ros2_yolo/install/ultralytics_ros:/workspace/ros2_yolo/install/ros2_numpy:/workspace/ros2_yolo/install/pcdet_ros2:/workspace/ros2_yolo/install/fusiondet:/workspace/ros2_yolo/install/fusion_tracker:/opt/ros/humble LD_LIBRARY_PATH=/workspace/ros2_yolo/src/sensor_driver/install/realsense2_camera_msgs/lib:${LD_LIBRARY_PATH} PYTHONPATH=/workspace/ros2_yolo/src/sensor_driver/install/realsense2_camera_msgs/local/lib/python3.10/dist-packages:${PYTHONPATH} /usr/bin/cmake --build /workspace/ros2_yolo/src/sensor_driver/build/realsense2_camera -- -j112 -l112
[11.232s] Invoking command in '/workspace/ros2_yolo/src/sensor_driver/build/realsense2_camera': AMENT_PREFIX_PATH=/workspace/ros2_yolo/src/sensor_driver/install/realsense2_camera_msgs:${AMENT_PREFIX_PATH} CMAKE_PREFIX_PATH=/workspace/ros2_yolo/src/sensor_driver/install/realsense2_camera_msgs:/workspace/ros2_yolo/install/vision_msgs_rviz_plugins:/workspace/ros2_yolo/install/ultralytics_ros:/workspace/ros2_yolo/install/ros2_numpy:/workspace/ros2_yolo/install/pcdet_ros2:/workspace/ros2_yolo/install/fusiondet:/workspace/ros2_yolo/install/fusion_tracker:/opt/ros/humble LD_LIBRARY_PATH=/workspace/ros2_yolo/src/sensor_driver/install/realsense2_camera_msgs/lib:${LD_LIBRARY_PATH} PYTHONPATH=/workspace/ros2_yolo/src/sensor_driver/install/realsense2_camera_msgs/local/lib/python3.10/dist-packages:${PYTHONPATH} /usr/bin/cmake --install /workspace/ros2_yolo/src/sensor_driver/build/realsense2_camera
[11.240s] -- Install configuration: "Release"
[11.240s] -- Installing: /workspace/ros2_yolo/src/sensor_driver/install/realsense2_camera/lib/realsense2_camera/realsense2_camera_node
[11.241s] -- Set runtime path of "/workspace/ros2_yolo/src/sensor_driver/install/realsense2_camera/lib/realsense2_camera/realsense2_camera_node" to ""
[11.241s] -- Installing: /workspace/ros2_yolo/src/sensor_driver/install/realsense2_camera/lib/librealsense2_camera.so
[11.242s] -- Set runtime path of "/workspace/ros2_yolo/src/sensor_driver/install/realsense2_camera/lib/librealsense2_camera.so" to ""
[11.242s] -- Installing: /workspace/ros2_yolo/src/sensor_driver/install/realsense2_camera/include
[11.242s] -- Installing: /workspace/ros2_yolo/src/sensor_driver/install/realsense2_camera/include/dynamic_params.h
[11.243s] -- Installing: /workspace/ros2_yolo/src/sensor_driver/install/realsense2_camera/include/gl_window.h
[11.243s] -- Installing: /workspace/ros2_yolo/src/sensor_driver/install/realsense2_camera/include/profile_manager.h
[11.243s] -- Installing: /workspace/ros2_yolo/src/sensor_driver/install/realsense2_camera/include/image_publisher.h
[11.243s] -- Installing: /workspace/ros2_yolo/src/sensor_driver/install/realsense2_camera/include/sensor_params.h
[11.243s] -- Installing: /workspace/ros2_yolo/src/sensor_driver/install/realsense2_camera/include/base_realsense_node.h
[11.243s] -- Installing: /workspace/ros2_yolo/src/sensor_driver/install/realsense2_camera/include/ros_utils.h
[11.243s] -- Installing: /workspace/ros2_yolo/src/sensor_driver/install/realsense2_camera/include/ros_sensor.h
[11.243s] -- Installing: /workspace/ros2_yolo/src/sensor_driver/install/realsense2_camera/include/realsense_node_factory.h
[11.244s] -- Installing: /workspace/ros2_yolo/src/sensor_driver/install/realsense2_camera/include/named_filter.h
[11.244s] -- Installing: /workspace/ros2_yolo/src/sensor_driver/install/realsense2_camera/include/constants.h
[11.244s] -- Installing: /workspace/ros2_yolo/src/sensor_driver/install/realsense2_camera/include/ros_param_backend.h
[11.244s] -- Installing: /workspace/ros2_yolo/src/sensor_driver/install/realsense2_camera/share/realsense2_camera/launch
[11.244s] -- Installing: /workspace/ros2_yolo/src/sensor_driver/install/realsense2_camera/share/realsense2_camera/launch/rs_launch.py
[11.244s] -- Installing: /workspace/ros2_yolo/src/sensor_driver/install/realsense2_camera/share/realsense2_camera/launch/rs_intra_process_demo_launch.py
[11.244s] -- Installing: /workspace/ros2_yolo/src/sensor_driver/install/realsense2_camera/share/realsense2_camera/launch/rs_multi_camera_launch.py
[11.245s] -- Installing: /workspace/ros2_yolo/src/sensor_driver/install/realsense2_camera/share/realsense2_camera/launch/default.rviz
[11.245s] -- Installing: /workspace/ros2_yolo/src/sensor_driver/install/realsense2_camera/share/realsense2_camera/examples
[11.245s] -- Installing: /workspace/ros2_yolo/src/sensor_driver/install/realsense2_camera/share/realsense2_camera/examples/pointcloud
[11.245s] -- Installing: /workspace/ros2_yolo/src/sensor_driver/install/realsense2_camera/share/realsense2_camera/examples/pointcloud/rs_pointcloud_launch.py
[11.245s] -- Installing: /workspace/ros2_yolo/src/sensor_driver/install/realsense2_camera/share/realsense2_camera/examples/pointcloud/README.md
[11.245s] -- Installing: /workspace/ros2_yolo/src/sensor_driver/install/realsense2_camera/share/realsense2_camera/examples/pointcloud/rs_d405_pointcloud_launch.py
[11.245s] -- Installing: /workspace/ros2_yolo/src/sensor_driver/install/realsense2_camera/share/realsense2_camera/examples/pointcloud/rviz
[11.245s] -- Installing: /workspace/ros2_yolo/src/sensor_driver/install/realsense2_camera/share/realsense2_camera/examples/pointcloud/rviz/urdf_pointcloud.rviz
[11.245s] -- Installing: /workspace/ros2_yolo/src/sensor_driver/install/realsense2_camera/share/realsense2_camera/examples/pointcloud/rviz/pointcloud.rviz
[11.245s] -- Installing: /workspace/ros2_yolo/src/sensor_driver/install/realsense2_camera/share/realsense2_camera/examples/pointcloud/rs_d455_pointcloud_launch.py
[11.246s] -- Installing: /workspace/ros2_yolo/src/sensor_driver/install/realsense2_camera/share/realsense2_camera/examples/launch_params_from_file
[11.246s] -- Installing: /workspace/ros2_yolo/src/sensor_driver/install/realsense2_camera/share/realsense2_camera/examples/launch_params_from_file/README.md
[11.246s] -- Installing: /workspace/ros2_yolo/src/sensor_driver/install/realsense2_camera/share/realsense2_camera/examples/launch_params_from_file/rs_launch_get_params_from_yaml.py
[11.246s] -- Installing: /workspace/ros2_yolo/src/sensor_driver/install/realsense2_camera/share/realsense2_camera/examples/launch_params_from_file/config
[11.246s] -- Installing: /workspace/ros2_yolo/src/sensor_driver/install/realsense2_camera/share/realsense2_camera/examples/launch_params_from_file/config/config.yaml
[11.246s] -- Installing: /workspace/ros2_yolo/src/sensor_driver/install/realsense2_camera/share/realsense2_camera/examples/launch_from_rosbag
[11.246s] -- Installing: /workspace/ros2_yolo/src/sensor_driver/install/realsense2_camera/share/realsense2_camera/examples/launch_from_rosbag/README.md
[11.246s] -- Installing: /workspace/ros2_yolo/src/sensor_driver/install/realsense2_camera/share/realsense2_camera/examples/launch_from_rosbag/rs_launch_from_rosbag.py
[11.246s] -- Installing: /workspace/ros2_yolo/src/sensor_driver/install/realsense2_camera/share/realsense2_camera/examples/align_depth
[11.246s] -- Installing: /workspace/ros2_yolo/src/sensor_driver/install/realsense2_camera/share/realsense2_camera/examples/align_depth/README.md
[11.246s] -- Installing: /workspace/ros2_yolo/src/sensor_driver/install/realsense2_camera/share/realsense2_camera/examples/align_depth/rs_align_depth_launch.py
[11.246s] -- Installing: /workspace/ros2_yolo/src/sensor_driver/install/realsense2_camera/share/realsense2_camera/examples/dual_camera
[11.246s] -- Installing: /workspace/ros2_yolo/src/sensor_driver/install/realsense2_camera/share/realsense2_camera/examples/dual_camera/rs_dual_camera_launch.py
[11.247s] -- Installing: /workspace/ros2_yolo/src/sensor_driver/install/realsense2_camera/share/realsense2_camera/examples/dual_camera/README.md
[11.247s] -- Installing: /workspace/ros2_yolo/src/sensor_driver/install/realsense2_camera/share/realsense2_camera/examples/dual_camera/rviz
[11.247s] -- Installing: /workspace/ros2_yolo/src/sensor_driver/install/realsense2_camera/share/realsense2_camera/examples/dual_camera/rviz/dual_camera_pointcloud.rviz
[11.247s] -- Installing: /workspace/ros2_yolo/src/sensor_driver/install/realsense2_camera/share/realsense2_camera/environment/library_path.sh
[11.247s] -- Installing: /workspace/ros2_yolo/src/sensor_driver/install/realsense2_camera/share/realsense2_camera/environment/library_path.dsv
[11.247s] -- Installing: /workspace/ros2_yolo/src/sensor_driver/install/realsense2_camera/share/ament_index/resource_index/package_run_dependencies/realsense2_camera
[11.247s] -- Installing: /workspace/ros2_yolo/src/sensor_driver/install/realsense2_camera/share/ament_index/resource_index/parent_prefix_path/realsense2_camera
[11.247s] -- Installing: /workspace/ros2_yolo/src/sensor_driver/install/realsense2_camera/share/realsense2_camera/environment/ament_prefix_path.sh
[11.247s] -- Installing: /workspace/ros2_yolo/src/sensor_driver/install/realsense2_camera/share/realsense2_camera/environment/ament_prefix_path.dsv
[11.247s] -- Installing: /workspace/ros2_yolo/src/sensor_driver/install/realsense2_camera/share/realsense2_camera/environment/path.sh
[11.247s] -- Installing: /workspace/ros2_yolo/src/sensor_driver/install/realsense2_camera/share/realsense2_camera/environment/path.dsv
[11.247s] -- Installing: /workspace/ros2_yolo/src/sensor_driver/install/realsense2_camera/share/realsense2_camera/local_setup.bash
[11.247s] -- Installing: /workspace/ros2_yolo/src/sensor_driver/install/realsense2_camera/share/realsense2_camera/local_setup.sh
[11.248s] -- Installing: /workspace/ros2_yolo/src/sensor_driver/install/realsense2_camera/share/realsense2_camera/local_setup.zsh
[11.248s] -- Installing: /workspace/ros2_yolo/src/sensor_driver/install/realsense2_camera/share/realsense2_camera/local_setup.dsv
[11.248s] -- Installing: /workspace/ros2_yolo/src/sensor_driver/install/realsense2_camera/share/realsense2_camera/package.dsv
[11.248s] -- Installing: /workspace/ros2_yolo/src/sensor_driver/install/realsense2_camera/share/ament_index/resource_index/packages/realsense2_camera
[11.248s] -- Installing: /workspace/ros2_yolo/src/sensor_driver/install/realsense2_camera/share/ament_index/resource_index/rclcpp_components/realsense2_camera
[11.248s] -- Installing: /workspace/ros2_yolo/src/sensor_driver/install/realsense2_camera/share/realsense2_camera/cmake/ament_cmake_export_include_directories-extras.cmake
[11.248s] -- Installing: /workspace/ros2_yolo/src/sensor_driver/install/realsense2_camera/share/realsense2_camera/cmake/ament_cmake_export_libraries-extras.cmake
[11.248s] -- Installing: /workspace/ros2_yolo/src/sensor_driver/install/realsense2_camera/share/realsense2_camera/cmake/ament_cmake_export_dependencies-extras.cmake
[11.248s] -- Installing: /workspace/ros2_yolo/src/sensor_driver/install/realsense2_camera/share/realsense2_camera/cmake/realsense2_cameraConfig.cmake
[11.248s] -- Installing: /workspace/ros2_yolo/src/sensor_driver/install/realsense2_camera/share/realsense2_camera/cmake/realsense2_cameraConfig-version.cmake
[11.249s] -- Installing: /workspace/ros2_yolo/src/sensor_driver/install/realsense2_camera/share/realsense2_camera/package.xml
[11.249s] Invoked command in '/workspace/ros2_yolo/src/sensor_driver/build/realsense2_camera' returned '0': AMENT_PREFIX_PATH=/workspace/ros2_yolo/src/sensor_driver/install/realsense2_camera_msgs:${AMENT_PREFIX_PATH} CMAKE_PREFIX_PATH=/workspace/ros2_yolo/src/sensor_driver/install/realsense2_camera_msgs:/workspace/ros2_yolo/install/vision_msgs_rviz_plugins:/workspace/ros2_yolo/install/ultralytics_ros:/workspace/ros2_yolo/install/ros2_numpy:/workspace/ros2_yolo/install/pcdet_ros2:/workspace/ros2_yolo/install/fusiondet:/workspace/ros2_yolo/install/fusion_tracker:/opt/ros/humble LD_LIBRARY_PATH=/workspace/ros2_yolo/src/sensor_driver/install/realsense2_camera_msgs/lib:${LD_LIBRARY_PATH} PYTHONPATH=/workspace/ros2_yolo/src/sensor_driver/install/realsense2_camera_msgs/local/lib/python3.10/dist-packages:${PYTHONPATH} /usr/bin/cmake --install /workspace/ros2_yolo/src/sensor_driver/build/realsense2_camera
