[0.015s] Invoking command in '/workspace/ros2_yolo/src/sensor_driver/build/realsense2_description': AMENT_PREFIX_PATH=/workspace/ros2_yolo/src/sensor_driver/install/realsense2_camera_msgs:${AMENT_PREFIX_PATH} CMAKE_PREFIX_PATH=/workspace/ros2_yolo/src/sensor_driver/install/realsense2_camera_msgs:/workspace/ros2_yolo/install/vision_msgs_rviz_plugins:/workspace/ros2_yolo/install/ultralytics_ros:/workspace/ros2_yolo/install/ros2_numpy:/workspace/ros2_yolo/install/pcdet_ros2:/workspace/ros2_yolo/install/fusiondet:/workspace/ros2_yolo/install/fusion_tracker:/opt/ros/humble LD_LIBRARY_PATH=/workspace/ros2_yolo/src/sensor_driver/install/realsense2_camera_msgs/lib:${LD_LIBRARY_PATH} PYTHONPATH=/workspace/ros2_yolo/src/sensor_driver/install/realsense2_camera_msgs/local/lib/python3.10/dist-packages:${PYTHONPATH} /usr/bin/cmake --build /workspace/ros2_yolo/src/sensor_driver/build/realsense2_description -- -j112 -l112
[0.054s] Invoked command in '/workspace/ros2_yolo/src/sensor_driver/build/realsense2_description' returned '0': AMENT_PREFIX_PATH=/workspace/ros2_yolo/src/sensor_driver/install/realsense2_camera_msgs:${AMENT_PREFIX_PATH} CMAKE_PREFIX_PATH=/workspace/ros2_yolo/src/sensor_driver/install/realsense2_camera_msgs:/workspace/ros2_yolo/install/vision_msgs_rviz_plugins:/workspace/ros2_yolo/install/ultralytics_ros:/workspace/ros2_yolo/install/ros2_numpy:/workspace/ros2_yolo/install/pcdet_ros2:/workspace/ros2_yolo/install/fusiondet:/workspace/ros2_yolo/install/fusion_tracker:/opt/ros/humble LD_LIBRARY_PATH=/workspace/ros2_yolo/src/sensor_driver/install/realsense2_camera_msgs/lib:${LD_LIBRARY_PATH} PYTHONPATH=/workspace/ros2_yolo/src/sensor_driver/install/realsense2_camera_msgs/local/lib/python3.10/dist-packages:${PYTHONPATH} /usr/bin/cmake --build /workspace/ros2_yolo/src/sensor_driver/build/realsense2_description -- -j112 -l112
[0.056s] Invoking command in '/workspace/ros2_yolo/src/sensor_driver/build/realsense2_description': AMENT_PREFIX_PATH=/workspace/ros2_yolo/src/sensor_driver/install/realsense2_camera_msgs:${AMENT_PREFIX_PATH} CMAKE_PREFIX_PATH=/workspace/ros2_yolo/src/sensor_driver/install/realsense2_camera_msgs:/workspace/ros2_yolo/install/vision_msgs_rviz_plugins:/workspace/ros2_yolo/install/ultralytics_ros:/workspace/ros2_yolo/install/ros2_numpy:/workspace/ros2_yolo/install/pcdet_ros2:/workspace/ros2_yolo/install/fusiondet:/workspace/ros2_yolo/install/fusion_tracker:/opt/ros/humble LD_LIBRARY_PATH=/workspace/ros2_yolo/src/sensor_driver/install/realsense2_camera_msgs/lib:${LD_LIBRARY_PATH} PYTHONPATH=/workspace/ros2_yolo/src/sensor_driver/install/realsense2_camera_msgs/local/lib/python3.10/dist-packages:${PYTHONPATH} /usr/bin/cmake --install /workspace/ros2_yolo/src/sensor_driver/build/realsense2_description
[0.064s] -- Install configuration: ""
[0.065s] -- Up-to-date: /workspace/ros2_yolo/src/sensor_driver/install/realsense2_description/share/realsense2_description/launch
[0.065s] -- Up-to-date: /workspace/ros2_yolo/src/sensor_driver/install/realsense2_description/share/realsense2_description/launch/view_model.launch.py
[0.065s] -- Up-to-date: /workspace/ros2_yolo/src/sensor_driver/install/realsense2_description/share/realsense2_description/launch/launch_utils.py
[0.065s] -- Up-to-date: /workspace/ros2_yolo/src/sensor_driver/install/realsense2_description/share/realsense2_description/meshes
[0.065s] -- Up-to-date: /workspace/ros2_yolo/src/sensor_driver/install/realsense2_description/share/realsense2_description/meshes/l515.dae
[0.065s] -- Up-to-date: /workspace/ros2_yolo/src/sensor_driver/install/realsense2_description/share/realsense2_description/meshes/d435.dae
[0.065s] -- Up-to-date: /workspace/ros2_yolo/src/sensor_driver/install/realsense2_description/share/realsense2_description/meshes/plug_collision.stl
[0.065s] -- Up-to-date: /workspace/ros2_yolo/src/sensor_driver/install/realsense2_description/share/realsense2_description/meshes/plug.stl
[0.065s] -- Up-to-date: /workspace/ros2_yolo/src/sensor_driver/install/realsense2_description/share/realsense2_description/meshes/d455.stl
[0.066s] -- Up-to-date: /workspace/ros2_yolo/src/sensor_driver/install/realsense2_description/share/realsense2_description/meshes/d415.stl
[0.066s] -- Up-to-date: /workspace/ros2_yolo/src/sensor_driver/install/realsense2_description/share/realsense2_description/meshes/d405.stl
[0.066s] -- Up-to-date: /workspace/ros2_yolo/src/sensor_driver/install/realsense2_description/share/realsense2_description/rviz
[0.066s] -- Up-to-date: /workspace/ros2_yolo/src/sensor_driver/install/realsense2_description/share/realsense2_description/rviz/urdf.rviz
[0.066s] -- Up-to-date: /workspace/ros2_yolo/src/sensor_driver/install/realsense2_description/share/realsense2_description/urdf
[0.066s] -- Up-to-date: /workspace/ros2_yolo/src/sensor_driver/install/realsense2_description/share/realsense2_description/urdf/_d405.urdf.xacro
[0.066s] -- Up-to-date: /workspace/ros2_yolo/src/sensor_driver/install/realsense2_description/share/realsense2_description/urdf/_r410.urdf.xacro
[0.066s] -- Up-to-date: /workspace/ros2_yolo/src/sensor_driver/install/realsense2_description/share/realsense2_description/urdf/test_d435i_camera.urdf.xacro
[0.066s] -- Up-to-date: /workspace/ros2_yolo/src/sensor_driver/install/realsense2_description/share/realsense2_description/urdf/test_d415_camera.urdf.xacro
[0.066s] -- Up-to-date: /workspace/ros2_yolo/src/sensor_driver/install/realsense2_description/share/realsense2_description/urdf/test_r430_camera.urdf.xacro
[0.066s] -- Up-to-date: /workspace/ros2_yolo/src/sensor_driver/install/realsense2_description/share/realsense2_description/urdf/test_r410_camera.urdf.xacro
[0.066s] -- Up-to-date: /workspace/ros2_yolo/src/sensor_driver/install/realsense2_description/share/realsense2_description/urdf/_r430.urdf.xacro
[0.066s] -- Up-to-date: /workspace/ros2_yolo/src/sensor_driver/install/realsense2_description/share/realsense2_description/urdf/test_d435_multiple_cameras.urdf.xacro
[0.067s] -- Up-to-date: /workspace/ros2_yolo/src/sensor_driver/install/realsense2_description/share/realsense2_description/urdf/test_d405_camera.urdf.xacro
[0.067s] -- Up-to-date: /workspace/ros2_yolo/src/sensor_driver/install/realsense2_description/share/realsense2_description/urdf/_d435i.urdf.xacro
[0.067s] -- Up-to-date: /workspace/ros2_yolo/src/sensor_driver/install/realsense2_description/share/realsense2_description/urdf/test_d455_camera.urdf.xacro
[0.067s] -- Up-to-date: /workspace/ros2_yolo/src/sensor_driver/install/realsense2_description/share/realsense2_description/urdf/_d435i_imu_modules.urdf.xacro
[0.067s] -- Up-to-date: /workspace/ros2_yolo/src/sensor_driver/install/realsense2_description/share/realsense2_description/urdf/_d435.urdf.xacro
[0.067s] -- Up-to-date: /workspace/ros2_yolo/src/sensor_driver/install/realsense2_description/share/realsense2_description/urdf/_materials.urdf.xacro
[0.067s] -- Up-to-date: /workspace/ros2_yolo/src/sensor_driver/install/realsense2_description/share/realsense2_description/urdf/_d415.urdf.xacro
[0.067s] -- Up-to-date: /workspace/ros2_yolo/src/sensor_driver/install/realsense2_description/share/realsense2_description/urdf/test_d435_camera.urdf.xacro
[0.067s] -- Up-to-date: /workspace/ros2_yolo/src/sensor_driver/install/realsense2_description/share/realsense2_description/urdf/_d455.urdf.xacro
[0.067s] -- Up-to-date: /workspace/ros2_yolo/src/sensor_driver/install/realsense2_description/share/realsense2_description/urdf/_usb_plug.urdf.xacro
[0.067s] -- Up-to-date: /workspace/ros2_yolo/src/sensor_driver/install/realsense2_description/share/ament_index/resource_index/package_run_dependencies/realsense2_description
[0.067s] -- Up-to-date: /workspace/ros2_yolo/src/sensor_driver/install/realsense2_description/share/ament_index/resource_index/parent_prefix_path/realsense2_description
[0.067s] -- Up-to-date: /workspace/ros2_yolo/src/sensor_driver/install/realsense2_description/share/realsense2_description/environment/ament_prefix_path.sh
[0.067s] -- Up-to-date: /workspace/ros2_yolo/src/sensor_driver/install/realsense2_description/share/realsense2_description/environment/ament_prefix_path.dsv
[0.068s] -- Up-to-date: /workspace/ros2_yolo/src/sensor_driver/install/realsense2_description/share/realsense2_description/environment/path.sh
[0.068s] -- Up-to-date: /workspace/ros2_yolo/src/sensor_driver/install/realsense2_description/share/realsense2_description/environment/path.dsv
[0.068s] -- Up-to-date: /workspace/ros2_yolo/src/sensor_driver/install/realsense2_description/share/realsense2_description/local_setup.bash
[0.068s] -- Up-to-date: /workspace/ros2_yolo/src/sensor_driver/install/realsense2_description/share/realsense2_description/local_setup.sh
[0.068s] -- Up-to-date: /workspace/ros2_yolo/src/sensor_driver/install/realsense2_description/share/realsense2_description/local_setup.zsh
[0.068s] -- Up-to-date: /workspace/ros2_yolo/src/sensor_driver/install/realsense2_description/share/realsense2_description/local_setup.dsv
[0.068s] -- Up-to-date: /workspace/ros2_yolo/src/sensor_driver/install/realsense2_description/share/realsense2_description/package.dsv
[0.068s] -- Up-to-date: /workspace/ros2_yolo/src/sensor_driver/install/realsense2_description/share/ament_index/resource_index/packages/realsense2_description
[0.068s] -- Up-to-date: /workspace/ros2_yolo/src/sensor_driver/install/realsense2_description/share/realsense2_description/cmake/realsense2_descriptionConfig.cmake
[0.068s] -- Up-to-date: /workspace/ros2_yolo/src/sensor_driver/install/realsense2_description/share/realsense2_description/cmake/realsense2_descriptionConfig-version.cmake
[0.068s] -- Up-to-date: /workspace/ros2_yolo/src/sensor_driver/install/realsense2_description/share/realsense2_description/package.xml
[0.070s] Invoked command in '/workspace/ros2_yolo/src/sensor_driver/build/realsense2_description' returned '0': AMENT_PREFIX_PATH=/workspace/ros2_yolo/src/sensor_driver/install/realsense2_camera_msgs:${AMENT_PREFIX_PATH} CMAKE_PREFIX_PATH=/workspace/ros2_yolo/src/sensor_driver/install/realsense2_camera_msgs:/workspace/ros2_yolo/install/vision_msgs_rviz_plugins:/workspace/ros2_yolo/install/ultralytics_ros:/workspace/ros2_yolo/install/ros2_numpy:/workspace/ros2_yolo/install/pcdet_ros2:/workspace/ros2_yolo/install/fusiondet:/workspace/ros2_yolo/install/fusion_tracker:/opt/ros/humble LD_LIBRARY_PATH=/workspace/ros2_yolo/src/sensor_driver/install/realsense2_camera_msgs/lib:${LD_LIBRARY_PATH} PYTHONPATH=/workspace/ros2_yolo/src/sensor_driver/install/realsense2_camera_msgs/local/lib/python3.10/dist-packages:${PYTHONPATH} /usr/bin/cmake --install /workspace/ros2_yolo/src/sensor_driver/build/realsense2_description
