16/07/2023 15:27:50-0
Recall-----:   0.99999996      0.93314494      0.93039022      0.92841247      0.92654067      0.92502204      0.92322088      0.92124312      0.91905347      0.9145329      0.0   
Precision--:   0.00065068      0.9528652      0.95549668      0.95697121      0.95818112      0.95885192      0.95958443      0.96027827      0.96235343      0.96493513      0.0   
16/07/2023 15:28:19-1
Recall-----:   0.99999998      0.94075577      0.93826592      0.93642944      0.93468125      0.93346281      0.93206779      0.93042555      0.9285361      0.9247925      0.0   
Precision--:   0.00065068      0.93425574      0.93791811      0.9400482      0.94174894      0.94302125      0.94432416      0.94557003      0.94793674      0.95117963      0.0   
16/07/2023 15:28:48-2
Recall-----:   0.99999999      0.93991405      0.93727705      0.93544057      0.93378067      0.93249749      0.9307905      0.9291306      0.92714108      0.92363293      0.0   
Precision--:   0.00065068      0.93592553      0.93957774      0.94165955      0.94331992      0.94456235      0.94579948      0.94713787      0.94916479      0.95206775      0.0   
16/07/2023 15:29:18-3
Recall-----:   0.99999999      0.93740949      0.93465477      0.9327918      0.93108775      0.92969273      0.92798869      0.92628465      0.92413914      0.92057213      0.0   
Precision--:   0.00065068      0.93771583      0.94111109      0.94305836      0.94465793      0.94580975      0.94696819      0.94836516      0.95033503      0.95308786      0.0   
16/07/2023 15:29:48-4
Recall-----:   0.99999999      0.93770792      0.93503796      0.93306727      0.93151333      0.93017834      0.92848313      0.92678792      0.92464771      0.92108776      0.0   
Precision--:   0.00065068      0.93732392      0.94077932      0.94267547      0.94428612      0.94549866      0.94679372      0.94829579      0.95016439      0.95296662      0.0   
16/07/2023 15:30:18-5
Recall-----:   0.99999999      0.93701218      0.93428689      0.9322797      0.93068456      0.92929542      0.92762964      0.92590499      0.92379186      0.92021896      0.0   
Precision--:   0.00065068      0.93917922      0.94239115      0.94423479      0.94588418      0.94703313      0.94830491      0.94973072      0.95153877      0.95418174      0.0   
16/07/2023 15:30:48-6
Recall-----:   0.99999999      0.937605      0.93492596      0.93294316      0.93137912      0.93002699      0.92839736      0.92672233      0.92467899      0.92115234      0.0   
Precision--:   0.00065068      0.93936805      0.94250096      0.94433493      0.9459789      0.94719263      0.94845706      0.94986942      0.95165796      0.95420693      0.0   
16/07/2023 15:31:17-7
Recall-----:   1.0      0.93758608      0.93492848      0.9330037      0.9314321      0.92998852      0.92842133      0.92676143      0.92468656      0.92119901      0.0   
Precision--:   0.00065068      0.94045078      0.94352568      0.9453358      0.94694559      0.94816318      0.94943703      0.95086467      0.95262351      0.95511198      0.0   
16/07/2023 15:31:47-8
Recall-----:   1.0      0.93869366      0.9360959      0.93424765      0.9327094      0.93134773      0.92984872      0.92827123      0.92624639      0.92287166      0.0   
Precision--:   0.00065068      0.93961545      0.9427624      0.94466796      0.94634936      0.94756342      0.94884156      0.95032178      0.95208899      0.95463475      0.0   
16/07/2023 15:32:17-9
Recall-----:   1.0      0.93776796      0.93515451      0.93330743      0.93171817      0.93034081      0.92880452      0.92721172      0.92518806      0.92180116      0.0   
Precision--:   0.00065068      0.9408782      0.94393546      0.94581023      0.94743798      0.94864361      0.94986149      0.95132495      0.95312369      0.95559721      0.0   
16/07/2023 15:32:47-10
Recall-----:   1.0      0.93786139      0.93524473      0.93341467      0.93181577      0.93044483      0.92892941      0.92732409      0.92528213      0.92192702      0.0   
Precision--:   0.00065068      0.94168601      0.94467127      0.94652159      0.94809191      0.94930194      0.95053945      0.95197743      0.95376667      0.95621016      0.0   
16/07/2023 15:33:17-11
Recall-----:   1.0      0.93800106      0.93537289      0.93355112      0.93194125      0.93057272      0.92907175      0.92747954      0.92546942      0.92216728      0.0   
Precision--:   0.00065068      0.94174275      0.94469809      0.94653541      0.94806602      0.94928861      0.95056278      0.95200391      0.9537727      0.95621948      0.0   
16/07/2023 15:33:46-12
Recall-----:   1.0      0.93821703      0.93562531      0.93385403      0.93227563      0.93093087      0.92945028      0.9278746      0.92589141      0.92266398      0.0   
Precision--:   0.00065068      0.94133697      0.94433248      0.9462029      0.94773151      0.94898267      0.95027081      0.95170769      0.95347815      0.95593653      0.0   
16/07/2023 15:34:16-13
Recall-----:   1.0      0.93779925      0.93522615      0.93348553      0.93193158      0.93059963      0.92913902      0.92759516      0.92559976      0.92238087      0.0   
Precision--:   0.00065068      0.94232295      0.94523625      0.94707975      0.9485889      0.94981835      0.9510751      0.95248062      0.95421836      0.95662445      0.0   
16/07/2023 15:34:46-14
Recall-----:   1.0      0.93704397      0.93446818      0.93269527      0.93116487      0.92982518      0.9283607      0.92682088      0.92477721      0.92156336      0.0   
Precision--:   0.00065068      0.9435017      0.94639378      0.94819774      0.94967427      0.95086064      0.95209786      0.9534864      0.95520849      0.957557      0.0   
16/07/2023 15:35:16-15
Recall-----:   1.0      0.93715345      0.93457531      0.9328514      0.93134602      0.93001501      0.92858246      0.92706825      0.92504194      0.92185679      0.0   
Precision--:   0.00065068      0.94387248      0.94675667      0.94856521      0.95003681      0.95121709      0.95244833      0.95383864      0.95553189      0.95786994      0.0   
16/07/2023 15:35:46-16
Recall-----:   1.0      0.93605135      0.93347737      0.93173645      0.93019912      0.92887785      0.92745479      0.925932      0.92390647      0.92069886      0.0   
Precision--:   0.00065068      0.9451166      0.94794202      0.94970439      0.95112827      0.95228764      0.9534768      0.95483973      0.95650706      0.95878287      0.0   
16/07/2023 15:36:15-17
Recall-----:   1.0      0.93591932      0.93337453      0.93166559      0.93014303      0.92882453      0.92740204      0.92588734      0.92388997      0.92071929      0.0   
Precision--:   0.00065068      0.94509827      0.94788281      0.94962512      0.95103456      0.95218498      0.95336726      0.95470822      0.95635387      0.95859515      0.0   
16/07/2023 15:36:45-18
Recall-----:   1.0      0.93561716      0.93307806      0.93139586      0.92988094      0.92856678      0.92713737      0.92561502      0.92362984      0.92046061      0.0   
Precision--:   0.00065068      0.94564692      0.94837769      0.95008011      0.9514682      0.95260569      0.95377102      0.95507585      0.95671754      0.95892379      0.0   
16/07/2023 15:37:15-19
Recall-----:   1.0      0.93460357      0.9320731      0.93041321      0.92889987      0.92758255      0.92616634      0.92464595      0.92265937      0.91947731      0.0   
Precision--:   0.00065068      0.94665617      0.94933993      0.95099487      0.95235991      0.95347955      0.9546195      0.95591097      0.95751227      0.95966707      0.0   
16/07/2023 15:37:45-20
Recall-----:   1.0      0.93453915      0.93202324      0.93037007      0.92885985      0.92755312      0.92614717      0.92463695      0.92265079      0.91947899      0.0   
Precision--:   0.00065068      0.94711285      0.94977069      0.9514123      0.95276818      0.9538664      0.95500043      0.95626893      0.95783997      0.95998089      0.0   
16/07/2023 15:38:15-21
Recall-----:   1.0      0.93467645      0.9321866      0.93055399      0.92906105      0.92773185      0.92632559      0.92484067      0.92287095      0.91972292      0.0   
Precision--:   0.00065068      0.94656531      0.94924444      0.95087415      0.95223679      0.95333553      0.95447109      0.9557408      0.95731033      0.95943538      0.0   
16/07/2023 15:38:45-22
Recall-----:   1.0      0.93468357      0.93222827      0.93062519      0.92914187      0.92782747      0.9264455      0.92496219      0.92301208      0.91988576      0.0   
Precision--:   0.00065068      0.94647591      0.94912538      0.95074239      0.95209616      0.95319096      0.9543184      0.95557455      0.95712493      0.95924109      0.0   
16/07/2023 15:39:15-23
Recall-----:   1.0      0.93470922      0.93227824      0.93071252      0.92926305      0.9279681      0.92660398      0.92514715      0.92322679      0.92012626      0.0   
Precision--:   0.00065068      0.94637246      0.94900409      0.95061849      0.95196244      0.95304953      0.95416924      0.95540531      0.95694285      0.95903759      0.0   
16/07/2023 15:39:44-24
Recall-----:   1.0      0.93491647      0.93252198      0.9309638      0.92952852      0.92824439      0.92689952      0.92544588      0.92354865      0.92048313      0.0   
Precision--:   0.00065068      0.94601541      0.9486301      0.9502514      0.95159655      0.95270276      0.95382144      0.95506208      0.95659344      0.95866872      0.0   
16/07/2023 15:40:14-25
Recall-----:   1.0      0.93447208      0.93208547      0.93050707      0.92908488      0.92780668      0.92645377      0.92497181      0.92307964      0.9199962      0.0   
Precision--:   0.00065068      0.94618452      0.94880119      0.95039832      0.95173578      0.95282881      0.95394117      0.95518605      0.95673206      0.95879117      0.0   
16/07/2023 15:40:44-26
Recall-----:   1.0      0.93483496      0.93246872      0.93090562      0.92949294      0.92822284      0.9268821      0.92541187      0.92354792      0.92050804      0.0   
Precision--:   0.00065068      0.94567333      0.94828116      0.94988835      0.95122349      0.95232031      0.95343852      0.95467635      0.95621149      0.95829038      0.0   
16/07/2023 15:41:14-27
Recall-----:   1.0      0.93483641      0.93246638      0.93089478      0.92949976      0.92823844      0.92690901      0.92544083      0.923593      0.92057466      0.0   
Precision--:   0.00065068      0.94565728      0.94826401      0.9498518      0.95118154      0.95228396      0.95341095      0.95464292      0.95616923      0.95824476      0.0   
16/07/2023 15:41:43-28
Recall-----:   1.0      0.93523598      0.93288923      0.93132676      0.92994453      0.9286926      0.92739074      0.92594153      0.92411236      0.92111407      0.0   
Precision--:   0.00065068      0.94507884      0.94767914      0.94926857      0.95060551      0.95171309      0.95284529      0.95407455      0.95561091      0.9577074      0.0   
16/07/2023 15:42:13-29
Recall-----:   1.0      0.93516511      0.93283065      0.93127788      0.92990052      0.92865383      0.92735299      0.925905      0.92408382      0.92107952      0.0   
Precision--:   0.00065068      0.94521536      0.94782378      0.9494145      0.95074311      0.95185032      0.95298007      0.95420366      0.95575323      0.95784278      0.0   
16/07/2023 15:42:43-30
Recall-----:   1.0      0.93509538      0.93274851      0.93119685      0.92983657      0.92860617      0.9273097      0.92585943      0.92404573      0.9210529      0.0   
Precision--:   0.00065068      0.94535491      0.94794453      0.9495283      0.95085745      0.9519615      0.95309355      0.95431834      0.95586      0.95795155      0.0   
16/07/2023 15:43:13-31
Recall-----:   1.0      0.9349031      0.93254128      0.93099174      0.92963094      0.92840698      0.92710357      0.92564895      0.92383012      0.92084363      0.0   
Precision--:   0.00065068      0.94563711      0.94821474      0.94979733      0.95112059      0.95222522      0.95334237      0.95455161      0.95608403      0.95817313      0.0   
16/07/2023 15:43:43-32
Recall-----:   1.0      0.93483377      0.93247395      0.93092536      0.9295694      0.92834401      0.92703621      0.92558607      0.92378384      0.92080972      0.0   
Precision--:   0.00065068      0.94568942      0.94824944      0.94983266      0.95115266      0.95226281      0.95337455      0.95458333      0.95611003      0.95819533      0.0   
16/07/2023 15:44:13-33
Recall-----:   1.0      0.93455662      0.93219246      0.93064059      0.92928504      0.92806245      0.92675987      0.92529214      0.92349098      0.92051812      0.0   
Precision--:   0.00065068      0.94577474      0.94832575      0.94990691      0.95121705      0.95231877      0.95341909      0.95462368      0.95614476      0.95822151      0.0   
16/07/2023 15:44:43-34
Recall-----:   1.0      0.9347413      0.93238415      0.9308413      0.9295043      0.92828839      0.92699276      0.92552559      0.92374763      0.92079514      0.0   
Precision--:   0.00065068      0.94543176      0.94797901      0.94956674      0.95087887      0.95199151      0.95308904      0.95430422      0.95582832      0.95791309      0.0   
16/07/2023 15:45:12-35
Recall-----:   1.0      0.93461063      0.93226009      0.93072772      0.92938077      0.92815743      0.92687131      0.92541841      0.92364177      0.9206928      0.0   
Precision--:   0.00065068      0.94541669      0.94795235      0.94953986      0.95084937      0.95196065      0.95306195      0.95426717      0.95578248      0.95784459      0.0   
16/07/2023 15:45:42-36
Recall-----:   1.0      0.93449084      0.93213701      0.93059261      0.92925056      0.92802974      0.92674783      0.9252922      0.92351012      0.92056259      0.0   
Precision--:   0.00065068      0.94563002      0.94815322      0.94973221      0.95102235      0.9521317      0.95322585      0.95442637      0.95593597      0.95798476      0.0   
16/07/2023 15:46:12-37
Recall-----:   1.0      0.93434854      0.93200089      0.93046181      0.92912349      0.92790598      0.92661691      0.9251559      0.92337797      0.92044667      0.0   
Precision--:   0.00065068      0.9457684      0.94828524      0.94985313      0.95113727      0.95224193      0.95332675      0.95452248      0.95601949      0.95806698      0.0   
16/07/2023 15:46:42-38
Recall-----:   1.0      0.93443631      0.93209633      0.93055054      0.9292257      0.92801586      0.92672906      0.92527382      0.9235125      0.92060655      0.0   
Precision--:   0.00065068      0.94540497      0.94791836      0.94948109      0.95076654      0.95188088      0.95295976      0.95414837      0.95563752      0.95768831      0.0   
16/07/2023 15:47:12-39
Recall-----:   1.0      0.9343069      0.93198481      0.93043705      0.92911266      0.92789687      0.92660957      0.92515275      0.92338778      0.92048561      0.0   
Precision--:   0.00065068      0.9454062      0.94790231      0.94945806      0.95074234      0.95185632      0.95293432      0.95411658      0.95558368      0.9576132      0.0   
16/07/2023 15:47:42-40
Recall-----:   1.0      0.93421827      0.93189079      0.93034977      0.9290327      0.92782331      0.92654242      0.92508151      0.92332427      0.92042139      0.0   
Precision--:   0.00065068      0.94542741      0.94791176      0.94945725      0.95073077      0.95183324      0.95290139      0.95407909      0.95553414      0.95754313      0.0   
16/07/2023 15:48:12-41
Recall-----:   1.0      0.93425662      0.93193663      0.93040623      0.92909614      0.92789284      0.92662059      0.9251667      0.92341599      0.92053177      0.0   
Precision--:   0.00065068      0.94533131      0.94781443      0.94934882      0.95061309      0.95172046      0.95278547      0.95395799      0.95540336      0.95739858      0.0   
16/07/2023 15:48:42-42
Recall-----:   1.0      0.93423241      0.93191709      0.93038943      0.92908435      0.92788028      0.92660559      0.92514609      0.92339913      0.92051957      0.0   
Precision--:   0.00065068      0.94513188      0.94759879      0.94913364      0.95040463      0.95150727      0.95257089      0.95373919      0.95517407      0.95717385      0.0   
16/07/2023 15:49:11-43
Recall-----:   1.0      0.93415151      0.93182701      0.93029795      0.92900486      0.92779927      0.92652385      0.92507023      0.92332766      0.92044612      0.0   
Precision--:   0.00065068      0.94499821      0.94744256      0.94897101      0.95022955      0.95133172      0.95239113      0.95355141      0.95497888      0.95696384      0.0   
16/07/2023 15:49:41-44
Recall-----:   1.0      0.9340695      0.93174878      0.93022465      0.92893205      0.92772029      0.92644495      0.92499303      0.92324681      0.92036416      0.0   
Precision--:   0.00065068      0.94488824      0.94731865      0.94883916      0.95009219      0.95118766      0.9522447      0.95339646      0.9548205      0.95678924      0.0   
16/07/2023 15:50:11-45
Recall-----:   1.0      0.93403942      0.93172846      0.93020752      0.9289246      0.9277123      0.92644396      0.92499136      0.9232424      0.92036407      0.0   
Precision--:   0.00065068      0.9447366      0.94715428      0.94866902      0.94991776      0.9510121      0.9520655      0.95321328      0.95463076      0.95659449      0.0   
16/07/2023 15:50:41-46
Recall-----:   1.0      0.93409327      0.93179617      0.93027604      0.92899561      0.92778882      0.92652718      0.92508219      0.92333137      0.92046243      0.0   
Precision--:   0.00065068      0.94458101      0.94700961      0.94851645      0.94976431      0.95086002      0.95191285      0.95306235      0.95447505      0.95644393      0.0   
16/07/2023 15:51:11-47
Recall-----:   1.0      0.93412429      0.93183972      0.93032403      0.92904453      0.92784449      0.92658779      0.92514936      0.92340411      0.92053461      0.0   
Precision--:   0.00065068      0.9445109      0.94692792      0.94843197      0.94967704      0.95076793      0.95181388      0.95297388      0.95438773      0.95635281      0.0   
16/07/2023 15:51:41-48
Recall-----:   1.0      0.93423404      0.93196798      0.93046233      0.92918587      0.92799158      0.92673675      0.92530317      0.92356903      0.92069827      0.0   
Precision--:   0.00065068      0.94422595      0.94663867      0.94814269      0.94938354      0.95047382      0.95152065      0.95267842      0.95409461      0.95605429      0.0   
16/07/2023 15:52:10-49
Recall-----:   1.0      0.93420237      0.93193572      0.93042628      0.92915416      0.92796327      0.92671446      0.92528554      0.9235437      0.92067455      0.0   
Precision--:   0.00065068      0.94421036      0.94661553      0.94811687      0.94934608      0.95043881      0.95148637      0.95264043      0.95404971      0.95601837      0.0   
16/07/2023 15:52:40-50
Recall-----:   1.0      0.93416501      0.93190196      0.93039371      0.92912438      0.92793607      0.92668889      0.92526652      0.92352491      0.92065108      0.0   
Precision--:   0.00065068      0.94420491      0.94660314      0.94810154      0.94932489      0.95041393      0.95146339      0.95261606      0.95402321      0.95599206      0.0   
16/07/2023 15:53:10-51
Recall-----:   1.0      0.9341223      0.93186406      0.93035697      0.92908488      0.92789769      0.92664597      0.92523058      0.92349529      0.92061968      0.0   
Precision--:   0.00065068      0.94436461      0.94677186      0.94826765      0.94948977      0.95057916      0.95162618      0.95278097      0.95418329      0.95615383      0.0   
16/07/2023 15:53:40-52
Recall-----:   1.0      0.93415118      0.93189689      0.93039425      0.92912884      0.92794272      0.92668997      0.92527795      0.92354742      0.92067409      0.0   
Precision--:   0.00065068      0.94445608      0.94686365      0.94835859      0.94958093      0.95066513      0.95171091      0.95286458      0.95426957      0.95623464      0.0   
16/07/2023 15:54:10-53
Recall-----:   1.0      0.93423849      0.93200044      0.93050405      0.92924834      0.92806587      0.92682258      0.92541775      0.92368853      0.9208272      0.0   
Precision--:   0.00065068      0.94451067      0.94691252      0.94840706      0.94962953      0.95071627      0.95176182      0.95291821      0.95432213      0.95628455      0.0   
16/07/2023 15:54:40-54
Recall-----:   1.0      0.9343419      0.93210601      0.93062206      0.92937312      0.92818776      0.92695038      0.92555311      0.92382579      0.92097475      0.0   
Precision--:   0.00065068      0.9444681      0.94687034      0.94836813      0.9495865      0.95068005      0.95173054      0.95288549      0.95428674      0.95624656      0.0   
16/07/2023 15:55:10-55
Recall-----:   1.0      0.93433062      0.93210943      0.9306217      0.92937804      0.92819177      0.92695883      0.92555876      0.92383328      0.92098143      0.0   
Precision--:   0.00065068      0.94462134      0.94702518      0.94852392      0.94974102      0.95083469      0.95188207      0.95303661      0.95443697      0.95638976      0.0   
16/07/2023 15:55:39-56
Recall-----:   1.0      0.93434823      0.93213689      0.93065234      0.92941067      0.92823034      0.92700168      0.92560945      0.92389069      0.92104736      0.0   
Precision--:   0.00065068      0.94473001      0.9471324      0.94863278      0.94984648      0.95093921      0.95199005      0.95314695      0.95454705      0.95649804      0.0   
16/07/2023 15:56:09-57
Recall-----:   1.0      0.93433784      0.93213235      0.93065208      0.92941721      0.92824018      0.92701687      0.92562368      0.92391141      0.92107571      0.0   
Precision--:   0.00065068      0.94491547      0.94731048      0.94880761      0.9500239      0.95111591      0.95216271      0.95331579      0.95471179      0.95665788      0.0   
