[0.012s] Invoking command in '/workspace/CogniScope/build/realsense2_camera': CMAKE_PREFIX_PATH=/workspace/CogniScope/install/realsense2_camera_msgs:/workspace/CogniScope/install/vision_msgs_rviz_plugins:/workspace/CogniScope/install/ultralytics_ros:/workspace/CogniScope/install/rslidar_sdk:/workspace/CogniScope/install/rslidar_msg:/workspace/CogniScope/install/ros2_numpy:/workspace/CogniScope/install/realsense2_description:/workspace/CogniScope/install/realsense2_camera:/workspace/CogniScope/install/pointcloud_to_laserscan:/workspace/CogniScope/install/imu_speed:/workspace/CogniScope/install/imu5651_driver:/workspace/CogniScope/install/common_unique_msgs:/workspace/CogniScope/install/see_beyond_ros2:/workspace/CogniScope/install/pcdet_ros2:/workspace/CogniScope/install/fusiondet:/workspace/CogniScope/install/fusion_tracker:/opt/ros/humble LD_LIBRARY_PATH=/workspace/CogniScope/install/realsense2_camera_msgs/lib:/usr/local/cuda-12.1/lib64:/workspace/CogniScope/install/vision_msgs_rviz_plugins/lib:/workspace/CogniScope/install/ultralytics_ros/lib:/workspace/CogniScope/install/rslidar_msg/lib:/workspace/CogniScope/install/realsense2_camera/lib:/workspace/CogniScope/install/pointcloud_to_laserscan/lib:/workspace/CogniScope/install/common_unique_msgs/lib:/usr/local/cuda-12.1/lib64:/usr/lib/x86_64-linux-gnu/gazebo-11/plugins:/opt/ros/humble/opt/rviz_ogre_vendor/lib:/opt/ros/humble/lib/x86_64-linux-gnu:/opt/ros/humble/lib /usr/bin/cmake /workspace/CogniScope/src/sensor_driver/src/realsense-ros-4.55.1/realsense2_camera -DAMENT_CMAKE_SYMLINK_INSTALL=1 -DCMAKE_INSTALL_PREFIX=/workspace/CogniScope/install/realsense2_camera
[0.070s] -- The C compiler identification is GNU 11.4.0
[0.131s] -- The CXX compiler identification is GNU 11.4.0
[0.139s] -- Detecting C compiler ABI info
[0.216s] -- Detecting C compiler ABI info - done
[0.224s] -- Check for working C compiler: /usr/bin/cc - skipped
[0.224s] -- Detecting C compile features
[0.224s] -- Detecting C compile features - done
[0.227s] -- Detecting CXX compiler ABI info
[0.315s] -- Detecting CXX compiler ABI info - done
[0.323s] -- Check for working CXX compiler: /usr/bin/c++ - skipped
[0.323s] -- Detecting CXX compile features
[0.323s] -- Detecting CXX compile features - done
[0.324s] -- Create Release Build.
[0.328s] -- Found ament_cmake: 1.3.12 (/opt/ros/humble/share/ament_cmake/cmake)
[0.924s] -- Found Python3: /usr/bin/python3 (found version "3.10.12") found components: Interpreter 
[0.987s] -- Override CMake install command with custom implementation using symlinks instead of copying resources
[1.047s] -- Found builtin_interfaces: 1.2.2 (/opt/ros/humble/share/builtin_interfaces/cmake)
[1.100s] -- Found rosidl_generator_c: 3.1.8 (/opt/ros/humble/share/rosidl_generator_c/cmake)
[1.109s] -- Found rosidl_adapter: 3.1.8 (/opt/ros/humble/share/rosidl_adapter/cmake)
[1.122s] -- Found rosidl_generator_cpp: 3.1.8 (/opt/ros/humble/share/rosidl_generator_cpp/cmake)
[1.138s] -- Using all available rosidl_typesupport_c: rosidl_typesupport_fastrtps_c;rosidl_typesupport_introspection_c
[1.160s] -- Using all available rosidl_typesupport_cpp: rosidl_typesupport_fastrtps_cpp;rosidl_typesupport_introspection_cpp
[1.181s] -- Found cv_bridge: 3.2.1 (/opt/ros/humble/share/cv_bridge/cmake)
[1.244s] -- Found image_transport: 3.1.12 (/opt/ros/humble/share/image_transport/cmake)
[1.309s] -- Found rmw_implementation_cmake: 6.1.2 (/opt/ros/humble/share/rmw_implementation_cmake/cmake)
[1.314s] -- Found rmw_cyclonedds_cpp: 1.3.4 (/opt/ros/humble/share/rmw_cyclonedds_cpp/cmake)
[1.339s] -- Using RMW implementation 'rmw_cyclonedds_cpp' as default
[1.353s] -- Looking for pthread.h
[1.438s] -- Looking for pthread.h - found
[1.439s] -- Performing Test CMAKE_HAVE_LIBC_PTHREAD
[1.531s] -- Performing Test CMAKE_HAVE_LIBC_PTHREAD - Success
[1.534s] -- Found Threads: TRUE  
[1.631s] -- Found rclcpp_components: 16.0.17 (/opt/ros/humble/share/rclcpp_components/cmake)
[1.649s] -- Found realsense2_camera_msgs: 4.55.1 (/workspace/CogniScope/install/realsense2_camera_msgs/share/realsense2_camera_msgs/cmake)
[1.667s] -- Found nav_msgs: 4.9.0 (/opt/ros/humble/share/nav_msgs/cmake)
[1.684s] -- Found tf2_ros: 0.25.18 (/opt/ros/humble/share/tf2_ros/cmake)
[1.764s] -- Found diagnostic_updater: 4.0.6 (/opt/ros/humble/share/diagnostic_updater/cmake)
[1.789s] -- Found OpenCV: /usr (found version "4.5.4") found components: core 
[1.789s] -- Build for ROS2 Humble
[1.799s] -- Found ament_cmake_gtest: 1.3.12 (/opt/ros/humble/share/ament_cmake_gtest/cmake)
[1.803s] -- Found gtest sources under '/opt/ros/humble/src/gtest_vendor': C++ tests using 'Google Test' will be built
[1.811s] -- Found ament_cmake_pytest: 1.3.12 (/opt/ros/humble/share/ament_cmake_pytest/cmake)
[8.617s] -- rs_device_info:
[8.617s] -- No device detected. Is it plugged in?
[8.617s] 
[8.696s] -- Configuring done
[8.715s] -- Generating done
[8.721s] -- Build files have been written to: /workspace/CogniScope/build/realsense2_camera
[8.731s] Invoked command in '/workspace/CogniScope/build/realsense2_camera' returned '0': CMAKE_PREFIX_PATH=/workspace/CogniScope/install/realsense2_camera_msgs:/workspace/CogniScope/install/vision_msgs_rviz_plugins:/workspace/CogniScope/install/ultralytics_ros:/workspace/CogniScope/install/rslidar_sdk:/workspace/CogniScope/install/rslidar_msg:/workspace/CogniScope/install/ros2_numpy:/workspace/CogniScope/install/realsense2_description:/workspace/CogniScope/install/realsense2_camera:/workspace/CogniScope/install/pointcloud_to_laserscan:/workspace/CogniScope/install/imu_speed:/workspace/CogniScope/install/imu5651_driver:/workspace/CogniScope/install/common_unique_msgs:/workspace/CogniScope/install/see_beyond_ros2:/workspace/CogniScope/install/pcdet_ros2:/workspace/CogniScope/install/fusiondet:/workspace/CogniScope/install/fusion_tracker:/opt/ros/humble LD_LIBRARY_PATH=/workspace/CogniScope/install/realsense2_camera_msgs/lib:/usr/local/cuda-12.1/lib64:/workspace/CogniScope/install/vision_msgs_rviz_plugins/lib:/workspace/CogniScope/install/ultralytics_ros/lib:/workspace/CogniScope/install/rslidar_msg/lib:/workspace/CogniScope/install/realsense2_camera/lib:/workspace/CogniScope/install/pointcloud_to_laserscan/lib:/workspace/CogniScope/install/common_unique_msgs/lib:/usr/local/cuda-12.1/lib64:/usr/lib/x86_64-linux-gnu/gazebo-11/plugins:/opt/ros/humble/opt/rviz_ogre_vendor/lib:/opt/ros/humble/lib/x86_64-linux-gnu:/opt/ros/humble/lib /usr/bin/cmake /workspace/CogniScope/src/sensor_driver/src/realsense-ros-4.55.1/realsense2_camera -DAMENT_CMAKE_SYMLINK_INSTALL=1 -DCMAKE_INSTALL_PREFIX=/workspace/CogniScope/install/realsense2_camera
[8.734s] Invoking command in '/workspace/CogniScope/build/realsense2_camera': CMAKE_PREFIX_PATH=/workspace/CogniScope/install/realsense2_camera_msgs:/workspace/CogniScope/install/vision_msgs_rviz_plugins:/workspace/CogniScope/install/ultralytics_ros:/workspace/CogniScope/install/rslidar_sdk:/workspace/CogniScope/install/rslidar_msg:/workspace/CogniScope/install/ros2_numpy:/workspace/CogniScope/install/realsense2_description:/workspace/CogniScope/install/realsense2_camera:/workspace/CogniScope/install/pointcloud_to_laserscan:/workspace/CogniScope/install/imu_speed:/workspace/CogniScope/install/imu5651_driver:/workspace/CogniScope/install/common_unique_msgs:/workspace/CogniScope/install/see_beyond_ros2:/workspace/CogniScope/install/pcdet_ros2:/workspace/CogniScope/install/fusiondet:/workspace/CogniScope/install/fusion_tracker:/opt/ros/humble LD_LIBRARY_PATH=/workspace/CogniScope/install/realsense2_camera_msgs/lib:/usr/local/cuda-12.1/lib64:/workspace/CogniScope/install/vision_msgs_rviz_plugins/lib:/workspace/CogniScope/install/ultralytics_ros/lib:/workspace/CogniScope/install/rslidar_msg/lib:/workspace/CogniScope/install/realsense2_camera/lib:/workspace/CogniScope/install/pointcloud_to_laserscan/lib:/workspace/CogniScope/install/common_unique_msgs/lib:/usr/local/cuda-12.1/lib64:/usr/lib/x86_64-linux-gnu/gazebo-11/plugins:/opt/ros/humble/opt/rviz_ogre_vendor/lib:/opt/ros/humble/lib/x86_64-linux-gnu:/opt/ros/humble/lib /usr/bin/cmake --build /workspace/CogniScope/build/realsense2_camera -- -j112 -l112
[8.796s] [  4%] [32mBuilding CXX object gtest/CMakeFiles/gtest.dir/src/gtest-all.cc.o[0m
[8.796s] [  9%] [32mBuilding CXX object CMakeFiles/realsense2_camera.dir/src/realsense_node_factory.cpp.o[0m
[8.800s] [ 13%] [32mBuilding CXX object CMakeFiles/realsense2_camera.dir/src/base_realsense_node.cpp.o[0m
[8.802s] [ 18%] [32mBuilding CXX object CMakeFiles/realsense2_camera_node.dir/rclcpp_components/node_main_realsense2_camera_node.cpp.o[0m
[8.802s] [ 22%] [32mBuilding CXX object CMakeFiles/realsense2_camera.dir/src/parameters.cpp.o[0m
[8.802s] [ 27%] [32mBuilding CXX object CMakeFiles/realsense2_camera.dir/src/ros_sensor.cpp.o[0m
[8.803s] [ 31%] [32mBuilding CXX object gtest/CMakeFiles/gtest_main.dir/src/gtest_main.cc.o[0m
[8.803s] [ 36%] [32mBuilding CXX object CMakeFiles/realsense2_camera.dir/src/rs_node_setup.cpp.o[0m
[8.804s] [ 40%] [32mBuilding CXX object CMakeFiles/realsense2_camera.dir/src/ros_utils.cpp.o[0m
[8.804s] [ 45%] [32mBuilding CXX object CMakeFiles/realsense2_camera.dir/src/sensor_params.cpp.o[0m
[8.804s] [ 50%] [32mBuilding CXX object CMakeFiles/realsense2_camera.dir/src/dynamic_params.cpp.o[0m
[8.804s] [ 54%] [32mBuilding CXX object CMakeFiles/realsense2_camera.dir/src/named_filter.cpp.o[0m
[8.805s] [ 59%] [32mBuilding CXX object CMakeFiles/realsense2_camera.dir/src/tfs.cpp.o[0m
[8.805s] [ 63%] [32mBuilding CXX object CMakeFiles/realsense2_camera.dir/src/ros_param_backend.cpp.o[0m
[8.805s] [ 68%] [32mBuilding CXX object CMakeFiles/realsense2_camera.dir/src/image_publisher.cpp.o[0m
[8.806s] [ 72%] [32mBuilding CXX object CMakeFiles/realsense2_camera.dir/src/profile_manager.cpp.o[0m
[9.347s] [ 77%] [32m[1mLinking CXX static library libgtest_main.a[0m
[9.414s] [ 77%] Built target gtest_main
[11.807s] [ 81%] [32m[1mLinking CXX executable realsense2_camera_node[0m
[11.907s] [ 81%] Built target realsense2_camera_node
[14.249s] [ 86%] [32m[1mLinking CXX static library libgtest.a[0m
[14.287s] [ 86%] Built target gtest
[14.312s] [ 90%] [32mBuilding CXX object CMakeFiles/gtest_template.dir/test/gtest_template.cpp.o[0m
[14.841s] [ 95%] [32m[1mLinking CXX executable gtest_template[0m
[14.927s] [ 95%] Built target gtest_template
[19.077s] [100%] [32m[1mLinking CXX shared library librealsense2_camera.so[0m
[19.408s] [100%] Built target realsense2_camera
[19.421s] Invoked command in '/workspace/CogniScope/build/realsense2_camera' returned '0': CMAKE_PREFIX_PATH=/workspace/CogniScope/install/realsense2_camera_msgs:/workspace/CogniScope/install/vision_msgs_rviz_plugins:/workspace/CogniScope/install/ultralytics_ros:/workspace/CogniScope/install/rslidar_sdk:/workspace/CogniScope/install/rslidar_msg:/workspace/CogniScope/install/ros2_numpy:/workspace/CogniScope/install/realsense2_description:/workspace/CogniScope/install/realsense2_camera:/workspace/CogniScope/install/pointcloud_to_laserscan:/workspace/CogniScope/install/imu_speed:/workspace/CogniScope/install/imu5651_driver:/workspace/CogniScope/install/common_unique_msgs:/workspace/CogniScope/install/see_beyond_ros2:/workspace/CogniScope/install/pcdet_ros2:/workspace/CogniScope/install/fusiondet:/workspace/CogniScope/install/fusion_tracker:/opt/ros/humble LD_LIBRARY_PATH=/workspace/CogniScope/install/realsense2_camera_msgs/lib:/usr/local/cuda-12.1/lib64:/workspace/CogniScope/install/vision_msgs_rviz_plugins/lib:/workspace/CogniScope/install/ultralytics_ros/lib:/workspace/CogniScope/install/rslidar_msg/lib:/workspace/CogniScope/install/realsense2_camera/lib:/workspace/CogniScope/install/pointcloud_to_laserscan/lib:/workspace/CogniScope/install/common_unique_msgs/lib:/usr/local/cuda-12.1/lib64:/usr/lib/x86_64-linux-gnu/gazebo-11/plugins:/opt/ros/humble/opt/rviz_ogre_vendor/lib:/opt/ros/humble/lib/x86_64-linux-gnu:/opt/ros/humble/lib /usr/bin/cmake --build /workspace/CogniScope/build/realsense2_camera -- -j112 -l112
[19.423s] Invoking command in '/workspace/CogniScope/build/realsense2_camera': CMAKE_PREFIX_PATH=/workspace/CogniScope/install/realsense2_camera_msgs:/workspace/CogniScope/install/vision_msgs_rviz_plugins:/workspace/CogniScope/install/ultralytics_ros:/workspace/CogniScope/install/rslidar_sdk:/workspace/CogniScope/install/rslidar_msg:/workspace/CogniScope/install/ros2_numpy:/workspace/CogniScope/install/realsense2_description:/workspace/CogniScope/install/realsense2_camera:/workspace/CogniScope/install/pointcloud_to_laserscan:/workspace/CogniScope/install/imu_speed:/workspace/CogniScope/install/imu5651_driver:/workspace/CogniScope/install/common_unique_msgs:/workspace/CogniScope/install/see_beyond_ros2:/workspace/CogniScope/install/pcdet_ros2:/workspace/CogniScope/install/fusiondet:/workspace/CogniScope/install/fusion_tracker:/opt/ros/humble LD_LIBRARY_PATH=/workspace/CogniScope/install/realsense2_camera_msgs/lib:/usr/local/cuda-12.1/lib64:/workspace/CogniScope/install/vision_msgs_rviz_plugins/lib:/workspace/CogniScope/install/ultralytics_ros/lib:/workspace/CogniScope/install/rslidar_msg/lib:/workspace/CogniScope/install/realsense2_camera/lib:/workspace/CogniScope/install/pointcloud_to_laserscan/lib:/workspace/CogniScope/install/common_unique_msgs/lib:/usr/local/cuda-12.1/lib64:/usr/lib/x86_64-linux-gnu/gazebo-11/plugins:/opt/ros/humble/opt/rviz_ogre_vendor/lib:/opt/ros/humble/lib/x86_64-linux-gnu:/opt/ros/humble/lib /usr/bin/cmake --install /workspace/CogniScope/build/realsense2_camera
[19.428s] -- Install configuration: "Release"
[19.429s] -- Execute custom install script
[19.429s] -- Symlinking: /workspace/CogniScope/install/realsense2_camera/lib/realsense2_camera/realsense2_camera_node
[19.438s] -- Symlinking: /workspace/CogniScope/install/realsense2_camera/lib/librealsense2_camera.so
[19.443s] -- Symlinking: /workspace/CogniScope/install/realsense2_camera/include/base_realsense_node.h
[19.451s] -- Symlinking: /workspace/CogniScope/install/realsense2_camera/include/constants.h
[19.457s] -- Symlinking: /workspace/CogniScope/install/realsense2_camera/include/dynamic_params.h
[19.462s] -- Symlinking: /workspace/CogniScope/install/realsense2_camera/include/gl_window.h
[19.470s] -- Symlinking: /workspace/CogniScope/install/realsense2_camera/include/image_publisher.h
[19.475s] -- Symlinking: /workspace/CogniScope/install/realsense2_camera/include/named_filter.h
[19.480s] -- Symlinking: /workspace/CogniScope/install/realsense2_camera/include/profile_manager.h
[19.488s] -- Symlinking: /workspace/CogniScope/install/realsense2_camera/include/realsense_node_factory.h
[19.494s] -- Symlinking: /workspace/CogniScope/install/realsense2_camera/include/ros_param_backend.h
[19.501s] -- Symlinking: /workspace/CogniScope/install/realsense2_camera/include/ros_sensor.h
[19.508s] -- Symlinking: /workspace/CogniScope/install/realsense2_camera/include/ros_utils.h
[19.516s] -- Symlinking: /workspace/CogniScope/install/realsense2_camera/include/sensor_params.h
[19.523s] -- Symlinking: /workspace/CogniScope/install/realsense2_camera/share/realsense2_camera/launch/default.rviz
[19.531s] -- Symlinking: /workspace/CogniScope/install/realsense2_camera/share/realsense2_camera/launch/rs_intra_process_demo_launch.py
[19.536s] -- Symlinking: /workspace/CogniScope/install/realsense2_camera/share/realsense2_camera/launch/rs_launch.py
[19.541s] -- Symlinking: /workspace/CogniScope/install/realsense2_camera/share/realsense2_camera/launch/rs_multi_camera_launch.py
[19.547s] -- Symlinking: /workspace/CogniScope/install/realsense2_camera/share/realsense2_camera/examples/align_depth/README.md
[19.554s] -- Symlinking: /workspace/CogniScope/install/realsense2_camera/share/realsense2_camera/examples/align_depth/rs_align_depth_launch.py
[19.559s] -- Symlinking: /workspace/CogniScope/install/realsense2_camera/share/realsense2_camera/examples/dual_camera/README.md
[19.564s] -- Symlinking: /workspace/CogniScope/install/realsense2_camera/share/realsense2_camera/examples/dual_camera/rs_dual_camera_launch.py
[19.569s] -- Symlinking: /workspace/CogniScope/install/realsense2_camera/share/realsense2_camera/examples/dual_camera/rviz/dual_camera_pointcloud.rviz
[19.577s] -- Symlinking: /workspace/CogniScope/install/realsense2_camera/share/realsense2_camera/examples/launch_from_rosbag/README.md
[19.583s] -- Symlinking: /workspace/CogniScope/install/realsense2_camera/share/realsense2_camera/examples/launch_from_rosbag/rs_launch_from_rosbag.py
[19.588s] -- Symlinking: /workspace/CogniScope/install/realsense2_camera/share/realsense2_camera/examples/launch_params_from_file/README.md
[19.595s] -- Symlinking: /workspace/CogniScope/install/realsense2_camera/share/realsense2_camera/examples/launch_params_from_file/config/config.yaml
[19.600s] -- Symlinking: /workspace/CogniScope/install/realsense2_camera/share/realsense2_camera/examples/launch_params_from_file/rs_launch_get_params_from_yaml.py
[19.608s] -- Symlinking: /workspace/CogniScope/install/realsense2_camera/share/realsense2_camera/examples/pointcloud/README.md
[19.616s] -- Symlinking: /workspace/CogniScope/install/realsense2_camera/share/realsense2_camera/examples/pointcloud/rs_d405_pointcloud_launch.py
[19.623s] -- Symlinking: /workspace/CogniScope/install/realsense2_camera/share/realsense2_camera/examples/pointcloud/rs_d455_pointcloud_launch.py
[19.631s] -- Symlinking: /workspace/CogniScope/install/realsense2_camera/share/realsense2_camera/examples/pointcloud/rs_pointcloud_launch.py
[19.640s] -- Symlinking: /workspace/CogniScope/install/realsense2_camera/share/realsense2_camera/examples/pointcloud/rviz/pointcloud.rviz
[19.646s] -- Symlinking: /workspace/CogniScope/install/realsense2_camera/share/realsense2_camera/examples/pointcloud/rviz/urdf_pointcloud.rviz
[19.655s] -- Symlinking: /workspace/CogniScope/install/realsense2_camera/share/realsense2_camera/environment/library_path.sh
[19.663s] -- Symlinking: /workspace/CogniScope/install/realsense2_camera/share/realsense2_camera/environment/library_path.dsv
[19.668s] -- Symlinking: /workspace/CogniScope/install/realsense2_camera/share/ament_index/resource_index/package_run_dependencies/realsense2_camera
[19.673s] -- Symlinking: /workspace/CogniScope/install/realsense2_camera/share/ament_index/resource_index/parent_prefix_path/realsense2_camera
[19.680s] -- Symlinking: /workspace/CogniScope/install/realsense2_camera/share/realsense2_camera/environment/ament_prefix_path.sh
[19.685s] -- Symlinking: /workspace/CogniScope/install/realsense2_camera/share/realsense2_camera/environment/ament_prefix_path.dsv
[19.693s] -- Symlinking: /workspace/CogniScope/install/realsense2_camera/share/realsense2_camera/environment/path.sh
[19.700s] -- Symlinking: /workspace/CogniScope/install/realsense2_camera/share/realsense2_camera/environment/path.dsv
[19.705s] -- Symlinking: /workspace/CogniScope/install/realsense2_camera/share/realsense2_camera/local_setup.bash
[19.710s] -- Symlinking: /workspace/CogniScope/install/realsense2_camera/share/realsense2_camera/local_setup.sh
[19.718s] -- Symlinking: /workspace/CogniScope/install/realsense2_camera/share/realsense2_camera/local_setup.zsh
[19.729s] -- Symlinking: /workspace/CogniScope/install/realsense2_camera/share/realsense2_camera/local_setup.dsv
[19.739s] -- Symlinking: /workspace/CogniScope/install/realsense2_camera/share/realsense2_camera/package.dsv
[19.744s] -- Symlinking: /workspace/CogniScope/install/realsense2_camera/share/ament_index/resource_index/packages/realsense2_camera
[19.750s] -- Symlinking: /workspace/CogniScope/install/realsense2_camera/share/ament_index/resource_index/rclcpp_components/realsense2_camera
[19.755s] -- Symlinking: /workspace/CogniScope/install/realsense2_camera/share/realsense2_camera/cmake/ament_cmake_export_include_directories-extras.cmake
[19.763s] -- Symlinking: /workspace/CogniScope/install/realsense2_camera/share/realsense2_camera/cmake/ament_cmake_export_libraries-extras.cmake
[19.770s] -- Symlinking: /workspace/CogniScope/install/realsense2_camera/share/realsense2_camera/cmake/ament_cmake_export_dependencies-extras.cmake
[19.778s] -- Symlinking: /workspace/CogniScope/install/realsense2_camera/share/realsense2_camera/cmake/realsense2_cameraConfig.cmake
[19.786s] -- Symlinking: /workspace/CogniScope/install/realsense2_camera/share/realsense2_camera/cmake/realsense2_cameraConfig-version.cmake
[19.793s] -- Symlinking: /workspace/CogniScope/install/realsense2_camera/share/realsense2_camera/package.xml
[19.802s] Invoked command in '/workspace/CogniScope/build/realsense2_camera' returned '0': CMAKE_PREFIX_PATH=/workspace/CogniScope/install/realsense2_camera_msgs:/workspace/CogniScope/install/vision_msgs_rviz_plugins:/workspace/CogniScope/install/ultralytics_ros:/workspace/CogniScope/install/rslidar_sdk:/workspace/CogniScope/install/rslidar_msg:/workspace/CogniScope/install/ros2_numpy:/workspace/CogniScope/install/realsense2_description:/workspace/CogniScope/install/realsense2_camera:/workspace/CogniScope/install/pointcloud_to_laserscan:/workspace/CogniScope/install/imu_speed:/workspace/CogniScope/install/imu5651_driver:/workspace/CogniScope/install/common_unique_msgs:/workspace/CogniScope/install/see_beyond_ros2:/workspace/CogniScope/install/pcdet_ros2:/workspace/CogniScope/install/fusiondet:/workspace/CogniScope/install/fusion_tracker:/opt/ros/humble LD_LIBRARY_PATH=/workspace/CogniScope/install/realsense2_camera_msgs/lib:/usr/local/cuda-12.1/lib64:/workspace/CogniScope/install/vision_msgs_rviz_plugins/lib:/workspace/CogniScope/install/ultralytics_ros/lib:/workspace/CogniScope/install/rslidar_msg/lib:/workspace/CogniScope/install/realsense2_camera/lib:/workspace/CogniScope/install/pointcloud_to_laserscan/lib:/workspace/CogniScope/install/common_unique_msgs/lib:/usr/local/cuda-12.1/lib64:/usr/lib/x86_64-linux-gnu/gazebo-11/plugins:/opt/ros/humble/opt/rviz_ogre_vendor/lib:/opt/ros/humble/lib/x86_64-linux-gnu:/opt/ros/humble/lib /usr/bin/cmake --install /workspace/CogniScope/build/realsense2_camera
