25/09/2023 19:07:35-0
Recall-----:   0.99999996      0.91054208      0.90768141      0.90577429      0.9041144      0.90241918      0.90128904      0.89955851      0.89729822      0.89306018      0.0   
Precision--:   0.00065068      0.95847426      0.96010307      0.96120977      0.96218894      0.96335391      0.96421956      0.96499333      0.9661558      0.96718298      0.0   
25/09/2023 19:08:07-1
Recall-----:   0.99999998      0.92295601      0.92064275      0.91912412      0.91783505      0.91647535      0.91552179      0.91409145      0.91236092      0.90897049      0.0   
Precision--:   0.00065068      0.94882546      0.95079693      0.95221542      0.9531992      0.95428969      0.95521121      0.95618522      0.95754103      0.95928064      0.0   
25/09/2023 19:08:39-2
Recall-----:   0.99999999      0.92623461      0.92393901      0.92237329      0.92116074      0.91985401      0.91885336      0.9173936      0.91579256      0.91270821      0.0   
Precision--:   0.00065068      0.94316709      0.94538533      0.9468742      0.9480469      0.94912844      0.9501272      0.95109537      0.95250455      0.95437982      0.0   
25/09/2023 19:09:11-3
Recall-----:   0.99999999      0.92761786      0.92547236      0.92397139      0.92282358      0.92159632      0.92068691      0.91927423      0.91789687      0.91508034      0.0   
Precision--:   0.00065068      0.94090147      0.9430579      0.94449408      0.94564223      0.94665432      0.94766257      0.94870018      0.95011834      0.95184827      0.0   
25/09/2023 19:09:43-4
Recall-----:   0.99999999      0.92697156      0.92479604      0.92341868      0.92226028      0.92108776      0.92015539      0.9187639      0.91727352      0.9145965      0.0   
Precision--:   0.00065068      0.93622303      0.93839725      0.93976119      0.94087509      0.94199359      0.94300874      0.94395378      0.94537261      0.94710894      0.0   
25/09/2023 19:10:15-5
Recall-----:   0.99999999      0.92728824      0.9250927      0.92369768      0.92247925      0.92127847      0.92031902      0.918924      0.91741715      0.91478603      0.0   
Precision--:   0.00065068      0.93687816      0.93906621      0.94040905      0.94148178      0.94252679      0.94355096      0.94448612      0.94584425      0.94766913      0.0   
25/09/2023 19:10:47-6
Recall-----:   0.99999999      0.92853863      0.9264297      0.92502207      0.92380111      0.92262556      0.92163668      0.92028959      0.9187306      0.91616255      0.0   
Precision--:   0.00065068      0.93515817      0.93731591      0.93869484      0.93974122      0.94076642      0.94179787      0.94279334      0.9441584      0.94604676      0.0   
25/09/2023 19:11:19-7
Recall-----:   1.0      0.92848755      0.9264215      0.92498234      0.92374183      0.92257195      0.92158749      0.92023221      0.9186915      0.91612219      0.0   
Precision--:   0.00065068      0.93638723      0.93856165      0.93994545      0.94104049      0.94204754      0.94309993      0.94412286      0.94548841      0.94732901      0.0   
25/09/2023 19:11:51-8
Recall-----:   1.0      0.92882453      0.92677615      0.92533992      0.9241313      0.92295406      0.92195734      0.9205839      0.91902603      0.91649106      0.0   
Precision--:   0.00065068      0.93687214      0.93905813      0.94047476      0.94153323      0.94254582      0.94355846      0.94453503      0.94588427      0.94777679      0.0   
25/09/2023 19:12:23-9
Recall-----:   1.0      0.92946494      0.9274766      0.92604979      0.9248031      0.92359526      0.92257814      0.92121843      0.91963976      0.9171817      0.0   
Precision--:   0.00065068      0.93692327      0.93909464      0.94049182      0.9415593      0.94253925      0.9435178      0.94447763      0.94585238      0.94771337      0.0   
25/09/2023 19:12:55-10
Recall-----:   1.0      0.93042236      0.92846387      0.92706082      0.92580868      0.92461432      0.92359013      0.92221919      0.92067166      0.91818663      0.0   
Precision--:   0.00065068      0.9354772      0.93772475      0.93911541      0.94020156      0.94120127      0.94220647      0.94318043      0.94456906      0.94644961      0.0   
25/09/2023 19:13:27-11
Recall-----:   1.0      0.92911884      0.92710283      0.92571075      0.92445994      0.92329154      0.92224086      0.92086938      0.91933898      0.91676967      0.0   
Precision--:   0.00065068      0.93615557      0.93832584      0.93971605      0.94080736      0.94178182      0.94276482      0.9437251      0.94510132      0.94696394      0.0   
25/09/2023 19:13:59-12
Recall-----:   1.0      0.92869504      0.92664393      0.92525027      0.92399788      0.92283514      0.92177019      0.92038468      0.91883073      0.9162852      0.0   
Precision--:   0.00065068      0.93622615      0.93836279      0.93973324      0.94084176      0.94180714      0.94277743      0.94375715      0.94510453      0.94699543      0.0   
25/09/2023 19:14:31-13
Recall-----:   1.0      0.92899523      0.92693928      0.92553921      0.92427285      0.92310991      0.92204788      0.92066295      0.91908377      0.91653086      0.0   
Precision--:   0.00065068      0.93656267      0.93864841      0.94002818      0.94113159      0.94207693      0.94304217      0.94401262      0.94535217      0.94725617      0.0   
25/09/2023 19:15:03-14
Recall-----:   1.0      0.92930249      0.92726117      0.9258532      0.92460533      0.92344929      0.92237565      0.92101948      0.9194726      0.91690623      0.0   
Precision--:   0.00065068      0.93736908      0.93944873      0.94082083      0.94190548      0.9428513      0.94381752      0.9447925      0.94612149      0.94801916      0.0   
25/09/2023 19:15:36-15
Recall-----:   1.0      0.93004591      0.92801298      0.92662458      0.92538628      0.92425393      0.92317897      0.92183913      0.92030063      0.91777768      0.0   
Precision--:   0.00065068      0.9375936      0.93967176      0.94105489      0.94213314      0.94308906      0.94405683      0.9450353      0.94635549      0.94827252      0.0   
25/09/2023 19:16:08-16
Recall-----:   1.0      0.93034247      0.92832525      0.92696866      0.92575334      0.92461904      0.92356161      0.92224657      0.92070717      0.91820797      0.0   
Precision--:   0.00065068      0.93831912      0.94039088      0.94177751      0.94283127      0.94379073      0.94475282      0.94573699      0.94704957      0.94896447      0.0   
25/09/2023 19:16:40-17
Recall-----:   1.0      0.93051778      0.92852041      0.92716267      0.92596582      0.92483568      0.92376636      0.92246159      0.92091353      0.91842761      0.0   
Precision--:   0.00065068      0.93889037      0.94096021      0.942348      0.94340418      0.94435573      0.94530925      0.94629203      0.94758199      0.94947698      0.0   
25/09/2023 19:17:13-18
Recall-----:   1.0      0.93063933      0.92865414      0.92728236      0.9260853      0.92494958      0.92388449      0.92258148      0.92103125      0.91854605      0.0   
Precision--:   0.00065068      0.93947377      0.94151901      0.94289489      0.94395783      0.94490197      0.94585604      0.94683558      0.94810227      0.94997558      0.0   
25/09/2023 19:17:45-19
Recall-----:   1.0      0.93087763      0.92889105      0.92753134      0.92634116      0.92521278      0.92415504      0.92287303      0.92131732      0.91883984      0.0   
Precision--:   0.00065068      0.93963516      0.94166665      0.94304843      0.944108      0.94505681      0.94603085      0.94701755      0.94825803      0.95010974      0.0   
25/09/2023 19:18:18-20
Recall-----:   1.0      0.93084601      0.92885649      0.92748081      0.92629516      0.92517343      0.92411728      0.92284587      0.92129193      0.91882983      0.0   
Precision--:   0.00065068      0.93912832      0.94117406      0.94254594      0.94360042      0.94455004      0.94552218      0.94650308      0.94773901      0.9495992      0.0   
25/09/2023 19:18:50-21
Recall-----:   1.0      0.93132936      0.92933235      0.92796301      0.92679113      0.92568667      0.92463358      0.92336057      0.92182428      0.9193858      0.0   
Precision--:   0.00065068      0.93838385      0.94046368      0.94184584      0.94290096      0.94385219      0.94482136      0.94581675      0.94704933      0.94892616      0.0   
25/09/2023 19:19:22-22
Recall-----:   1.0      0.93169698      0.92972537      0.92836644      0.92720712      0.92612304      0.92506507      0.92381208      0.92227656      0.91988422      0.0   
Precision--:   0.00065068      0.93808392      0.94016726      0.94154015      0.94258972      0.9435423      0.9445035      0.94550106      0.94672217      0.9485935      0.0   
25/09/2023 19:19:55-23
Recall-----:   1.0      0.93150568      0.92953676      0.92818441      0.9270425      0.92597122      0.92492789      0.92368297      0.92217464      0.91979222      0.0   
Precision--:   0.00065068      0.9382753      0.94036487      0.94173337      0.94277201      0.94372473      0.94467749      0.94565587      0.94686337      0.94871608      0.0   
25/09/2023 19:20:27-24
Recall-----:   1.0      0.93119124      0.92924033      0.92789546      0.92675119      0.92567755      0.92464206      0.92340455      0.92191842      0.91954794      0.0   
Precision--:   0.00065068      0.93831868      0.94038211      0.94175285      0.94277453      0.94371802      0.94466502      0.94565269      0.94684847      0.94869601      0.0   
25/09/2023 19:20:59-25
Recall-----:   1.0      0.93122428      0.92927505      0.92794116      0.92679743      0.92573113      0.9247015      0.92346133      0.9219658      0.91960771      0.0   
Precision--:   0.00065068      0.93842251      0.94047868      0.94184254      0.94285773      0.94380886      0.94475963      0.9457501      0.94692419      0.94877501      0.0   
25/09/2023 19:21:31-26
Recall-----:   1.0      0.93115545      0.92920648      0.92787621      0.92673037      0.92566824      0.92462966      0.92338964      0.92189717      0.91955187      0.0   
Precision--:   0.00065068      0.9387427      0.94078626      0.9421357      0.94314305      0.94410062      0.94505483      0.94604254      0.94720962      0.94906005      0.0   
25/09/2023 19:22:04-27
Recall-----:   1.0      0.93146616      0.92952499      0.92819808      0.92707298      0.92602104      0.92497919      0.92375949      0.92226735      0.91991751      0.0   
Precision--:   0.00065068      0.93872308      0.94076091      0.94211797      0.943124      0.94407446      0.945032      0.94601437      0.9471767      0.94904286      0.0   
25/09/2023 19:22:36-28
Recall-----:   1.0      0.93159955      0.92966077      0.928337      0.92720563      0.92616439      0.92512193      0.92391385      0.92241105      0.9200509      0.0   
Precision--:   0.00065068      0.93887838      0.94093524      0.94229583      0.94329414      0.94423413      0.94520158      0.94618058      0.94733656      0.94919722      0.0   
25/09/2023 19:23:09-29
Recall-----:   1.0      0.93144741      0.92950733      0.92819942      0.92706928      0.92602743      0.92497969      0.92376597      0.92227323      0.9199223      0.0   
Precision--:   0.00065068      0.93914676      0.94119905      0.94254537      0.94353293      0.94447553      0.94543433      0.94641326      0.94757194      0.94943417      0.0   
25/09/2023 19:23:41-30
Recall-----:   1.0      0.93158078      0.92963037      0.92833389      0.92719008      0.92614994      0.92510752      0.92389421      0.92241431      0.92007884      0.0   
Precision--:   0.00065068      0.93927893      0.94132718      0.94267214      0.94366455      0.94459272      0.9455467      0.9465175      0.94767921      0.94952636      0.0   
25/09/2023 19:24:14-31
Recall-----:   1.0      0.93151929      0.9295581      0.92826572      0.92711681      0.92608048      0.92503752      0.9238235      0.92233909      0.91999823      0.0   
Precision--:   0.00065068      0.93936426      0.94139515      0.94274272      0.94373805      0.94466773      0.9456255      0.94659408      0.94775681      0.94960419      0.0   
25/09/2023 19:24:46-32
Recall-----:   1.0      0.93132027      0.92936071      0.92807324      0.92692384      0.92587503      0.92482301      0.92360404      0.92211538      0.91977697      0.0   
Precision--:   0.00065068      0.93965999      0.94168206      0.94301482      0.94401192      0.94493668      0.94589003      0.94685605      0.9480228      0.94987759      0.0   
25/09/2023 19:25:19-33
Recall-----:   1.0      0.93116099      0.9292009      0.92790352      0.92674949      0.92570037      0.92465021      0.92342761      0.92194015      0.91959884      0.0   
Precision--:   0.00065068      0.93990385      0.94191223      0.94323398      0.94422537      0.94515001      0.94610164      0.94707119      0.94824184      0.95008778      0.0   
25/09/2023 19:25:52-34
Recall-----:   1.0      0.9311198      0.92916526      0.92786257      0.92671022      0.92565374      0.92460533      0.92338034      0.92189702      0.91956106      0.0   
Precision--:   0.00065068      0.94003999      0.94203883      0.94336438      0.94435813      0.94527802      0.94622962      0.94719828      0.94837329      0.95022147      0.0   
25/09/2023 19:26:24-35
Recall-----:   1.0      0.93126238      0.92930327      0.92800047      0.92684973      0.9257961      0.92474052      0.92352208      0.92203681      0.9197      0.0   
Precision--:   0.00065068      0.93974958      0.94174887      0.94307257      0.94406035      0.94499375      0.94595571      0.94692916      0.94811188      0.94997152      0.0   
25/09/2023 19:26:57-36
Recall-----:   1.0      0.93141444      0.9294491      0.92813665      0.9269941      0.92594127      0.92488176      0.9236533      0.92216426      0.91984098      0.0   
Precision--:   0.00065068      0.93955033      0.94155585      0.9428867      0.94388053      0.94482321      0.94578341      0.94675152      0.94793524      0.9498116      0.0   
25/09/2023 19:27:29-37
Recall-----:   1.0      0.93149065      0.92952684      0.92820711      0.9270528      0.92600351      0.92495144      0.92371534      0.92221902      0.91989832      0.0   
Precision--:   0.00065068      0.93953279      0.9415388      0.94287287      0.94387905      0.94482323      0.94577938      0.94675125      0.94793829      0.94981935      0.0   
25/09/2023 19:28:01-38
Recall-----:   1.0      0.93146968      0.92951186      0.92819064      0.92703242      0.92598016      0.92492518      0.92369271      0.92220396      0.91988391      0.0   
Precision--:   0.00065068      0.93956625      0.94157178      0.94290521      0.94391508      0.94486313      0.94581423      0.94678609      0.94797554      0.949848      0.0   
25/09/2023 19:28:33-39
Recall-----:   1.0      0.93151157      0.92954971      0.92823503      0.92708017      0.92602066      0.92497086      0.9237436      0.92226117      0.91994702      0.0   
Precision--:   0.00065068      0.93946124      0.94147483      0.94280836      0.94381484      0.94476157      0.94571634      0.9466972      0.94788572      0.94976491      0.0   
25/09/2023 19:29:06-40
Recall-----:   1.0      0.93151264      0.92954178      0.92822386      0.9270739      0.9260075      0.92495661      0.92373429      0.92224926      0.91993471      0.0   
Precision--:   0.00065068      0.93954835      0.94156485      0.94288802      0.9438854      0.94483644      0.94578828      0.94676997      0.94795535      0.94984516      0.0   
25/09/2023 19:29:38-41
Recall-----:   1.0      0.93158262      0.92959898      0.92827376      0.9271268      0.9260614      0.92501955      0.92379859      0.92231023      0.9200037      0.0   
Precision--:   0.00065068      0.9395678      0.94158224      0.94290458      0.94391152      0.94486122      0.94581307      0.9467935      0.94797555      0.94985897      0.0   
25/09/2023 19:30:11-42
Recall-----:   1.0      0.93166331      0.92967981      0.92835337      0.9272109      0.92614893      0.92509928      0.92388618      0.92239301      0.9200818      0.0   
Precision--:   0.00065068      0.93952882      0.94154633      0.94286324      0.94387679      0.94482354      0.94577347      0.94676397      0.94794893      0.94983814      0.0   
25/09/2023 19:30:43-43
Recall-----:   1.0      0.93172989      0.92974732      0.92842615      0.92728557      0.92621482      0.92516093      0.92394571      0.92245758      0.92015234      0.0   
Precision--:   0.00065068      0.93955182      0.94157272      0.94288202      0.94390039      0.94485003      0.94580161      0.94678899      0.94797669      0.94986685      0.0   
25/09/2023 19:31:15-44
Recall-----:   1.0      0.93177468      0.92979614      0.92847058      0.92732945      0.92626131      0.92520729      0.92399082      0.92250672      0.92019228      0.0   
Precision--:   0.00065068      0.93964181      0.94165239      0.94295712      0.94397491      0.94492358      0.94587486      0.94685946      0.94805149      0.94995673      0.0   
25/09/2023 19:31:48-45
Recall-----:   1.0      0.93178604      0.92980983      0.9284839      0.9273384      0.92627582      0.92522246      0.92400786      0.92252608      0.92021513      0.0   
Precision--:   0.00065068      0.93974999      0.9417574      0.94306477      0.94408637      0.94503075      0.94598193      0.94696568      0.94816271      0.95006603      0.0   
25/09/2023 19:32:20-46
Recall-----:   1.0      0.93183449      0.92984998      0.92852972      0.9273838      0.92632655      0.9252738      0.92405724      0.92257994      0.92027081      0.0   
Precision--:   0.00065068      0.93985586      0.94185669      0.94316114      0.94419015      0.94513109      0.94608067      0.94706483      0.94826011      0.95017538      0.0   
25/09/2023 19:32:53-47
Recall-----:   1.0      0.93190888      0.92992525      0.92860895      0.92745968      0.92640532      0.92535096      0.92413179      0.92265436      0.92034478      0.0   
Precision--:   0.00065068      0.93983907      0.9418375      0.94313994      0.94417404      0.94512394      0.94607507      0.94706062      0.94826072      0.95017152      0.0   
25/09/2023 19:33:25-48
Recall-----:   1.0      0.93191825      0.92993834      0.92862296      0.9274712      0.92641601      0.9253702      0.92414419      0.92266881      0.92036095      0.0   
Precision--:   0.00065068      0.93996541      0.94196551      0.94326378      0.944302      0.94524967      0.94619915      0.94718631      0.94838544      0.95029865      0.0   
25/09/2023 19:33:57-49
Recall-----:   1.0      0.93196044      0.92997775      0.92865407      0.92750203      0.92644605      0.92539855      0.92418012      0.9227081      0.9204012      0.0   
Precision--:   0.00065068      0.94002176      0.94202462      0.94331265      0.94434788      0.94529452      0.9462416      0.94722874      0.94843561      0.95035682      0.0   
25/09/2023 19:34:30-50
Recall-----:   1.0      0.93206192      0.93008071      0.92876152      0.92761891      0.92656078      0.92551166      0.92429427      0.92282965      0.92051812      0.0   
Precision--:   0.00065068      0.93998044      0.94199273      0.94328178      0.94431234      0.94525625      0.94620202      0.94718709      0.94839983      0.95032092      0.0   
25/09/2023 19:35:03-51
Recall-----:   1.0      0.93215135      0.93016137      0.9288397      0.92769801      0.9266419      0.92559597      0.9243789      0.92291868      0.92060541      0.0   
Precision--:   0.00065068      0.93996277      0.94197201      0.94325978      0.94428609      0.94522896      0.94617248      0.94716415      0.94838513      0.95030511      0.0   
25/09/2023 19:35:36-52
Recall-----:   1.0      0.93221607      0.930221      0.92889961      0.9277628      0.92671062      0.92566378      0.924451      0.92299634      0.92068208      0.0   
Precision--:   0.00065068      0.93992995      0.94194021      0.9432307      0.94425764      0.94520154      0.94614591      0.94713705      0.94835239      0.95027318      0.0   
25/09/2023 19:36:08-53
Recall-----:   1.0      0.93226663      0.93027449      0.92894749      0.92780753      0.9267598      0.92571272      0.9244969      0.92304432      0.92072779      0.0   
Precision--:   0.00065068      0.93995218      0.94195615      0.94324161      0.94427197      0.94521265      0.94615422      0.9471465      0.94836214      0.95028077      0.0   
25/09/2023 19:36:41-54
Recall-----:   1.0      0.93234745      0.93036392      0.92903665      0.92789302      0.92683929      0.92579391      0.92458222      0.92313037      0.92081229      0.0   
Precision--:   0.00065068      0.93994633      0.94194679      0.94322876      0.94425549      0.94519977      0.94614422      0.94714162      0.94836301      0.95028071      0.0   
25/09/2023 19:37:13-55
Recall-----:   1.0      0.9324008      0.93042178      0.92909803      0.92795338      0.92689829      0.92585328      0.92464178      0.92319253      0.92087674      0.0   
Precision--:   0.00065068      0.93993861      0.94193429      0.94321315      0.94424319      0.94518637      0.94613293      0.94713324      0.94835905      0.9502773      0.0   
25/09/2023 19:37:46-56
Recall-----:   1.0      0.9324944      0.93051727      0.92919195      0.92804632      0.92699672      0.92595394      0.92474078      0.92329154      0.92097859      0.0   
Precision--:   0.00065068      0.9399026      0.94190389      0.94318111      0.94420413      0.94514471      0.94608969      0.94708714      0.94831989      0.95023778      0.0   
25/09/2023 19:38:18-57
Recall-----:   1.0      0.93254459      0.93056927      0.92924245      0.9280983      0.92704854      0.92600912      0.92479738      0.92335243      0.92103613      0.0   
Precision--:   0.00065068      0.93984983      0.94185186      0.94312571      0.94414849      0.94509094      0.94603504      0.94703285      0.94827432      0.95019694      0.0   
25/09/2023 19:38:50-58
Recall-----:   1.0      0.93258649      0.93061891      0.92929423      0.92815451      0.92709979      0.92605943      0.92484728      0.92340108      0.92107914      0.0   
Precision--:   0.00065068      0.93986253      0.94186547      0.94313941      0.94416005      0.94509961      0.94604572      0.94703878      0.94828514      0.95020965      0.0   
25/09/2023 19:39:23-59
Recall-----:   1.0      0.93265348      0.93069045      0.92936959      0.9282318      0.92717523      0.92613691      0.92492495      0.92347931      0.92115545      0.0   
Precision--:   0.00065068      0.9399132      0.94191986      0.94319017      0.9442087      0.94514857      0.94609177      0.94708092      0.94832304      0.9502468      0.0   
