-- The C compiler identification is GNU 11.4.0
-- The CXX compiler identification is GNU 11.4.0
-- Detecting C compiler ABI info
-- Detecting C compiler ABI info - done
-- Check for working C compiler: /usr/bin/cc - skipped
-- Detecting C compile features
-- Detecting C compile features - done
-- Detecting CXX compiler ABI info
-- Detecting CXX compiler ABI info - done
-- Check for working CXX compiler: /usr/bin/c++ - skipped
-- Detecting CXX compile features
-- Detecting CXX compile features - done
-- Found ament_cmake: 1.3.12 (/opt/ros/humble/share/ament_cmake/cmake)
-- Found Python3: /usr/bin/python3 (found version "3.10.12") found components: Interpreter 
-- Found rclcpp: 16.0.17 (/opt/ros/humble/share/rclcpp/cmake)
-- Found rosidl_generator_c: 3.1.8 (/opt/ros/humble/share/rosidl_generator_c/cmake)
-- Found rosidl_adapter: 3.1.8 (/opt/ros/humble/share/rosidl_adapter/cmake)
-- Found rosidl_generator_cpp: 3.1.8 (/opt/ros/humble/share/rosidl_generator_cpp/cmake)
-- Using all available rosidl_typesupport_c: rosidl_typesupport_fastrtps_c;rosidl_typesupport_introspection_c
-- Using all available rosidl_typesupport_cpp: rosidl_typesupport_fastrtps_cpp;rosidl_typesupport_introspection_cpp
-- Found rmw_implementation_cmake: 6.1.2 (/opt/ros/humble/share/rmw_implementation_cmake/cmake)
-- Found rmw_cyclonedds_cpp: 1.3.4 (/opt/ros/humble/share/rmw_cyclonedds_cpp/cmake)
-- Using RMW implementation 'rmw_cyclonedds_cpp' as default
-- Looking for pthread.h
-- Looking for pthread.h - found
-- Performing Test CMAKE_HAVE_LIBC_PTHREAD
-- Performing Test CMAKE_HAVE_LIBC_PTHREAD - Success
-- Found Threads: TRUE  
-- Found sensor_msgs: 4.9.0 (/opt/ros/humble/share/sensor_msgs/cmake)
-- Configuring done
-- Generating done
-- Build files have been written to: /workspace/ros2_yolo/src/sensor_driver/build/imu_speed
[ 50%] [32mBuilding CXX object CMakeFiles/imu_speed_node.dir/src/imu_speed_node.cpp.o[0m
[100%] [32m[1mLinking CXX executable imu_speed_node[0m
[100%] Built target imu_speed_node
-- Install configuration: ""
-- Installing: /workspace/ros2_yolo/src/sensor_driver/install/imu_speed/lib/imu_speed/imu_speed_node
-- Set runtime path of "/workspace/ros2_yolo/src/sensor_driver/install/imu_speed/lib/imu_speed/imu_speed_node" to ""
-- Installing: /workspace/ros2_yolo/src/sensor_driver/install/imu_speed/include/
-- Installing: /workspace/ros2_yolo/src/sensor_driver/install/imu_speed/include//imu_speed
-- Installing: /workspace/ros2_yolo/src/sensor_driver/install/imu_speed/include//imu_speed/udp_driver.hpp
-- Installing: /workspace/ros2_yolo/src/sensor_driver/install/imu_speed/share/imu_speed/launch
-- Installing: /workspace/ros2_yolo/src/sensor_driver/install/imu_speed/share/imu_speed/launch/imu_speed.launch.py
-- Installing: /workspace/ros2_yolo/src/sensor_driver/install/imu_speed/share/ament_index/resource_index/package_run_dependencies/imu_speed
-- Installing: /workspace/ros2_yolo/src/sensor_driver/install/imu_speed/share/ament_index/resource_index/parent_prefix_path/imu_speed
-- Installing: /workspace/ros2_yolo/src/sensor_driver/install/imu_speed/share/imu_speed/environment/ament_prefix_path.sh
-- Installing: /workspace/ros2_yolo/src/sensor_driver/install/imu_speed/share/imu_speed/environment/ament_prefix_path.dsv
-- Installing: /workspace/ros2_yolo/src/sensor_driver/install/imu_speed/share/imu_speed/environment/path.sh
-- Installing: /workspace/ros2_yolo/src/sensor_driver/install/imu_speed/share/imu_speed/environment/path.dsv
-- Installing: /workspace/ros2_yolo/src/sensor_driver/install/imu_speed/share/imu_speed/local_setup.bash
-- Installing: /workspace/ros2_yolo/src/sensor_driver/install/imu_speed/share/imu_speed/local_setup.sh
-- Installing: /workspace/ros2_yolo/src/sensor_driver/install/imu_speed/share/imu_speed/local_setup.zsh
-- Installing: /workspace/ros2_yolo/src/sensor_driver/install/imu_speed/share/imu_speed/local_setup.dsv
-- Installing: /workspace/ros2_yolo/src/sensor_driver/install/imu_speed/share/imu_speed/package.dsv
-- Installing: /workspace/ros2_yolo/src/sensor_driver/install/imu_speed/share/ament_index/resource_index/packages/imu_speed
-- Installing: /workspace/ros2_yolo/src/sensor_driver/install/imu_speed/share/imu_speed/cmake/imu_speedConfig.cmake
-- Installing: /workspace/ros2_yolo/src/sensor_driver/install/imu_speed/share/imu_speed/cmake/imu_speedConfig-version.cmake
-- Installing: /workspace/ros2_yolo/src/sensor_driver/install/imu_speed/share/imu_speed/package.xml
