[0.020s] Invoking command in '/workspace/ros2_yolo/src/sensor_driver/build/imu_speed': CMAKE_PREFIX_PATH=${CMAKE_PREFIX_PATH}:/workspace/ros2_yolo/install/pcdet_ros2:/workspace/ros2_yolo/install/fusiondet:/workspace/ros2_yolo/install/fusion_tracker:/opt/ros/humble /usr/bin/cmake /workspace/ros2_yolo/src/sensor_driver/src/imu_speed -DCMAKE_INSTALL_PREFIX=/workspace/ros2_yolo/src/sensor_driver/install/imu_speed
[0.097s] -- The C compiler identification is GNU 11.4.0
[0.161s] -- The CXX compiler identification is GNU 11.4.0
[0.169s] -- Detecting C compiler ABI info
[0.251s] -- Detecting C compiler ABI info - done
[0.259s] -- Check for working C compiler: /usr/bin/cc - skipped
[0.259s] -- Detecting C compile features
[0.259s] -- Detecting C compile features - done
[0.262s] -- Detecting CXX compiler ABI info
[0.349s] -- Detecting CXX compiler ABI info - done
[0.356s] -- Check for working CXX compiler: /usr/bin/c++ - skipped
[0.356s] -- Detecting CXX compile features
[0.357s] -- Detecting CXX compile features - done
[0.362s] -- Found ament_cmake: 1.3.12 (/opt/ros/humble/share/ament_cmake/cmake)
[0.899s] -- Found Python3: /usr/bin/python3 (found version "3.10.12") found components: Interpreter 
[1.025s] -- Found rclcpp: 16.0.17 (/opt/ros/humble/share/rclcpp/cmake)
[1.089s] -- Found rosidl_generator_c: 3.1.8 (/opt/ros/humble/share/rosidl_generator_c/cmake)
[1.098s] -- Found rosidl_adapter: 3.1.8 (/opt/ros/humble/share/rosidl_adapter/cmake)
[1.109s] -- Found rosidl_generator_cpp: 3.1.8 (/opt/ros/humble/share/rosidl_generator_cpp/cmake)
[1.122s] -- Using all available rosidl_typesupport_c: rosidl_typesupport_fastrtps_c;rosidl_typesupport_introspection_c
[1.144s] -- Using all available rosidl_typesupport_cpp: rosidl_typesupport_fastrtps_cpp;rosidl_typesupport_introspection_cpp
[1.200s] -- Found rmw_implementation_cmake: 6.1.2 (/opt/ros/humble/share/rmw_implementation_cmake/cmake)
[1.205s] -- Found rmw_cyclonedds_cpp: 1.3.4 (/opt/ros/humble/share/rmw_cyclonedds_cpp/cmake)
[1.227s] -- Using RMW implementation 'rmw_cyclonedds_cpp' as default
[1.244s] -- Looking for pthread.h
[1.324s] -- Looking for pthread.h - found
[1.325s] -- Performing Test CMAKE_HAVE_LIBC_PTHREAD
[1.398s] -- Performing Test CMAKE_HAVE_LIBC_PTHREAD - Success
[1.400s] -- Found Threads: TRUE  
[1.458s] -- Found sensor_msgs: 4.9.0 (/opt/ros/humble/share/sensor_msgs/cmake)
[1.562s] -- Configuring done
[1.569s] -- Generating done
[1.571s] -- Build files have been written to: /workspace/ros2_yolo/src/sensor_driver/build/imu_speed
[1.579s] Invoked command in '/workspace/ros2_yolo/src/sensor_driver/build/imu_speed' returned '0': CMAKE_PREFIX_PATH=${CMAKE_PREFIX_PATH}:/workspace/ros2_yolo/install/pcdet_ros2:/workspace/ros2_yolo/install/fusiondet:/workspace/ros2_yolo/install/fusion_tracker:/opt/ros/humble /usr/bin/cmake /workspace/ros2_yolo/src/sensor_driver/src/imu_speed -DCMAKE_INSTALL_PREFIX=/workspace/ros2_yolo/src/sensor_driver/install/imu_speed
[1.581s] Invoking command in '/workspace/ros2_yolo/src/sensor_driver/build/imu_speed': CMAKE_PREFIX_PATH=${CMAKE_PREFIX_PATH}:/workspace/ros2_yolo/install/pcdet_ros2:/workspace/ros2_yolo/install/fusiondet:/workspace/ros2_yolo/install/fusion_tracker:/opt/ros/humble /usr/bin/cmake --build /workspace/ros2_yolo/src/sensor_driver/build/imu_speed -- -j112 -l112
[1.632s] [ 50%] [32mBuilding CXX object CMakeFiles/imu_speed_node.dir/src/imu_speed_node.cpp.o[0m
[5.573s] [100%] [32m[1mLinking CXX executable imu_speed_node[0m
[5.770s] [100%] Built target imu_speed_node
[5.794s] Invoked command in '/workspace/ros2_yolo/src/sensor_driver/build/imu_speed' returned '0': CMAKE_PREFIX_PATH=${CMAKE_PREFIX_PATH}:/workspace/ros2_yolo/install/pcdet_ros2:/workspace/ros2_yolo/install/fusiondet:/workspace/ros2_yolo/install/fusion_tracker:/opt/ros/humble /usr/bin/cmake --build /workspace/ros2_yolo/src/sensor_driver/build/imu_speed -- -j112 -l112
[5.795s] Invoking command in '/workspace/ros2_yolo/src/sensor_driver/build/imu_speed': CMAKE_PREFIX_PATH=${CMAKE_PREFIX_PATH}:/workspace/ros2_yolo/install/pcdet_ros2:/workspace/ros2_yolo/install/fusiondet:/workspace/ros2_yolo/install/fusion_tracker:/opt/ros/humble /usr/bin/cmake --install /workspace/ros2_yolo/src/sensor_driver/build/imu_speed
[5.803s] -- Install configuration: ""
[5.803s] -- Installing: /workspace/ros2_yolo/src/sensor_driver/install/imu_speed/lib/imu_speed/imu_speed_node
[5.804s] -- Set runtime path of "/workspace/ros2_yolo/src/sensor_driver/install/imu_speed/lib/imu_speed/imu_speed_node" to ""
[5.804s] -- Installing: /workspace/ros2_yolo/src/sensor_driver/install/imu_speed/include/
[5.804s] -- Installing: /workspace/ros2_yolo/src/sensor_driver/install/imu_speed/include//imu_speed
[5.804s] -- Installing: /workspace/ros2_yolo/src/sensor_driver/install/imu_speed/include//imu_speed/udp_driver.hpp
[5.804s] -- Installing: /workspace/ros2_yolo/src/sensor_driver/install/imu_speed/share/imu_speed/launch
[5.804s] -- Installing: /workspace/ros2_yolo/src/sensor_driver/install/imu_speed/share/imu_speed/launch/imu_speed.launch.py
[5.804s] -- Installing: /workspace/ros2_yolo/src/sensor_driver/install/imu_speed/share/ament_index/resource_index/package_run_dependencies/imu_speed
[5.804s] -- Installing: /workspace/ros2_yolo/src/sensor_driver/install/imu_speed/share/ament_index/resource_index/parent_prefix_path/imu_speed
[5.804s] -- Installing: /workspace/ros2_yolo/src/sensor_driver/install/imu_speed/share/imu_speed/environment/ament_prefix_path.sh
[5.804s] -- Installing: /workspace/ros2_yolo/src/sensor_driver/install/imu_speed/share/imu_speed/environment/ament_prefix_path.dsv
[5.804s] -- Installing: /workspace/ros2_yolo/src/sensor_driver/install/imu_speed/share/imu_speed/environment/path.sh
[5.804s] -- Installing: /workspace/ros2_yolo/src/sensor_driver/install/imu_speed/share/imu_speed/environment/path.dsv
[5.805s] -- Installing: /workspace/ros2_yolo/src/sensor_driver/install/imu_speed/share/imu_speed/local_setup.bash
[5.805s] -- Installing: /workspace/ros2_yolo/src/sensor_driver/install/imu_speed/share/imu_speed/local_setup.sh
[5.805s] -- Installing: /workspace/ros2_yolo/src/sensor_driver/install/imu_speed/share/imu_speed/local_setup.zsh
[5.805s] -- Installing: /workspace/ros2_yolo/src/sensor_driver/install/imu_speed/share/imu_speed/local_setup.dsv
[5.805s] -- Installing: /workspace/ros2_yolo/src/sensor_driver/install/imu_speed/share/imu_speed/package.dsv
[5.805s] -- Installing: /workspace/ros2_yolo/src/sensor_driver/install/imu_speed/share/ament_index/resource_index/packages/imu_speed
[5.805s] -- Installing: /workspace/ros2_yolo/src/sensor_driver/install/imu_speed/share/imu_speed/cmake/imu_speedConfig.cmake
[5.805s] -- Installing: /workspace/ros2_yolo/src/sensor_driver/install/imu_speed/share/imu_speed/cmake/imu_speedConfig-version.cmake
[5.805s] -- Installing: /workspace/ros2_yolo/src/sensor_driver/install/imu_speed/share/imu_speed/package.xml
[5.806s] Invoked command in '/workspace/ros2_yolo/src/sensor_driver/build/imu_speed' returned '0': CMAKE_PREFIX_PATH=${CMAKE_PREFIX_PATH}:/workspace/ros2_yolo/install/pcdet_ros2:/workspace/ros2_yolo/install/fusiondet:/workspace/ros2_yolo/install/fusion_tracker:/opt/ros/humble /usr/bin/cmake --install /workspace/ros2_yolo/src/sensor_driver/build/imu_speed
