[0.665s] Invoking command in '/workspace/CogniScope/src/see_beyond_ros2': PYTHONPATH=/workspace/CogniScope/build/see_beyond_ros2/prefix_override:/usr/lib/python3/dist-packages/colcon_core/task/python/colcon_distutils_commands:/workspace/CogniScope/install/see_beyond_ros2/lib/python3.10/site-packages:${PYTHONPATH} /usr/bin/python3 -W ignore:setup.py install is deprecated -W ignore:easy_install command is deprecated setup.py egg_info --egg-base ../../build/see_beyond_ros2 build --build-base /workspace/CogniScope/build/see_beyond_ros2/build install --record /workspace/CogniScope/build/see_beyond_ros2/install.log --single-version-externally-managed install_data
[0.906s] running egg_info
[0.906s] creating ../../build/see_beyond_ros2/see_beyond_ros2.egg-info
[0.907s] writing manifest file '../../build/see_beyond_ros2/see_beyond_ros2.egg-info/SOURCES.txt'
[0.908s] writing manifest file '../../build/see_beyond_ros2/see_beyond_ros2.egg-info/SOURCES.txt'
[0.909s] running build
[0.909s] running build_py
[0.909s] creating /workspace/CogniScope/build/see_beyond_ros2/build
[0.909s] creating /workspace/CogniScope/build/see_beyond_ros2/build/lib
[0.909s] creating /workspace/CogniScope/build/see_beyond_ros2/build/lib/see_beyond_ros2
[0.909s] copying see_beyond_ros2/fusion_detector.py -> /workspace/CogniScope/build/see_beyond_ros2/build/lib/see_beyond_ros2
[0.909s] copying see_beyond_ros2/see_beyond_ros2_node.py -> /workspace/CogniScope/build/see_beyond_ros2/build/lib/see_beyond_ros2
[0.909s] copying see_beyond_ros2/__init__.py -> /workspace/CogniScope/build/see_beyond_ros2/build/lib/see_beyond_ros2
[0.909s] copying see_beyond_ros2/msg_utils.py -> /workspace/CogniScope/build/see_beyond_ros2/build/lib/see_beyond_ros2
[0.909s] running install
[0.911s] running install_lib
[0.911s] creating /workspace/CogniScope/install/see_beyond_ros2/lib/python3.10/site-packages/see_beyond_ros2
[0.912s] copying /workspace/CogniScope/build/see_beyond_ros2/build/lib/see_beyond_ros2/fusion_detector.py -> /workspace/CogniScope/install/see_beyond_ros2/lib/python3.10/site-packages/see_beyond_ros2
[0.912s] copying /workspace/CogniScope/build/see_beyond_ros2/build/lib/see_beyond_ros2/see_beyond_ros2_node.py -> /workspace/CogniScope/install/see_beyond_ros2/lib/python3.10/site-packages/see_beyond_ros2
[0.912s] copying /workspace/CogniScope/build/see_beyond_ros2/build/lib/see_beyond_ros2/__init__.py -> /workspace/CogniScope/install/see_beyond_ros2/lib/python3.10/site-packages/see_beyond_ros2
[0.912s] copying /workspace/CogniScope/build/see_beyond_ros2/build/lib/see_beyond_ros2/msg_utils.py -> /workspace/CogniScope/install/see_beyond_ros2/lib/python3.10/site-packages/see_beyond_ros2
[0.912s] byte-compiling /workspace/CogniScope/install/see_beyond_ros2/lib/python3.10/site-packages/see_beyond_ros2/fusion_detector.py to fusion_detector.cpython-310.pyc
[0.913s] byte-compiling /workspace/CogniScope/install/see_beyond_ros2/lib/python3.10/site-packages/see_beyond_ros2/see_beyond_ros2_node.py to see_beyond_ros2_node.cpython-310.pyc
[0.914s] byte-compiling /workspace/CogniScope/install/see_beyond_ros2/lib/python3.10/site-packages/see_beyond_ros2/__init__.py to __init__.cpython-310.pyc
[0.914s] byte-compiling /workspace/CogniScope/install/see_beyond_ros2/lib/python3.10/site-packages/see_beyond_ros2/msg_utils.py to msg_utils.cpython-310.pyc
[0.914s] running install_data
[0.914s] creating /workspace/CogniScope/install/see_beyond_ros2/share/ament_index
[0.914s] creating /workspace/CogniScope/install/see_beyond_ros2/share/ament_index/resource_index
[0.915s] creating /workspace/CogniScope/install/see_beyond_ros2/share/ament_index/resource_index/packages
[0.915s] copying resource/see_beyond_ros2 -> /workspace/CogniScope/install/see_beyond_ros2/share/ament_index/resource_index/packages
[0.915s] copying package.xml -> /workspace/CogniScope/install/see_beyond_ros2/share/see_beyond_ros2
[0.915s] creating /workspace/CogniScope/install/see_beyond_ros2/share/see_beyond_ros2/launch
[0.915s] copying launch/see_beyond_ros2.launch.py -> /workspace/CogniScope/install/see_beyond_ros2/share/see_beyond_ros2/launch
[0.915s] running install_egg_info
[0.915s] Copying ../../build/see_beyond_ros2/see_beyond_ros2.egg-info to /workspace/CogniScope/install/see_beyond_ros2/lib/python3.10/site-packages/see_beyond_ros2-0.0.1-py3.10.egg-info
[0.916s] running install_scripts
[0.918s] writing list of installed files to '/workspace/CogniScope/build/see_beyond_ros2/install.log'
[0.918s] 安装目录: /workspace/CogniScope/install/see_beyond_ros2/lib/python3.10/site-packages/
[0.970s] Invoked command in '/workspace/CogniScope/src/see_beyond_ros2' returned '0': PYTHONPATH=/workspace/CogniScope/build/see_beyond_ros2/prefix_override:/usr/lib/python3/dist-packages/colcon_core/task/python/colcon_distutils_commands:/workspace/CogniScope/install/see_beyond_ros2/lib/python3.10/site-packages:${PYTHONPATH} /usr/bin/python3 -W ignore:setup.py install is deprecated -W ignore:easy_install command is deprecated setup.py egg_info --egg-base ../../build/see_beyond_ros2 build --build-base /workspace/CogniScope/build/see_beyond_ros2/build install --record /workspace/CogniScope/build/see_beyond_ros2/install.log --single-version-externally-managed install_data
