[35m[1mConsolidate compiler generated dependencies of target imu5651_driver[0m
[100%] Built target imu5651_driver
-- Install configuration: ""
-- Up-to-date: /workspace/ros2_yolo/src/sensor_driver/install/imu5651_driver/lib/imu5651_driver/imu5651_driver
-- Up-to-date: /workspace/ros2_yolo/src/sensor_driver/install/imu5651_driver/share/ament_index/resource_index/package_run_dependencies/imu5651_driver
-- Up-to-date: /workspace/ros2_yolo/src/sensor_driver/install/imu5651_driver/share/ament_index/resource_index/parent_prefix_path/imu5651_driver
-- Up-to-date: /workspace/ros2_yolo/src/sensor_driver/install/imu5651_driver/share/imu5651_driver/environment/ament_prefix_path.sh
-- Up-to-date: /workspace/ros2_yolo/src/sensor_driver/install/imu5651_driver/share/imu5651_driver/environment/ament_prefix_path.dsv
-- Up-to-date: /workspace/ros2_yolo/src/sensor_driver/install/imu5651_driver/share/imu5651_driver/environment/path.sh
-- Up-to-date: /workspace/ros2_yolo/src/sensor_driver/install/imu5651_driver/share/imu5651_driver/environment/path.dsv
-- Up-to-date: /workspace/ros2_yolo/src/sensor_driver/install/imu5651_driver/share/imu5651_driver/local_setup.bash
-- Up-to-date: /workspace/ros2_yolo/src/sensor_driver/install/imu5651_driver/share/imu5651_driver/local_setup.sh
-- Up-to-date: /workspace/ros2_yolo/src/sensor_driver/install/imu5651_driver/share/imu5651_driver/local_setup.zsh
-- Up-to-date: /workspace/ros2_yolo/src/sensor_driver/install/imu5651_driver/share/imu5651_driver/local_setup.dsv
-- Installing: /workspace/ros2_yolo/src/sensor_driver/install/imu5651_driver/share/imu5651_driver/package.dsv
-- Up-to-date: /workspace/ros2_yolo/src/sensor_driver/install/imu5651_driver/share/ament_index/resource_index/packages/imu5651_driver
-- Up-to-date: /workspace/ros2_yolo/src/sensor_driver/install/imu5651_driver/share/imu5651_driver/cmake/ament_cmake_export_dependencies-extras.cmake
-- Up-to-date: /workspace/ros2_yolo/src/sensor_driver/install/imu5651_driver/share/imu5651_driver/cmake/imu5651_driverConfig.cmake
-- Up-to-date: /workspace/ros2_yolo/src/sensor_driver/install/imu5651_driver/share/imu5651_driver/cmake/imu5651_driverConfig-version.cmake
-- Up-to-date: /workspace/ros2_yolo/src/sensor_driver/install/imu5651_driver/share/imu5651_driver/package.xml
