[0.556s] Invoking command in '/workspace/CogniScope/build/pointcloud_to_laserscan': CMAKE_PREFIX_PATH=${CMAKE_PREFIX_PATH}:/workspace/CogniScope/install/see_beyond_ros2:/workspace/CogniScope/install/pcdet_ros2:/workspace/CogniScope/install/fusiondet:/workspace/CogniScope/install/fusion_tracker:/opt/ros/humble /usr/bin/cmake /workspace/CogniScope/src/sensor_driver/src/pointcloud_to_laserscan-foxy -DAMENT_CMAKE_SYMLINK_INSTALL=1 -DCMAKE_INSTALL_PREFIX=/workspace/CogniScope/install/pointcloud_to_laserscan
[0.841s] -- The C compiler identification is GNU 11.4.0
[0.841s] -- The CXX compiler identification is GNU 11.4.0
[0.841s] -- Detecting C compiler ABI info
[0.842s] -- Detecting C compiler ABI info - done
[0.842s] -- Check for working C compiler: /usr/bin/cc - skipped
[0.842s] -- Detecting C compile features
[0.842s] -- Detecting C compile features - done
[0.842s] -- Detecting CXX compiler ABI info
[0.846s] -- Detecting CXX compiler ABI info - done
[0.854s] -- Check for working CXX compiler: /usr/bin/c++ - skipped
[0.854s] -- Detecting CXX compile features
[0.855s] -- Detecting CXX compile features - done
[0.859s] -- Found ament_cmake: 1.3.12 (/opt/ros/humble/share/ament_cmake/cmake)
[1.420s] -- Found Python3: /usr/bin/python3 (found version "3.10.12") found components: Interpreter 
[1.479s] -- Override CMake install command with custom implementation using symlinks instead of copying resources
[1.531s] -- Found laser_geometry: 2.4.1 (/opt/ros/humble/share/laser_geometry/cmake)
[1.605s] -- Found rosidl_generator_c: 3.1.8 (/opt/ros/humble/share/rosidl_generator_c/cmake)
[1.611s] -- Found rosidl_adapter: 3.1.8 (/opt/ros/humble/share/rosidl_adapter/cmake)
[1.622s] -- Found rosidl_generator_cpp: 3.1.8 (/opt/ros/humble/share/rosidl_generator_cpp/cmake)
[1.636s] -- Using all available rosidl_typesupport_c: rosidl_typesupport_fastrtps_c;rosidl_typesupport_introspection_c
[1.654s] -- Using all available rosidl_typesupport_cpp: rosidl_typesupport_fastrtps_cpp;rosidl_typesupport_introspection_cpp
[1.706s] -- Found rmw_implementation_cmake: 6.1.2 (/opt/ros/humble/share/rmw_implementation_cmake/cmake)
[1.710s] -- Found rmw_cyclonedds_cpp: 1.3.4 (/opt/ros/humble/share/rmw_cyclonedds_cpp/cmake)
[1.731s] -- Using RMW implementation 'rmw_cyclonedds_cpp' as default
[1.744s] -- Looking for pthread.h
[1.817s] -- Looking for pthread.h - found
[1.818s] -- Performing Test CMAKE_HAVE_LIBC_PTHREAD
[1.898s] -- Performing Test CMAKE_HAVE_LIBC_PTHREAD - Success
[1.900s] -- Found Threads: TRUE  
[2.001s] -- Found message_filters: 4.3.11 (/opt/ros/humble/share/message_filters/cmake)
[2.009s] -- Found rclcpp_components: 16.0.17 (/opt/ros/humble/share/rclcpp_components/cmake)
[2.046s] -- Found tf2_ros: 0.25.18 (/opt/ros/humble/share/tf2_ros/cmake)
[2.108s] -- Found tf2_sensor_msgs: 0.25.18 (/opt/ros/humble/share/tf2_sensor_msgs/cmake)
[2.115s] -- Found nav_msgs: 4.9.0 (/opt/ros/humble/share/nav_msgs/cmake)
[2.130s] -- Found tf2_geometry_msgs: 0.25.18 (/opt/ros/humble/share/tf2_geometry_msgs/cmake)
[2.143s] -- Found Eigen3: TRUE (found version "3.4.0") 
[2.144s] -- Ensuring Eigen3 include directory is part of orocos-kdl CMake target
[2.168s] -- Found ament_lint_auto: 0.12.14 (/opt/ros/humble/share/ament_lint_auto/cmake)
[2.279s] -- Added test 'cppcheck' to perform static code analysis on C / C++ code
[2.279s] -- Configured cppcheck include dirs: /workspace/CogniScope/src/sensor_driver/src/pointcloud_to_laserscan-foxy/include
[2.280s] -- Configured cppcheck exclude dirs and/or files: 
[2.281s] -- Added test 'cpplint' to check C / C++ code against the Google style
[2.281s] -- Configured cpplint exclude dirs and/or files: 
[2.281s] -- Added test 'flake8' to check Python code syntax and style conventions
[2.282s] -- Added test 'lint_cmake' to check CMake code style
[2.282s] -- Added test 'pep257' to check Python code against some of the docstring style conventions in PEP 257
[2.284s] -- Added test 'uncrustify' to check C / C++ code style
[2.284s] -- Configured uncrustify additional arguments: 
[2.284s] -- Added test 'xmllint' to check XML markup files
[2.286s] -- Configuring done
[2.315s] -- Generating done
[2.325s] -- Build files have been written to: /workspace/CogniScope/build/pointcloud_to_laserscan
[2.336s] Invoked command in '/workspace/CogniScope/build/pointcloud_to_laserscan' returned '0': CMAKE_PREFIX_PATH=${CMAKE_PREFIX_PATH}:/workspace/CogniScope/install/see_beyond_ros2:/workspace/CogniScope/install/pcdet_ros2:/workspace/CogniScope/install/fusiondet:/workspace/CogniScope/install/fusion_tracker:/opt/ros/humble /usr/bin/cmake /workspace/CogniScope/src/sensor_driver/src/pointcloud_to_laserscan-foxy -DAMENT_CMAKE_SYMLINK_INSTALL=1 -DCMAKE_INSTALL_PREFIX=/workspace/CogniScope/install/pointcloud_to_laserscan
[2.337s] Invoking command in '/workspace/CogniScope/build/pointcloud_to_laserscan': CMAKE_PREFIX_PATH=${CMAKE_PREFIX_PATH}:/workspace/CogniScope/install/see_beyond_ros2:/workspace/CogniScope/install/pcdet_ros2:/workspace/CogniScope/install/fusiondet:/workspace/CogniScope/install/fusion_tracker:/opt/ros/humble /usr/bin/cmake --build /workspace/CogniScope/build/pointcloud_to_laserscan -- -j112 -l112
[2.405s] [  7%] [32mBuilding CXX object CMakeFiles/laserscan_to_pointcloud.dir/src/laserscan_to_pointcloud_node.cpp.o[0m
[2.405s] [ 14%] [32mBuilding CXX object CMakeFiles/dummy_pointcloud_publisher.dir/src/dummy_pointcloud_publisher.cpp.o[0m
[2.405s] [ 21%] [32mBuilding CXX object CMakeFiles/pointcloud_to_laserscan.dir/src/pointcloud_to_laserscan_node.cpp.o[0m
[2.406s] [ 35%] [32mBuilding CXX object CMakeFiles/pointcloud_to_laserscan_node.dir/rclcpp_components/node_main_pointcloud_to_laserscan_node.cpp.o[0m
[2.406s] [ 42%] [32mBuilding CXX object CMakeFiles/laserscan_to_occupancy_grid.dir/src/laserscan_to_occupancy_grid.cpp.o[0m
[2.406s] [ 50%] [32mBuilding CXX object CMakeFiles/copy_tf_publisher.dir/src/copy_tf_publisher.cpp.o[0m
[2.406s] [ 50%] [32mBuilding CXX object CMakeFiles/laserscan_to_pointcloud_node.dir/rclcpp_components/node_main_laserscan_to_pointcloud_node.cpp.o[0m
[3.023s] In file included from [01m[K/workspace/CogniScope/src/sensor_driver/src/pointcloud_to_laserscan-foxy/src/laserscan_to_occupancy_grid.cpp:15[m[K:
[3.023s] [01m[K/opt/ros/humble/include/tf2_geometry_msgs/tf2_geometry_msgs/tf2_geometry_msgs.h:35:2:[m[K [01;35m[Kwarning: [m[K#warning This header is obsolete, please include tf2_geometry_msgs/tf2_geometry_msgs.hpp instead [[01;35m[K-Wcpp[m[K]
[3.023s]    35 | #[01;35m[Kwarning[m[K This header is obsolete, please include tf2_geometry_msgs/tf2_geometry_msgs.hpp instead
[3.023s]       |  [01;35m[K^~~~~~~[m[K
[3.074s] In file included from [01m[K/workspace/CogniScope/src/sensor_driver/src/pointcloud_to_laserscan-foxy/src/pointcloud_to_laserscan_node.cpp:52[m[K:
[3.074s] [01m[K/opt/ros/humble/include/tf2_sensor_msgs/tf2_sensor_msgs.h:32:2:[m[K [01;35m[Kwarning: [m[K#warning This header is obsolete, please include tf2_sensor_msgs/tf2_sensor_msgs.hpp instead [[01;35m[K-Wcpp[m[K]
[3.074s]    32 | #[01;35m[Kwarning[m[K This header is obsolete, please include tf2_sensor_msgs/tf2_sensor_msgs.hpp instead
[3.074s]       |  [01;35m[K^~~~~~~[m[K
[3.136s] In file included from [01m[K/workspace/CogniScope/src/sensor_driver/src/pointcloud_to_laserscan-foxy/src/laserscan_to_pointcloud_node.cpp:52[m[K:
[3.136s] [01m[K/opt/ros/humble/include/tf2_sensor_msgs/tf2_sensor_msgs.h:32:2:[m[K [01;35m[Kwarning: [m[K#warning This header is obsolete, please include tf2_sensor_msgs/tf2_sensor_msgs.hpp instead [[01;35m[K-Wcpp[m[K]
[3.136s]    32 | #[01;35m[Kwarning[m[K This header is obsolete, please include tf2_sensor_msgs/tf2_sensor_msgs.hpp instead
[3.137s]       |  [01;35m[K^~~~~~~[m[K
[5.217s] [ 57%] [32m[1mLinking CXX executable pointcloud_to_laserscan_node[0m
[5.245s] [ 64%] [32m[1mLinking CXX executable laserscan_to_pointcloud_node[0m
[5.330s] [ 64%] Built target pointcloud_to_laserscan_node
[5.354s] [ 64%] Built target laserscan_to_pointcloud_node
[6.281s] [ 71%] [32m[1mLinking CXX executable copy_tf_publisher[0m
[6.388s] [ 78%] [32m[1mLinking CXX executable dummy_pointcloud_publisher[0m
[6.461s] [ 78%] Built target copy_tf_publisher
[6.564s] [ 78%] Built target dummy_pointcloud_publisher
[9.872s] [ 85%] [32m[1mLinking CXX executable laserscan_to_occupancy_grid[0m
[10.305s] [ 85%] Built target laserscan_to_occupancy_grid
[12.126s] [ 92%] [32m[1mLinking CXX shared library liblaserscan_to_pointcloud.so[0m
[12.166s] [100%] [32m[1mLinking CXX shared library libpointcloud_to_laserscan.so[0m
[12.682s] [100%] Built target laserscan_to_pointcloud
[12.706s] [100%] Built target pointcloud_to_laserscan
[12.719s] Invoked command in '/workspace/CogniScope/build/pointcloud_to_laserscan' returned '0': CMAKE_PREFIX_PATH=${CMAKE_PREFIX_PATH}:/workspace/CogniScope/install/see_beyond_ros2:/workspace/CogniScope/install/pcdet_ros2:/workspace/CogniScope/install/fusiondet:/workspace/CogniScope/install/fusion_tracker:/opt/ros/humble /usr/bin/cmake --build /workspace/CogniScope/build/pointcloud_to_laserscan -- -j112 -l112
[12.721s] Invoking command in '/workspace/CogniScope/build/pointcloud_to_laserscan': CMAKE_PREFIX_PATH=${CMAKE_PREFIX_PATH}:/workspace/CogniScope/install/see_beyond_ros2:/workspace/CogniScope/install/pcdet_ros2:/workspace/CogniScope/install/fusiondet:/workspace/CogniScope/install/fusion_tracker:/opt/ros/humble /usr/bin/cmake --install /workspace/CogniScope/build/pointcloud_to_laserscan
[12.729s] -- Install configuration: ""
[12.730s] -- Execute custom install script
[12.730s] -- Symlinking: /workspace/CogniScope/install/pointcloud_to_laserscan/lib/pointcloud_to_laserscan/laserscan_to_occupancy_grid
[12.739s] -- Symlinking: /workspace/CogniScope/install/pointcloud_to_laserscan/lib/pointcloud_to_laserscan/laserscan_to_pointcloud_node
[12.747s] -- Symlinking: /workspace/CogniScope/install/pointcloud_to_laserscan/lib/pointcloud_to_laserscan/pointcloud_to_laserscan_node
[12.753s] -- Symlinking: /workspace/CogniScope/install/pointcloud_to_laserscan/lib/pointcloud_to_laserscan/copy_tf_publisher
[12.759s] -- Symlinking: /workspace/CogniScope/install/pointcloud_to_laserscan/lib/liblaserscan_to_pointcloud.so
[12.765s] -- Symlinking: /workspace/CogniScope/install/pointcloud_to_laserscan/lib/libpointcloud_to_laserscan.so
[12.773s] -- Symlinking: /workspace/CogniScope/install/pointcloud_to_laserscan/lib/pointcloud_to_laserscan/dummy_pointcloud_publisher
[12.779s] -- Symlinking: /workspace/CogniScope/install/pointcloud_to_laserscan/include/include/pointcloud_to_laserscan/laserscan_to_pointcloud_node.hpp
[12.788s] -- Symlinking: /workspace/CogniScope/install/pointcloud_to_laserscan/include/include/pointcloud_to_laserscan/pointcloud_to_laserscan_node.hpp
[12.794s] -- Symlinking: /workspace/CogniScope/install/pointcloud_to_laserscan/include/include/pointcloud_to_laserscan/visibility_control.h
[12.805s] -- Symlinking: /workspace/CogniScope/install/pointcloud_to_laserscan/share/pointcloud_to_laserscan/launch/sample_laserscan_to_pointcloud_launch.py
[12.811s] -- Symlinking: /workspace/CogniScope/install/pointcloud_to_laserscan/share/pointcloud_to_laserscan/launch/sample_pointcloud_to_laserscan_launch.py
[12.818s] -- Symlinking: /workspace/CogniScope/install/pointcloud_to_laserscan/share/ament_index/resource_index/package_run_dependencies/pointcloud_to_laserscan
[12.824s] -- Symlinking: /workspace/CogniScope/install/pointcloud_to_laserscan/share/ament_index/resource_index/parent_prefix_path/pointcloud_to_laserscan
[12.830s] -- Symlinking: /workspace/CogniScope/install/pointcloud_to_laserscan/share/pointcloud_to_laserscan/environment/ament_prefix_path.sh
[12.837s] -- Symlinking: /workspace/CogniScope/install/pointcloud_to_laserscan/share/pointcloud_to_laserscan/environment/ament_prefix_path.dsv
[12.844s] -- Symlinking: /workspace/CogniScope/install/pointcloud_to_laserscan/share/pointcloud_to_laserscan/environment/path.sh
[12.849s] -- Symlinking: /workspace/CogniScope/install/pointcloud_to_laserscan/share/pointcloud_to_laserscan/environment/path.dsv
[12.855s] -- Symlinking: /workspace/CogniScope/install/pointcloud_to_laserscan/share/pointcloud_to_laserscan/local_setup.bash
[12.861s] -- Symlinking: /workspace/CogniScope/install/pointcloud_to_laserscan/share/pointcloud_to_laserscan/local_setup.sh
[12.866s] -- Symlinking: /workspace/CogniScope/install/pointcloud_to_laserscan/share/pointcloud_to_laserscan/local_setup.zsh
[12.875s] -- Symlinking: /workspace/CogniScope/install/pointcloud_to_laserscan/share/pointcloud_to_laserscan/local_setup.dsv
[12.881s] -- Symlinking: /workspace/CogniScope/install/pointcloud_to_laserscan/share/pointcloud_to_laserscan/package.dsv
[12.889s] -- Symlinking: /workspace/CogniScope/install/pointcloud_to_laserscan/share/ament_index/resource_index/packages/pointcloud_to_laserscan
[12.899s] -- Symlinking: /workspace/CogniScope/install/pointcloud_to_laserscan/share/ament_index/resource_index/rclcpp_components/pointcloud_to_laserscan
[12.905s] -- Symlinking: /workspace/CogniScope/install/pointcloud_to_laserscan/share/pointcloud_to_laserscan/cmake/pointcloud_to_laserscanConfig.cmake
[12.911s] -- Symlinking: /workspace/CogniScope/install/pointcloud_to_laserscan/share/pointcloud_to_laserscan/cmake/pointcloud_to_laserscanConfig-version.cmake
[12.917s] -- Symlinking: /workspace/CogniScope/install/pointcloud_to_laserscan/share/pointcloud_to_laserscan/package.xml
[12.926s] Invoked command in '/workspace/CogniScope/build/pointcloud_to_laserscan' returned '0': CMAKE_PREFIX_PATH=${CMAKE_PREFIX_PATH}:/workspace/CogniScope/install/see_beyond_ros2:/workspace/CogniScope/install/pcdet_ros2:/workspace/CogniScope/install/fusiondet:/workspace/CogniScope/install/fusion_tracker:/opt/ros/humble /usr/bin/cmake --install /workspace/CogniScope/build/pointcloud_to_laserscan
