[0.035s] Invoking command in '/workspace/CogniScope/build/ros2_numpy': CMAKE_PREFIX_PATH=${CMAKE_PREFIX_PATH}:/workspace/CogniScope/install/see_beyond_ros2:/workspace/CogniScope/install/pcdet_ros2:/workspace/CogniScope/install/fusiondet:/workspace/CogniScope/install/fusion_tracker:/opt/ros/humble /usr/bin/cmake /workspace/CogniScope/src/ros2_numpy -DAMENT_CMAKE_SYMLINK_INSTALL=1 -DCMAKE_INSTALL_PREFIX=/workspace/CogniScope/install/ros2_numpy
[0.855s] -- The C compiler identification is GNU 11.4.0
[0.855s] -- The CXX compiler identification is GNU 11.4.0
[0.855s] -- Detecting C compiler ABI info
[0.855s] -- Detecting C compiler ABI info - done
[0.855s] -- Check for working C compiler: /usr/bin/cc - skipped
[0.855s] -- Detecting C compile features
[0.856s] -- Detecting C compile features - done
[0.856s] -- Detecting CXX compiler ABI info
[0.856s] -- Detecting CXX compiler ABI info - done
[0.856s] -- Check for working CXX compiler: /usr/bin/c++ - skipped
[0.856s] -- Detecting CXX compile features
[0.856s] -- Detecting CXX compile features - done
[0.856s] -- Found ament_cmake: 1.3.12 (/opt/ros/humble/share/ament_cmake/cmake)
[0.868s] -- Found Python3: /usr/bin/python3 (found version "3.10.12") found components: Interpreter 
[0.930s] -- Override CMake install command with custom implementation using symlinks instead of copying resources
[0.993s] -- Found sensor_msgs: 4.9.0 (/opt/ros/humble/share/sensor_msgs/cmake)
[1.041s] -- Found rosidl_generator_c: 3.1.8 (/opt/ros/humble/share/rosidl_generator_c/cmake)
[1.049s] -- Found rosidl_adapter: 3.1.8 (/opt/ros/humble/share/rosidl_adapter/cmake)
[1.060s] -- Found rosidl_generator_cpp: 3.1.8 (/opt/ros/humble/share/rosidl_generator_cpp/cmake)
[1.074s] -- Using all available rosidl_typesupport_c: rosidl_typesupport_fastrtps_c;rosidl_typesupport_introspection_c
[1.093s] -- Using all available rosidl_typesupport_cpp: rosidl_typesupport_fastrtps_cpp;rosidl_typesupport_introspection_cpp
[1.152s] -- Found nav_msgs: 4.9.0 (/opt/ros/humble/share/nav_msgs/cmake)
[1.278s] -- Found rclpy: 3.3.19 (/opt/ros/humble/share/rclpy/cmake)
[1.281s] -- Found ament_cmake_pytest: 1.3.12 (/opt/ros/humble/share/ament_cmake_pytest/cmake)
[6.510s] -- Configuring done
[6.513s] -- Generating done
[6.515s] -- Build files have been written to: /workspace/CogniScope/build/ros2_numpy
[6.523s] Invoked command in '/workspace/CogniScope/build/ros2_numpy' returned '0': CMAKE_PREFIX_PATH=${CMAKE_PREFIX_PATH}:/workspace/CogniScope/install/see_beyond_ros2:/workspace/CogniScope/install/pcdet_ros2:/workspace/CogniScope/install/fusiondet:/workspace/CogniScope/install/fusion_tracker:/opt/ros/humble /usr/bin/cmake /workspace/CogniScope/src/ros2_numpy -DAMENT_CMAKE_SYMLINK_INSTALL=1 -DCMAKE_INSTALL_PREFIX=/workspace/CogniScope/install/ros2_numpy
[6.525s] Invoking command in '/workspace/CogniScope/build/ros2_numpy': CMAKE_PREFIX_PATH=${CMAKE_PREFIX_PATH}:/workspace/CogniScope/install/see_beyond_ros2:/workspace/CogniScope/install/pcdet_ros2:/workspace/CogniScope/install/fusiondet:/workspace/CogniScope/install/fusion_tracker:/opt/ros/humble /usr/bin/cmake --build /workspace/CogniScope/build/ros2_numpy -- -j112 -l112
[6.584s] Built target ament_cmake_python_symlink_ros2_numpy
[6.848s] running egg_info
[6.848s] creating ros2_numpy.egg-info
[6.849s] writing manifest file 'ros2_numpy.egg-info/SOURCES.txt'
[6.851s] writing manifest file 'ros2_numpy.egg-info/SOURCES.txt'
[6.885s] Built target ament_cmake_python_build_ros2_numpy_egg
[6.897s] Invoked command in '/workspace/CogniScope/build/ros2_numpy' returned '0': CMAKE_PREFIX_PATH=${CMAKE_PREFIX_PATH}:/workspace/CogniScope/install/see_beyond_ros2:/workspace/CogniScope/install/pcdet_ros2:/workspace/CogniScope/install/fusiondet:/workspace/CogniScope/install/fusion_tracker:/opt/ros/humble /usr/bin/cmake --build /workspace/CogniScope/build/ros2_numpy -- -j112 -l112
[6.899s] Invoking command in '/workspace/CogniScope/build/ros2_numpy': CMAKE_PREFIX_PATH=${CMAKE_PREFIX_PATH}:/workspace/CogniScope/install/see_beyond_ros2:/workspace/CogniScope/install/pcdet_ros2:/workspace/CogniScope/install/fusiondet:/workspace/CogniScope/install/fusion_tracker:/opt/ros/humble /usr/bin/cmake --install /workspace/CogniScope/build/ros2_numpy
[6.905s] -- Install configuration: ""
[6.906s] -- Execute custom install script
[6.906s] -- Symlinking: /workspace/CogniScope/install/ros2_numpy/share/ros2_numpy/environment/pythonpath.sh
[6.915s] -- Symlinking: /workspace/CogniScope/install/ros2_numpy/share/ros2_numpy/environment/pythonpath.dsv
[6.925s] -- Symlinking: /workspace/CogniScope/install/ros2_numpy/local/lib/python3.10/dist-packages/ros2_numpy-2.0.12-py3.10.egg-info/PKG-INFO
[6.932s] -- Symlinking: /workspace/CogniScope/install/ros2_numpy/local/lib/python3.10/dist-packages/ros2_numpy-2.0.12-py3.10.egg-info/SOURCES.txt
[6.940s] -- Symlinking: /workspace/CogniScope/install/ros2_numpy/local/lib/python3.10/dist-packages/ros2_numpy-2.0.12-py3.10.egg-info/dependency_links.txt
[6.949s] -- Symlinking: /workspace/CogniScope/install/ros2_numpy/local/lib/python3.10/dist-packages/ros2_numpy-2.0.12-py3.10.egg-info/top_level.txt
[6.958s] -- Symlinking: /workspace/CogniScope/install/ros2_numpy/local/lib/python3.10/dist-packages/ros2_numpy/__init__.py
[6.965s] -- Symlinking: /workspace/CogniScope/install/ros2_numpy/local/lib/python3.10/dist-packages/ros2_numpy/geometry.py
[6.973s] -- Symlinking: /workspace/CogniScope/install/ros2_numpy/local/lib/python3.10/dist-packages/ros2_numpy/image.py
[6.979s] -- Symlinking: /workspace/CogniScope/install/ros2_numpy/local/lib/python3.10/dist-packages/ros2_numpy/laser_scan.py
[6.987s] -- Symlinking: /workspace/CogniScope/install/ros2_numpy/local/lib/python3.10/dist-packages/ros2_numpy/occupancy_grid.py
[6.993s] -- Symlinking: /workspace/CogniScope/install/ros2_numpy/local/lib/python3.10/dist-packages/ros2_numpy/point_cloud2.py
[6.999s] -- Symlinking: /workspace/CogniScope/install/ros2_numpy/local/lib/python3.10/dist-packages/ros2_numpy/registry.py
[7.008s] -- Symlinking: /workspace/CogniScope/install/ros2_numpy/share/ament_index/resource_index/package_run_dependencies/ros2_numpy
[7.016s] -- Symlinking: /workspace/CogniScope/install/ros2_numpy/share/ament_index/resource_index/parent_prefix_path/ros2_numpy
[7.024s] -- Symlinking: /workspace/CogniScope/install/ros2_numpy/share/ros2_numpy/environment/ament_prefix_path.sh
[7.032s] -- Symlinking: /workspace/CogniScope/install/ros2_numpy/share/ros2_numpy/environment/ament_prefix_path.dsv
[7.041s] -- Symlinking: /workspace/CogniScope/install/ros2_numpy/share/ros2_numpy/environment/path.sh
[7.048s] -- Symlinking: /workspace/CogniScope/install/ros2_numpy/share/ros2_numpy/environment/path.dsv
[7.056s] -- Symlinking: /workspace/CogniScope/install/ros2_numpy/share/ros2_numpy/local_setup.bash
[7.062s] -- Symlinking: /workspace/CogniScope/install/ros2_numpy/share/ros2_numpy/local_setup.sh
[7.068s] -- Symlinking: /workspace/CogniScope/install/ros2_numpy/share/ros2_numpy/local_setup.zsh
[7.075s] -- Symlinking: /workspace/CogniScope/install/ros2_numpy/share/ros2_numpy/local_setup.dsv
[7.080s] -- Symlinking: /workspace/CogniScope/install/ros2_numpy/share/ros2_numpy/package.dsv
[7.087s] -- Symlinking: /workspace/CogniScope/install/ros2_numpy/share/ament_index/resource_index/packages/ros2_numpy
[7.092s] -- Symlinking: /workspace/CogniScope/install/ros2_numpy/share/ros2_numpy/cmake/ament_cmake_export_dependencies-extras.cmake
[7.102s] -- Symlinking: /workspace/CogniScope/install/ros2_numpy/share/ros2_numpy/cmake/ros2_numpyConfig.cmake
[7.109s] -- Symlinking: /workspace/CogniScope/install/ros2_numpy/share/ros2_numpy/cmake/ros2_numpyConfig-version.cmake
[7.117s] -- Symlinking: /workspace/CogniScope/install/ros2_numpy/share/ros2_numpy/package.xml
[7.160s] Listing '/workspace/CogniScope/install/ros2_numpy/local/lib/python3.10/dist-packages/ros2_numpy'...
[7.160s] Compiling '/workspace/CogniScope/install/ros2_numpy/local/lib/python3.10/dist-packages/ros2_numpy/__init__.py'...
[7.160s] Compiling '/workspace/CogniScope/install/ros2_numpy/local/lib/python3.10/dist-packages/ros2_numpy/geometry.py'...
[7.161s] Compiling '/workspace/CogniScope/install/ros2_numpy/local/lib/python3.10/dist-packages/ros2_numpy/image.py'...
[7.161s] Compiling '/workspace/CogniScope/install/ros2_numpy/local/lib/python3.10/dist-packages/ros2_numpy/laser_scan.py'...
[7.161s] Compiling '/workspace/CogniScope/install/ros2_numpy/local/lib/python3.10/dist-packages/ros2_numpy/occupancy_grid.py'...
[7.161s] Compiling '/workspace/CogniScope/install/ros2_numpy/local/lib/python3.10/dist-packages/ros2_numpy/point_cloud2.py'...
[7.161s] Compiling '/workspace/CogniScope/install/ros2_numpy/local/lib/python3.10/dist-packages/ros2_numpy/registry.py'...
[7.168s] Invoked command in '/workspace/CogniScope/build/ros2_numpy' returned '0': CMAKE_PREFIX_PATH=${CMAKE_PREFIX_PATH}:/workspace/CogniScope/install/see_beyond_ros2:/workspace/CogniScope/install/pcdet_ros2:/workspace/CogniScope/install/fusiondet:/workspace/CogniScope/install/fusion_tracker:/opt/ros/humble /usr/bin/cmake --install /workspace/CogniScope/build/ros2_numpy
