[0.017s] Invoking command in '/workspace/ros2_yolo/src/sensor_driver/build/rslidar_msg': CMAKE_PREFIX_PATH=${CMAKE_PREFIX_PATH}:/workspace/ros2_yolo/install/pcdet_ros2:/workspace/ros2_yolo/install/fusiondet:/workspace/ros2_yolo/install/fusion_tracker:/opt/ros/humble /usr/bin/cmake --build /workspace/ros2_yolo/src/sensor_driver/build/rslidar_msg -- -j112 -l112
[0.070s] [35m[1mConsolidate compiler generated dependencies of target rslidar_msg__rosidl_generator_c[0m
[0.087s] [  3%] Built target rslidar_msg__cpp
[0.088s] [ 12%] Built target rslidar_msg__rosidl_generator_c
[0.092s] [ 12%] Built target ament_cmake_python_copy_rslidar_msg
[0.109s] [35m[1mConsolidate compiler generated dependencies of target rslidar_msg__rosidl_typesupport_cpp[0m
[0.112s] [35m[1mConsolidate compiler generated dependencies of target rslidar_msg__rosidl_typesupport_c[0m
[0.113s] [35m[1mConsolidate compiler generated dependencies of target rslidar_msg__rosidl_typesupport_introspection_cpp[0m
[0.113s] [35m[1mConsolidate compiler generated dependencies of target rslidar_msg__rosidl_typesupport_fastrtps_c[0m
[0.114s] [35m[1mConsolidate compiler generated dependencies of target rslidar_msg__rosidl_typesupport_introspection_c[0m
[0.114s] [35m[1mConsolidate compiler generated dependencies of target rslidar_msg__rosidl_typesupport_fastrtps_cpp[0m
[0.135s] [ 22%] Built target rslidar_msg__rosidl_typesupport_cpp
[0.135s] [ 32%] Built target rslidar_msg__rosidl_typesupport_c
[0.137s] [ 41%] Built target rslidar_msg__rosidl_typesupport_introspection_c
[0.138s] [ 51%] Built target rslidar_msg__rosidl_typesupport_introspection_cpp
[0.139s] [ 61%] Built target rslidar_msg__rosidl_typesupport_fastrtps_cpp
[0.139s] [ 70%] Built target rslidar_msg__rosidl_typesupport_fastrtps_c
[0.159s] [ 70%] Built target rslidar_msg
[0.183s] [ 74%] Built target rslidar_msg__py
[0.192s] [35m[1mConsolidate compiler generated dependencies of target rslidar_msg__rosidl_generator_py[0m
[0.205s] [ 80%] Built target rslidar_msg__rosidl_generator_py
[0.215s] [35m[1mConsolidate compiler generated dependencies of target rslidar_msg__rosidl_typesupport_fastrtps_c__pyext[0m
[0.218s] [35m[1mConsolidate compiler generated dependencies of target rslidar_msg__rosidl_typesupport_introspection_c__pyext[0m
[0.221s] [35m[1mConsolidate compiler generated dependencies of target rslidar_msg__rosidl_typesupport_c__pyext[0m
[0.228s] [ 87%] Built target rslidar_msg__rosidl_typesupport_introspection_c__pyext
[0.232s] [ 93%] Built target rslidar_msg__rosidl_typesupport_fastrtps_c__pyext
[0.234s] [100%] Built target rslidar_msg__rosidl_typesupport_c__pyext
[0.374s] running egg_info
[0.377s] writing manifest file 'rslidar_msg.egg-info/SOURCES.txt'
[0.407s] [100%] Built target ament_cmake_python_build_rslidar_msg_egg
[0.424s] Invoked command in '/workspace/ros2_yolo/src/sensor_driver/build/rslidar_msg' returned '0': CMAKE_PREFIX_PATH=${CMAKE_PREFIX_PATH}:/workspace/ros2_yolo/install/pcdet_ros2:/workspace/ros2_yolo/install/fusiondet:/workspace/ros2_yolo/install/fusion_tracker:/opt/ros/humble /usr/bin/cmake --build /workspace/ros2_yolo/src/sensor_driver/build/rslidar_msg -- -j112 -l112
[0.425s] Invoking command in '/workspace/ros2_yolo/src/sensor_driver/build/rslidar_msg': CMAKE_PREFIX_PATH=${CMAKE_PREFIX_PATH}:/workspace/ros2_yolo/install/pcdet_ros2:/workspace/ros2_yolo/install/fusiondet:/workspace/ros2_yolo/install/fusion_tracker:/opt/ros/humble /usr/bin/cmake --install /workspace/ros2_yolo/src/sensor_driver/build/rslidar_msg
[0.439s] -- Install configuration: ""
[0.440s] -- Up-to-date: /workspace/ros2_yolo/src/sensor_driver/install/rslidar_msg/share/ament_index/resource_index/rosidl_interfaces/rslidar_msg
[0.440s] -- Up-to-date: /workspace/ros2_yolo/src/sensor_driver/install/rslidar_msg/include/rslidar_msg/rslidar_msg
[0.440s] -- Up-to-date: /workspace/ros2_yolo/src/sensor_driver/install/rslidar_msg/include/rslidar_msg/rslidar_msg/msg
[0.440s] -- Up-to-date: /workspace/ros2_yolo/src/sensor_driver/install/rslidar_msg/include/rslidar_msg/rslidar_msg/msg/rosidl_generator_c__visibility_control.h
[0.440s] -- Up-to-date: /workspace/ros2_yolo/src/sensor_driver/install/rslidar_msg/include/rslidar_msg/rslidar_msg/msg/rslidar_packet.h
[0.440s] -- Up-to-date: /workspace/ros2_yolo/src/sensor_driver/install/rslidar_msg/include/rslidar_msg/rslidar_msg/msg/detail
[0.440s] -- Up-to-date: /workspace/ros2_yolo/src/sensor_driver/install/rslidar_msg/include/rslidar_msg/rslidar_msg/msg/detail/rslidar_packet__functions.h
[0.440s] -- Up-to-date: /workspace/ros2_yolo/src/sensor_driver/install/rslidar_msg/include/rslidar_msg/rslidar_msg/msg/detail/rslidar_packet__functions.c
[0.440s] -- Up-to-date: /workspace/ros2_yolo/src/sensor_driver/install/rslidar_msg/include/rslidar_msg/rslidar_msg/msg/detail/rslidar_packet__type_support.h
[0.440s] -- Up-to-date: /workspace/ros2_yolo/src/sensor_driver/install/rslidar_msg/include/rslidar_msg/rslidar_msg/msg/detail/rslidar_packet__struct.h
[0.440s] -- Up-to-date: /workspace/ros2_yolo/src/sensor_driver/install/rslidar_msg/share/rslidar_msg/environment/library_path.sh
[0.440s] -- Up-to-date: /workspace/ros2_yolo/src/sensor_driver/install/rslidar_msg/share/rslidar_msg/environment/library_path.dsv
[0.440s] -- Up-to-date: /workspace/ros2_yolo/src/sensor_driver/install/rslidar_msg/lib/librslidar_msg__rosidl_generator_c.so
[0.441s] -- Up-to-date: /workspace/ros2_yolo/src/sensor_driver/install/rslidar_msg/include/rslidar_msg/rslidar_msg
[0.441s] -- Up-to-date: /workspace/ros2_yolo/src/sensor_driver/install/rslidar_msg/include/rslidar_msg/rslidar_msg/msg
[0.441s] -- Up-to-date: /workspace/ros2_yolo/src/sensor_driver/install/rslidar_msg/include/rslidar_msg/rslidar_msg/msg/rosidl_typesupport_fastrtps_c__visibility_control.h
[0.441s] -- Up-to-date: /workspace/ros2_yolo/src/sensor_driver/install/rslidar_msg/include/rslidar_msg/rslidar_msg/msg/detail
[0.441s] -- Up-to-date: /workspace/ros2_yolo/src/sensor_driver/install/rslidar_msg/include/rslidar_msg/rslidar_msg/msg/detail/rslidar_packet__rosidl_typesupport_fastrtps_c.h
[0.441s] -- Up-to-date: /workspace/ros2_yolo/src/sensor_driver/install/rslidar_msg/lib/librslidar_msg__rosidl_typesupport_fastrtps_c.so
[0.441s] -- Up-to-date: /workspace/ros2_yolo/src/sensor_driver/install/rslidar_msg/include/rslidar_msg/rslidar_msg
[0.441s] -- Up-to-date: /workspace/ros2_yolo/src/sensor_driver/install/rslidar_msg/include/rslidar_msg/rslidar_msg/msg
[0.441s] -- Up-to-date: /workspace/ros2_yolo/src/sensor_driver/install/rslidar_msg/include/rslidar_msg/rslidar_msg/msg/rslidar_packet.hpp
[0.441s] -- Up-to-date: /workspace/ros2_yolo/src/sensor_driver/install/rslidar_msg/include/rslidar_msg/rslidar_msg/msg/rosidl_generator_cpp__visibility_control.hpp
[0.441s] -- Up-to-date: /workspace/ros2_yolo/src/sensor_driver/install/rslidar_msg/include/rslidar_msg/rslidar_msg/msg/detail
[0.441s] -- Up-to-date: /workspace/ros2_yolo/src/sensor_driver/install/rslidar_msg/include/rslidar_msg/rslidar_msg/msg/detail/rslidar_packet__struct.hpp
[0.441s] -- Up-to-date: /workspace/ros2_yolo/src/sensor_driver/install/rslidar_msg/include/rslidar_msg/rslidar_msg/msg/detail/rslidar_packet__traits.hpp
[0.441s] -- Up-to-date: /workspace/ros2_yolo/src/sensor_driver/install/rslidar_msg/include/rslidar_msg/rslidar_msg/msg/detail/rslidar_packet__type_support.hpp
[0.441s] -- Up-to-date: /workspace/ros2_yolo/src/sensor_driver/install/rslidar_msg/include/rslidar_msg/rslidar_msg/msg/detail/rslidar_packet__builder.hpp
[0.441s] -- Up-to-date: /workspace/ros2_yolo/src/sensor_driver/install/rslidar_msg/include/rslidar_msg/rslidar_msg
[0.441s] -- Up-to-date: /workspace/ros2_yolo/src/sensor_driver/install/rslidar_msg/include/rslidar_msg/rslidar_msg/msg
[0.441s] -- Up-to-date: /workspace/ros2_yolo/src/sensor_driver/install/rslidar_msg/include/rslidar_msg/rslidar_msg/msg/rosidl_typesupport_fastrtps_cpp__visibility_control.h
[0.441s] -- Up-to-date: /workspace/ros2_yolo/src/sensor_driver/install/rslidar_msg/include/rslidar_msg/rslidar_msg/msg/detail
[0.441s] -- Up-to-date: /workspace/ros2_yolo/src/sensor_driver/install/rslidar_msg/include/rslidar_msg/rslidar_msg/msg/detail/dds_fastrtps
[0.441s] -- Up-to-date: /workspace/ros2_yolo/src/sensor_driver/install/rslidar_msg/include/rslidar_msg/rslidar_msg/msg/detail/rslidar_packet__rosidl_typesupport_fastrtps_cpp.hpp
[0.441s] -- Up-to-date: /workspace/ros2_yolo/src/sensor_driver/install/rslidar_msg/lib/librslidar_msg__rosidl_typesupport_fastrtps_cpp.so
[0.442s] -- Up-to-date: /workspace/ros2_yolo/src/sensor_driver/install/rslidar_msg/include/rslidar_msg/rslidar_msg
[0.442s] -- Up-to-date: /workspace/ros2_yolo/src/sensor_driver/install/rslidar_msg/include/rslidar_msg/rslidar_msg/msg
[0.442s] -- Up-to-date: /workspace/ros2_yolo/src/sensor_driver/install/rslidar_msg/include/rslidar_msg/rslidar_msg/msg/detail
[0.442s] -- Up-to-date: /workspace/ros2_yolo/src/sensor_driver/install/rslidar_msg/include/rslidar_msg/rslidar_msg/msg/detail/rslidar_packet__type_support.c
[0.442s] -- Up-to-date: /workspace/ros2_yolo/src/sensor_driver/install/rslidar_msg/include/rslidar_msg/rslidar_msg/msg/detail/rslidar_packet__rosidl_typesupport_introspection_c.h
[0.442s] -- Up-to-date: /workspace/ros2_yolo/src/sensor_driver/install/rslidar_msg/include/rslidar_msg/rslidar_msg/msg/rosidl_typesupport_introspection_c__visibility_control.h
[0.442s] -- Up-to-date: /workspace/ros2_yolo/src/sensor_driver/install/rslidar_msg/lib/librslidar_msg__rosidl_typesupport_introspection_c.so
[0.443s] -- Up-to-date: /workspace/ros2_yolo/src/sensor_driver/install/rslidar_msg/lib/librslidar_msg__rosidl_typesupport_c.so
[0.443s] -- Up-to-date: /workspace/ros2_yolo/src/sensor_driver/install/rslidar_msg/include/rslidar_msg/rslidar_msg
[0.443s] -- Up-to-date: /workspace/ros2_yolo/src/sensor_driver/install/rslidar_msg/include/rslidar_msg/rslidar_msg/msg
[0.443s] -- Up-to-date: /workspace/ros2_yolo/src/sensor_driver/install/rslidar_msg/include/rslidar_msg/rslidar_msg/msg/detail
[0.443s] -- Up-to-date: /workspace/ros2_yolo/src/sensor_driver/install/rslidar_msg/include/rslidar_msg/rslidar_msg/msg/detail/rslidar_packet__type_support.cpp
[0.443s] -- Up-to-date: /workspace/ros2_yolo/src/sensor_driver/install/rslidar_msg/include/rslidar_msg/rslidar_msg/msg/detail/rslidar_packet__rosidl_typesupport_introspection_cpp.hpp
[0.443s] -- Up-to-date: /workspace/ros2_yolo/src/sensor_driver/install/rslidar_msg/lib/librslidar_msg__rosidl_typesupport_introspection_cpp.so
[0.443s] -- Up-to-date: /workspace/ros2_yolo/src/sensor_driver/install/rslidar_msg/lib/librslidar_msg__rosidl_typesupport_cpp.so
[0.443s] -- Up-to-date: /workspace/ros2_yolo/src/sensor_driver/install/rslidar_msg/share/rslidar_msg/environment/pythonpath.sh
[0.443s] -- Up-to-date: /workspace/ros2_yolo/src/sensor_driver/install/rslidar_msg/share/rslidar_msg/environment/pythonpath.dsv
[0.443s] -- Up-to-date: /workspace/ros2_yolo/src/sensor_driver/install/rslidar_msg/local/lib/python3.10/dist-packages/rslidar_msg-0.0.0-py3.10.egg-info
[0.443s] -- Installing: /workspace/ros2_yolo/src/sensor_driver/install/rslidar_msg/local/lib/python3.10/dist-packages/rslidar_msg-0.0.0-py3.10.egg-info/top_level.txt
[0.444s] -- Installing: /workspace/ros2_yolo/src/sensor_driver/install/rslidar_msg/local/lib/python3.10/dist-packages/rslidar_msg-0.0.0-py3.10.egg-info/SOURCES.txt
[0.445s] -- Installing: /workspace/ros2_yolo/src/sensor_driver/install/rslidar_msg/local/lib/python3.10/dist-packages/rslidar_msg-0.0.0-py3.10.egg-info/PKG-INFO
[0.445s] -- Installing: /workspace/ros2_yolo/src/sensor_driver/install/rslidar_msg/local/lib/python3.10/dist-packages/rslidar_msg-0.0.0-py3.10.egg-info/dependency_links.txt
[0.445s] -- Up-to-date: /workspace/ros2_yolo/src/sensor_driver/install/rslidar_msg/local/lib/python3.10/dist-packages/rslidar_msg
[0.445s] -- Up-to-date: /workspace/ros2_yolo/src/sensor_driver/install/rslidar_msg/local/lib/python3.10/dist-packages/rslidar_msg/_rslidar_msg_s.ep.rosidl_typesupport_fastrtps_c.c
[0.445s] -- Up-to-date: /workspace/ros2_yolo/src/sensor_driver/install/rslidar_msg/local/lib/python3.10/dist-packages/rslidar_msg/_rslidar_msg_s.ep.rosidl_typesupport_c.c
[0.445s] -- Up-to-date: /workspace/ros2_yolo/src/sensor_driver/install/rslidar_msg/local/lib/python3.10/dist-packages/rslidar_msg/librslidar_msg__rosidl_generator_py.so
[0.445s] -- Up-to-date: /workspace/ros2_yolo/src/sensor_driver/install/rslidar_msg/local/lib/python3.10/dist-packages/rslidar_msg/rslidar_msg_s__rosidl_typesupport_c.cpython-310-x86_64-linux-gnu.so
[0.445s] -- Up-to-date: /workspace/ros2_yolo/src/sensor_driver/install/rslidar_msg/local/lib/python3.10/dist-packages/rslidar_msg/_rslidar_msg_s.ep.rosidl_typesupport_introspection_c.c
[0.445s] -- Up-to-date: /workspace/ros2_yolo/src/sensor_driver/install/rslidar_msg/local/lib/python3.10/dist-packages/rslidar_msg/rslidar_msg_s__rosidl_typesupport_introspection_c.cpython-310-x86_64-linux-gnu.so
[0.445s] -- Up-to-date: /workspace/ros2_yolo/src/sensor_driver/install/rslidar_msg/local/lib/python3.10/dist-packages/rslidar_msg/msg
[0.445s] -- Up-to-date: /workspace/ros2_yolo/src/sensor_driver/install/rslidar_msg/local/lib/python3.10/dist-packages/rslidar_msg/msg/_rslidar_packet_s.c
[0.445s] -- Up-to-date: /workspace/ros2_yolo/src/sensor_driver/install/rslidar_msg/local/lib/python3.10/dist-packages/rslidar_msg/msg/_rslidar_packet.py
[0.445s] -- Up-to-date: /workspace/ros2_yolo/src/sensor_driver/install/rslidar_msg/local/lib/python3.10/dist-packages/rslidar_msg/msg/__init__.py
[0.445s] -- Up-to-date: /workspace/ros2_yolo/src/sensor_driver/install/rslidar_msg/local/lib/python3.10/dist-packages/rslidar_msg/__init__.py
[0.445s] -- Up-to-date: /workspace/ros2_yolo/src/sensor_driver/install/rslidar_msg/local/lib/python3.10/dist-packages/rslidar_msg/rslidar_msg_s__rosidl_typesupport_fastrtps_c.cpython-310-x86_64-linux-gnu.so
[0.474s] Listing '/workspace/ros2_yolo/src/sensor_driver/install/rslidar_msg/local/lib/python3.10/dist-packages/rslidar_msg'...
[0.474s] Listing '/workspace/ros2_yolo/src/sensor_driver/install/rslidar_msg/local/lib/python3.10/dist-packages/rslidar_msg/msg'...
[0.480s] -- Up-to-date: /workspace/ros2_yolo/src/sensor_driver/install/rslidar_msg/local/lib/python3.10/dist-packages/rslidar_msg/rslidar_msg_s__rosidl_typesupport_fastrtps_c.cpython-310-x86_64-linux-gnu.so
[0.480s] -- Up-to-date: /workspace/ros2_yolo/src/sensor_driver/install/rslidar_msg/local/lib/python3.10/dist-packages/rslidar_msg/rslidar_msg_s__rosidl_typesupport_introspection_c.cpython-310-x86_64-linux-gnu.so
[0.481s] -- Up-to-date: /workspace/ros2_yolo/src/sensor_driver/install/rslidar_msg/local/lib/python3.10/dist-packages/rslidar_msg/rslidar_msg_s__rosidl_typesupport_c.cpython-310-x86_64-linux-gnu.so
[0.482s] -- Up-to-date: /workspace/ros2_yolo/src/sensor_driver/install/rslidar_msg/lib/librslidar_msg__rosidl_generator_py.so
[0.482s] -- Up-to-date: /workspace/ros2_yolo/src/sensor_driver/install/rslidar_msg/share/rslidar_msg/msg/RslidarPacket.idl
[0.482s] -- Up-to-date: /workspace/ros2_yolo/src/sensor_driver/install/rslidar_msg/share/rslidar_msg/msg/RslidarPacket.msg
[0.483s] -- Up-to-date: /workspace/ros2_yolo/src/sensor_driver/install/rslidar_msg/share/ament_index/resource_index/package_run_dependencies/rslidar_msg
[0.483s] -- Up-to-date: /workspace/ros2_yolo/src/sensor_driver/install/rslidar_msg/share/ament_index/resource_index/parent_prefix_path/rslidar_msg
[0.483s] -- Up-to-date: /workspace/ros2_yolo/src/sensor_driver/install/rslidar_msg/share/rslidar_msg/environment/ament_prefix_path.sh
[0.483s] -- Up-to-date: /workspace/ros2_yolo/src/sensor_driver/install/rslidar_msg/share/rslidar_msg/environment/ament_prefix_path.dsv
[0.483s] -- Up-to-date: /workspace/ros2_yolo/src/sensor_driver/install/rslidar_msg/share/rslidar_msg/environment/path.sh
[0.483s] -- Up-to-date: /workspace/ros2_yolo/src/sensor_driver/install/rslidar_msg/share/rslidar_msg/environment/path.dsv
[0.483s] -- Up-to-date: /workspace/ros2_yolo/src/sensor_driver/install/rslidar_msg/share/rslidar_msg/local_setup.bash
[0.483s] -- Up-to-date: /workspace/ros2_yolo/src/sensor_driver/install/rslidar_msg/share/rslidar_msg/local_setup.sh
[0.483s] -- Up-to-date: /workspace/ros2_yolo/src/sensor_driver/install/rslidar_msg/share/rslidar_msg/local_setup.zsh
[0.483s] -- Up-to-date: /workspace/ros2_yolo/src/sensor_driver/install/rslidar_msg/share/rslidar_msg/local_setup.dsv
[0.483s] -- Installing: /workspace/ros2_yolo/src/sensor_driver/install/rslidar_msg/share/rslidar_msg/package.dsv
[0.483s] -- Up-to-date: /workspace/ros2_yolo/src/sensor_driver/install/rslidar_msg/share/ament_index/resource_index/packages/rslidar_msg
[0.484s] -- Up-to-date: /workspace/ros2_yolo/src/sensor_driver/install/rslidar_msg/share/rslidar_msg/cmake/export_rslidar_msg__rosidl_generator_cExport.cmake
[0.484s] -- Up-to-date: /workspace/ros2_yolo/src/sensor_driver/install/rslidar_msg/share/rslidar_msg/cmake/export_rslidar_msg__rosidl_generator_cExport-noconfig.cmake
[0.484s] -- Up-to-date: /workspace/ros2_yolo/src/sensor_driver/install/rslidar_msg/share/rslidar_msg/cmake/export_rslidar_msg__rosidl_typesupport_fastrtps_cExport.cmake
[0.484s] -- Up-to-date: /workspace/ros2_yolo/src/sensor_driver/install/rslidar_msg/share/rslidar_msg/cmake/export_rslidar_msg__rosidl_typesupport_fastrtps_cExport-noconfig.cmake
[0.484s] -- Up-to-date: /workspace/ros2_yolo/src/sensor_driver/install/rslidar_msg/share/rslidar_msg/cmake/export_rslidar_msg__rosidl_generator_cppExport.cmake
[0.484s] -- Up-to-date: /workspace/ros2_yolo/src/sensor_driver/install/rslidar_msg/share/rslidar_msg/cmake/export_rslidar_msg__rosidl_typesupport_fastrtps_cppExport.cmake
[0.484s] -- Up-to-date: /workspace/ros2_yolo/src/sensor_driver/install/rslidar_msg/share/rslidar_msg/cmake/export_rslidar_msg__rosidl_typesupport_fastrtps_cppExport-noconfig.cmake
[0.484s] -- Up-to-date: /workspace/ros2_yolo/src/sensor_driver/install/rslidar_msg/share/rslidar_msg/cmake/rslidar_msg__rosidl_typesupport_introspection_cExport.cmake
[0.484s] -- Up-to-date: /workspace/ros2_yolo/src/sensor_driver/install/rslidar_msg/share/rslidar_msg/cmake/rslidar_msg__rosidl_typesupport_introspection_cExport-noconfig.cmake
[0.484s] -- Up-to-date: /workspace/ros2_yolo/src/sensor_driver/install/rslidar_msg/share/rslidar_msg/cmake/rslidar_msg__rosidl_typesupport_cExport.cmake
[0.484s] -- Up-to-date: /workspace/ros2_yolo/src/sensor_driver/install/rslidar_msg/share/rslidar_msg/cmake/rslidar_msg__rosidl_typesupport_cExport-noconfig.cmake
[0.484s] -- Up-to-date: /workspace/ros2_yolo/src/sensor_driver/install/rslidar_msg/share/rslidar_msg/cmake/rslidar_msg__rosidl_typesupport_introspection_cppExport.cmake
[0.484s] -- Up-to-date: /workspace/ros2_yolo/src/sensor_driver/install/rslidar_msg/share/rslidar_msg/cmake/rslidar_msg__rosidl_typesupport_introspection_cppExport-noconfig.cmake
[0.485s] -- Up-to-date: /workspace/ros2_yolo/src/sensor_driver/install/rslidar_msg/share/rslidar_msg/cmake/rslidar_msg__rosidl_typesupport_cppExport.cmake
[0.485s] -- Up-to-date: /workspace/ros2_yolo/src/sensor_driver/install/rslidar_msg/share/rslidar_msg/cmake/rslidar_msg__rosidl_typesupport_cppExport-noconfig.cmake
[0.485s] -- Up-to-date: /workspace/ros2_yolo/src/sensor_driver/install/rslidar_msg/share/rslidar_msg/cmake/export_rslidar_msg__rosidl_generator_pyExport.cmake
[0.485s] -- Up-to-date: /workspace/ros2_yolo/src/sensor_driver/install/rslidar_msg/share/rslidar_msg/cmake/export_rslidar_msg__rosidl_generator_pyExport-noconfig.cmake
[0.486s] -- Up-to-date: /workspace/ros2_yolo/src/sensor_driver/install/rslidar_msg/share/rslidar_msg/cmake/rosidl_cmake-extras.cmake
[0.486s] -- Up-to-date: /workspace/ros2_yolo/src/sensor_driver/install/rslidar_msg/share/rslidar_msg/cmake/ament_cmake_export_dependencies-extras.cmake
[0.486s] -- Up-to-date: /workspace/ros2_yolo/src/sensor_driver/install/rslidar_msg/share/rslidar_msg/cmake/ament_cmake_export_include_directories-extras.cmake
[0.486s] -- Up-to-date: /workspace/ros2_yolo/src/sensor_driver/install/rslidar_msg/share/rslidar_msg/cmake/ament_cmake_export_libraries-extras.cmake
[0.486s] -- Up-to-date: /workspace/ros2_yolo/src/sensor_driver/install/rslidar_msg/share/rslidar_msg/cmake/ament_cmake_export_targets-extras.cmake
[0.486s] -- Up-to-date: /workspace/ros2_yolo/src/sensor_driver/install/rslidar_msg/share/rslidar_msg/cmake/rosidl_cmake_export_typesupport_targets-extras.cmake
[0.486s] -- Up-to-date: /workspace/ros2_yolo/src/sensor_driver/install/rslidar_msg/share/rslidar_msg/cmake/rosidl_cmake_export_typesupport_libraries-extras.cmake
[0.486s] -- Up-to-date: /workspace/ros2_yolo/src/sensor_driver/install/rslidar_msg/share/rslidar_msg/cmake/rslidar_msgConfig.cmake
[0.486s] -- Up-to-date: /workspace/ros2_yolo/src/sensor_driver/install/rslidar_msg/share/rslidar_msg/cmake/rslidar_msgConfig-version.cmake
[0.486s] -- Up-to-date: /workspace/ros2_yolo/src/sensor_driver/install/rslidar_msg/share/rslidar_msg/package.xml
[0.502s] Invoked command in '/workspace/ros2_yolo/src/sensor_driver/build/rslidar_msg' returned '0': CMAKE_PREFIX_PATH=${CMAKE_PREFIX_PATH}:/workspace/ros2_yolo/install/pcdet_ros2:/workspace/ros2_yolo/install/fusiondet:/workspace/ros2_yolo/install/fusion_tracker:/opt/ros/humble /usr/bin/cmake --install /workspace/ros2_yolo/src/sensor_driver/build/rslidar_msg
