[35m[1mConsolidate compiler generated dependencies of target laserscan_to_pointcloud[0m
[35m[1mConsolidate compiler generated dependencies of target laserscan_to_pointcloud_node[0m
[35m[1mConsolidate compiler generated dependencies of target pointcloud_to_laserscan_node[0m
[35m[1mConsolidate compiler generated dependencies of target laserscan_to_occupancy_grid[0m
[35m[1mConsolidate compiler generated dependencies of target pointcloud_to_laserscan[0m
[35m[1mConsolidate compiler generated dependencies of target dummy_pointcloud_publisher[0m
[35m[1mConsolidate compiler generated dependencies of target copy_tf_publisher[0m
[ 14%] Built target pointcloud_to_laserscan_node
[ 28%] Built target dummy_pointcloud_publisher
[ 42%] Built target laserscan_to_pointcloud_node
[ 57%] Built target copy_tf_publisher
[ 71%] Built target laserscan_to_occupancy_grid
[ 85%] Built target laserscan_to_pointcloud
[100%] Built target pointcloud_to_laserscan
-- Install configuration: ""
-- Installing: /workspace/ros2_yolo/src/sensor_driver/install/pointcloud_to_laserscan/lib/pointcloud_to_laserscan/laserscan_to_occupancy_grid
-- Set runtime path of "/workspace/ros2_yolo/src/sensor_driver/install/pointcloud_to_laserscan/lib/pointcloud_to_laserscan/laserscan_to_occupancy_grid" to ""
-- Installing: /workspace/ros2_yolo/src/sensor_driver/install/pointcloud_to_laserscan/lib/pointcloud_to_laserscan/laserscan_to_pointcloud_node
-- Set runtime path of "/workspace/ros2_yolo/src/sensor_driver/install/pointcloud_to_laserscan/lib/pointcloud_to_laserscan/laserscan_to_pointcloud_node" to ""
-- Installing: /workspace/ros2_yolo/src/sensor_driver/install/pointcloud_to_laserscan/lib/pointcloud_to_laserscan/pointcloud_to_laserscan_node
-- Set runtime path of "/workspace/ros2_yolo/src/sensor_driver/install/pointcloud_to_laserscan/lib/pointcloud_to_laserscan/pointcloud_to_laserscan_node" to ""
-- Installing: /workspace/ros2_yolo/src/sensor_driver/install/pointcloud_to_laserscan/lib/pointcloud_to_laserscan/copy_tf_publisher
-- Set runtime path of "/workspace/ros2_yolo/src/sensor_driver/install/pointcloud_to_laserscan/lib/pointcloud_to_laserscan/copy_tf_publisher" to ""
-- Installing: /workspace/ros2_yolo/src/sensor_driver/install/pointcloud_to_laserscan/lib/liblaserscan_to_pointcloud.so
-- Set runtime path of "/workspace/ros2_yolo/src/sensor_driver/install/pointcloud_to_laserscan/lib/liblaserscan_to_pointcloud.so" to ""
-- Installing: /workspace/ros2_yolo/src/sensor_driver/install/pointcloud_to_laserscan/lib/libpointcloud_to_laserscan.so
-- Set runtime path of "/workspace/ros2_yolo/src/sensor_driver/install/pointcloud_to_laserscan/lib/libpointcloud_to_laserscan.so" to ""
-- Installing: /workspace/ros2_yolo/src/sensor_driver/install/pointcloud_to_laserscan/lib/pointcloud_to_laserscan/dummy_pointcloud_publisher
-- Set runtime path of "/workspace/ros2_yolo/src/sensor_driver/install/pointcloud_to_laserscan/lib/pointcloud_to_laserscan/dummy_pointcloud_publisher" to ""
-- Installing: /workspace/ros2_yolo/src/sensor_driver/install/pointcloud_to_laserscan/include/include
-- Installing: /workspace/ros2_yolo/src/sensor_driver/install/pointcloud_to_laserscan/include/include/pointcloud_to_laserscan
-- Installing: /workspace/ros2_yolo/src/sensor_driver/install/pointcloud_to_laserscan/include/include/pointcloud_to_laserscan/visibility_control.h
-- Installing: /workspace/ros2_yolo/src/sensor_driver/install/pointcloud_to_laserscan/include/include/pointcloud_to_laserscan/laserscan_to_pointcloud_node.hpp
-- Installing: /workspace/ros2_yolo/src/sensor_driver/install/pointcloud_to_laserscan/include/include/pointcloud_to_laserscan/pointcloud_to_laserscan_node.hpp
-- Installing: /workspace/ros2_yolo/src/sensor_driver/install/pointcloud_to_laserscan/share/pointcloud_to_laserscan/launch
-- Installing: /workspace/ros2_yolo/src/sensor_driver/install/pointcloud_to_laserscan/share/pointcloud_to_laserscan/launch/sample_pointcloud_to_laserscan_launch.py
-- Installing: /workspace/ros2_yolo/src/sensor_driver/install/pointcloud_to_laserscan/share/pointcloud_to_laserscan/launch/sample_laserscan_to_pointcloud_launch.py
-- Installing: /workspace/ros2_yolo/src/sensor_driver/install/pointcloud_to_laserscan/share/ament_index/resource_index/package_run_dependencies/pointcloud_to_laserscan
-- Installing: /workspace/ros2_yolo/src/sensor_driver/install/pointcloud_to_laserscan/share/ament_index/resource_index/parent_prefix_path/pointcloud_to_laserscan
-- Installing: /workspace/ros2_yolo/src/sensor_driver/install/pointcloud_to_laserscan/share/pointcloud_to_laserscan/environment/ament_prefix_path.sh
-- Installing: /workspace/ros2_yolo/src/sensor_driver/install/pointcloud_to_laserscan/share/pointcloud_to_laserscan/environment/ament_prefix_path.dsv
-- Installing: /workspace/ros2_yolo/src/sensor_driver/install/pointcloud_to_laserscan/share/pointcloud_to_laserscan/environment/path.sh
-- Installing: /workspace/ros2_yolo/src/sensor_driver/install/pointcloud_to_laserscan/share/pointcloud_to_laserscan/environment/path.dsv
-- Installing: /workspace/ros2_yolo/src/sensor_driver/install/pointcloud_to_laserscan/share/pointcloud_to_laserscan/local_setup.bash
-- Installing: /workspace/ros2_yolo/src/sensor_driver/install/pointcloud_to_laserscan/share/pointcloud_to_laserscan/local_setup.sh
-- Installing: /workspace/ros2_yolo/src/sensor_driver/install/pointcloud_to_laserscan/share/pointcloud_to_laserscan/local_setup.zsh
-- Installing: /workspace/ros2_yolo/src/sensor_driver/install/pointcloud_to_laserscan/share/pointcloud_to_laserscan/local_setup.dsv
-- Installing: /workspace/ros2_yolo/src/sensor_driver/install/pointcloud_to_laserscan/share/pointcloud_to_laserscan/package.dsv
-- Installing: /workspace/ros2_yolo/src/sensor_driver/install/pointcloud_to_laserscan/share/ament_index/resource_index/packages/pointcloud_to_laserscan
-- Installing: /workspace/ros2_yolo/src/sensor_driver/install/pointcloud_to_laserscan/share/ament_index/resource_index/rclcpp_components/pointcloud_to_laserscan
-- Installing: /workspace/ros2_yolo/src/sensor_driver/install/pointcloud_to_laserscan/share/pointcloud_to_laserscan/cmake/pointcloud_to_laserscanConfig.cmake
-- Installing: /workspace/ros2_yolo/src/sensor_driver/install/pointcloud_to_laserscan/share/pointcloud_to_laserscan/cmake/pointcloud_to_laserscanConfig-version.cmake
-- Installing: /workspace/ros2_yolo/src/sensor_driver/install/pointcloud_to_laserscan/share/pointcloud_to_laserscan/package.xml
