[0.016s] Invoking command in '/workspace/ros2_yolo/src/sensor_driver/build/pointcloud_to_laserscan': CMAKE_PREFIX_PATH=${CMAKE_PREFIX_PATH}:/workspace/ros2_yolo/install/pcdet_ros2:/workspace/ros2_yolo/install/fusiondet:/workspace/ros2_yolo/install/fusion_tracker:/opt/ros/humble /usr/bin/cmake --build /workspace/ros2_yolo/src/sensor_driver/build/pointcloud_to_laserscan -- -j112 -l112
[0.074s] [35m[1mConsolidate compiler generated dependencies of target laserscan_to_pointcloud[0m
[0.074s] [35m[1mConsolidate compiler generated dependencies of target laserscan_to_pointcloud_node[0m
[0.074s] [35m[1mConsolidate compiler generated dependencies of target pointcloud_to_laserscan_node[0m
[0.074s] [35m[1mConsolidate compiler generated dependencies of target laserscan_to_occupancy_grid[0m
[0.074s] [35m[1mConsolidate compiler generated dependencies of target pointcloud_to_laserscan[0m
[0.076s] [35m[1mConsolidate compiler generated dependencies of target dummy_pointcloud_publisher[0m
[0.077s] [35m[1mConsolidate compiler generated dependencies of target copy_tf_publisher[0m
[0.119s] [ 14%] Built target pointcloud_to_laserscan_node
[0.120s] [ 28%] Built target dummy_pointcloud_publisher
[0.120s] [ 42%] Built target laserscan_to_pointcloud_node
[0.123s] [ 57%] Built target copy_tf_publisher
[0.125s] [ 71%] Built target laserscan_to_occupancy_grid
[0.126s] [ 85%] Built target laserscan_to_pointcloud
[0.127s] [100%] Built target pointcloud_to_laserscan
[0.150s] Invoked command in '/workspace/ros2_yolo/src/sensor_driver/build/pointcloud_to_laserscan' returned '0': CMAKE_PREFIX_PATH=${CMAKE_PREFIX_PATH}:/workspace/ros2_yolo/install/pcdet_ros2:/workspace/ros2_yolo/install/fusiondet:/workspace/ros2_yolo/install/fusion_tracker:/opt/ros/humble /usr/bin/cmake --build /workspace/ros2_yolo/src/sensor_driver/build/pointcloud_to_laserscan -- -j112 -l112
[0.152s] Invoking command in '/workspace/ros2_yolo/src/sensor_driver/build/pointcloud_to_laserscan': CMAKE_PREFIX_PATH=${CMAKE_PREFIX_PATH}:/workspace/ros2_yolo/install/pcdet_ros2:/workspace/ros2_yolo/install/fusiondet:/workspace/ros2_yolo/install/fusion_tracker:/opt/ros/humble /usr/bin/cmake --install /workspace/ros2_yolo/src/sensor_driver/build/pointcloud_to_laserscan
[0.157s] -- Install configuration: ""
[0.157s] -- Installing: /workspace/ros2_yolo/src/sensor_driver/install/pointcloud_to_laserscan/lib/pointcloud_to_laserscan/laserscan_to_occupancy_grid
[0.159s] -- Set runtime path of "/workspace/ros2_yolo/src/sensor_driver/install/pointcloud_to_laserscan/lib/pointcloud_to_laserscan/laserscan_to_occupancy_grid" to ""
[0.160s] -- Installing: /workspace/ros2_yolo/src/sensor_driver/install/pointcloud_to_laserscan/lib/pointcloud_to_laserscan/laserscan_to_pointcloud_node
[0.160s] -- Set runtime path of "/workspace/ros2_yolo/src/sensor_driver/install/pointcloud_to_laserscan/lib/pointcloud_to_laserscan/laserscan_to_pointcloud_node" to ""
[0.160s] -- Installing: /workspace/ros2_yolo/src/sensor_driver/install/pointcloud_to_laserscan/lib/pointcloud_to_laserscan/pointcloud_to_laserscan_node
[0.160s] -- Set runtime path of "/workspace/ros2_yolo/src/sensor_driver/install/pointcloud_to_laserscan/lib/pointcloud_to_laserscan/pointcloud_to_laserscan_node" to ""
[0.160s] -- Installing: /workspace/ros2_yolo/src/sensor_driver/install/pointcloud_to_laserscan/lib/pointcloud_to_laserscan/copy_tf_publisher
[0.161s] -- Set runtime path of "/workspace/ros2_yolo/src/sensor_driver/install/pointcloud_to_laserscan/lib/pointcloud_to_laserscan/copy_tf_publisher" to ""
[0.161s] -- Installing: /workspace/ros2_yolo/src/sensor_driver/install/pointcloud_to_laserscan/lib/liblaserscan_to_pointcloud.so
[0.166s] -- Set runtime path of "/workspace/ros2_yolo/src/sensor_driver/install/pointcloud_to_laserscan/lib/liblaserscan_to_pointcloud.so" to ""
[0.166s] -- Installing: /workspace/ros2_yolo/src/sensor_driver/install/pointcloud_to_laserscan/lib/libpointcloud_to_laserscan.so
[0.172s] -- Set runtime path of "/workspace/ros2_yolo/src/sensor_driver/install/pointcloud_to_laserscan/lib/libpointcloud_to_laserscan.so" to ""
[0.172s] -- Installing: /workspace/ros2_yolo/src/sensor_driver/install/pointcloud_to_laserscan/lib/pointcloud_to_laserscan/dummy_pointcloud_publisher
[0.173s] -- Set runtime path of "/workspace/ros2_yolo/src/sensor_driver/install/pointcloud_to_laserscan/lib/pointcloud_to_laserscan/dummy_pointcloud_publisher" to ""
[0.173s] -- Installing: /workspace/ros2_yolo/src/sensor_driver/install/pointcloud_to_laserscan/include/include
[0.173s] -- Installing: /workspace/ros2_yolo/src/sensor_driver/install/pointcloud_to_laserscan/include/include/pointcloud_to_laserscan
[0.173s] -- Installing: /workspace/ros2_yolo/src/sensor_driver/install/pointcloud_to_laserscan/include/include/pointcloud_to_laserscan/visibility_control.h
[0.173s] -- Installing: /workspace/ros2_yolo/src/sensor_driver/install/pointcloud_to_laserscan/include/include/pointcloud_to_laserscan/laserscan_to_pointcloud_node.hpp
[0.173s] -- Installing: /workspace/ros2_yolo/src/sensor_driver/install/pointcloud_to_laserscan/include/include/pointcloud_to_laserscan/pointcloud_to_laserscan_node.hpp
[0.173s] -- Installing: /workspace/ros2_yolo/src/sensor_driver/install/pointcloud_to_laserscan/share/pointcloud_to_laserscan/launch
[0.174s] -- Installing: /workspace/ros2_yolo/src/sensor_driver/install/pointcloud_to_laserscan/share/pointcloud_to_laserscan/launch/sample_pointcloud_to_laserscan_launch.py
[0.174s] -- Installing: /workspace/ros2_yolo/src/sensor_driver/install/pointcloud_to_laserscan/share/pointcloud_to_laserscan/launch/sample_laserscan_to_pointcloud_launch.py
[0.174s] -- Installing: /workspace/ros2_yolo/src/sensor_driver/install/pointcloud_to_laserscan/share/ament_index/resource_index/package_run_dependencies/pointcloud_to_laserscan
[0.174s] -- Installing: /workspace/ros2_yolo/src/sensor_driver/install/pointcloud_to_laserscan/share/ament_index/resource_index/parent_prefix_path/pointcloud_to_laserscan
[0.174s] -- Installing: /workspace/ros2_yolo/src/sensor_driver/install/pointcloud_to_laserscan/share/pointcloud_to_laserscan/environment/ament_prefix_path.sh
[0.174s] -- Installing: /workspace/ros2_yolo/src/sensor_driver/install/pointcloud_to_laserscan/share/pointcloud_to_laserscan/environment/ament_prefix_path.dsv
[0.174s] -- Installing: /workspace/ros2_yolo/src/sensor_driver/install/pointcloud_to_laserscan/share/pointcloud_to_laserscan/environment/path.sh
[0.174s] -- Installing: /workspace/ros2_yolo/src/sensor_driver/install/pointcloud_to_laserscan/share/pointcloud_to_laserscan/environment/path.dsv
[0.174s] -- Installing: /workspace/ros2_yolo/src/sensor_driver/install/pointcloud_to_laserscan/share/pointcloud_to_laserscan/local_setup.bash
[0.174s] -- Installing: /workspace/ros2_yolo/src/sensor_driver/install/pointcloud_to_laserscan/share/pointcloud_to_laserscan/local_setup.sh
[0.174s] -- Installing: /workspace/ros2_yolo/src/sensor_driver/install/pointcloud_to_laserscan/share/pointcloud_to_laserscan/local_setup.zsh
[0.175s] -- Installing: /workspace/ros2_yolo/src/sensor_driver/install/pointcloud_to_laserscan/share/pointcloud_to_laserscan/local_setup.dsv
[0.175s] -- Installing: /workspace/ros2_yolo/src/sensor_driver/install/pointcloud_to_laserscan/share/pointcloud_to_laserscan/package.dsv
[0.175s] -- Installing: /workspace/ros2_yolo/src/sensor_driver/install/pointcloud_to_laserscan/share/ament_index/resource_index/packages/pointcloud_to_laserscan
[0.175s] -- Installing: /workspace/ros2_yolo/src/sensor_driver/install/pointcloud_to_laserscan/share/ament_index/resource_index/rclcpp_components/pointcloud_to_laserscan
[0.175s] -- Installing: /workspace/ros2_yolo/src/sensor_driver/install/pointcloud_to_laserscan/share/pointcloud_to_laserscan/cmake/pointcloud_to_laserscanConfig.cmake
[0.175s] -- Installing: /workspace/ros2_yolo/src/sensor_driver/install/pointcloud_to_laserscan/share/pointcloud_to_laserscan/cmake/pointcloud_to_laserscanConfig-version.cmake
[0.175s] -- Installing: /workspace/ros2_yolo/src/sensor_driver/install/pointcloud_to_laserscan/share/pointcloud_to_laserscan/package.xml
[0.177s] Invoked command in '/workspace/ros2_yolo/src/sensor_driver/build/pointcloud_to_laserscan' returned '0': CMAKE_PREFIX_PATH=${CMAKE_PREFIX_PATH}:/workspace/ros2_yolo/install/pcdet_ros2:/workspace/ros2_yolo/install/fusiondet:/workspace/ros2_yolo/install/fusion_tracker:/opt/ros/humble /usr/bin/cmake --install /workspace/ros2_yolo/src/sensor_driver/build/pointcloud_to_laserscan
