[ 14%] Built target pointcloud_to_laserscan_node
[ 28%] Built target dummy_pointcloud_publisher
[ 42%] Built target laserscan_to_occupancy_grid
[ 57%] Built target laserscan_to_pointcloud
[ 71%] Built target laserscan_to_pointcloud_node
[ 85%] Built target copy_tf_publisher
[100%] Built target pointcloud_to_laserscan
-- Install configuration: ""
-- Up-to-date: /workspace/ros2_yolo/src/sensor_driver/install/pointcloud_to_laserscan/lib/pointcloud_to_laserscan/laserscan_to_occupancy_grid
-- Up-to-date: /workspace/ros2_yolo/src/sensor_driver/install/pointcloud_to_laserscan/lib/pointcloud_to_laserscan/laserscan_to_pointcloud_node
-- Up-to-date: /workspace/ros2_yolo/src/sensor_driver/install/pointcloud_to_laserscan/lib/pointcloud_to_laserscan/pointcloud_to_laserscan_node
-- Up-to-date: /workspace/ros2_yolo/src/sensor_driver/install/pointcloud_to_laserscan/lib/pointcloud_to_laserscan/copy_tf_publisher
-- Up-to-date: /workspace/ros2_yolo/src/sensor_driver/install/pointcloud_to_laserscan/lib/liblaserscan_to_pointcloud.so
-- Up-to-date: /workspace/ros2_yolo/src/sensor_driver/install/pointcloud_to_laserscan/lib/libpointcloud_to_laserscan.so
-- Up-to-date: /workspace/ros2_yolo/src/sensor_driver/install/pointcloud_to_laserscan/lib/pointcloud_to_laserscan/dummy_pointcloud_publisher
-- Up-to-date: /workspace/ros2_yolo/src/sensor_driver/install/pointcloud_to_laserscan/include/include
-- Up-to-date: /workspace/ros2_yolo/src/sensor_driver/install/pointcloud_to_laserscan/include/include/pointcloud_to_laserscan
-- Up-to-date: /workspace/ros2_yolo/src/sensor_driver/install/pointcloud_to_laserscan/include/include/pointcloud_to_laserscan/visibility_control.h
-- Up-to-date: /workspace/ros2_yolo/src/sensor_driver/install/pointcloud_to_laserscan/include/include/pointcloud_to_laserscan/laserscan_to_pointcloud_node.hpp
-- Up-to-date: /workspace/ros2_yolo/src/sensor_driver/install/pointcloud_to_laserscan/include/include/pointcloud_to_laserscan/pointcloud_to_laserscan_node.hpp
-- Up-to-date: /workspace/ros2_yolo/src/sensor_driver/install/pointcloud_to_laserscan/share/pointcloud_to_laserscan/launch
-- Up-to-date: /workspace/ros2_yolo/src/sensor_driver/install/pointcloud_to_laserscan/share/pointcloud_to_laserscan/launch/sample_pointcloud_to_laserscan_launch.py
-- Up-to-date: /workspace/ros2_yolo/src/sensor_driver/install/pointcloud_to_laserscan/share/pointcloud_to_laserscan/launch/sample_laserscan_to_pointcloud_launch.py
-- Up-to-date: /workspace/ros2_yolo/src/sensor_driver/install/pointcloud_to_laserscan/share/ament_index/resource_index/package_run_dependencies/pointcloud_to_laserscan
-- Up-to-date: /workspace/ros2_yolo/src/sensor_driver/install/pointcloud_to_laserscan/share/ament_index/resource_index/parent_prefix_path/pointcloud_to_laserscan
-- Up-to-date: /workspace/ros2_yolo/src/sensor_driver/install/pointcloud_to_laserscan/share/pointcloud_to_laserscan/environment/ament_prefix_path.sh
-- Up-to-date: /workspace/ros2_yolo/src/sensor_driver/install/pointcloud_to_laserscan/share/pointcloud_to_laserscan/environment/ament_prefix_path.dsv
-- Up-to-date: /workspace/ros2_yolo/src/sensor_driver/install/pointcloud_to_laserscan/share/pointcloud_to_laserscan/environment/path.sh
-- Up-to-date: /workspace/ros2_yolo/src/sensor_driver/install/pointcloud_to_laserscan/share/pointcloud_to_laserscan/environment/path.dsv
-- Up-to-date: /workspace/ros2_yolo/src/sensor_driver/install/pointcloud_to_laserscan/share/pointcloud_to_laserscan/local_setup.bash
-- Up-to-date: /workspace/ros2_yolo/src/sensor_driver/install/pointcloud_to_laserscan/share/pointcloud_to_laserscan/local_setup.sh
-- Up-to-date: /workspace/ros2_yolo/src/sensor_driver/install/pointcloud_to_laserscan/share/pointcloud_to_laserscan/local_setup.zsh
-- Up-to-date: /workspace/ros2_yolo/src/sensor_driver/install/pointcloud_to_laserscan/share/pointcloud_to_laserscan/local_setup.dsv
-- Installing: /workspace/ros2_yolo/src/sensor_driver/install/pointcloud_to_laserscan/share/pointcloud_to_laserscan/package.dsv
-- Up-to-date: /workspace/ros2_yolo/src/sensor_driver/install/pointcloud_to_laserscan/share/ament_index/resource_index/packages/pointcloud_to_laserscan
-- Up-to-date: /workspace/ros2_yolo/src/sensor_driver/install/pointcloud_to_laserscan/share/ament_index/resource_index/rclcpp_components/pointcloud_to_laserscan
-- Up-to-date: /workspace/ros2_yolo/src/sensor_driver/install/pointcloud_to_laserscan/share/pointcloud_to_laserscan/cmake/pointcloud_to_laserscanConfig.cmake
-- Up-to-date: /workspace/ros2_yolo/src/sensor_driver/install/pointcloud_to_laserscan/share/pointcloud_to_laserscan/cmake/pointcloud_to_laserscanConfig-version.cmake
-- Up-to-date: /workspace/ros2_yolo/src/sensor_driver/install/pointcloud_to_laserscan/share/pointcloud_to_laserscan/package.xml
