[0.022s] Invoking command in '/workspace/CogniScope/build/rslidar_sdk': CMAKE_PREFIX_PATH=/workspace/CogniScope/install/rslidar_msg:/workspace/CogniScope/install/vision_msgs_rviz_plugins:/workspace/CogniScope/install/ultralytics_ros:/workspace/CogniScope/install/rslidar_sdk:/workspace/CogniScope/install/ros2_numpy:/workspace/CogniScope/install/realsense2_description:/workspace/CogniScope/install/realsense2_camera:/workspace/CogniScope/install/realsense2_camera_msgs:/workspace/CogniScope/install/pointcloud_to_laserscan:/workspace/CogniScope/install/imu_speed:/workspace/CogniScope/install/imu5651_driver:/workspace/CogniScope/install/common_unique_msgs:/workspace/CogniScope/install/see_beyond_ros2:/workspace/CogniScope/install/pcdet_ros2:/workspace/CogniScope/install/fusiondet:/workspace/CogniScope/install/fusion_tracker:/opt/ros/humble LD_LIBRARY_PATH=/workspace/CogniScope/install/rslidar_msg/lib:/usr/local/cuda-12.1/lib64:/workspace/CogniScope/install/vision_msgs_rviz_plugins/lib:/workspace/CogniScope/install/ultralytics_ros/lib:/workspace/CogniScope/install/realsense2_camera/lib:/workspace/CogniScope/install/realsense2_camera_msgs/lib:/workspace/CogniScope/install/pointcloud_to_laserscan/lib:/workspace/CogniScope/install/common_unique_msgs/lib:/usr/local/cuda-12.1/lib64:/usr/lib/x86_64-linux-gnu/gazebo-11/plugins:/opt/ros/humble/opt/rviz_ogre_vendor/lib:/opt/ros/humble/lib/x86_64-linux-gnu:/opt/ros/humble/lib /usr/bin/cmake /workspace/CogniScope/src/sensor_driver/src/rslidar_sdk -DAMENT_CMAKE_SYMLINK_INSTALL=1 -DCMAKE_INSTALL_PREFIX=/workspace/CogniScope/install/rslidar_sdk
[0.104s] -- The C compiler identification is GNU 11.4.0
[0.165s] -- The CXX compiler identification is GNU 11.4.0
[0.175s] -- Detecting C compiler ABI info
[0.256s] -- Detecting C compiler ABI info - done
[0.264s] -- Check for working C compiler: /usr/bin/cc - skipped
[0.264s] -- Detecting C compile features
[0.264s] -- Detecting C compile features - done
[0.267s] -- Detecting CXX compiler ABI info
[0.363s] -- Detecting CXX compiler ABI info - done
[0.370s] -- Check for working CXX compiler: /usr/bin/c++ - skipped
[0.370s] -- Detecting CXX compile features
[0.370s] -- Detecting CXX compile features - done
[0.371s] [0m=============================================================[0m
[0.371s] [0m-- POINT_TYPE is XYZIRT[0m
[0.371s] [0m=============================================================[0m
[0.391s] [0m=============================================================[0m
[0.391s] [0m-- ROS Not Found. ROS Support is turned Off.[0m
[0.391s] [0m=============================================================[0m
[0.981s] -- Found Python3: /usr/bin/python3 (found version "3.10.12") found components: Interpreter 
[1.046s] -- Override CMake install command with custom implementation using symlinks instead of copying resources
[1.170s] -- Found rosidl_generator_c: 3.1.8 (/opt/ros/humble/share/rosidl_generator_c/cmake)
[1.178s] -- Found rosidl_adapter: 3.1.8 (/opt/ros/humble/share/rosidl_adapter/cmake)
[1.193s] -- Found rosidl_generator_cpp: 3.1.8 (/opt/ros/humble/share/rosidl_generator_cpp/cmake)
[1.206s] -- Using all available rosidl_typesupport_c: rosidl_typesupport_fastrtps_c;rosidl_typesupport_introspection_c
[1.228s] -- Using all available rosidl_typesupport_cpp: rosidl_typesupport_fastrtps_cpp;rosidl_typesupport_introspection_cpp
[1.288s] -- Found rmw_implementation_cmake: 6.1.2 (/opt/ros/humble/share/rmw_implementation_cmake/cmake)
[1.293s] -- Found rmw_cyclonedds_cpp: 1.3.4 (/opt/ros/humble/share/rmw_cyclonedds_cpp/cmake)
[1.318s] -- Using RMW implementation 'rmw_cyclonedds_cpp' as default
[1.332s] -- Looking for pthread.h
[1.416s] -- Looking for pthread.h - found
[1.417s] -- Performing Test CMAKE_HAVE_LIBC_PTHREAD
[1.499s] -- Performing Test CMAKE_HAVE_LIBC_PTHREAD - Success
[1.501s] -- Found Threads: TRUE  
[1.555s] [0m=============================================================[0m
[1.555s] [0m-- ROS2 Found. ROS2 Support is turned On.[0m
[1.555s] [0m=============================================================[0m
[1.559s] -- Found sensor_msgs: 4.9.0 (/opt/ros/humble/share/sensor_msgs/cmake)
[1.588s] -- Found rslidar_msg: 0.0.0 (/workspace/CogniScope/install/rslidar_msg/share/rslidar_msg/cmake)
[1.605s] [0m=============================================================[0m
[1.606s] [0m-- CMake run for UNIX GNU Compiler[0m
[1.606s] [0m=============================================================[0m
[1.606s] [0m=============================================================[0m
[1.606s] [0m-- rs_driver Version : v1.5.17[0m
[1.606s] [0m=============================================================[0m
[1.694s] -- Configuring done
[1.705s] -- Generating done
[1.708s] -- Build files have been written to: /workspace/CogniScope/build/rslidar_sdk
[1.716s] Invoked command in '/workspace/CogniScope/build/rslidar_sdk' returned '0': CMAKE_PREFIX_PATH=/workspace/CogniScope/install/rslidar_msg:/workspace/CogniScope/install/vision_msgs_rviz_plugins:/workspace/CogniScope/install/ultralytics_ros:/workspace/CogniScope/install/rslidar_sdk:/workspace/CogniScope/install/ros2_numpy:/workspace/CogniScope/install/realsense2_description:/workspace/CogniScope/install/realsense2_camera:/workspace/CogniScope/install/realsense2_camera_msgs:/workspace/CogniScope/install/pointcloud_to_laserscan:/workspace/CogniScope/install/imu_speed:/workspace/CogniScope/install/imu5651_driver:/workspace/CogniScope/install/common_unique_msgs:/workspace/CogniScope/install/see_beyond_ros2:/workspace/CogniScope/install/pcdet_ros2:/workspace/CogniScope/install/fusiondet:/workspace/CogniScope/install/fusion_tracker:/opt/ros/humble LD_LIBRARY_PATH=/workspace/CogniScope/install/rslidar_msg/lib:/usr/local/cuda-12.1/lib64:/workspace/CogniScope/install/vision_msgs_rviz_plugins/lib:/workspace/CogniScope/install/ultralytics_ros/lib:/workspace/CogniScope/install/realsense2_camera/lib:/workspace/CogniScope/install/realsense2_camera_msgs/lib:/workspace/CogniScope/install/pointcloud_to_laserscan/lib:/workspace/CogniScope/install/common_unique_msgs/lib:/usr/local/cuda-12.1/lib64:/usr/lib/x86_64-linux-gnu/gazebo-11/plugins:/opt/ros/humble/opt/rviz_ogre_vendor/lib:/opt/ros/humble/lib/x86_64-linux-gnu:/opt/ros/humble/lib /usr/bin/cmake /workspace/CogniScope/src/sensor_driver/src/rslidar_sdk -DAMENT_CMAKE_SYMLINK_INSTALL=1 -DCMAKE_INSTALL_PREFIX=/workspace/CogniScope/install/rslidar_sdk
[1.718s] Invoking command in '/workspace/CogniScope/build/rslidar_sdk': CMAKE_PREFIX_PATH=/workspace/CogniScope/install/rslidar_msg:/workspace/CogniScope/install/vision_msgs_rviz_plugins:/workspace/CogniScope/install/ultralytics_ros:/workspace/CogniScope/install/rslidar_sdk:/workspace/CogniScope/install/ros2_numpy:/workspace/CogniScope/install/realsense2_description:/workspace/CogniScope/install/realsense2_camera:/workspace/CogniScope/install/realsense2_camera_msgs:/workspace/CogniScope/install/pointcloud_to_laserscan:/workspace/CogniScope/install/imu_speed:/workspace/CogniScope/install/imu5651_driver:/workspace/CogniScope/install/common_unique_msgs:/workspace/CogniScope/install/see_beyond_ros2:/workspace/CogniScope/install/pcdet_ros2:/workspace/CogniScope/install/fusiondet:/workspace/CogniScope/install/fusion_tracker:/opt/ros/humble LD_LIBRARY_PATH=/workspace/CogniScope/install/rslidar_msg/lib:/usr/local/cuda-12.1/lib64:/workspace/CogniScope/install/vision_msgs_rviz_plugins/lib:/workspace/CogniScope/install/ultralytics_ros/lib:/workspace/CogniScope/install/realsense2_camera/lib:/workspace/CogniScope/install/realsense2_camera_msgs/lib:/workspace/CogniScope/install/pointcloud_to_laserscan/lib:/workspace/CogniScope/install/common_unique_msgs/lib:/usr/local/cuda-12.1/lib64:/usr/lib/x86_64-linux-gnu/gazebo-11/plugins:/opt/ros/humble/opt/rviz_ogre_vendor/lib:/opt/ros/humble/lib/x86_64-linux-gnu:/opt/ros/humble/lib /usr/bin/cmake --build /workspace/CogniScope/build/rslidar_sdk -- -j112 -l112
[1.765s] [ 33%] [32mBuilding CXX object CMakeFiles/rslidar_sdk_node.dir/src/manager/node_manager.cpp.o[0m
[1.767s] [ 66%] [32mBuilding CXX object CMakeFiles/rslidar_sdk_node.dir/node/rslidar_sdk_node.cpp.o[0m
[16.926s] [100%] [32m[1mLinking CXX executable rslidar_sdk_node[0m
[17.099s] [100%] Built target rslidar_sdk_node
[17.112s] Invoked command in '/workspace/CogniScope/build/rslidar_sdk' returned '0': CMAKE_PREFIX_PATH=/workspace/CogniScope/install/rslidar_msg:/workspace/CogniScope/install/vision_msgs_rviz_plugins:/workspace/CogniScope/install/ultralytics_ros:/workspace/CogniScope/install/rslidar_sdk:/workspace/CogniScope/install/ros2_numpy:/workspace/CogniScope/install/realsense2_description:/workspace/CogniScope/install/realsense2_camera:/workspace/CogniScope/install/realsense2_camera_msgs:/workspace/CogniScope/install/pointcloud_to_laserscan:/workspace/CogniScope/install/imu_speed:/workspace/CogniScope/install/imu5651_driver:/workspace/CogniScope/install/common_unique_msgs:/workspace/CogniScope/install/see_beyond_ros2:/workspace/CogniScope/install/pcdet_ros2:/workspace/CogniScope/install/fusiondet:/workspace/CogniScope/install/fusion_tracker:/opt/ros/humble LD_LIBRARY_PATH=/workspace/CogniScope/install/rslidar_msg/lib:/usr/local/cuda-12.1/lib64:/workspace/CogniScope/install/vision_msgs_rviz_plugins/lib:/workspace/CogniScope/install/ultralytics_ros/lib:/workspace/CogniScope/install/realsense2_camera/lib:/workspace/CogniScope/install/realsense2_camera_msgs/lib:/workspace/CogniScope/install/pointcloud_to_laserscan/lib:/workspace/CogniScope/install/common_unique_msgs/lib:/usr/local/cuda-12.1/lib64:/usr/lib/x86_64-linux-gnu/gazebo-11/plugins:/opt/ros/humble/opt/rviz_ogre_vendor/lib:/opt/ros/humble/lib/x86_64-linux-gnu:/opt/ros/humble/lib /usr/bin/cmake --build /workspace/CogniScope/build/rslidar_sdk -- -j112 -l112
[17.115s] Invoking command in '/workspace/CogniScope/build/rslidar_sdk': CMAKE_PREFIX_PATH=/workspace/CogniScope/install/rslidar_msg:/workspace/CogniScope/install/vision_msgs_rviz_plugins:/workspace/CogniScope/install/ultralytics_ros:/workspace/CogniScope/install/rslidar_sdk:/workspace/CogniScope/install/ros2_numpy:/workspace/CogniScope/install/realsense2_description:/workspace/CogniScope/install/realsense2_camera:/workspace/CogniScope/install/realsense2_camera_msgs:/workspace/CogniScope/install/pointcloud_to_laserscan:/workspace/CogniScope/install/imu_speed:/workspace/CogniScope/install/imu5651_driver:/workspace/CogniScope/install/common_unique_msgs:/workspace/CogniScope/install/see_beyond_ros2:/workspace/CogniScope/install/pcdet_ros2:/workspace/CogniScope/install/fusiondet:/workspace/CogniScope/install/fusion_tracker:/opt/ros/humble LD_LIBRARY_PATH=/workspace/CogniScope/install/rslidar_msg/lib:/usr/local/cuda-12.1/lib64:/workspace/CogniScope/install/vision_msgs_rviz_plugins/lib:/workspace/CogniScope/install/ultralytics_ros/lib:/workspace/CogniScope/install/realsense2_camera/lib:/workspace/CogniScope/install/realsense2_camera_msgs/lib:/workspace/CogniScope/install/pointcloud_to_laserscan/lib:/workspace/CogniScope/install/common_unique_msgs/lib:/usr/local/cuda-12.1/lib64:/usr/lib/x86_64-linux-gnu/gazebo-11/plugins:/opt/ros/humble/opt/rviz_ogre_vendor/lib:/opt/ros/humble/lib/x86_64-linux-gnu:/opt/ros/humble/lib /usr/bin/cmake --install /workspace/CogniScope/build/rslidar_sdk
[17.121s] -- Install configuration: "Release"
[17.121s] -- Execute custom install script
[17.122s] -- Symlinking: /workspace/CogniScope/install/rslidar_sdk/lib/rslidar_sdk/rslidar_sdk_node
[17.130s] -- Symlinking: /workspace/CogniScope/install/rslidar_sdk/share/rslidar_sdk/launch/elequent_start.py
[17.140s] -- Symlinking: /workspace/CogniScope/install/rslidar_sdk/share/rslidar_sdk/launch/start.launch
[17.147s] -- Symlinking: /workspace/CogniScope/install/rslidar_sdk/share/rslidar_sdk/launch/start.py
[17.152s] -- Symlinking: /workspace/CogniScope/install/rslidar_sdk/share/rslidar_sdk/rviz/rviz.rviz
[17.157s] -- Symlinking: /workspace/CogniScope/install/rslidar_sdk/share/rslidar_sdk/rviz/rviz2.rviz
[17.163s] -- Symlinking: /workspace/CogniScope/install/rslidar_sdk/share/ament_index/resource_index/package_run_dependencies/rslidar_sdk
[17.172s] -- Symlinking: /workspace/CogniScope/install/rslidar_sdk/share/ament_index/resource_index/parent_prefix_path/rslidar_sdk
[17.178s] -- Symlinking: /workspace/CogniScope/install/rslidar_sdk/share/rslidar_sdk/environment/ament_prefix_path.sh
[17.183s] -- Symlinking: /workspace/CogniScope/install/rslidar_sdk/share/rslidar_sdk/environment/ament_prefix_path.dsv
[17.191s] -- Symlinking: /workspace/CogniScope/install/rslidar_sdk/share/rslidar_sdk/environment/path.sh
[17.197s] -- Symlinking: /workspace/CogniScope/install/rslidar_sdk/share/rslidar_sdk/environment/path.dsv
[17.208s] -- Symlinking: /workspace/CogniScope/install/rslidar_sdk/share/rslidar_sdk/local_setup.bash
[17.214s] -- Symlinking: /workspace/CogniScope/install/rslidar_sdk/share/rslidar_sdk/local_setup.sh
[17.221s] -- Symlinking: /workspace/CogniScope/install/rslidar_sdk/share/rslidar_sdk/local_setup.zsh
[17.226s] -- Symlinking: /workspace/CogniScope/install/rslidar_sdk/share/rslidar_sdk/local_setup.dsv
[17.234s] -- Symlinking: /workspace/CogniScope/install/rslidar_sdk/share/rslidar_sdk/package.dsv
[17.240s] -- Symlinking: /workspace/CogniScope/install/rslidar_sdk/share/ament_index/resource_index/packages/rslidar_sdk
[17.245s] -- Symlinking: /workspace/CogniScope/install/rslidar_sdk/share/rslidar_sdk/cmake/rslidar_sdkConfig.cmake
[17.250s] -- Symlinking: /workspace/CogniScope/install/rslidar_sdk/share/rslidar_sdk/cmake/rslidar_sdkConfig-version.cmake
[17.255s] -- Symlinking: /workspace/CogniScope/install/rslidar_sdk/share/rslidar_sdk/package.xml
[17.266s] Invoked command in '/workspace/CogniScope/build/rslidar_sdk' returned '0': CMAKE_PREFIX_PATH=/workspace/CogniScope/install/rslidar_msg:/workspace/CogniScope/install/vision_msgs_rviz_plugins:/workspace/CogniScope/install/ultralytics_ros:/workspace/CogniScope/install/rslidar_sdk:/workspace/CogniScope/install/ros2_numpy:/workspace/CogniScope/install/realsense2_description:/workspace/CogniScope/install/realsense2_camera:/workspace/CogniScope/install/realsense2_camera_msgs:/workspace/CogniScope/install/pointcloud_to_laserscan:/workspace/CogniScope/install/imu_speed:/workspace/CogniScope/install/imu5651_driver:/workspace/CogniScope/install/common_unique_msgs:/workspace/CogniScope/install/see_beyond_ros2:/workspace/CogniScope/install/pcdet_ros2:/workspace/CogniScope/install/fusiondet:/workspace/CogniScope/install/fusion_tracker:/opt/ros/humble LD_LIBRARY_PATH=/workspace/CogniScope/install/rslidar_msg/lib:/usr/local/cuda-12.1/lib64:/workspace/CogniScope/install/vision_msgs_rviz_plugins/lib:/workspace/CogniScope/install/ultralytics_ros/lib:/workspace/CogniScope/install/realsense2_camera/lib:/workspace/CogniScope/install/realsense2_camera_msgs/lib:/workspace/CogniScope/install/pointcloud_to_laserscan/lib:/workspace/CogniScope/install/common_unique_msgs/lib:/usr/local/cuda-12.1/lib64:/usr/lib/x86_64-linux-gnu/gazebo-11/plugins:/opt/ros/humble/opt/rviz_ogre_vendor/lib:/opt/ros/humble/lib/x86_64-linux-gnu:/opt/ros/humble/lib /usr/bin/cmake --install /workspace/CogniScope/build/rslidar_sdk
