[0.666s] Invoking command in '/workspace/CogniScope/src/see_beyond_ros2': PYTHONPATH=/workspace/CogniScope/build/see_beyond_ros2/prefix_override:/usr/lib/python3/dist-packages/colcon_core/task/python/colcon_distutils_commands:/workspace/CogniScope/install/see_beyond_ros2/lib/python3.10/site-packages:${PYTHONPATH} /usr/bin/python3 -W ignore:setup.py install is deprecated -W ignore:easy_install command is deprecated setup.py egg_info --egg-base ../../build/see_beyond_ros2 build --build-base /workspace/CogniScope/build/see_beyond_ros2/build install --record /workspace/CogniScope/build/see_beyond_ros2/install.log --single-version-externally-managed install_data
[0.905s] running egg_info
[0.905s] creating ../../build/see_beyond_ros2/see_beyond_ros2.egg-info
[0.906s] writing manifest file '../../build/see_beyond_ros2/see_beyond_ros2.egg-info/SOURCES.txt'
[0.907s] writing manifest file '../../build/see_beyond_ros2/see_beyond_ros2.egg-info/SOURCES.txt'
[0.907s] running build
[0.907s] running build_py
[0.907s] creating /workspace/CogniScope/build/see_beyond_ros2/build
[0.908s] creating /workspace/CogniScope/build/see_beyond_ros2/build/lib
[0.908s] creating /workspace/CogniScope/build/see_beyond_ros2/build/lib/see_beyond_ros2
[0.908s] copying see_beyond_ros2/fusion_detector.py -> /workspace/CogniScope/build/see_beyond_ros2/build/lib/see_beyond_ros2
[0.908s] copying see_beyond_ros2/see_beyond_ros2_node.py -> /workspace/CogniScope/build/see_beyond_ros2/build/lib/see_beyond_ros2
[0.908s] copying see_beyond_ros2/__init__.py -> /workspace/CogniScope/build/see_beyond_ros2/build/lib/see_beyond_ros2
[0.908s] copying see_beyond_ros2/msg_utils.py -> /workspace/CogniScope/build/see_beyond_ros2/build/lib/see_beyond_ros2
[0.908s] running install
[0.909s] running install_lib
[0.910s] creating /workspace/CogniScope/install/see_beyond_ros2/lib/python3.10/site-packages/see_beyond_ros2
[0.910s] copying /workspace/CogniScope/build/see_beyond_ros2/build/lib/see_beyond_ros2/fusion_detector.py -> /workspace/CogniScope/install/see_beyond_ros2/lib/python3.10/site-packages/see_beyond_ros2
[0.910s] copying /workspace/CogniScope/build/see_beyond_ros2/build/lib/see_beyond_ros2/see_beyond_ros2_node.py -> /workspace/CogniScope/install/see_beyond_ros2/lib/python3.10/site-packages/see_beyond_ros2
[0.910s] copying /workspace/CogniScope/build/see_beyond_ros2/build/lib/see_beyond_ros2/__init__.py -> /workspace/CogniScope/install/see_beyond_ros2/lib/python3.10/site-packages/see_beyond_ros2
[0.910s] copying /workspace/CogniScope/build/see_beyond_ros2/build/lib/see_beyond_ros2/msg_utils.py -> /workspace/CogniScope/install/see_beyond_ros2/lib/python3.10/site-packages/see_beyond_ros2
[0.910s] byte-compiling /workspace/CogniScope/install/see_beyond_ros2/lib/python3.10/site-packages/see_beyond_ros2/fusion_detector.py to fusion_detector.cpython-310.pyc
[0.912s] byte-compiling /workspace/CogniScope/install/see_beyond_ros2/lib/python3.10/site-packages/see_beyond_ros2/see_beyond_ros2_node.py to see_beyond_ros2_node.cpython-310.pyc
[0.912s] byte-compiling /workspace/CogniScope/install/see_beyond_ros2/lib/python3.10/site-packages/see_beyond_ros2/__init__.py to __init__.cpython-310.pyc
[0.912s] byte-compiling /workspace/CogniScope/install/see_beyond_ros2/lib/python3.10/site-packages/see_beyond_ros2/msg_utils.py to msg_utils.cpython-310.pyc
[0.913s] running install_data
[0.913s] creating /workspace/CogniScope/install/see_beyond_ros2/share/ament_index
[0.913s] creating /workspace/CogniScope/install/see_beyond_ros2/share/ament_index/resource_index
[0.913s] creating /workspace/CogniScope/install/see_beyond_ros2/share/ament_index/resource_index/packages
[0.913s] copying resource/see_beyond_ros2 -> /workspace/CogniScope/install/see_beyond_ros2/share/ament_index/resource_index/packages
[0.913s] copying package.xml -> /workspace/CogniScope/install/see_beyond_ros2/share/see_beyond_ros2
[0.913s] creating /workspace/CogniScope/install/see_beyond_ros2/share/see_beyond_ros2/launch
[0.913s] copying launch/see_beyond_ros2.launch.py -> /workspace/CogniScope/install/see_beyond_ros2/share/see_beyond_ros2/launch
[0.913s] running install_egg_info
[0.913s] Copying ../../build/see_beyond_ros2/see_beyond_ros2.egg-info to /workspace/CogniScope/install/see_beyond_ros2/lib/python3.10/site-packages/see_beyond_ros2-0.0.1-py3.10.egg-info
[0.914s] running install_scripts
[0.916s] writing list of installed files to '/workspace/CogniScope/build/see_beyond_ros2/install.log'
[0.916s] === PostInstallCommand 开始 ===
[0.916s] 检测到工作空间: /workspace/CogniScope
[0.916s] bin_dir: /workspace/CogniScope/install/see_beyond_ros2/bin
[0.916s] libexec_dir: /workspace/CogniScope/install/see_beyond_ros2/lib/see_beyond_ros2
[0.916s] target: /workspace/CogniScope/install/see_beyond_ros2/bin/see_beyond_node
[0.916s] link: /workspace/CogniScope/install/see_beyond_ros2/lib/see_beyond_ros2/see_beyond_node
[0.916s] ✓ 已创建符号链接: /workspace/CogniScope/install/see_beyond_ros2/lib/see_beyond_ros2/see_beyond_node -> ../../bin/see_beyond_node
[0.916s] === PostInstallCommand 结束 ===
[0.940s] Invoked command in '/workspace/CogniScope/src/see_beyond_ros2' returned '0': PYTHONPATH=/workspace/CogniScope/build/see_beyond_ros2/prefix_override:/usr/lib/python3/dist-packages/colcon_core/task/python/colcon_distutils_commands:/workspace/CogniScope/install/see_beyond_ros2/lib/python3.10/site-packages:${PYTHONPATH} /usr/bin/python3 -W ignore:setup.py install is deprecated -W ignore:easy_install command is deprecated setup.py egg_info --egg-base ../../build/see_beyond_ros2 build --build-base /workspace/CogniScope/build/see_beyond_ros2/build install --record /workspace/CogniScope/build/see_beyond_ros2/install.log --single-version-externally-managed install_data
