[0.042s] Invoking command in '/workspace/ros2_yolo/src/sensor_driver/build/imu5651_driver': AMENT_PREFIX_PATH=/workspace/ros2_yolo/src/sensor_driver/install/common_unique_msgs:${AMENT_PREFIX_PATH} CMAKE_PREFIX_PATH=/workspace/ros2_yolo/src/sensor_driver/install/common_unique_msgs:/workspace/ros2_yolo/install/vision_msgs_rviz_plugins:/workspace/ros2_yolo/install/ultralytics_ros:/workspace/ros2_yolo/install/ros2_numpy:/workspace/ros2_yolo/install/pcdet_ros2:/workspace/ros2_yolo/install/fusiondet:/workspace/ros2_yolo/install/fusion_tracker:/opt/ros/humble LD_LIBRARY_PATH=/workspace/ros2_yolo/src/sensor_driver/install/common_unique_msgs/lib:${LD_LIBRARY_PATH} PYTHONPATH=/workspace/ros2_yolo/src/sensor_driver/install/common_unique_msgs/local/lib/python3.10/dist-packages:${PYTHONPATH} /usr/bin/cmake --build /workspace/ros2_yolo/src/sensor_driver/build/imu5651_driver -- -j112 -l112
[0.093s] [35m[1mConsolidate compiler generated dependencies of target imu5651_driver[0m
[0.142s] [ 33%] [32mBuilding CXX object CMakeFiles/imu5651_driver.dir/src/main.cpp.o[0m
[0.145s] [ 66%] [32mBuilding CXX object CMakeFiles/imu5651_driver.dir/src/serial_reader.cpp.o[0m
[6.191s] [100%] [32m[1mLinking CXX executable imu5651_driver[0m
[7.112s] [100%] Built target imu5651_driver
[7.126s] Invoked command in '/workspace/ros2_yolo/src/sensor_driver/build/imu5651_driver' returned '0': AMENT_PREFIX_PATH=/workspace/ros2_yolo/src/sensor_driver/install/common_unique_msgs:${AMENT_PREFIX_PATH} CMAKE_PREFIX_PATH=/workspace/ros2_yolo/src/sensor_driver/install/common_unique_msgs:/workspace/ros2_yolo/install/vision_msgs_rviz_plugins:/workspace/ros2_yolo/install/ultralytics_ros:/workspace/ros2_yolo/install/ros2_numpy:/workspace/ros2_yolo/install/pcdet_ros2:/workspace/ros2_yolo/install/fusiondet:/workspace/ros2_yolo/install/fusion_tracker:/opt/ros/humble LD_LIBRARY_PATH=/workspace/ros2_yolo/src/sensor_driver/install/common_unique_msgs/lib:${LD_LIBRARY_PATH} PYTHONPATH=/workspace/ros2_yolo/src/sensor_driver/install/common_unique_msgs/local/lib/python3.10/dist-packages:${PYTHONPATH} /usr/bin/cmake --build /workspace/ros2_yolo/src/sensor_driver/build/imu5651_driver -- -j112 -l112
[7.129s] Invoking command in '/workspace/ros2_yolo/src/sensor_driver/build/imu5651_driver': AMENT_PREFIX_PATH=/workspace/ros2_yolo/src/sensor_driver/install/common_unique_msgs:${AMENT_PREFIX_PATH} CMAKE_PREFIX_PATH=/workspace/ros2_yolo/src/sensor_driver/install/common_unique_msgs:/workspace/ros2_yolo/install/vision_msgs_rviz_plugins:/workspace/ros2_yolo/install/ultralytics_ros:/workspace/ros2_yolo/install/ros2_numpy:/workspace/ros2_yolo/install/pcdet_ros2:/workspace/ros2_yolo/install/fusiondet:/workspace/ros2_yolo/install/fusion_tracker:/opt/ros/humble LD_LIBRARY_PATH=/workspace/ros2_yolo/src/sensor_driver/install/common_unique_msgs/lib:${LD_LIBRARY_PATH} PYTHONPATH=/workspace/ros2_yolo/src/sensor_driver/install/common_unique_msgs/local/lib/python3.10/dist-packages:${PYTHONPATH} /usr/bin/cmake --install /workspace/ros2_yolo/src/sensor_driver/build/imu5651_driver
[7.135s] -- Install configuration: ""
[7.136s] -- Installing: /workspace/ros2_yolo/src/sensor_driver/install/imu5651_driver/lib/imu5651_driver/imu5651_driver
[7.137s] -- Set runtime path of "/workspace/ros2_yolo/src/sensor_driver/install/imu5651_driver/lib/imu5651_driver/imu5651_driver" to ""
[7.137s] -- Installing: /workspace/ros2_yolo/src/sensor_driver/install/imu5651_driver/share/ament_index/resource_index/package_run_dependencies/imu5651_driver
[7.137s] -- Installing: /workspace/ros2_yolo/src/sensor_driver/install/imu5651_driver/share/ament_index/resource_index/parent_prefix_path/imu5651_driver
[7.137s] -- Installing: /workspace/ros2_yolo/src/sensor_driver/install/imu5651_driver/share/imu5651_driver/environment/ament_prefix_path.sh
[7.137s] -- Installing: /workspace/ros2_yolo/src/sensor_driver/install/imu5651_driver/share/imu5651_driver/environment/ament_prefix_path.dsv
[7.137s] -- Installing: /workspace/ros2_yolo/src/sensor_driver/install/imu5651_driver/share/imu5651_driver/environment/path.sh
[7.138s] -- Installing: /workspace/ros2_yolo/src/sensor_driver/install/imu5651_driver/share/imu5651_driver/environment/path.dsv
[7.138s] -- Installing: /workspace/ros2_yolo/src/sensor_driver/install/imu5651_driver/share/imu5651_driver/local_setup.bash
[7.138s] -- Installing: /workspace/ros2_yolo/src/sensor_driver/install/imu5651_driver/share/imu5651_driver/local_setup.sh
[7.138s] -- Installing: /workspace/ros2_yolo/src/sensor_driver/install/imu5651_driver/share/imu5651_driver/local_setup.zsh
[7.138s] -- Installing: /workspace/ros2_yolo/src/sensor_driver/install/imu5651_driver/share/imu5651_driver/local_setup.dsv
[7.138s] -- Installing: /workspace/ros2_yolo/src/sensor_driver/install/imu5651_driver/share/imu5651_driver/package.dsv
[7.138s] -- Installing: /workspace/ros2_yolo/src/sensor_driver/install/imu5651_driver/share/ament_index/resource_index/packages/imu5651_driver
[7.138s] -- Installing: /workspace/ros2_yolo/src/sensor_driver/install/imu5651_driver/share/imu5651_driver/cmake/ament_cmake_export_dependencies-extras.cmake
[7.138s] -- Installing: /workspace/ros2_yolo/src/sensor_driver/install/imu5651_driver/share/imu5651_driver/cmake/imu5651_driverConfig.cmake
[7.138s] -- Installing: /workspace/ros2_yolo/src/sensor_driver/install/imu5651_driver/share/imu5651_driver/cmake/imu5651_driverConfig-version.cmake
[7.138s] -- Installing: /workspace/ros2_yolo/src/sensor_driver/install/imu5651_driver/share/imu5651_driver/package.xml
[7.139s] Invoked command in '/workspace/ros2_yolo/src/sensor_driver/build/imu5651_driver' returned '0': AMENT_PREFIX_PATH=/workspace/ros2_yolo/src/sensor_driver/install/common_unique_msgs:${AMENT_PREFIX_PATH} CMAKE_PREFIX_PATH=/workspace/ros2_yolo/src/sensor_driver/install/common_unique_msgs:/workspace/ros2_yolo/install/vision_msgs_rviz_plugins:/workspace/ros2_yolo/install/ultralytics_ros:/workspace/ros2_yolo/install/ros2_numpy:/workspace/ros2_yolo/install/pcdet_ros2:/workspace/ros2_yolo/install/fusiondet:/workspace/ros2_yolo/install/fusion_tracker:/opt/ros/humble LD_LIBRARY_PATH=/workspace/ros2_yolo/src/sensor_driver/install/common_unique_msgs/lib:${LD_LIBRARY_PATH} PYTHONPATH=/workspace/ros2_yolo/src/sensor_driver/install/common_unique_msgs/local/lib/python3.10/dist-packages:${PYTHONPATH} /usr/bin/cmake --install /workspace/ros2_yolo/src/sensor_driver/build/imu5651_driver
