[0.053s] Invoking command in '/workspace/ros2_yolo/src/sensor_driver/build/realsense2_camera': CMAKE_PREFIX_PATH=/workspace/ros2_yolo/src/sensor_driver/install/realsense2_camera_msgs:/workspace/ros2_yolo/src/sensor_driver/install/rslidar_sdk:/workspace/ros2_yolo/src/sensor_driver/install/rslidar_msg:/workspace/ros2_yolo/src/sensor_driver/install/realsense2_description:/workspace/ros2_yolo/src/sensor_driver/install/realsense2_camera:/workspace/ros2_yolo/src/sensor_driver/install/pointcloud_to_laserscan:/workspace/ros2_yolo/src/sensor_driver/install/imu_speed:/workspace/ros2_yolo/src/sensor_driver/install/imu5651_driver:/workspace/ros2_yolo/src/sensor_driver/install/common_unique_msgs:/workspace/ros2_yolo/install/vision_msgs_rviz_plugins:/workspace/ros2_yolo/install/ultralytics_ros:/workspace/ros2_yolo/install/ros2_numpy:/workspace/ros2_yolo/install/pcdet_ros2:/workspace/ros2_yolo/install/fusiondet:/workspace/ros2_yolo/install/fusion_tracker:/opt/ros/humble LD_LIBRARY_PATH=/workspace/ros2_yolo/src/sensor_driver/install/realsense2_camera_msgs/lib:/workspace/ros2_yolo/src/sensor_driver/install/rslidar_msg/lib:/workspace/ros2_yolo/src/sensor_driver/install/realsense2_camera/lib:/workspace/ros2_yolo/src/sensor_driver/install/pointcloud_to_laserscan/lib:/workspace/ros2_yolo/src/sensor_driver/install/common_unique_msgs/lib:/usr/local/cuda-12.1/lib64:/workspace/ros2_yolo/install/vision_msgs_rviz_plugins/lib:/workspace/ros2_yolo/install/ultralytics_ros/lib:/usr/lib/x86_64-linux-gnu/gazebo-11/plugins:/opt/ros/humble/opt/rviz_ogre_vendor/lib:/opt/ros/humble/lib/x86_64-linux-gnu:/opt/ros/humble/lib /usr/bin/cmake --build /workspace/ros2_yolo/src/sensor_driver/build/realsense2_camera -- -j112 -l112
[0.134s] [  9%] Built target realsense2_camera_node
[0.140s] [ 18%] Built target gtest
[0.149s] [ 81%] Built target realsense2_camera
[0.149s] [ 90%] Built target gtest_main
[0.184s] [100%] Built target gtest_template
[0.211s] Invoked command in '/workspace/ros2_yolo/src/sensor_driver/build/realsense2_camera' returned '0': CMAKE_PREFIX_PATH=/workspace/ros2_yolo/src/sensor_driver/install/realsense2_camera_msgs:/workspace/ros2_yolo/src/sensor_driver/install/rslidar_sdk:/workspace/ros2_yolo/src/sensor_driver/install/rslidar_msg:/workspace/ros2_yolo/src/sensor_driver/install/realsense2_description:/workspace/ros2_yolo/src/sensor_driver/install/realsense2_camera:/workspace/ros2_yolo/src/sensor_driver/install/pointcloud_to_laserscan:/workspace/ros2_yolo/src/sensor_driver/install/imu_speed:/workspace/ros2_yolo/src/sensor_driver/install/imu5651_driver:/workspace/ros2_yolo/src/sensor_driver/install/common_unique_msgs:/workspace/ros2_yolo/install/vision_msgs_rviz_plugins:/workspace/ros2_yolo/install/ultralytics_ros:/workspace/ros2_yolo/install/ros2_numpy:/workspace/ros2_yolo/install/pcdet_ros2:/workspace/ros2_yolo/install/fusiondet:/workspace/ros2_yolo/install/fusion_tracker:/opt/ros/humble LD_LIBRARY_PATH=/workspace/ros2_yolo/src/sensor_driver/install/realsense2_camera_msgs/lib:/workspace/ros2_yolo/src/sensor_driver/install/rslidar_msg/lib:/workspace/ros2_yolo/src/sensor_driver/install/realsense2_camera/lib:/workspace/ros2_yolo/src/sensor_driver/install/pointcloud_to_laserscan/lib:/workspace/ros2_yolo/src/sensor_driver/install/common_unique_msgs/lib:/usr/local/cuda-12.1/lib64:/workspace/ros2_yolo/install/vision_msgs_rviz_plugins/lib:/workspace/ros2_yolo/install/ultralytics_ros/lib:/usr/lib/x86_64-linux-gnu/gazebo-11/plugins:/opt/ros/humble/opt/rviz_ogre_vendor/lib:/opt/ros/humble/lib/x86_64-linux-gnu:/opt/ros/humble/lib /usr/bin/cmake --build /workspace/ros2_yolo/src/sensor_driver/build/realsense2_camera -- -j112 -l112
[0.213s] Invoking command in '/workspace/ros2_yolo/src/sensor_driver/build/realsense2_camera': CMAKE_PREFIX_PATH=/workspace/ros2_yolo/src/sensor_driver/install/realsense2_camera_msgs:/workspace/ros2_yolo/src/sensor_driver/install/rslidar_sdk:/workspace/ros2_yolo/src/sensor_driver/install/rslidar_msg:/workspace/ros2_yolo/src/sensor_driver/install/realsense2_description:/workspace/ros2_yolo/src/sensor_driver/install/realsense2_camera:/workspace/ros2_yolo/src/sensor_driver/install/pointcloud_to_laserscan:/workspace/ros2_yolo/src/sensor_driver/install/imu_speed:/workspace/ros2_yolo/src/sensor_driver/install/imu5651_driver:/workspace/ros2_yolo/src/sensor_driver/install/common_unique_msgs:/workspace/ros2_yolo/install/vision_msgs_rviz_plugins:/workspace/ros2_yolo/install/ultralytics_ros:/workspace/ros2_yolo/install/ros2_numpy:/workspace/ros2_yolo/install/pcdet_ros2:/workspace/ros2_yolo/install/fusiondet:/workspace/ros2_yolo/install/fusion_tracker:/opt/ros/humble LD_LIBRARY_PATH=/workspace/ros2_yolo/src/sensor_driver/install/realsense2_camera_msgs/lib:/workspace/ros2_yolo/src/sensor_driver/install/rslidar_msg/lib:/workspace/ros2_yolo/src/sensor_driver/install/realsense2_camera/lib:/workspace/ros2_yolo/src/sensor_driver/install/pointcloud_to_laserscan/lib:/workspace/ros2_yolo/src/sensor_driver/install/common_unique_msgs/lib:/usr/local/cuda-12.1/lib64:/workspace/ros2_yolo/install/vision_msgs_rviz_plugins/lib:/workspace/ros2_yolo/install/ultralytics_ros/lib:/usr/lib/x86_64-linux-gnu/gazebo-11/plugins:/opt/ros/humble/opt/rviz_ogre_vendor/lib:/opt/ros/humble/lib/x86_64-linux-gnu:/opt/ros/humble/lib /usr/bin/cmake --install /workspace/ros2_yolo/src/sensor_driver/build/realsense2_camera
[0.224s] -- Install configuration: "Release"
[0.225s] -- Up-to-date: /workspace/ros2_yolo/src/sensor_driver/install/realsense2_camera/lib/realsense2_camera/realsense2_camera_node
[0.225s] -- Up-to-date: /workspace/ros2_yolo/src/sensor_driver/install/realsense2_camera/lib/librealsense2_camera.so
[0.225s] -- Up-to-date: /workspace/ros2_yolo/src/sensor_driver/install/realsense2_camera/include
[0.225s] -- Up-to-date: /workspace/ros2_yolo/src/sensor_driver/install/realsense2_camera/include/dynamic_params.h
[0.226s] -- Up-to-date: /workspace/ros2_yolo/src/sensor_driver/install/realsense2_camera/include/gl_window.h
[0.226s] -- Up-to-date: /workspace/ros2_yolo/src/sensor_driver/install/realsense2_camera/include/profile_manager.h
[0.226s] -- Up-to-date: /workspace/ros2_yolo/src/sensor_driver/install/realsense2_camera/include/image_publisher.h
[0.226s] -- Up-to-date: /workspace/ros2_yolo/src/sensor_driver/install/realsense2_camera/include/sensor_params.h
[0.226s] -- Up-to-date: /workspace/ros2_yolo/src/sensor_driver/install/realsense2_camera/include/base_realsense_node.h
[0.226s] -- Up-to-date: /workspace/ros2_yolo/src/sensor_driver/install/realsense2_camera/include/ros_utils.h
[0.226s] -- Up-to-date: /workspace/ros2_yolo/src/sensor_driver/install/realsense2_camera/include/ros_sensor.h
[0.227s] -- Up-to-date: /workspace/ros2_yolo/src/sensor_driver/install/realsense2_camera/include/realsense_node_factory.h
[0.227s] -- Up-to-date: /workspace/ros2_yolo/src/sensor_driver/install/realsense2_camera/include/named_filter.h
[0.227s] -- Up-to-date: /workspace/ros2_yolo/src/sensor_driver/install/realsense2_camera/include/constants.h
[0.227s] -- Up-to-date: /workspace/ros2_yolo/src/sensor_driver/install/realsense2_camera/include/ros_param_backend.h
[0.227s] -- Up-to-date: /workspace/ros2_yolo/src/sensor_driver/install/realsense2_camera/share/realsense2_camera/launch
[0.227s] -- Installing: /workspace/ros2_yolo/src/sensor_driver/install/realsense2_camera/share/realsense2_camera/launch/rs_launch.py
[0.227s] -- Up-to-date: /workspace/ros2_yolo/src/sensor_driver/install/realsense2_camera/share/realsense2_camera/launch/rs_intra_process_demo_launch.py
[0.227s] -- Up-to-date: /workspace/ros2_yolo/src/sensor_driver/install/realsense2_camera/share/realsense2_camera/launch/rs_multi_camera_launch.py
[0.227s] -- Up-to-date: /workspace/ros2_yolo/src/sensor_driver/install/realsense2_camera/share/realsense2_camera/launch/default.rviz
[0.227s] -- Up-to-date: /workspace/ros2_yolo/src/sensor_driver/install/realsense2_camera/share/realsense2_camera/examples
[0.227s] -- Up-to-date: /workspace/ros2_yolo/src/sensor_driver/install/realsense2_camera/share/realsense2_camera/examples/pointcloud
[0.227s] -- Up-to-date: /workspace/ros2_yolo/src/sensor_driver/install/realsense2_camera/share/realsense2_camera/examples/pointcloud/rs_pointcloud_launch.py
[0.227s] -- Up-to-date: /workspace/ros2_yolo/src/sensor_driver/install/realsense2_camera/share/realsense2_camera/examples/pointcloud/README.md
[0.228s] -- Up-to-date: /workspace/ros2_yolo/src/sensor_driver/install/realsense2_camera/share/realsense2_camera/examples/pointcloud/rs_d405_pointcloud_launch.py
[0.228s] -- Up-to-date: /workspace/ros2_yolo/src/sensor_driver/install/realsense2_camera/share/realsense2_camera/examples/pointcloud/rviz
[0.228s] -- Up-to-date: /workspace/ros2_yolo/src/sensor_driver/install/realsense2_camera/share/realsense2_camera/examples/pointcloud/rviz/urdf_pointcloud.rviz
[0.228s] -- Up-to-date: /workspace/ros2_yolo/src/sensor_driver/install/realsense2_camera/share/realsense2_camera/examples/pointcloud/rviz/pointcloud.rviz
[0.228s] -- Up-to-date: /workspace/ros2_yolo/src/sensor_driver/install/realsense2_camera/share/realsense2_camera/examples/pointcloud/rs_d455_pointcloud_launch.py
[0.228s] -- Up-to-date: /workspace/ros2_yolo/src/sensor_driver/install/realsense2_camera/share/realsense2_camera/examples/launch_params_from_file
[0.228s] -- Up-to-date: /workspace/ros2_yolo/src/sensor_driver/install/realsense2_camera/share/realsense2_camera/examples/launch_params_from_file/README.md
[0.228s] -- Up-to-date: /workspace/ros2_yolo/src/sensor_driver/install/realsense2_camera/share/realsense2_camera/examples/launch_params_from_file/rs_launch_get_params_from_yaml.py
[0.229s] -- Up-to-date: /workspace/ros2_yolo/src/sensor_driver/install/realsense2_camera/share/realsense2_camera/examples/launch_params_from_file/config
[0.229s] -- Up-to-date: /workspace/ros2_yolo/src/sensor_driver/install/realsense2_camera/share/realsense2_camera/examples/launch_params_from_file/config/config.yaml
[0.229s] -- Up-to-date: /workspace/ros2_yolo/src/sensor_driver/install/realsense2_camera/share/realsense2_camera/examples/launch_from_rosbag
[0.229s] -- Up-to-date: /workspace/ros2_yolo/src/sensor_driver/install/realsense2_camera/share/realsense2_camera/examples/launch_from_rosbag/README.md
[0.229s] -- Up-to-date: /workspace/ros2_yolo/src/sensor_driver/install/realsense2_camera/share/realsense2_camera/examples/launch_from_rosbag/rs_launch_from_rosbag.py
[0.229s] -- Up-to-date: /workspace/ros2_yolo/src/sensor_driver/install/realsense2_camera/share/realsense2_camera/examples/align_depth
[0.229s] -- Up-to-date: /workspace/ros2_yolo/src/sensor_driver/install/realsense2_camera/share/realsense2_camera/examples/align_depth/README.md
[0.229s] -- Up-to-date: /workspace/ros2_yolo/src/sensor_driver/install/realsense2_camera/share/realsense2_camera/examples/align_depth/rs_align_depth_launch.py
[0.229s] -- Up-to-date: /workspace/ros2_yolo/src/sensor_driver/install/realsense2_camera/share/realsense2_camera/examples/dual_camera
[0.230s] -- Up-to-date: /workspace/ros2_yolo/src/sensor_driver/install/realsense2_camera/share/realsense2_camera/examples/dual_camera/rs_dual_camera_launch.py
[0.230s] -- Up-to-date: /workspace/ros2_yolo/src/sensor_driver/install/realsense2_camera/share/realsense2_camera/examples/dual_camera/README.md
[0.230s] -- Up-to-date: /workspace/ros2_yolo/src/sensor_driver/install/realsense2_camera/share/realsense2_camera/examples/dual_camera/rviz
[0.230s] -- Up-to-date: /workspace/ros2_yolo/src/sensor_driver/install/realsense2_camera/share/realsense2_camera/examples/dual_camera/rviz/dual_camera_pointcloud.rviz
[0.230s] -- Up-to-date: /workspace/ros2_yolo/src/sensor_driver/install/realsense2_camera/share/realsense2_camera/environment/library_path.sh
[0.230s] -- Up-to-date: /workspace/ros2_yolo/src/sensor_driver/install/realsense2_camera/share/realsense2_camera/environment/library_path.dsv
[0.230s] -- Up-to-date: /workspace/ros2_yolo/src/sensor_driver/install/realsense2_camera/share/ament_index/resource_index/package_run_dependencies/realsense2_camera
[0.230s] -- Up-to-date: /workspace/ros2_yolo/src/sensor_driver/install/realsense2_camera/share/ament_index/resource_index/parent_prefix_path/realsense2_camera
[0.230s] -- Up-to-date: /workspace/ros2_yolo/src/sensor_driver/install/realsense2_camera/share/realsense2_camera/environment/ament_prefix_path.sh
[0.231s] -- Up-to-date: /workspace/ros2_yolo/src/sensor_driver/install/realsense2_camera/share/realsense2_camera/environment/ament_prefix_path.dsv
[0.231s] -- Up-to-date: /workspace/ros2_yolo/src/sensor_driver/install/realsense2_camera/share/realsense2_camera/environment/path.sh
[0.232s] -- Up-to-date: /workspace/ros2_yolo/src/sensor_driver/install/realsense2_camera/share/realsense2_camera/environment/path.dsv
[0.233s] -- Up-to-date: /workspace/ros2_yolo/src/sensor_driver/install/realsense2_camera/share/realsense2_camera/local_setup.bash
[0.233s] -- Up-to-date: /workspace/ros2_yolo/src/sensor_driver/install/realsense2_camera/share/realsense2_camera/local_setup.sh
[0.233s] -- Up-to-date: /workspace/ros2_yolo/src/sensor_driver/install/realsense2_camera/share/realsense2_camera/local_setup.zsh
[0.233s] -- Up-to-date: /workspace/ros2_yolo/src/sensor_driver/install/realsense2_camera/share/realsense2_camera/local_setup.dsv
[0.233s] -- Installing: /workspace/ros2_yolo/src/sensor_driver/install/realsense2_camera/share/realsense2_camera/package.dsv
[0.233s] -- Up-to-date: /workspace/ros2_yolo/src/sensor_driver/install/realsense2_camera/share/ament_index/resource_index/packages/realsense2_camera
[0.233s] -- Up-to-date: /workspace/ros2_yolo/src/sensor_driver/install/realsense2_camera/share/ament_index/resource_index/rclcpp_components/realsense2_camera
[0.233s] -- Up-to-date: /workspace/ros2_yolo/src/sensor_driver/install/realsense2_camera/share/realsense2_camera/cmake/ament_cmake_export_include_directories-extras.cmake
[0.233s] -- Up-to-date: /workspace/ros2_yolo/src/sensor_driver/install/realsense2_camera/share/realsense2_camera/cmake/ament_cmake_export_libraries-extras.cmake
[0.233s] -- Up-to-date: /workspace/ros2_yolo/src/sensor_driver/install/realsense2_camera/share/realsense2_camera/cmake/ament_cmake_export_dependencies-extras.cmake
[0.233s] -- Up-to-date: /workspace/ros2_yolo/src/sensor_driver/install/realsense2_camera/share/realsense2_camera/cmake/realsense2_cameraConfig.cmake
[0.233s] -- Up-to-date: /workspace/ros2_yolo/src/sensor_driver/install/realsense2_camera/share/realsense2_camera/cmake/realsense2_cameraConfig-version.cmake
[0.233s] -- Up-to-date: /workspace/ros2_yolo/src/sensor_driver/install/realsense2_camera/share/realsense2_camera/package.xml
[0.233s] Invoked command in '/workspace/ros2_yolo/src/sensor_driver/build/realsense2_camera' returned '0': CMAKE_PREFIX_PATH=/workspace/ros2_yolo/src/sensor_driver/install/realsense2_camera_msgs:/workspace/ros2_yolo/src/sensor_driver/install/rslidar_sdk:/workspace/ros2_yolo/src/sensor_driver/install/rslidar_msg:/workspace/ros2_yolo/src/sensor_driver/install/realsense2_description:/workspace/ros2_yolo/src/sensor_driver/install/realsense2_camera:/workspace/ros2_yolo/src/sensor_driver/install/pointcloud_to_laserscan:/workspace/ros2_yolo/src/sensor_driver/install/imu_speed:/workspace/ros2_yolo/src/sensor_driver/install/imu5651_driver:/workspace/ros2_yolo/src/sensor_driver/install/common_unique_msgs:/workspace/ros2_yolo/install/vision_msgs_rviz_plugins:/workspace/ros2_yolo/install/ultralytics_ros:/workspace/ros2_yolo/install/ros2_numpy:/workspace/ros2_yolo/install/pcdet_ros2:/workspace/ros2_yolo/install/fusiondet:/workspace/ros2_yolo/install/fusion_tracker:/opt/ros/humble LD_LIBRARY_PATH=/workspace/ros2_yolo/src/sensor_driver/install/realsense2_camera_msgs/lib:/workspace/ros2_yolo/src/sensor_driver/install/rslidar_msg/lib:/workspace/ros2_yolo/src/sensor_driver/install/realsense2_camera/lib:/workspace/ros2_yolo/src/sensor_driver/install/pointcloud_to_laserscan/lib:/workspace/ros2_yolo/src/sensor_driver/install/common_unique_msgs/lib:/usr/local/cuda-12.1/lib64:/workspace/ros2_yolo/install/vision_msgs_rviz_plugins/lib:/workspace/ros2_yolo/install/ultralytics_ros/lib:/usr/lib/x86_64-linux-gnu/gazebo-11/plugins:/opt/ros/humble/opt/rviz_ogre_vendor/lib:/opt/ros/humble/lib/x86_64-linux-gnu:/opt/ros/humble/lib /usr/bin/cmake --install /workspace/ros2_yolo/src/sensor_driver/build/realsense2_camera
