[0.023s] Invoking command in '/workspace/ros2_yolo/src/sensor_driver/build/rslidar_msg': CMAKE_PREFIX_PATH=${CMAKE_PREFIX_PATH}:/workspace/ros2_yolo/install/pcdet_ros2:/workspace/ros2_yolo/install/fusiondet:/workspace/ros2_yolo/install/fusion_tracker:/opt/ros/humble /usr/bin/cmake /workspace/ros2_yolo/src/sensor_driver/src/rslidar_msg -DCMAKE_INSTALL_PREFIX=/workspace/ros2_yolo/src/sensor_driver/install/rslidar_msg
[0.094s] -- The C compiler identification is GNU 11.4.0
[0.161s] -- The CXX compiler identification is GNU 11.4.0
[0.168s] -- Detecting C compiler ABI info
[0.252s] -- Detecting C compiler ABI info - done
[0.260s] -- Check for working C compiler: /usr/bin/cc - skipped
[0.260s] -- Detecting C compile features
[0.261s] -- Detecting C compile features - done
[0.263s] -- Detecting CXX compiler ABI info
[0.350s] -- Detecting CXX compiler ABI info - done
[0.357s] -- Check for working CXX compiler: /usr/bin/c++ - skipped
[0.357s] -- Detecting CXX compile features
[0.357s] -- Detecting CXX compile features - done
[0.364s] -- Found ament_cmake: 1.3.12 (/opt/ros/humble/share/ament_cmake/cmake)
[0.909s] -- Found Python3: /usr/bin/python3 (found version "3.10.12") found components: Interpreter 
[1.037s] -- Found std_msgs: 4.9.0 (/opt/ros/humble/share/std_msgs/cmake)
[1.092s] -- Found rosidl_generator_c: 3.1.8 (/opt/ros/humble/share/rosidl_generator_c/cmake)
[1.101s] -- Found rosidl_adapter: 3.1.8 (/opt/ros/humble/share/rosidl_adapter/cmake)
[1.113s] -- Found rosidl_generator_cpp: 3.1.8 (/opt/ros/humble/share/rosidl_generator_cpp/cmake)
[1.128s] -- Using all available rosidl_typesupport_c: rosidl_typesupport_fastrtps_c;rosidl_typesupport_introspection_c
[1.150s] -- Using all available rosidl_typesupport_cpp: rosidl_typesupport_fastrtps_cpp;rosidl_typesupport_introspection_cpp
[1.177s] -- Found rclcpp: 16.0.17 (/opt/ros/humble/share/rclcpp/cmake)
[1.229s] -- Found rmw_implementation_cmake: 6.1.2 (/opt/ros/humble/share/rmw_implementation_cmake/cmake)
[1.234s] -- Found rmw_cyclonedds_cpp: 1.3.4 (/opt/ros/humble/share/rmw_cyclonedds_cpp/cmake)
[1.257s] -- Using RMW implementation 'rmw_cyclonedds_cpp' as default
[1.271s] -- Looking for pthread.h
[1.346s] -- Looking for pthread.h - found
[1.346s] -- Performing Test CMAKE_HAVE_LIBC_PTHREAD
[1.426s] -- Performing Test CMAKE_HAVE_LIBC_PTHREAD - Success
[1.428s] -- Found Threads: TRUE  
[1.471s] -- Found rosidl_default_generators: 1.2.0 (/opt/ros/humble/share/rosidl_default_generators/cmake)
[1.748s] -- Found ament_cmake_ros: 0.10.0 (/opt/ros/humble/share/ament_cmake_ros/cmake)
[2.154s] -- Using all available rosidl_typesupport_c: rosidl_typesupport_fastrtps_c;rosidl_typesupport_introspection_c
[2.311s] -- Using all available rosidl_typesupport_cpp: rosidl_typesupport_fastrtps_cpp;rosidl_typesupport_introspection_cpp
[2.340s] -- Found PythonInterp: /usr/bin/python3 (found suitable version "3.10.12", minimum required is "3.6") 
[2.345s] -- Found python_cmake_module: 0.10.0 (/opt/ros/humble/share/python_cmake_module/cmake)
[2.380s] -- Found PythonLibs: /usr/lib/x86_64-linux-gnu/libpython3.10.so (found suitable version "3.10.12", minimum required is "3.5") 
[2.380s] -- Using PYTHON_EXECUTABLE: /usr/bin/python3
[2.380s] -- Using PYTHON_INCLUDE_DIRS: /usr/include/python3.10
[2.380s] -- Using PYTHON_LIBRARIES: /usr/lib/x86_64-linux-gnu/libpython3.10.so
[2.407s] -- Found PythonExtra: .so  
[2.461s] -- Found ament_lint_auto: 0.12.14 (/opt/ros/humble/share/ament_lint_auto/cmake)
[2.501s] -- Added test 'copyright' to check source files copyright and LICENSE
[2.502s] -- Added test 'lint_cmake' to check CMake code style
[2.503s] -- Added test 'xmllint' to check XML markup files
[2.505s] -- Configuring done
[2.530s] -- Generating done
[2.539s] -- Build files have been written to: /workspace/ros2_yolo/src/sensor_driver/build/rslidar_msg
[2.549s] Invoked command in '/workspace/ros2_yolo/src/sensor_driver/build/rslidar_msg' returned '0': CMAKE_PREFIX_PATH=${CMAKE_PREFIX_PATH}:/workspace/ros2_yolo/install/pcdet_ros2:/workspace/ros2_yolo/install/fusiondet:/workspace/ros2_yolo/install/fusion_tracker:/opt/ros/humble /usr/bin/cmake /workspace/ros2_yolo/src/sensor_driver/src/rslidar_msg -DCMAKE_INSTALL_PREFIX=/workspace/ros2_yolo/src/sensor_driver/install/rslidar_msg
[2.552s] Invoking command in '/workspace/ros2_yolo/src/sensor_driver/build/rslidar_msg': CMAKE_PREFIX_PATH=${CMAKE_PREFIX_PATH}:/workspace/ros2_yolo/install/pcdet_ros2:/workspace/ros2_yolo/install/fusiondet:/workspace/ros2_yolo/install/fusion_tracker:/opt/ros/humble /usr/bin/cmake --build /workspace/ros2_yolo/src/sensor_driver/build/rslidar_msg -- -j112 -l112
[2.600s] [  3%] [34m[1mGenerating C code for ROS interfaces[0m
[2.608s] [  6%] [34m[1mGenerating C++ code for ROS interfaces[0m
[2.619s] [  6%] Built target ament_cmake_python_copy_rslidar_msg
[2.801s] [  6%] Built target rslidar_msg__cpp
[2.809s] [  9%] [34m[1mGenerating C++ type support for eProsima Fast-RTPS[0m
[2.809s] [ 12%] [34m[1mGenerating C++ type support dispatch for ROS interfaces[0m
[2.815s] [ 16%] [32mBuilding C object CMakeFiles/rslidar_msg__rosidl_generator_c.dir/rosidl_generator_c/rslidar_msg/msg/detail/rslidar_packet__functions.c.o[0m
[2.815s] [ 19%] [34m[1mGenerating C++ introspection for ROS interfaces[0m
[2.862s] [ 22%] [32m[1mLinking C shared library librslidar_msg__rosidl_generator_c.so[0m
[2.870s] running egg_info
[2.870s] creating rslidar_msg.egg-info
[2.871s] writing manifest file 'rslidar_msg.egg-info/SOURCES.txt'
[2.873s] writing manifest file 'rslidar_msg.egg-info/SOURCES.txt'
[2.903s] [ 22%] Built target rslidar_msg__rosidl_generator_c
[2.907s] [ 22%] Built target ament_cmake_python_build_rslidar_msg_egg
[2.933s] [ 25%] [34m[1mGenerating C type support for eProsima Fast-RTPS[0m
[2.936s] [ 29%] [34m[1mGenerating C type support dispatch for ROS interfaces[0m
[2.940s] [ 32%] [34m[1mGenerating C introspection for ROS interfaces[0m
[3.001s] [ 35%] [32mBuilding CXX object CMakeFiles/rslidar_msg__rosidl_typesupport_cpp.dir/rosidl_typesupport_cpp/rslidar_msg/msg/rslidar_packet__type_support.cpp.o[0m
[3.018s] [ 38%] [32mBuilding CXX object CMakeFiles/rslidar_msg__rosidl_typesupport_introspection_cpp.dir/rosidl_typesupport_introspection_cpp/rslidar_msg/msg/detail/rslidar_packet__type_support.cpp.o[0m
[3.019s] [ 41%] [32mBuilding CXX object CMakeFiles/rslidar_msg__rosidl_typesupport_fastrtps_cpp.dir/rosidl_typesupport_fastrtps_cpp/rslidar_msg/msg/detail/dds_fastrtps/rslidar_packet__type_support.cpp.o[0m
[3.131s] [ 45%] [32mBuilding CXX object CMakeFiles/rslidar_msg__rosidl_typesupport_c.dir/rosidl_typesupport_c/rslidar_msg/msg/rslidar_packet__type_support.cpp.o[0m
[3.148s] [ 48%] [32mBuilding C object CMakeFiles/rslidar_msg__rosidl_typesupport_introspection_c.dir/rosidl_typesupport_introspection_c/rslidar_msg/msg/detail/rslidar_packet__type_support.c.o[0m
[3.148s] [ 51%] [32mBuilding CXX object CMakeFiles/rslidar_msg__rosidl_typesupport_fastrtps_c.dir/rosidl_typesupport_fastrtps_c/rslidar_msg/msg/detail/rslidar_packet__type_support_c.cpp.o[0m
[3.158s] [ 54%] [32m[1mLinking CXX shared library librslidar_msg__rosidl_typesupport_c.so[0m
[3.183s] [ 58%] [32m[1mLinking C shared library librslidar_msg__rosidl_typesupport_introspection_c.so[0m
[3.197s] [ 61%] [32m[1mLinking CXX shared library librslidar_msg__rosidl_typesupport_cpp.so[0m
[3.199s] [ 61%] Built target rslidar_msg__rosidl_typesupport_c
[3.209s] [ 61%] Built target rslidar_msg__rosidl_typesupport_introspection_c
[3.239s] [ 61%] Built target rslidar_msg__rosidl_typesupport_cpp
[3.327s] [ 64%] [32m[1mLinking CXX shared library librslidar_msg__rosidl_typesupport_introspection_cpp.so[0m
[3.358s] [ 67%] [32m[1mLinking CXX shared library librslidar_msg__rosidl_typesupport_fastrtps_cpp.so[0m
[3.401s] [ 70%] [32m[1mLinking CXX shared library librslidar_msg__rosidl_typesupport_fastrtps_c.so[0m
[3.413s] [ 70%] Built target rslidar_msg__rosidl_typesupport_introspection_cpp
[3.447s] [ 70%] Built target rslidar_msg__rosidl_typesupport_fastrtps_cpp
[3.492s] [ 70%] Built target rslidar_msg__rosidl_typesupport_fastrtps_c
[3.524s] [ 70%] Built target rslidar_msg
[3.548s] [ 74%] [34m[1mGenerating Python code for ROS interfaces[0m
[3.802s] [ 74%] Built target rslidar_msg__py
[3.825s] [ 77%] [32mBuilding C object CMakeFiles/rslidar_msg__rosidl_generator_py.dir/rosidl_generator_py/rslidar_msg/msg/_rslidar_packet_s.c.o[0m
[3.916s] [ 80%] [32m[1mLinking C shared library rosidl_generator_py/rslidar_msg/librslidar_msg__rosidl_generator_py.so[0m
[3.964s] [ 80%] Built target rslidar_msg__rosidl_generator_py
[3.989s] [ 83%] [32mBuilding C object CMakeFiles/rslidar_msg__rosidl_typesupport_introspection_c__pyext.dir/rosidl_generator_py/rslidar_msg/_rslidar_msg_s.ep.rosidl_typesupport_introspection_c.c.o[0m
[3.990s] [ 87%] [32mBuilding C object CMakeFiles/rslidar_msg__rosidl_typesupport_fastrtps_c__pyext.dir/rosidl_generator_py/rslidar_msg/_rslidar_msg_s.ep.rosidl_typesupport_fastrtps_c.c.o[0m
[3.992s] [ 90%] [32mBuilding C object CMakeFiles/rslidar_msg__rosidl_typesupport_c__pyext.dir/rosidl_generator_py/rslidar_msg/_rslidar_msg_s.ep.rosidl_typesupport_c.c.o[0m
[4.081s] [ 93%] [32m[1mLinking C shared library rosidl_generator_py/rslidar_msg/rslidar_msg_s__rosidl_typesupport_fastrtps_c.cpython-310-x86_64-linux-gnu.so[0m
[4.082s] [ 96%] [32m[1mLinking C shared library rosidl_generator_py/rslidar_msg/rslidar_msg_s__rosidl_typesupport_c.cpython-310-x86_64-linux-gnu.so[0m
[4.083s] [100%] [32m[1mLinking C shared library rosidl_generator_py/rslidar_msg/rslidar_msg_s__rosidl_typesupport_introspection_c.cpython-310-x86_64-linux-gnu.so[0m
[4.122s] [100%] Built target rslidar_msg__rosidl_typesupport_c__pyext
[4.123s] [100%] Built target rslidar_msg__rosidl_typesupport_fastrtps_c__pyext
[4.124s] [100%] Built target rslidar_msg__rosidl_typesupport_introspection_c__pyext
[4.139s] Invoked command in '/workspace/ros2_yolo/src/sensor_driver/build/rslidar_msg' returned '0': CMAKE_PREFIX_PATH=${CMAKE_PREFIX_PATH}:/workspace/ros2_yolo/install/pcdet_ros2:/workspace/ros2_yolo/install/fusiondet:/workspace/ros2_yolo/install/fusion_tracker:/opt/ros/humble /usr/bin/cmake --build /workspace/ros2_yolo/src/sensor_driver/build/rslidar_msg -- -j112 -l112
[4.151s] Invoking command in '/workspace/ros2_yolo/src/sensor_driver/build/rslidar_msg': CMAKE_PREFIX_PATH=${CMAKE_PREFIX_PATH}:/workspace/ros2_yolo/install/pcdet_ros2:/workspace/ros2_yolo/install/fusiondet:/workspace/ros2_yolo/install/fusion_tracker:/opt/ros/humble /usr/bin/cmake --install /workspace/ros2_yolo/src/sensor_driver/build/rslidar_msg
[4.156s] -- Install configuration: ""
[4.156s] -- Installing: /workspace/ros2_yolo/src/sensor_driver/install/rslidar_msg/share/ament_index/resource_index/rosidl_interfaces/rslidar_msg
[4.156s] -- Installing: /workspace/ros2_yolo/src/sensor_driver/install/rslidar_msg/include/rslidar_msg/rslidar_msg
[4.156s] -- Installing: /workspace/ros2_yolo/src/sensor_driver/install/rslidar_msg/include/rslidar_msg/rslidar_msg/msg
[4.156s] -- Installing: /workspace/ros2_yolo/src/sensor_driver/install/rslidar_msg/include/rslidar_msg/rslidar_msg/msg/rosidl_generator_c__visibility_control.h
[4.157s] -- Installing: /workspace/ros2_yolo/src/sensor_driver/install/rslidar_msg/include/rslidar_msg/rslidar_msg/msg/rslidar_packet.h
[4.157s] -- Installing: /workspace/ros2_yolo/src/sensor_driver/install/rslidar_msg/include/rslidar_msg/rslidar_msg/msg/detail
[4.157s] -- Installing: /workspace/ros2_yolo/src/sensor_driver/install/rslidar_msg/include/rslidar_msg/rslidar_msg/msg/detail/rslidar_packet__functions.h
[4.157s] -- Installing: /workspace/ros2_yolo/src/sensor_driver/install/rslidar_msg/include/rslidar_msg/rslidar_msg/msg/detail/rslidar_packet__functions.c
[4.157s] -- Installing: /workspace/ros2_yolo/src/sensor_driver/install/rslidar_msg/include/rslidar_msg/rslidar_msg/msg/detail/rslidar_packet__type_support.h
[4.157s] -- Installing: /workspace/ros2_yolo/src/sensor_driver/install/rslidar_msg/include/rslidar_msg/rslidar_msg/msg/detail/rslidar_packet__struct.h
[4.157s] -- Installing: /workspace/ros2_yolo/src/sensor_driver/install/rslidar_msg/share/rslidar_msg/environment/library_path.sh
[4.157s] -- Installing: /workspace/ros2_yolo/src/sensor_driver/install/rslidar_msg/share/rslidar_msg/environment/library_path.dsv
[4.157s] -- Installing: /workspace/ros2_yolo/src/sensor_driver/install/rslidar_msg/lib/librslidar_msg__rosidl_generator_c.so
[4.158s] -- Set runtime path of "/workspace/ros2_yolo/src/sensor_driver/install/rslidar_msg/lib/librslidar_msg__rosidl_generator_c.so" to ""
[4.158s] -- Up-to-date: /workspace/ros2_yolo/src/sensor_driver/install/rslidar_msg/include/rslidar_msg/rslidar_msg
[4.159s] -- Up-to-date: /workspace/ros2_yolo/src/sensor_driver/install/rslidar_msg/include/rslidar_msg/rslidar_msg/msg
[4.159s] -- Installing: /workspace/ros2_yolo/src/sensor_driver/install/rslidar_msg/include/rslidar_msg/rslidar_msg/msg/rosidl_typesupport_fastrtps_c__visibility_control.h
[4.159s] -- Up-to-date: /workspace/ros2_yolo/src/sensor_driver/install/rslidar_msg/include/rslidar_msg/rslidar_msg/msg/detail
[4.159s] -- Installing: /workspace/ros2_yolo/src/sensor_driver/install/rslidar_msg/include/rslidar_msg/rslidar_msg/msg/detail/rslidar_packet__rosidl_typesupport_fastrtps_c.h
[4.159s] -- Installing: /workspace/ros2_yolo/src/sensor_driver/install/rslidar_msg/lib/librslidar_msg__rosidl_typesupport_fastrtps_c.so
[4.159s] -- Set runtime path of "/workspace/ros2_yolo/src/sensor_driver/install/rslidar_msg/lib/librslidar_msg__rosidl_typesupport_fastrtps_c.so" to ""
[4.159s] -- Up-to-date: /workspace/ros2_yolo/src/sensor_driver/install/rslidar_msg/include/rslidar_msg/rslidar_msg
[4.160s] -- Up-to-date: /workspace/ros2_yolo/src/sensor_driver/install/rslidar_msg/include/rslidar_msg/rslidar_msg/msg
[4.160s] -- Installing: /workspace/ros2_yolo/src/sensor_driver/install/rslidar_msg/include/rslidar_msg/rslidar_msg/msg/rslidar_packet.hpp
[4.160s] -- Installing: /workspace/ros2_yolo/src/sensor_driver/install/rslidar_msg/include/rslidar_msg/rslidar_msg/msg/rosidl_generator_cpp__visibility_control.hpp
[4.160s] -- Up-to-date: /workspace/ros2_yolo/src/sensor_driver/install/rslidar_msg/include/rslidar_msg/rslidar_msg/msg/detail
[4.160s] -- Installing: /workspace/ros2_yolo/src/sensor_driver/install/rslidar_msg/include/rslidar_msg/rslidar_msg/msg/detail/rslidar_packet__struct.hpp
[4.160s] -- Installing: /workspace/ros2_yolo/src/sensor_driver/install/rslidar_msg/include/rslidar_msg/rslidar_msg/msg/detail/rslidar_packet__traits.hpp
[4.160s] -- Installing: /workspace/ros2_yolo/src/sensor_driver/install/rslidar_msg/include/rslidar_msg/rslidar_msg/msg/detail/rslidar_packet__type_support.hpp
[4.160s] -- Installing: /workspace/ros2_yolo/src/sensor_driver/install/rslidar_msg/include/rslidar_msg/rslidar_msg/msg/detail/rslidar_packet__builder.hpp
[4.160s] -- Up-to-date: /workspace/ros2_yolo/src/sensor_driver/install/rslidar_msg/include/rslidar_msg/rslidar_msg
[4.160s] -- Up-to-date: /workspace/ros2_yolo/src/sensor_driver/install/rslidar_msg/include/rslidar_msg/rslidar_msg/msg
[4.160s] -- Installing: /workspace/ros2_yolo/src/sensor_driver/install/rslidar_msg/include/rslidar_msg/rslidar_msg/msg/rosidl_typesupport_fastrtps_cpp__visibility_control.h
[4.160s] -- Up-to-date: /workspace/ros2_yolo/src/sensor_driver/install/rslidar_msg/include/rslidar_msg/rslidar_msg/msg/detail
[4.161s] -- Installing: /workspace/ros2_yolo/src/sensor_driver/install/rslidar_msg/include/rslidar_msg/rslidar_msg/msg/detail/dds_fastrtps
[4.161s] -- Installing: /workspace/ros2_yolo/src/sensor_driver/install/rslidar_msg/include/rslidar_msg/rslidar_msg/msg/detail/rslidar_packet__rosidl_typesupport_fastrtps_cpp.hpp
[4.161s] -- Installing: /workspace/ros2_yolo/src/sensor_driver/install/rslidar_msg/lib/librslidar_msg__rosidl_typesupport_fastrtps_cpp.so
[4.161s] -- Set runtime path of "/workspace/ros2_yolo/src/sensor_driver/install/rslidar_msg/lib/librslidar_msg__rosidl_typesupport_fastrtps_cpp.so" to ""
[4.161s] -- Up-to-date: /workspace/ros2_yolo/src/sensor_driver/install/rslidar_msg/include/rslidar_msg/rslidar_msg
[4.161s] -- Up-to-date: /workspace/ros2_yolo/src/sensor_driver/install/rslidar_msg/include/rslidar_msg/rslidar_msg/msg
[4.161s] -- Up-to-date: /workspace/ros2_yolo/src/sensor_driver/install/rslidar_msg/include/rslidar_msg/rslidar_msg/msg/detail
[4.161s] -- Installing: /workspace/ros2_yolo/src/sensor_driver/install/rslidar_msg/include/rslidar_msg/rslidar_msg/msg/detail/rslidar_packet__type_support.c
[4.161s] -- Installing: /workspace/ros2_yolo/src/sensor_driver/install/rslidar_msg/include/rslidar_msg/rslidar_msg/msg/detail/rslidar_packet__rosidl_typesupport_introspection_c.h
[4.161s] -- Installing: /workspace/ros2_yolo/src/sensor_driver/install/rslidar_msg/include/rslidar_msg/rslidar_msg/msg/rosidl_typesupport_introspection_c__visibility_control.h
[4.161s] -- Installing: /workspace/ros2_yolo/src/sensor_driver/install/rslidar_msg/lib/librslidar_msg__rosidl_typesupport_introspection_c.so
[4.161s] -- Set runtime path of "/workspace/ros2_yolo/src/sensor_driver/install/rslidar_msg/lib/librslidar_msg__rosidl_typesupport_introspection_c.so" to ""
[4.161s] -- Installing: /workspace/ros2_yolo/src/sensor_driver/install/rslidar_msg/lib/librslidar_msg__rosidl_typesupport_c.so
[4.161s] -- Set runtime path of "/workspace/ros2_yolo/src/sensor_driver/install/rslidar_msg/lib/librslidar_msg__rosidl_typesupport_c.so" to ""
[4.161s] -- Up-to-date: /workspace/ros2_yolo/src/sensor_driver/install/rslidar_msg/include/rslidar_msg/rslidar_msg
[4.161s] -- Up-to-date: /workspace/ros2_yolo/src/sensor_driver/install/rslidar_msg/include/rslidar_msg/rslidar_msg/msg
[4.161s] -- Up-to-date: /workspace/ros2_yolo/src/sensor_driver/install/rslidar_msg/include/rslidar_msg/rslidar_msg/msg/detail
[4.161s] -- Installing: /workspace/ros2_yolo/src/sensor_driver/install/rslidar_msg/include/rslidar_msg/rslidar_msg/msg/detail/rslidar_packet__type_support.cpp
[4.162s] -- Installing: /workspace/ros2_yolo/src/sensor_driver/install/rslidar_msg/include/rslidar_msg/rslidar_msg/msg/detail/rslidar_packet__rosidl_typesupport_introspection_cpp.hpp
[4.162s] -- Installing: /workspace/ros2_yolo/src/sensor_driver/install/rslidar_msg/lib/librslidar_msg__rosidl_typesupport_introspection_cpp.so
[4.162s] -- Set runtime path of "/workspace/ros2_yolo/src/sensor_driver/install/rslidar_msg/lib/librslidar_msg__rosidl_typesupport_introspection_cpp.so" to ""
[4.162s] -- Installing: /workspace/ros2_yolo/src/sensor_driver/install/rslidar_msg/lib/librslidar_msg__rosidl_typesupport_cpp.so
[4.162s] -- Set runtime path of "/workspace/ros2_yolo/src/sensor_driver/install/rslidar_msg/lib/librslidar_msg__rosidl_typesupport_cpp.so" to ""
[4.162s] -- Installing: /workspace/ros2_yolo/src/sensor_driver/install/rslidar_msg/share/rslidar_msg/environment/pythonpath.sh
[4.162s] -- Installing: /workspace/ros2_yolo/src/sensor_driver/install/rslidar_msg/share/rslidar_msg/environment/pythonpath.dsv
[4.162s] -- Installing: /workspace/ros2_yolo/src/sensor_driver/install/rslidar_msg/local/lib/python3.10/dist-packages/rslidar_msg-0.0.0-py3.10.egg-info
[4.162s] -- Installing: /workspace/ros2_yolo/src/sensor_driver/install/rslidar_msg/local/lib/python3.10/dist-packages/rslidar_msg-0.0.0-py3.10.egg-info/top_level.txt
[4.162s] -- Installing: /workspace/ros2_yolo/src/sensor_driver/install/rslidar_msg/local/lib/python3.10/dist-packages/rslidar_msg-0.0.0-py3.10.egg-info/SOURCES.txt
[4.162s] -- Installing: /workspace/ros2_yolo/src/sensor_driver/install/rslidar_msg/local/lib/python3.10/dist-packages/rslidar_msg-0.0.0-py3.10.egg-info/PKG-INFO
[4.162s] -- Installing: /workspace/ros2_yolo/src/sensor_driver/install/rslidar_msg/local/lib/python3.10/dist-packages/rslidar_msg-0.0.0-py3.10.egg-info/dependency_links.txt
[4.162s] -- Installing: /workspace/ros2_yolo/src/sensor_driver/install/rslidar_msg/local/lib/python3.10/dist-packages/rslidar_msg
[4.162s] -- Installing: /workspace/ros2_yolo/src/sensor_driver/install/rslidar_msg/local/lib/python3.10/dist-packages/rslidar_msg/_rslidar_msg_s.ep.rosidl_typesupport_fastrtps_c.c
[4.162s] -- Installing: /workspace/ros2_yolo/src/sensor_driver/install/rslidar_msg/local/lib/python3.10/dist-packages/rslidar_msg/_rslidar_msg_s.ep.rosidl_typesupport_c.c
[4.162s] -- Installing: /workspace/ros2_yolo/src/sensor_driver/install/rslidar_msg/local/lib/python3.10/dist-packages/rslidar_msg/librslidar_msg__rosidl_generator_py.so
[4.162s] -- Installing: /workspace/ros2_yolo/src/sensor_driver/install/rslidar_msg/local/lib/python3.10/dist-packages/rslidar_msg/rslidar_msg_s__rosidl_typesupport_c.cpython-310-x86_64-linux-gnu.so
[4.162s] -- Installing: /workspace/ros2_yolo/src/sensor_driver/install/rslidar_msg/local/lib/python3.10/dist-packages/rslidar_msg/_rslidar_msg_s.ep.rosidl_typesupport_introspection_c.c
[4.162s] -- Installing: /workspace/ros2_yolo/src/sensor_driver/install/rslidar_msg/local/lib/python3.10/dist-packages/rslidar_msg/rslidar_msg_s__rosidl_typesupport_introspection_c.cpython-310-x86_64-linux-gnu.so
[4.163s] -- Installing: /workspace/ros2_yolo/src/sensor_driver/install/rslidar_msg/local/lib/python3.10/dist-packages/rslidar_msg/msg
[4.163s] -- Installing: /workspace/ros2_yolo/src/sensor_driver/install/rslidar_msg/local/lib/python3.10/dist-packages/rslidar_msg/msg/_rslidar_packet_s.c
[4.163s] -- Installing: /workspace/ros2_yolo/src/sensor_driver/install/rslidar_msg/local/lib/python3.10/dist-packages/rslidar_msg/msg/_rslidar_packet.py
[4.163s] -- Installing: /workspace/ros2_yolo/src/sensor_driver/install/rslidar_msg/local/lib/python3.10/dist-packages/rslidar_msg/msg/__init__.py
[4.163s] -- Installing: /workspace/ros2_yolo/src/sensor_driver/install/rslidar_msg/local/lib/python3.10/dist-packages/rslidar_msg/__init__.py
[4.163s] -- Installing: /workspace/ros2_yolo/src/sensor_driver/install/rslidar_msg/local/lib/python3.10/dist-packages/rslidar_msg/rslidar_msg_s__rosidl_typesupport_fastrtps_c.cpython-310-x86_64-linux-gnu.so
[4.198s] Listing '/workspace/ros2_yolo/src/sensor_driver/install/rslidar_msg/local/lib/python3.10/dist-packages/rslidar_msg'...
[4.198s] Compiling '/workspace/ros2_yolo/src/sensor_driver/install/rslidar_msg/local/lib/python3.10/dist-packages/rslidar_msg/__init__.py'...
[4.199s] Listing '/workspace/ros2_yolo/src/sensor_driver/install/rslidar_msg/local/lib/python3.10/dist-packages/rslidar_msg/msg'...
[4.199s] Compiling '/workspace/ros2_yolo/src/sensor_driver/install/rslidar_msg/local/lib/python3.10/dist-packages/rslidar_msg/msg/__init__.py'...
[4.199s] Compiling '/workspace/ros2_yolo/src/sensor_driver/install/rslidar_msg/local/lib/python3.10/dist-packages/rslidar_msg/msg/_rslidar_packet.py'...
[4.203s] -- Installing: /workspace/ros2_yolo/src/sensor_driver/install/rslidar_msg/local/lib/python3.10/dist-packages/rslidar_msg/rslidar_msg_s__rosidl_typesupport_fastrtps_c.cpython-310-x86_64-linux-gnu.so
[4.203s] -- Set runtime path of "/workspace/ros2_yolo/src/sensor_driver/install/rslidar_msg/local/lib/python3.10/dist-packages/rslidar_msg/rslidar_msg_s__rosidl_typesupport_fastrtps_c.cpython-310-x86_64-linux-gnu.so" to ""
[4.204s] -- Installing: /workspace/ros2_yolo/src/sensor_driver/install/rslidar_msg/local/lib/python3.10/dist-packages/rslidar_msg/rslidar_msg_s__rosidl_typesupport_introspection_c.cpython-310-x86_64-linux-gnu.so
[4.204s] -- Set runtime path of "/workspace/ros2_yolo/src/sensor_driver/install/rslidar_msg/local/lib/python3.10/dist-packages/rslidar_msg/rslidar_msg_s__rosidl_typesupport_introspection_c.cpython-310-x86_64-linux-gnu.so" to ""
[4.205s] -- Installing: /workspace/ros2_yolo/src/sensor_driver/install/rslidar_msg/local/lib/python3.10/dist-packages/rslidar_msg/rslidar_msg_s__rosidl_typesupport_c.cpython-310-x86_64-linux-gnu.so
[4.205s] -- Set runtime path of "/workspace/ros2_yolo/src/sensor_driver/install/rslidar_msg/local/lib/python3.10/dist-packages/rslidar_msg/rslidar_msg_s__rosidl_typesupport_c.cpython-310-x86_64-linux-gnu.so" to ""
[4.205s] -- Installing: /workspace/ros2_yolo/src/sensor_driver/install/rslidar_msg/lib/librslidar_msg__rosidl_generator_py.so
[4.205s] -- Set runtime path of "/workspace/ros2_yolo/src/sensor_driver/install/rslidar_msg/lib/librslidar_msg__rosidl_generator_py.so" to ""
[4.205s] -- Installing: /workspace/ros2_yolo/src/sensor_driver/install/rslidar_msg/share/rslidar_msg/msg/RslidarPacket.idl
[4.205s] -- Installing: /workspace/ros2_yolo/src/sensor_driver/install/rslidar_msg/share/rslidar_msg/msg/RslidarPacket.msg
[4.206s] -- Installing: /workspace/ros2_yolo/src/sensor_driver/install/rslidar_msg/share/ament_index/resource_index/package_run_dependencies/rslidar_msg
[4.206s] -- Installing: /workspace/ros2_yolo/src/sensor_driver/install/rslidar_msg/share/ament_index/resource_index/parent_prefix_path/rslidar_msg
[4.206s] -- Installing: /workspace/ros2_yolo/src/sensor_driver/install/rslidar_msg/share/rslidar_msg/environment/ament_prefix_path.sh
[4.206s] -- Installing: /workspace/ros2_yolo/src/sensor_driver/install/rslidar_msg/share/rslidar_msg/environment/ament_prefix_path.dsv
[4.206s] -- Installing: /workspace/ros2_yolo/src/sensor_driver/install/rslidar_msg/share/rslidar_msg/environment/path.sh
[4.206s] -- Installing: /workspace/ros2_yolo/src/sensor_driver/install/rslidar_msg/share/rslidar_msg/environment/path.dsv
[4.206s] -- Installing: /workspace/ros2_yolo/src/sensor_driver/install/rslidar_msg/share/rslidar_msg/local_setup.bash
[4.206s] -- Installing: /workspace/ros2_yolo/src/sensor_driver/install/rslidar_msg/share/rslidar_msg/local_setup.sh
[4.207s] -- Installing: /workspace/ros2_yolo/src/sensor_driver/install/rslidar_msg/share/rslidar_msg/local_setup.zsh
[4.207s] -- Installing: /workspace/ros2_yolo/src/sensor_driver/install/rslidar_msg/share/rslidar_msg/local_setup.dsv
[4.207s] -- Installing: /workspace/ros2_yolo/src/sensor_driver/install/rslidar_msg/share/rslidar_msg/package.dsv
[4.207s] -- Installing: /workspace/ros2_yolo/src/sensor_driver/install/rslidar_msg/share/ament_index/resource_index/packages/rslidar_msg
[4.207s] -- Installing: /workspace/ros2_yolo/src/sensor_driver/install/rslidar_msg/share/rslidar_msg/cmake/export_rslidar_msg__rosidl_generator_cExport.cmake
[4.207s] -- Installing: /workspace/ros2_yolo/src/sensor_driver/install/rslidar_msg/share/rslidar_msg/cmake/export_rslidar_msg__rosidl_generator_cExport-noconfig.cmake
[4.207s] -- Installing: /workspace/ros2_yolo/src/sensor_driver/install/rslidar_msg/share/rslidar_msg/cmake/export_rslidar_msg__rosidl_typesupport_fastrtps_cExport.cmake
[4.207s] -- Installing: /workspace/ros2_yolo/src/sensor_driver/install/rslidar_msg/share/rslidar_msg/cmake/export_rslidar_msg__rosidl_typesupport_fastrtps_cExport-noconfig.cmake
[4.207s] -- Installing: /workspace/ros2_yolo/src/sensor_driver/install/rslidar_msg/share/rslidar_msg/cmake/export_rslidar_msg__rosidl_generator_cppExport.cmake
[4.207s] -- Installing: /workspace/ros2_yolo/src/sensor_driver/install/rslidar_msg/share/rslidar_msg/cmake/export_rslidar_msg__rosidl_typesupport_fastrtps_cppExport.cmake
[4.207s] -- Installing: /workspace/ros2_yolo/src/sensor_driver/install/rslidar_msg/share/rslidar_msg/cmake/export_rslidar_msg__rosidl_typesupport_fastrtps_cppExport-noconfig.cmake
[4.207s] -- Installing: /workspace/ros2_yolo/src/sensor_driver/install/rslidar_msg/share/rslidar_msg/cmake/rslidar_msg__rosidl_typesupport_introspection_cExport.cmake
[4.208s] -- Installing: /workspace/ros2_yolo/src/sensor_driver/install/rslidar_msg/share/rslidar_msg/cmake/rslidar_msg__rosidl_typesupport_introspection_cExport-noconfig.cmake
[4.208s] -- Installing: /workspace/ros2_yolo/src/sensor_driver/install/rslidar_msg/share/rslidar_msg/cmake/rslidar_msg__rosidl_typesupport_cExport.cmake
[4.208s] -- Installing: /workspace/ros2_yolo/src/sensor_driver/install/rslidar_msg/share/rslidar_msg/cmake/rslidar_msg__rosidl_typesupport_cExport-noconfig.cmake
[4.208s] -- Installing: /workspace/ros2_yolo/src/sensor_driver/install/rslidar_msg/share/rslidar_msg/cmake/rslidar_msg__rosidl_typesupport_introspection_cppExport.cmake
[4.208s] -- Installing: /workspace/ros2_yolo/src/sensor_driver/install/rslidar_msg/share/rslidar_msg/cmake/rslidar_msg__rosidl_typesupport_introspection_cppExport-noconfig.cmake
[4.208s] -- Installing: /workspace/ros2_yolo/src/sensor_driver/install/rslidar_msg/share/rslidar_msg/cmake/rslidar_msg__rosidl_typesupport_cppExport.cmake
[4.208s] -- Installing: /workspace/ros2_yolo/src/sensor_driver/install/rslidar_msg/share/rslidar_msg/cmake/rslidar_msg__rosidl_typesupport_cppExport-noconfig.cmake
[4.208s] -- Installing: /workspace/ros2_yolo/src/sensor_driver/install/rslidar_msg/share/rslidar_msg/cmake/export_rslidar_msg__rosidl_generator_pyExport.cmake
[4.208s] -- Installing: /workspace/ros2_yolo/src/sensor_driver/install/rslidar_msg/share/rslidar_msg/cmake/export_rslidar_msg__rosidl_generator_pyExport-noconfig.cmake
[4.208s] -- Installing: /workspace/ros2_yolo/src/sensor_driver/install/rslidar_msg/share/rslidar_msg/cmake/rosidl_cmake-extras.cmake
[4.209s] -- Installing: /workspace/ros2_yolo/src/sensor_driver/install/rslidar_msg/share/rslidar_msg/cmake/ament_cmake_export_dependencies-extras.cmake
[4.209s] -- Installing: /workspace/ros2_yolo/src/sensor_driver/install/rslidar_msg/share/rslidar_msg/cmake/ament_cmake_export_include_directories-extras.cmake
[4.209s] -- Installing: /workspace/ros2_yolo/src/sensor_driver/install/rslidar_msg/share/rslidar_msg/cmake/ament_cmake_export_libraries-extras.cmake
[4.209s] -- Installing: /workspace/ros2_yolo/src/sensor_driver/install/rslidar_msg/share/rslidar_msg/cmake/ament_cmake_export_targets-extras.cmake
[4.209s] -- Installing: /workspace/ros2_yolo/src/sensor_driver/install/rslidar_msg/share/rslidar_msg/cmake/rosidl_cmake_export_typesupport_targets-extras.cmake
[4.209s] -- Installing: /workspace/ros2_yolo/src/sensor_driver/install/rslidar_msg/share/rslidar_msg/cmake/rosidl_cmake_export_typesupport_libraries-extras.cmake
[4.209s] -- Installing: /workspace/ros2_yolo/src/sensor_driver/install/rslidar_msg/share/rslidar_msg/cmake/rslidar_msgConfig.cmake
[4.209s] -- Installing: /workspace/ros2_yolo/src/sensor_driver/install/rslidar_msg/share/rslidar_msg/cmake/rslidar_msgConfig-version.cmake
[4.209s] -- Installing: /workspace/ros2_yolo/src/sensor_driver/install/rslidar_msg/share/rslidar_msg/package.xml
[4.211s] Invoked command in '/workspace/ros2_yolo/src/sensor_driver/build/rslidar_msg' returned '0': CMAKE_PREFIX_PATH=${CMAKE_PREFIX_PATH}:/workspace/ros2_yolo/install/pcdet_ros2:/workspace/ros2_yolo/install/fusiondet:/workspace/ros2_yolo/install/fusion_tracker:/opt/ros/humble /usr/bin/cmake --install /workspace/ros2_yolo/src/sensor_driver/build/rslidar_msg
