[0.027s] Invoking command in '/workspace/ros2_yolo/src/sensor_driver/build/pointcloud_to_laserscan': CMAKE_PREFIX_PATH=${CMAKE_PREFIX_PATH}:/workspace/ros2_yolo/install/pcdet_ros2:/workspace/ros2_yolo/install/fusiondet:/workspace/ros2_yolo/install/fusion_tracker:/opt/ros/humble /usr/bin/cmake /workspace/ros2_yolo/src/sensor_driver/src/pointcloud_to_laserscan-foxy -DCMAKE_INSTALL_PREFIX=/workspace/ros2_yolo/src/sensor_driver/install/pointcloud_to_laserscan
[0.106s] -- The C compiler identification is GNU 11.4.0
[0.162s] -- The CXX compiler identification is GNU 11.4.0
[0.169s] -- Detecting C compiler ABI info
[0.252s] -- Detecting C compiler ABI info - done
[0.259s] -- Check for working C compiler: /usr/bin/cc - skipped
[0.260s] -- Detecting C compile features
[0.260s] -- Detecting C compile features - done
[0.262s] -- Detecting CXX compiler ABI info
[0.355s] -- Detecting CXX compiler ABI info - done
[0.363s] -- Check for working CXX compiler: /usr/bin/c++ - skipped
[0.363s] -- Detecting CXX compile features
[0.363s] -- Detecting CXX compile features - done
[0.369s] -- Found ament_cmake: 1.3.12 (/opt/ros/humble/share/ament_cmake/cmake)
[0.908s] -- Found Python3: /usr/bin/python3 (found version "3.10.12") found components: Interpreter 
[1.030s] -- Found laser_geometry: 2.4.1 (/opt/ros/humble/share/laser_geometry/cmake)
[1.112s] -- Found rosidl_generator_c: 3.1.8 (/opt/ros/humble/share/rosidl_generator_c/cmake)
[1.123s] -- Found rosidl_adapter: 3.1.8 (/opt/ros/humble/share/rosidl_adapter/cmake)
[1.134s] -- Found rosidl_generator_cpp: 3.1.8 (/opt/ros/humble/share/rosidl_generator_cpp/cmake)
[1.149s] -- Using all available rosidl_typesupport_c: rosidl_typesupport_fastrtps_c;rosidl_typesupport_introspection_c
[1.167s] -- Using all available rosidl_typesupport_cpp: rosidl_typesupport_fastrtps_cpp;rosidl_typesupport_introspection_cpp
[1.223s] -- Found rmw_implementation_cmake: 6.1.2 (/opt/ros/humble/share/rmw_implementation_cmake/cmake)
[1.228s] -- Found rmw_cyclonedds_cpp: 1.3.4 (/opt/ros/humble/share/rmw_cyclonedds_cpp/cmake)
[1.250s] -- Using RMW implementation 'rmw_cyclonedds_cpp' as default
[1.264s] -- Looking for pthread.h
[1.338s] -- Looking for pthread.h - found
[1.338s] -- Performing Test CMAKE_HAVE_LIBC_PTHREAD
[1.413s] -- Performing Test CMAKE_HAVE_LIBC_PTHREAD - Success
[1.415s] -- Found Threads: TRUE  
[1.526s] -- Found message_filters: 4.3.11 (/opt/ros/humble/share/message_filters/cmake)
[1.532s] -- Found rclcpp_components: 16.0.17 (/opt/ros/humble/share/rclcpp_components/cmake)
[1.556s] -- Found tf2_ros: 0.25.18 (/opt/ros/humble/share/tf2_ros/cmake)
[1.620s] -- Found tf2_sensor_msgs: 0.25.18 (/opt/ros/humble/share/tf2_sensor_msgs/cmake)
[1.627s] -- Found nav_msgs: 4.9.0 (/opt/ros/humble/share/nav_msgs/cmake)
[1.642s] -- Found tf2_geometry_msgs: 0.25.18 (/opt/ros/humble/share/tf2_geometry_msgs/cmake)
[1.655s] -- Found Eigen3: TRUE (found version "3.4.0") 
[1.655s] -- Ensuring Eigen3 include directory is part of orocos-kdl CMake target
[1.673s] -- Found ament_lint_auto: 0.12.14 (/opt/ros/humble/share/ament_lint_auto/cmake)
[1.777s] -- Added test 'cppcheck' to perform static code analysis on C / C++ code
[1.778s] -- Configured cppcheck include dirs: /workspace/ros2_yolo/src/sensor_driver/src/pointcloud_to_laserscan-foxy/include
[1.778s] -- Configured cppcheck exclude dirs and/or files: 
[1.779s] -- Added test 'cpplint' to check C / C++ code against the Google style
[1.779s] -- Configured cpplint exclude dirs and/or files: 
[1.779s] -- Added test 'flake8' to check Python code syntax and style conventions
[1.779s] -- Added test 'lint_cmake' to check CMake code style
[1.780s] -- Added test 'pep257' to check Python code against some of the docstring style conventions in PEP 257
[1.781s] -- Added test 'uncrustify' to check C / C++ code style
[1.781s] -- Configured uncrustify additional arguments: 
[1.781s] -- Added test 'xmllint' to check XML markup files
[1.782s] -- Configuring done
[1.808s] -- Generating done
[1.818s] -- Build files have been written to: /workspace/ros2_yolo/src/sensor_driver/build/pointcloud_to_laserscan
[1.826s] Invoked command in '/workspace/ros2_yolo/src/sensor_driver/build/pointcloud_to_laserscan' returned '0': CMAKE_PREFIX_PATH=${CMAKE_PREFIX_PATH}:/workspace/ros2_yolo/install/pcdet_ros2:/workspace/ros2_yolo/install/fusiondet:/workspace/ros2_yolo/install/fusion_tracker:/opt/ros/humble /usr/bin/cmake /workspace/ros2_yolo/src/sensor_driver/src/pointcloud_to_laserscan-foxy -DCMAKE_INSTALL_PREFIX=/workspace/ros2_yolo/src/sensor_driver/install/pointcloud_to_laserscan
[1.828s] Invoking command in '/workspace/ros2_yolo/src/sensor_driver/build/pointcloud_to_laserscan': CMAKE_PREFIX_PATH=${CMAKE_PREFIX_PATH}:/workspace/ros2_yolo/install/pcdet_ros2:/workspace/ros2_yolo/install/fusiondet:/workspace/ros2_yolo/install/fusion_tracker:/opt/ros/humble /usr/bin/cmake --build /workspace/ros2_yolo/src/sensor_driver/build/pointcloud_to_laserscan -- -j112 -l112
[1.882s] [  7%] [32mBuilding CXX object CMakeFiles/pointcloud_to_laserscan_node.dir/rclcpp_components/node_main_pointcloud_to_laserscan_node.cpp.o[0m
[1.887s] [ 14%] [32mBuilding CXX object CMakeFiles/dummy_pointcloud_publisher.dir/src/dummy_pointcloud_publisher.cpp.o[0m
[1.888s] [ 21%] [32mBuilding CXX object CMakeFiles/pointcloud_to_laserscan.dir/src/pointcloud_to_laserscan_node.cpp.o[0m
[1.888s] [ 28%] [32mBuilding CXX object CMakeFiles/laserscan_to_pointcloud_node.dir/rclcpp_components/node_main_laserscan_to_pointcloud_node.cpp.o[0m
[1.888s] [ 35%] [32mBuilding CXX object CMakeFiles/copy_tf_publisher.dir/src/copy_tf_publisher.cpp.o[0m
[1.890s] [ 42%] [32mBuilding CXX object CMakeFiles/laserscan_to_pointcloud.dir/src/laserscan_to_pointcloud_node.cpp.o[0m
[1.891s] [ 50%] [32mBuilding CXX object CMakeFiles/laserscan_to_occupancy_grid.dir/src/laserscan_to_occupancy_grid.cpp.o[0m
[2.271s] In file included from [01m[K/workspace/ros2_yolo/src/sensor_driver/src/pointcloud_to_laserscan-foxy/src/laserscan_to_occupancy_grid.cpp:15[m[K:
[2.271s] [01m[K/opt/ros/humble/include/tf2_geometry_msgs/tf2_geometry_msgs/tf2_geometry_msgs.h:35:2:[m[K [01;35m[Kwarning: [m[K#warning This header is obsolete, please include tf2_geometry_msgs/tf2_geometry_msgs.hpp instead [[01;35m[K-Wcpp[m[K]
[2.271s]    35 | #[01;35m[Kwarning[m[K This header is obsolete, please include tf2_geometry_msgs/tf2_geometry_msgs.hpp instead
[2.271s]       |  [01;35m[K^~~~~~~[m[K
[2.305s] In file included from [01m[K/workspace/ros2_yolo/src/sensor_driver/src/pointcloud_to_laserscan-foxy/src/pointcloud_to_laserscan_node.cpp:52[m[K:
[2.306s] [01m[K/opt/ros/humble/include/tf2_sensor_msgs/tf2_sensor_msgs.h:32:2:[m[K [01;35m[Kwarning: [m[K#warning This header is obsolete, please include tf2_sensor_msgs/tf2_sensor_msgs.hpp instead [[01;35m[K-Wcpp[m[K]
[2.306s]    32 | #[01;35m[Kwarning[m[K This header is obsolete, please include tf2_sensor_msgs/tf2_sensor_msgs.hpp instead
[2.306s]       |  [01;35m[K^~~~~~~[m[K
[2.355s] In file included from [01m[K/workspace/ros2_yolo/src/sensor_driver/src/pointcloud_to_laserscan-foxy/src/laserscan_to_pointcloud_node.cpp:52[m[K:
[2.355s] [01m[K/opt/ros/humble/include/tf2_sensor_msgs/tf2_sensor_msgs.h:32:2:[m[K [01;35m[Kwarning: [m[K#warning This header is obsolete, please include tf2_sensor_msgs/tf2_sensor_msgs.hpp instead [[01;35m[K-Wcpp[m[K]
[2.355s]    32 | #[01;35m[Kwarning[m[K This header is obsolete, please include tf2_sensor_msgs/tf2_sensor_msgs.hpp instead
[2.355s]       |  [01;35m[K^~~~~~~[m[K
[4.476s] [ 57%] [32m[1mLinking CXX executable pointcloud_to_laserscan_node[0m
[4.476s] [ 64%] [32m[1mLinking CXX executable laserscan_to_pointcloud_node[0m
[4.589s] [ 64%] Built target pointcloud_to_laserscan_node
[4.595s] [ 64%] Built target laserscan_to_pointcloud_node
[5.439s] [ 71%] [32m[1mLinking CXX executable dummy_pointcloud_publisher[0m
[5.481s] [ 78%] [32m[1mLinking CXX executable copy_tf_publisher[0m
[5.614s] [ 78%] Built target dummy_pointcloud_publisher
[5.679s] [ 78%] Built target copy_tf_publisher
[8.626s] [ 85%] [32m[1mLinking CXX executable laserscan_to_occupancy_grid[0m
[9.040s] [ 85%] Built target laserscan_to_occupancy_grid
[10.847s] [ 92%] [32m[1mLinking CXX shared library liblaserscan_to_pointcloud.so[0m
[11.037s] [100%] [32m[1mLinking CXX shared library libpointcloud_to_laserscan.so[0m
[11.370s] [100%] Built target laserscan_to_pointcloud
[11.566s] [100%] Built target pointcloud_to_laserscan
